

================================================================
== Synthesis Summary Report of 'sin_gen_varAmp_3phi_x64'
================================================================
+ General Information: 
    * Date:           Wed Apr 29 12:44:12 2026
    * Version:        2020.2 (Build 3064766 on Wed Nov 18 09:12:45 MST 2020)
    * Project:        sin_gen_varAmp_3phi_x64
    * Solution:       solution1 (Vivado IP Flow Target)
    * Product family: artix7
    * Target device:  xc7a200t-fbg676-2
    

+ Performance & Resource Estimates: 
    
    PS: '+' for module; 'o' for loop; '*' for dataflow
    +---------------------------+------+-------+---------+--------+----------+---------+------+----------+---------+---------+------------+------------+-----+
    |          Modules          | Issue|       | Latency | Latency| Iteration|         | Trip |          |         |         |            |            |     |
    |          & Loops          | Type | Slack | (cycles)|  (ns)  |  Latency | Interval| Count| Pipelined|  BRAM   |   DSP   |     FF     |     LUT    | URAM|
    +---------------------------+------+-------+---------+--------+----------+---------+------+----------+---------+---------+------------+------------+-----+
    |+ sin_gen_varAmp_3phi_x64  |     -|  -0.30|        -|       -|         -|        -|     -|        no|  24 (3%)|  42 (5%)|  13139 (4%)|  11369 (8%)|    -|
    | + grp_sin_2000_fu_218     |     -|  -0.30|        -|       -|         -|        -|     -|        no|  6 (~0%)|  4 (~0%)|   952 (~0%)|  1280 (~0%)|    -|
    |  o VITIS_LOOP_124_1       |     -|  -7.30|        -|       -|         1|        1|     -|       yes|        -|        -|           -|           -|    -|
    |  o VITIS_LOOP_128_2       |     -|  -7.30|        -|       -|         1|        1|     -|       yes|        -|        -|           -|           -|    -|
    | + grp_sin_2000_fu_225     |     -|  -0.30|        -|       -|         -|        -|     -|        no|  6 (~0%)|  4 (~0%)|   952 (~0%)|  1280 (~0%)|    -|
    |  o VITIS_LOOP_124_1       |     -|  -7.30|        -|       -|         1|        1|     -|       yes|        -|        -|           -|           -|    -|
    |  o VITIS_LOOP_128_2       |     -|  -7.30|        -|       -|         1|        1|     -|       yes|        -|        -|           -|           -|    -|
    | + grp_sin_2000_fu_232     |     -|  -0.30|        -|       -|         -|        -|     -|        no|  6 (~0%)|  4 (~0%)|   952 (~0%)|  1280 (~0%)|    -|
    |  o VITIS_LOOP_124_1       |     -|  -7.30|        -|       -|         1|        1|     -|       yes|        -|        -|           -|           -|    -|
    |  o VITIS_LOOP_128_2       |     -|  -7.30|        -|       -|         1|        1|     -|       yes|        -|        -|           -|           -|    -|
    | + grp_sin_2000_fu_239     |     -|  -0.30|        -|       -|         -|        -|     -|        no|  6 (~0%)|  4 (~0%)|   952 (~0%)|  1280 (~0%)|    -|
    |  o VITIS_LOOP_124_1       |     -|  -7.30|        -|       -|         1|        1|     -|       yes|        -|        -|           -|           -|    -|
    |  o VITIS_LOOP_128_2       |     -|  -7.30|        -|       -|         1|        1|     -|       yes|        -|        -|           -|           -|    -|
    +---------------------------+------+-------+---------+--------+----------+---------+------+----------+---------+---------+------------+------------+-----+

