

================================================================
== Vitis HLS Report for 'sin_2000'
================================================================
* Date:           Wed Apr 29 12:44:11 2026

* Version:        2020.2 (Build 3064766 on Wed Nov 18 09:12:45 MST 2020)
* Project:        sin_gen_varAmp_3phi_x64
* Solution:       solution1 (Vivado IP Flow Target)
* Product family: artix7
* Target device:  xc7a200t-fbg676-2


================================================================
== Performance Estimates
================================================================
+ Timing: 
    * Summary: 
    +--------+----------+----------+------------+
    |  Clock |  Target  | Estimated| Uncertainty|
    +--------+----------+----------+------------+
    |ap_clk  |  10.00 ns|  7.002 ns|     2.70 ns|
    +--------+----------+----------+------------+

+ Latency: 
    * Summary: 
    +---------+---------+----------+----------+-----+-----+---------+
    |  Latency (cycles) |  Latency (absolute) |  Interval | Pipeline|
    |   min   |   max   |    min   |    max   | min | max |   Type  |
    +---------+---------+----------+----------+-----+-----+---------+
    |        ?|        ?|         ?|         ?|    ?|    ?|     none|
    +---------+---------+----------+----------+-----+-----+---------+

    + Detail: 
        * Instance: 
        N/A

        * Loop: 
        +--------------------+---------+---------+----------+-----------+-----------+------+----------+
        |                    |  Latency (cycles) | Iteration|  Initiation Interval  | Trip |          |
        |      Loop Name     |   min   |   max   |  Latency |  achieved |   target  | Count| Pipelined|
        +--------------------+---------+---------+----------+-----------+-----------+------+----------+
        |- VITIS_LOOP_124_1  |        ?|        ?|         1|          1|          1|     ?|       yes|
        |- VITIS_LOOP_128_2  |        ?|        ?|         1|          1|          1|     ?|       yes|
        +--------------------+---------+---------+----------+-----------+-----------+------+----------+



================================================================
== Utilization Estimates
================================================================
* Summary: 
+-----------------+---------+-----+--------+--------+-----+
|       Name      | BRAM_18K| DSP |   FF   |   LUT  | URAM|
+-----------------+---------+-----+--------+--------+-----+
|DSP              |        -|    -|       -|       -|    -|
|Expression       |        -|    -|       0|     932|    -|
|FIFO             |        -|    -|       -|       -|    -|
|Instance         |        -|    4|     441|     256|    -|
|Memory           |        6|    -|       0|       0|    -|
|Multiplexer      |        -|    -|       -|      92|    -|
|Register         |        -|    -|     511|       -|    -|
+-----------------+---------+-----+--------+--------+-----+
|Total            |        6|    4|     952|    1280|    0|
+-----------------+---------+-----+--------+--------+-----+
|Available        |      730|  740|  269200|  134600|    0|
+-----------------+---------+-----+--------+--------+-----+
|Utilization (%)  |       ~0|   ~0|      ~0|      ~0|    0|
+-----------------+---------+-----+--------+--------+-----+

+ Detail: 
    * Instance: 
    +-------------------------+----------------------+---------+----+-----+-----+-----+
    |         Instance        |        Module        | BRAM_18K| DSP|  FF | LUT | URAM|
    +-------------------------+----------------------+---------+----+-----+-----+-----+
    |mul_64s_58ns_121_5_1_U1  |mul_64s_58ns_121_5_1  |        0|   4|  441|  256|    0|
    +-------------------------+----------------------+---------+----+-----+-----+-----+
    |Total                    |                      |        0|   4|  441|  256|    0|
    +-------------------------+----------------------+---------+----+-----+-----+-----+

    * DSP: 
    N/A

    * Memory: 
    +-----------+------------------+---------+---+----+-----+------+-----+------+-------------+
    |   Memory  |      Module      | BRAM_18K| FF| LUT| URAM| Words| Bits| Banks| W*Bits*Banks|
    +-----------+------------------+---------+---+----+-----+------+-----+------+-------------+
    |table_r_U  |sin_2000_table_r  |        6|  0|   0|    0|   500|   49|     1|        24500|
    +-----------+------------------+---------+---+----+-----+------+-----+------+-------------+
    |Total      |                  |        6|  0|   0|    0|   500|   49|     1|        24500|
    +-----------+------------------+---------+---+----+-----+------+-----+------+-------------+

    * FIFO: 
    N/A

    * Expression: 
    +------------------------+----------+----+---+----+------------+------------+
    |      Variable Name     | Operation| DSP| FF| LUT| Bitwidth P0| Bitwidth P1|
    +------------------------+----------+----+---+----+------------+------------+
    |add_ln691_fu_234_p2     |         +|   0|  0|  33|          26|           1|
    |n_aux_fu_292_p2         |         +|   0|  0|  16|           9|           5|
    |theta_V_1_fu_146_p2     |         +|   0|  0|  71|          64|          52|
    |theta_V_3_fu_158_p2     |         +|   0|  0|  71|          64|          51|
    |out_sin_V_2_fu_320_p2   |         -|   0|  0|  56|           1|          49|
    |out_sin_V_3_fu_330_p2   |         -|   0|  0|  56|           1|          49|
    |p_Val2_s_fu_164_p2      |         -|   0|  0|  71|           1|          64|
    |sub_ln647_fu_282_p2     |         -|   0|  0|  16|           6|           9|
    |sub_ln655_fu_302_p2     |         -|   0|  0|  16|           7|           9|
    |sub_ln703_fu_383_p2     |         -|   0|  0|  57|           1|          50|
    |and_ln645_fu_352_p2     |       and|   0|  0|   2|           1|           1|
    |and_ln649_fu_370_p2     |       and|   0|  0|   2|           1|           1|
    |icmp_ln1494_fu_140_p2   |      icmp|   0|  0|  29|          64|          51|
    |icmp_ln1495_fu_152_p2   |      icmp|   0|  0|  29|          64|          52|
    |icmp_ln642_fu_260_p2    |      icmp|   0|  0|  16|          26|           9|
    |icmp_ln645_fu_266_p2    |      icmp|   0|  0|  16|          26|          10|
    |icmp_ln649_fu_272_p2    |      icmp|   0|  0|  16|          26|          11|
    |icmp_ln851_fu_229_p2    |      icmp|   0|  0|  39|          96|           1|
    |ap_return               |    select|   0|  0|  50|           1|          50|
    |out_sin_V_4_fu_340_p3   |    select|   0|  0|  50|           1|          50|
    |out_sin_V_5_fu_357_p3   |    select|   0|  0|  50|           1|          50|
    |out_sin_V_6_fu_375_p3   |    select|   0|  0|  50|           1|          50|
    |ret_V_15_fu_248_p3      |    select|   0|  0|  26|           1|          26|
    |select_ln850_fu_240_p3  |    select|   0|  0|  26|           1|          26|
    |theta_abs_V_fu_188_p3   |    select|   0|  0|  64|           1|          64|
    |xor_ln642_fu_347_p2     |       xor|   0|  0|   2|           1|           2|
    |xor_ln645_fu_365_p2     |       xor|   0|  0|   2|           1|           2|
    +------------------------+----------+----+---+----+------------+------------+
    |Total                   |          |   0|  0| 932|         493|         795|
    +------------------------+----------+----+---+----+------------+------------+

    * Multiplexer: 
    +-------------------+----+-----------+-----+-----------+
    |        Name       | LUT| Input Size| Bits| Total Bits|
    +-------------------+----+-----------+-----+-----------+
    |ap_NS_fsm          |  61|         15|    1|         15|
    |table_r_address0   |  13|          3|    9|         27|
    |theta_V_4_reg_129  |   9|          2|   64|        128|
    |theta_V_reg_119    |   9|          2|   64|        128|
    +-------------------+----+-----------+-----+-----------+
    |Total              |  92|         22|  138|        298|
    +-------------------+----+-----------+-----+-----------+

    * Register: 
    +---------------------+-----+----+-----+-----------+
    |         Name        |  FF | LUT| Bits| Const Bits|
    +---------------------+-----+----+-----+-----------+
    |ap_CS_fsm            |   14|   0|   14|          0|
    |icmp_ln642_reg_453   |    1|   0|    1|          0|
    |icmp_ln645_reg_459   |    1|   0|    1|          0|
    |icmp_ln649_reg_465   |    1|   0|    1|          0|
    |out_sin_V_6_reg_490  |   50|   0|   50|          0|
    |p_Result_s_reg_415   |    1|   0|    1|          0|
    |r_V_reg_430          |  121|   0|  121|          0|
    |ret_V_reg_435        |   25|   0|   25|          0|
    |theta_V_4_reg_129    |   64|   0|   64|          0|
    |theta_V_reg_119      |   64|   0|   64|          0|
    |theta_abs_V_reg_420  |   64|   0|   64|          0|
    |trunc_ln831_reg_445  |    9|   0|    9|          0|
    |trunc_ln851_reg_440  |   96|   0|   96|          0|
    +---------------------+-----+----+-----+-----------+
    |Total                |  511|   0|  511|          0|
    +---------------------+-----+----+-----+-----------+



================================================================
== Interface
================================================================
* Summary: 
+-----------+-----+-----+------------+--------------+--------------+
| RTL Ports | Dir | Bits|  Protocol  | Source Object|    C Type    |
+-----------+-----+-----+------------+--------------+--------------+
|ap_clk     |   in|    1|  ap_ctrl_hs|      sin_2000|  return value|
|ap_rst     |   in|    1|  ap_ctrl_hs|      sin_2000|  return value|
|ap_start   |   in|    1|  ap_ctrl_hs|      sin_2000|  return value|
|ap_done    |  out|    1|  ap_ctrl_hs|      sin_2000|  return value|
|ap_idle    |  out|    1|  ap_ctrl_hs|      sin_2000|  return value|
|ap_ready   |  out|    1|  ap_ctrl_hs|      sin_2000|  return value|
|ap_return  |  out|   50|  ap_ctrl_hs|      sin_2000|  return value|
|theta_in   |   in|   64|     ap_none|      theta_in|        scalar|
+-----------+-----+-----+------------+--------------+--------------+

