

================================================================
== Vitis HLS Report for 'sin_2000'
================================================================
* Date:           Wed Apr 29 12:44:10 2026

* Version:        2020.2 (Build 3064766 on Wed Nov 18 09:12:45 MST 2020)
* Project:        sin_gen_varAmp_3phi_x64
* Solution:       solution1 (Vivado IP Flow Target)
* Product family: artix7
* Target device:  xc7a200t-fbg676-2


================================================================
== Performance Estimates
================================================================
+ Timing: 
    * Summary: 
    +--------+----------+----------+------------+
    |  Clock |  Target  | Estimated| Uncertainty|
    +--------+----------+----------+------------+
    |ap_clk  |  10.00 ns|  7.002 ns|     2.70 ns|
    +--------+----------+----------+------------+

+ Latency: 
    * Summary: 
    +---------+---------+----------+----------+-----+-----+---------+
    |  Latency (cycles) |  Latency (absolute) |  Interval | Pipeline|
    |   min   |   max   |    min   |    max   | min | max |   Type  |
    +---------+---------+----------+----------+-----+-----+---------+
    |        ?|        ?|         ?|         ?|    ?|    ?|     none|
    +---------+---------+----------+----------+-----+-----+---------+

    + Detail: 
        * Instance: 
        N/A

        * Loop: 
        +--------------------+---------+---------+----------+-----------+-----------+------+----------+
        |                    |  Latency (cycles) | Iteration|  Initiation Interval  | Trip |          |
        |      Loop Name     |   min   |   max   |  Latency |  achieved |   target  | Count| Pipelined|
        +--------------------+---------+---------+----------+-----------+-----------+------+----------+
        |- VITIS_LOOP_124_1  |        ?|        ?|         1|          1|          1|     ?|       yes|
        |- VITIS_LOOP_128_2  |        ?|        ?|         1|          1|          1|     ?|       yes|
        +--------------------+---------+---------+----------+-----------+-----------+------+----------+

============================================================
+ Verbose Summary: Synthesis Manager
============================================================
InlineROM: 1
ExposeGlobal: 0
============================================================
+ Verbose Summary: CDFG Model
============================================================
IsTopModel: 0
ResetActiveHigh: 1
IsCombinational: 0
IsDatapathOnly: 0
HasWiredReturn: 1
HasMFsm: 0
HasVarLatency: 1
IsPipeline: 0
IsRtlPipelined: 0
IsInstanceOverlapped: 0
IsDontTouch: 0
HasImplIP: 0
IsGatedGlobalClock: 0

+ Individual pipeline summary: 
  * Pipeline-0: initiation interval (II) = 1, depth = 1
  * Pipeline-1: initiation interval (II) = 1, depth = 1


============================================================
+ Verbose Summary: Schedule
============================================================
* Number of FSM states : 14
* Pipeline : 2
  Pipeline-0 : II = 1, D = 1, States = { 2 }
  Pipeline-1 : II = 1, D = 1, States = { 4 }
* Dataflow Pipeline: 0

* FSM state transitions: 
1 --> 2 
2 --> 3 2 
3 --> 4 
4 --> 5 4 
5 --> 6 
6 --> 7 
7 --> 8 
8 --> 9 
9 --> 10 
10 --> 11 
11 --> 12 
12 --> 13 
13 --> 14 
14 --> 

* FSM state operations: 

State 1 <SV = 0> <Delay = 1.32>
ST_1 : Operation 15 [1/1] (0.00ns)   --->   "%theta_in_read = read i64 @_ssdm_op_Read.ap_auto.i64, i64 %theta_in" [../../C-Codes/Fixed_x64/sin_gen_varAmp_3phi_x64.cpp:120]   --->   Operation 15 'read' 'theta_in_read' <Predicate = true> <Delay = 0.00>
ST_1 : Operation 16 [1/1] (1.32ns)   --->   "%br_ln124 = br void %ap_fixed_base.exit94" [../../C-Codes/Fixed_x64/sin_gen_varAmp_3phi_x64.cpp:124]   --->   Operation 16 'br' 'br_ln124' <Predicate = true> <Delay = 1.32>

State 2 <SV = 1> <Delay = 2.99>
ST_2 : Operation 17 [1/1] (0.00ns)   --->   "%theta_V = phi i64 %theta_in_read, void, i64 %theta_V_1, void %_ZN13ap_fixed_baseILi65ELi17ELb1EL9ap_q_mode5EL9ap_o_mode3ELi0EEC2ILi64ELi16ELb1ELS0_5ELS1_3ELi0EEERKS_IXT_EXT0_EXT1_EXT2_EXT3_EXT4_EE.exit.i"   --->   Operation 17 'phi' 'theta_V' <Predicate = true> <Delay = 0.00>
ST_2 : Operation 18 [1/1] (0.00ns)   --->   "%specpipeline_ln0 = specpipeline void @_ssdm_op_SpecPipeline, i32 4294967295, i32 0, i32 1, i32 0, void @p_str"   --->   Operation 18 'specpipeline' 'specpipeline_ln0' <Predicate = true> <Delay = 0.00>
ST_2 : Operation 19 [1/1] (2.34ns)   --->   "%icmp_ln1494 = icmp_sgt  i64 %theta_V, i64 1768559438007110"   --->   Operation 19 'icmp' 'icmp_ln1494' <Predicate = true> <Delay = 2.34> <CoreInst = "Cmp">   --->   Core 9 'Cmp' <Latency = 0> <II = 1> <Delay = 2.06> <FuncUnit> <Opcode : 'icmp'> <InPorts = 2> <OutPorts = 1>
ST_2 : Operation 20 [1/1] (0.00ns)   --->   "%br_ln124 = br i1 %icmp_ln1494, void %ap_fixed_base.exit50.preheader, void %_ZN13ap_fixed_baseILi65ELi17ELb1EL9ap_q_mode5EL9ap_o_mode3ELi0EEC2ILi64ELi16ELb1ELS0_5ELS1_3ELi0EEERKS_IXT_EXT0_EXT1_EXT2_EXT3_EXT4_EE.exit.i" [../../C-Codes/Fixed_x64/sin_gen_varAmp_3phi_x64.cpp:124]   --->   Operation 20 'br' 'br_ln124' <Predicate = true> <Delay = 0.00>
ST_2 : Operation 21 [1/1] (0.00ns)   --->   "%specloopname_ln191 = specloopname void @_ssdm_op_SpecLoopName, void @empty_3"   --->   Operation 21 'specloopname' 'specloopname_ln191' <Predicate = (icmp_ln1494)> <Delay = 0.00>
ST_2 : Operation 22 [1/1] (2.99ns)   --->   "%theta_V_1 = add i64 %theta_V, i64 18444975514271544506"   --->   Operation 22 'add' 'theta_V_1' <Predicate = (icmp_ln1494)> <Delay = 2.99> <CoreInst = "Adder">   --->   Core 1 'Adder' <Latency = 0> <II = 1> <Delay = 2.65> <FuncUnit> <Opcode : 'add' 'sub'> <InPorts = 2> <OutPorts = 1>
ST_2 : Operation 23 [1/1] (0.00ns)   --->   "%br_ln124 = br void %ap_fixed_base.exit94" [../../C-Codes/Fixed_x64/sin_gen_varAmp_3phi_x64.cpp:124]   --->   Operation 23 'br' 'br_ln124' <Predicate = (icmp_ln1494)> <Delay = 0.00>

State 3 <SV = 2> <Delay = 1.32>
ST_3 : Operation 24 [1/1] (1.32ns)   --->   "%br_ln0 = br void %ap_fixed_base.exit50"   --->   Operation 24 'br' 'br_ln0' <Predicate = true> <Delay = 1.32>

State 4 <SV = 3> <Delay = 2.99>
ST_4 : Operation 25 [1/1] (0.00ns)   --->   "%theta_V_4 = phi i64 %theta_V_3, void %_ZN13ap_fixed_baseILi65ELi17ELb1EL9ap_q_mode5EL9ap_o_mode3ELi0EEC2ILi64ELi16ELb1ELS0_5ELS1_3ELi0EEERKS_IXT_EXT0_EXT1_EXT2_EXT3_EXT4_EE.exit.i619, i64 %theta_V, void %ap_fixed_base.exit50.preheader"   --->   Operation 25 'phi' 'theta_V_4' <Predicate = true> <Delay = 0.00>
ST_4 : Operation 26 [1/1] (0.00ns)   --->   "%specpipeline_ln0 = specpipeline void @_ssdm_op_SpecPipeline, i32 4294967295, i32 0, i32 1, i32 0, void @p_str"   --->   Operation 26 'specpipeline' 'specpipeline_ln0' <Predicate = true> <Delay = 0.00>
ST_4 : Operation 27 [1/1] (2.34ns)   --->   "%icmp_ln1495 = icmp_slt  i64 %theta_V_4, i64 18444975514271544506"   --->   Operation 27 'icmp' 'icmp_ln1495' <Predicate = true> <Delay = 2.34> <CoreInst = "Cmp">   --->   Core 9 'Cmp' <Latency = 0> <II = 1> <Delay = 2.06> <FuncUnit> <Opcode : 'icmp'> <InPorts = 2> <OutPorts = 1>
ST_4 : Operation 28 [1/1] (0.00ns)   --->   "%br_ln128 = br i1 %icmp_ln1495, void %_ZN3hls3absILi64ELi16EEE8ap_fixedIXT_EXT0_EL9ap_q_mode5EL9ap_o_mode3ELi0EES4_.exit_ifconv, void %_ZN13ap_fixed_baseILi65ELi17ELb1EL9ap_q_mode5EL9ap_o_mode3ELi0EEC2ILi64ELi16ELb1ELS0_5ELS1_3ELi0EEERKS_IXT_EXT0_EXT1_EXT2_EXT3_EXT4_EE.exit.i619" [../../C-Codes/Fixed_x64/sin_gen_varAmp_3phi_x64.cpp:128]   --->   Operation 28 'br' 'br_ln128' <Predicate = true> <Delay = 0.00>
ST_4 : Operation 29 [1/1] (0.00ns)   --->   "%specloopname_ln191 = specloopname void @_ssdm_op_SpecLoopName, void @empty_2"   --->   Operation 29 'specloopname' 'specloopname_ln191' <Predicate = (icmp_ln1495)> <Delay = 0.00>
ST_4 : Operation 30 [1/1] (2.99ns)   --->   "%theta_V_3 = add i64 %theta_V_4, i64 1768559438007110"   --->   Operation 30 'add' 'theta_V_3' <Predicate = (icmp_ln1495)> <Delay = 2.99> <CoreInst = "Adder">   --->   Core 1 'Adder' <Latency = 0> <II = 1> <Delay = 2.65> <FuncUnit> <Opcode : 'add' 'sub'> <InPorts = 2> <OutPorts = 1>
ST_4 : Operation 31 [1/1] (0.00ns)   --->   "%br_ln128 = br void %ap_fixed_base.exit50" [../../C-Codes/Fixed_x64/sin_gen_varAmp_3phi_x64.cpp:128]   --->   Operation 31 'br' 'br_ln128' <Predicate = (icmp_ln1495)> <Delay = 0.00>

State 5 <SV = 4> <Delay = 3.82>
ST_5 : Operation 32 [1/1] (2.99ns)   --->   "%p_Val2_s = sub i64 0, i64 %theta_V_4"   --->   Operation 32 'sub' 'p_Val2_s' <Predicate = true> <Delay = 2.99> <CoreInst = "Adder">   --->   Core 1 'Adder' <Latency = 0> <II = 1> <Delay = 2.65> <FuncUnit> <Opcode : 'add' 'sub'> <InPorts = 2> <OutPorts = 1>
ST_5 : Operation 33 [1/1] (0.00ns)   --->   "%p_Result_2 = bitset i64 @_ssdm_op_BitSet.i64.i64.i32.i1, i64 %p_Val2_s, i32 63, i1 0"   --->   Operation 33 'bitset' 'p_Result_2' <Predicate = true> <Delay = 0.00>
ST_5 : Operation 34 [1/1] (0.00ns)   --->   "%p_Result_s = bitselect i1 @_ssdm_op_BitSelect.i1.i64.i32, i64 %theta_V_4, i32 63"   --->   Operation 34 'bitselect' 'p_Result_s' <Predicate = true> <Delay = 0.00>
ST_5 : Operation 35 [1/1] (0.83ns)   --->   "%theta_abs_V = select i1 %p_Result_s, i64 %p_Result_2, i64 %theta_V_4" [C:/Xilinx/Vitis_HLS/2020.2/common/technology/autopilot/hls_round_copysign_apfixed.h:180]   --->   Operation 35 'select' 'theta_abs_V' <Predicate = true> <Delay = 0.83> <CoreInst = "Sel">   --->   Core 73 'Sel' <Latency = 0> <II = 1> <Delay = 0.74> <FuncUnit> <Opcode : 'select'> <InPorts = 3> <OutPorts = 1>

State 6 <SV = 5> <Delay = 5.71>
ST_6 : Operation 36 [1/1] (0.00ns)   --->   "%sext_ln1118 = sext i64 %theta_abs_V"   --->   Operation 36 'sext' 'sext_ln1118' <Predicate = true> <Delay = 0.00>
ST_6 : Operation 37 [5/5] (5.71ns)   --->   "%r_V = mul i121 %sext_ln1118, i121 89775819439232432"   --->   Operation 37 'mul' 'r_V' <Predicate = true> <Delay = 5.71> <CoreInst = "Multiplier">   --->   Core 3 'Multiplier' <Latency = 4> <II = 1> <Delay = 5.71> <FuncUnit> <Opcode : 'mul'> <InPorts = 2> <OutPorts = 1>

State 7 <SV = 6> <Delay = 5.71>
ST_7 : Operation 38 [4/5] (5.71ns)   --->   "%r_V = mul i121 %sext_ln1118, i121 89775819439232432"   --->   Operation 38 'mul' 'r_V' <Predicate = true> <Delay = 5.71> <CoreInst = "Multiplier">   --->   Core 3 'Multiplier' <Latency = 4> <II = 1> <Delay = 5.71> <FuncUnit> <Opcode : 'mul'> <InPorts = 2> <OutPorts = 1>

State 8 <SV = 7> <Delay = 5.71>
ST_8 : Operation 39 [3/5] (5.71ns)   --->   "%r_V = mul i121 %sext_ln1118, i121 89775819439232432"   --->   Operation 39 'mul' 'r_V' <Predicate = true> <Delay = 5.71> <CoreInst = "Multiplier">   --->   Core 3 'Multiplier' <Latency = 4> <II = 1> <Delay = 5.71> <FuncUnit> <Opcode : 'mul'> <InPorts = 2> <OutPorts = 1>

State 9 <SV = 8> <Delay = 5.71>
ST_9 : Operation 40 [2/5] (5.71ns)   --->   "%r_V = mul i121 %sext_ln1118, i121 89775819439232432"   --->   Operation 40 'mul' 'r_V' <Predicate = true> <Delay = 5.71> <CoreInst = "Multiplier">   --->   Core 3 'Multiplier' <Latency = 4> <II = 1> <Delay = 5.71> <FuncUnit> <Opcode : 'mul'> <InPorts = 2> <OutPorts = 1>

State 10 <SV = 9> <Delay = 5.71>
ST_10 : Operation 41 [1/5] (5.71ns)   --->   "%r_V = mul i121 %sext_ln1118, i121 89775819439232432"   --->   Operation 41 'mul' 'r_V' <Predicate = true> <Delay = 5.71> <CoreInst = "Multiplier">   --->   Core 3 'Multiplier' <Latency = 4> <II = 1> <Delay = 5.71> <FuncUnit> <Opcode : 'mul'> <InPorts = 2> <OutPorts = 1>
ST_10 : Operation 42 [1/1] (0.00ns)   --->   "%ret_V = partselect i25 @_ssdm_op_PartSelect.i25.i121.i32.i32, i121 %r_V, i32 96, i32 120"   --->   Operation 42 'partselect' 'ret_V' <Predicate = true> <Delay = 0.00>
ST_10 : Operation 43 [1/1] (0.00ns)   --->   "%trunc_ln851 = trunc i121 %r_V"   --->   Operation 43 'trunc' 'trunc_ln851' <Predicate = true> <Delay = 0.00>

State 11 <SV = 10> <Delay = 5.61>
ST_11 : Operation 44 [1/1] (0.00ns)   --->   "%sext_ln831 = sext i25 %ret_V"   --->   Operation 44 'sext' 'sext_ln831' <Predicate = true> <Delay = 0.00>
ST_11 : Operation 45 [1/1] (0.00ns) (grouped into LUT with out node ret_V_15)   --->   "%p_Result_1 = bitselect i1 @_ssdm_op_BitSelect.i1.i121.i32, i121 %r_V, i32 120"   --->   Operation 45 'bitselect' 'p_Result_1' <Predicate = true> <Delay = 0.00>
ST_11 : Operation 46 [1/1] (2.62ns)   --->   "%icmp_ln851 = icmp_ne  i96 %trunc_ln851, i96 0"   --->   Operation 46 'icmp' 'icmp_ln851' <Predicate = true> <Delay = 2.62> <CoreInst = "Cmp">   --->   Core 9 'Cmp' <Latency = 0> <II = 1> <Delay = 2.06> <FuncUnit> <Opcode : 'icmp'> <InPorts = 2> <OutPorts = 1>
ST_11 : Operation 47 [1/1] (2.03ns)   --->   "%add_ln691 = add i26 %sext_ln831, i26 1"   --->   Operation 47 'add' 'add_ln691' <Predicate = true> <Delay = 2.03> <CoreInst = "Adder">   --->   Core 1 'Adder' <Latency = 0> <II = 1> <Delay = 2.65> <FuncUnit> <Opcode : 'add' 'sub'> <InPorts = 2> <OutPorts = 1>
ST_11 : Operation 48 [1/1] (0.00ns) (grouped into LUT with out node ret_V_15)   --->   "%select_ln850 = select i1 %icmp_ln851, i26 %add_ln691, i26 %sext_ln831"   --->   Operation 48 'select' 'select_ln850' <Predicate = true> <Delay = 0.00> <CoreInst = "Sel">   --->   Core 73 'Sel' <Latency = 0> <II = 1> <Delay = 0.74> <FuncUnit> <Opcode : 'select'> <InPorts = 3> <OutPorts = 1>
ST_11 : Operation 49 [1/1] (0.93ns) (out node of the LUT)   --->   "%ret_V_15 = select i1 %p_Result_1, i26 %select_ln850, i26 %sext_ln831"   --->   Operation 49 'select' 'ret_V_15' <Predicate = true> <Delay = 0.93> <CoreInst = "Sel">   --->   Core 73 'Sel' <Latency = 0> <II = 1> <Delay = 0.74> <FuncUnit> <Opcode : 'select'> <InPorts = 3> <OutPorts = 1>
ST_11 : Operation 50 [1/1] (0.00ns)   --->   "%trunc_ln831 = trunc i26 %ret_V_15"   --->   Operation 50 'trunc' 'trunc_ln831' <Predicate = true> <Delay = 0.00>
ST_11 : Operation 51 [1/1] (2.06ns)   --->   "%icmp_ln642 = icmp_slt  i26 %ret_V_15, i26 500" [../../C-Codes/Fixed_x64/sin_gen_varAmp_3phi_x64.cpp:642]   --->   Operation 51 'icmp' 'icmp_ln642' <Predicate = true> <Delay = 2.06> <CoreInst = "Cmp">   --->   Core 9 'Cmp' <Latency = 0> <II = 1> <Delay = 2.06> <FuncUnit> <Opcode : 'icmp'> <InPorts = 2> <OutPorts = 1>
ST_11 : Operation 52 [1/1] (2.06ns)   --->   "%icmp_ln645 = icmp_slt  i26 %ret_V_15, i26 1000" [../../C-Codes/Fixed_x64/sin_gen_varAmp_3phi_x64.cpp:645]   --->   Operation 52 'icmp' 'icmp_ln645' <Predicate = true> <Delay = 2.06> <CoreInst = "Cmp">   --->   Core 9 'Cmp' <Latency = 0> <II = 1> <Delay = 2.06> <FuncUnit> <Opcode : 'icmp'> <InPorts = 2> <OutPorts = 1>
ST_11 : Operation 53 [1/1] (2.06ns)   --->   "%icmp_ln649 = icmp_slt  i26 %ret_V_15, i26 1500" [../../C-Codes/Fixed_x64/sin_gen_varAmp_3phi_x64.cpp:649]   --->   Operation 53 'icmp' 'icmp_ln649' <Predicate = true> <Delay = 2.06> <CoreInst = "Cmp">   --->   Core 9 'Cmp' <Latency = 0> <II = 1> <Delay = 2.06> <FuncUnit> <Opcode : 'icmp'> <InPorts = 2> <OutPorts = 1>

State 12 <SV = 11> <Delay = 4.50>
ST_12 : Operation 54 [1/1] (0.00ns)   --->   "%zext_ln643 = zext i9 %trunc_ln831" [../../C-Codes/Fixed_x64/sin_gen_varAmp_3phi_x64.cpp:643]   --->   Operation 54 'zext' 'zext_ln643' <Predicate = (icmp_ln642)> <Delay = 0.00>
ST_12 : Operation 55 [1/1] (0.00ns)   --->   "%table_addr = getelementptr i49 %table_r, i64 0, i64 %zext_ln643" [../../C-Codes/Fixed_x64/sin_gen_varAmp_3phi_x64.cpp:643]   --->   Operation 55 'getelementptr' 'table_addr' <Predicate = (icmp_ln642)> <Delay = 0.00>
ST_12 : Operation 56 [2/2] (2.77ns)   --->   "%out_sin_V = load i9 %table_addr" [../../C-Codes/Fixed_x64/sin_gen_varAmp_3phi_x64.cpp:643]   --->   Operation 56 'load' 'out_sin_V' <Predicate = (icmp_ln642)> <Delay = 2.77> <CoreInst = "ROM">   --->   Core 95 'ROM' <Latency = 1> <II = 1> <Delay = 2.77> <Storage> <Opcode : 'load'> <Ports = 0> <Width = 49> <Depth = 500> <ROM>
ST_12 : Operation 57 [1/1] (1.73ns)   --->   "%sub_ln647 = sub i9 487, i9 %trunc_ln831" [../../C-Codes/Fixed_x64/sin_gen_varAmp_3phi_x64.cpp:647]   --->   Operation 57 'sub' 'sub_ln647' <Predicate = true> <Delay = 1.73> <CoreInst = "Adder">   --->   Core 1 'Adder' <Latency = 0> <II = 1> <Delay = 2.65> <FuncUnit> <Opcode : 'add' 'sub'> <InPorts = 2> <OutPorts = 1>
ST_12 : Operation 58 [1/1] (0.00ns)   --->   "%zext_ln647 = zext i9 %sub_ln647" [../../C-Codes/Fixed_x64/sin_gen_varAmp_3phi_x64.cpp:647]   --->   Operation 58 'zext' 'zext_ln647' <Predicate = true> <Delay = 0.00>
ST_12 : Operation 59 [1/1] (0.00ns)   --->   "%table_addr_1 = getelementptr i49 %table_r, i64 0, i64 %zext_ln647" [../../C-Codes/Fixed_x64/sin_gen_varAmp_3phi_x64.cpp:647]   --->   Operation 59 'getelementptr' 'table_addr_1' <Predicate = true> <Delay = 0.00>
ST_12 : Operation 60 [2/2] (2.77ns)   --->   "%out_sin_V_1 = load i9 %table_addr_1" [../../C-Codes/Fixed_x64/sin_gen_varAmp_3phi_x64.cpp:647]   --->   Operation 60 'load' 'out_sin_V_1' <Predicate = true> <Delay = 2.77> <CoreInst = "ROM">   --->   Core 95 'ROM' <Latency = 1> <II = 1> <Delay = 2.77> <Storage> <Opcode : 'load'> <Ports = 0> <Width = 49> <Depth = 500> <ROM>
ST_12 : Operation 61 [1/1] (1.73ns)   --->   "%n_aux = add i9 %trunc_ln831, i9 24" [../../C-Codes/Fixed_x64/sin_gen_varAmp_3phi_x64.cpp:650]   --->   Operation 61 'add' 'n_aux' <Predicate = true> <Delay = 1.73> <CoreInst = "Adder">   --->   Core 1 'Adder' <Latency = 0> <II = 1> <Delay = 2.65> <FuncUnit> <Opcode : 'add' 'sub'> <InPorts = 2> <OutPorts = 1>
ST_12 : Operation 62 [1/1] (0.00ns)   --->   "%zext_ln651 = zext i9 %n_aux" [../../C-Codes/Fixed_x64/sin_gen_varAmp_3phi_x64.cpp:651]   --->   Operation 62 'zext' 'zext_ln651' <Predicate = true> <Delay = 0.00>
ST_12 : Operation 63 [1/1] (0.00ns)   --->   "%table_addr_2 = getelementptr i49 %table_r, i64 0, i64 %zext_ln651"   --->   Operation 63 'getelementptr' 'table_addr_2' <Predicate = true> <Delay = 0.00>
ST_12 : Operation 64 [2/2] (2.77ns)   --->   "%table_load = load i9 %table_addr_2"   --->   Operation 64 'load' 'table_load' <Predicate = true> <Delay = 2.77> <CoreInst = "ROM">   --->   Core 95 'ROM' <Latency = 1> <II = 1> <Delay = 2.77> <Storage> <Opcode : 'load'> <Ports = 0> <Width = 49> <Depth = 500> <ROM>
ST_12 : Operation 65 [1/1] (1.73ns)   --->   "%sub_ln655 = sub i9 463, i9 %trunc_ln831" [../../C-Codes/Fixed_x64/sin_gen_varAmp_3phi_x64.cpp:655]   --->   Operation 65 'sub' 'sub_ln655' <Predicate = (!icmp_ln642)> <Delay = 1.73> <CoreInst = "Adder">   --->   Core 1 'Adder' <Latency = 0> <II = 1> <Delay = 2.65> <FuncUnit> <Opcode : 'add' 'sub'> <InPorts = 2> <OutPorts = 1>
ST_12 : Operation 66 [1/1] (0.00ns)   --->   "%zext_ln655 = zext i9 %sub_ln655" [../../C-Codes/Fixed_x64/sin_gen_varAmp_3phi_x64.cpp:655]   --->   Operation 66 'zext' 'zext_ln655' <Predicate = (!icmp_ln642)> <Delay = 0.00>
ST_12 : Operation 67 [1/1] (0.00ns)   --->   "%table_addr_3 = getelementptr i49 %table_r, i64 0, i64 %zext_ln655"   --->   Operation 67 'getelementptr' 'table_addr_3' <Predicate = (!icmp_ln642)> <Delay = 0.00>
ST_12 : Operation 68 [2/2] (2.77ns)   --->   "%table_load_1 = load i9 %table_addr_3"   --->   Operation 68 'load' 'table_load_1' <Predicate = (!icmp_ln642)> <Delay = 2.77> <CoreInst = "ROM">   --->   Core 95 'ROM' <Latency = 1> <II = 1> <Delay = 2.77> <Storage> <Opcode : 'load'> <Ports = 0> <Width = 49> <Depth = 500> <ROM>

State 13 <SV = 12> <Delay = 7.00>
ST_13 : Operation 69 [1/2] (2.77ns)   --->   "%out_sin_V = load i9 %table_addr" [../../C-Codes/Fixed_x64/sin_gen_varAmp_3phi_x64.cpp:643]   --->   Operation 69 'load' 'out_sin_V' <Predicate = (icmp_ln642)> <Delay = 2.77> <CoreInst = "ROM">   --->   Core 95 'ROM' <Latency = 1> <II = 1> <Delay = 2.77> <Storage> <Opcode : 'load'> <Ports = 0> <Width = 49> <Depth = 500> <ROM>
ST_13 : Operation 70 [1/1] (0.00ns) (grouped into LUT with out node out_sin_V_5)   --->   "%zext_ln633 = zext i49 %out_sin_V" [../../C-Codes/Fixed_x64/sin_gen_varAmp_3phi_x64.cpp:633]   --->   Operation 70 'zext' 'zext_ln633' <Predicate = (icmp_ln642)> <Delay = 0.00>
ST_13 : Operation 71 [1/2] (2.77ns)   --->   "%out_sin_V_1 = load i9 %table_addr_1" [../../C-Codes/Fixed_x64/sin_gen_varAmp_3phi_x64.cpp:647]   --->   Operation 71 'load' 'out_sin_V_1' <Predicate = true> <Delay = 2.77> <CoreInst = "ROM">   --->   Core 95 'ROM' <Latency = 1> <II = 1> <Delay = 2.77> <Storage> <Opcode : 'load'> <Ports = 0> <Width = 49> <Depth = 500> <ROM>
ST_13 : Operation 72 [1/1] (0.00ns) (grouped into LUT with out node out_sin_V_5)   --->   "%zext_ln633_1 = zext i49 %out_sin_V_1" [../../C-Codes/Fixed_x64/sin_gen_varAmp_3phi_x64.cpp:633]   --->   Operation 72 'zext' 'zext_ln633_1' <Predicate = true> <Delay = 0.00>
ST_13 : Operation 73 [1/2] (2.77ns)   --->   "%table_load = load i9 %table_addr_2"   --->   Operation 73 'load' 'table_load' <Predicate = true> <Delay = 2.77> <CoreInst = "ROM">   --->   Core 95 'ROM' <Latency = 1> <II = 1> <Delay = 2.77> <Storage> <Opcode : 'load'> <Ports = 0> <Width = 49> <Depth = 500> <ROM>
ST_13 : Operation 74 [1/1] (2.63ns)   --->   "%out_sin_V_2 = sub i49 0, i49 %table_load"   --->   Operation 74 'sub' 'out_sin_V_2' <Predicate = true> <Delay = 2.63> <CoreInst = "Adder">   --->   Core 1 'Adder' <Latency = 0> <II = 1> <Delay = 2.65> <FuncUnit> <Opcode : 'add' 'sub'> <InPorts = 2> <OutPorts = 1>
ST_13 : Operation 75 [1/1] (0.00ns) (grouped into LUT with out node out_sin_V_6)   --->   "%sext_ln633 = sext i49 %out_sin_V_2" [../../C-Codes/Fixed_x64/sin_gen_varAmp_3phi_x64.cpp:633]   --->   Operation 75 'sext' 'sext_ln633' <Predicate = true> <Delay = 0.00>
ST_13 : Operation 76 [1/2] (2.77ns)   --->   "%table_load_1 = load i9 %table_addr_3"   --->   Operation 76 'load' 'table_load_1' <Predicate = (!icmp_ln642)> <Delay = 2.77> <CoreInst = "ROM">   --->   Core 95 'ROM' <Latency = 1> <II = 1> <Delay = 2.77> <Storage> <Opcode : 'load'> <Ports = 0> <Width = 49> <Depth = 500> <ROM>
ST_13 : Operation 77 [1/1] (2.63ns)   --->   "%out_sin_V_3 = sub i49 0, i49 %table_load_1"   --->   Operation 77 'sub' 'out_sin_V_3' <Predicate = (!icmp_ln642)> <Delay = 2.63> <CoreInst = "Adder">   --->   Core 1 'Adder' <Latency = 0> <II = 1> <Delay = 2.65> <FuncUnit> <Opcode : 'add' 'sub'> <InPorts = 2> <OutPorts = 1>
ST_13 : Operation 78 [1/1] (0.00ns) (grouped into LUT with out node out_sin_V_5)   --->   "%sext_ln633_1 = sext i49 %out_sin_V_3" [../../C-Codes/Fixed_x64/sin_gen_varAmp_3phi_x64.cpp:633]   --->   Operation 78 'sext' 'sext_ln633_1' <Predicate = (!icmp_ln642)> <Delay = 0.00>
ST_13 : Operation 79 [1/1] (0.00ns) (grouped into LUT with out node out_sin_V_5)   --->   "%out_sin_V_4 = select i1 %icmp_ln642, i50 %zext_ln633, i50 %sext_ln633_1" [../../C-Codes/Fixed_x64/sin_gen_varAmp_3phi_x64.cpp:642]   --->   Operation 79 'select' 'out_sin_V_4' <Predicate = true> <Delay = 0.00> <CoreInst = "Sel">   --->   Core 73 'Sel' <Latency = 0> <II = 1> <Delay = 0.74> <FuncUnit> <Opcode : 'select'> <InPorts = 3> <OutPorts = 1>
ST_13 : Operation 80 [1/1] (0.00ns) (grouped into LUT with out node out_sin_V_5)   --->   "%xor_ln642 = xor i1 %icmp_ln642, i1 1" [../../C-Codes/Fixed_x64/sin_gen_varAmp_3phi_x64.cpp:642]   --->   Operation 80 'xor' 'xor_ln642' <Predicate = true> <Delay = 0.00> <CoreInst = "LogicGate">   --->   Core 74 'LogicGate' <Latency = 0> <II = 1> <Delay = 0.80> <FuncUnit> <Opcode : 'and' 'or' 'xor'> <InPorts = 2> <OutPorts = 1>
ST_13 : Operation 81 [1/1] (0.00ns) (grouped into LUT with out node out_sin_V_5)   --->   "%and_ln645 = and i1 %icmp_ln645, i1 %xor_ln642" [../../C-Codes/Fixed_x64/sin_gen_varAmp_3phi_x64.cpp:645]   --->   Operation 81 'and' 'and_ln645' <Predicate = true> <Delay = 0.00> <CoreInst = "LogicGate">   --->   Core 74 'LogicGate' <Latency = 0> <II = 1> <Delay = 0.80> <FuncUnit> <Opcode : 'and' 'or' 'xor'> <InPorts = 2> <OutPorts = 1>
ST_13 : Operation 82 [1/1] (0.80ns) (out node of the LUT)   --->   "%out_sin_V_5 = select i1 %and_ln645, i50 %zext_ln633_1, i50 %out_sin_V_4" [../../C-Codes/Fixed_x64/sin_gen_varAmp_3phi_x64.cpp:645]   --->   Operation 82 'select' 'out_sin_V_5' <Predicate = true> <Delay = 0.80> <CoreInst = "Sel">   --->   Core 73 'Sel' <Latency = 0> <II = 1> <Delay = 0.74> <FuncUnit> <Opcode : 'select'> <InPorts = 3> <OutPorts = 1>
ST_13 : Operation 83 [1/1] (0.00ns) (grouped into LUT with out node out_sin_V_6)   --->   "%xor_ln645 = xor i1 %icmp_ln645, i1 1" [../../C-Codes/Fixed_x64/sin_gen_varAmp_3phi_x64.cpp:645]   --->   Operation 83 'xor' 'xor_ln645' <Predicate = true> <Delay = 0.00> <CoreInst = "LogicGate">   --->   Core 74 'LogicGate' <Latency = 0> <II = 1> <Delay = 0.80> <FuncUnit> <Opcode : 'and' 'or' 'xor'> <InPorts = 2> <OutPorts = 1>
ST_13 : Operation 84 [1/1] (0.00ns) (grouped into LUT with out node out_sin_V_6)   --->   "%and_ln649 = and i1 %icmp_ln649, i1 %xor_ln645" [../../C-Codes/Fixed_x64/sin_gen_varAmp_3phi_x64.cpp:649]   --->   Operation 84 'and' 'and_ln649' <Predicate = true> <Delay = 0.00> <CoreInst = "LogicGate">   --->   Core 74 'LogicGate' <Latency = 0> <II = 1> <Delay = 0.80> <FuncUnit> <Opcode : 'and' 'or' 'xor'> <InPorts = 2> <OutPorts = 1>
ST_13 : Operation 85 [1/1] (0.80ns) (out node of the LUT)   --->   "%out_sin_V_6 = select i1 %and_ln649, i50 %sext_ln633, i50 %out_sin_V_5" [../../C-Codes/Fixed_x64/sin_gen_varAmp_3phi_x64.cpp:649]   --->   Operation 85 'select' 'out_sin_V_6' <Predicate = true> <Delay = 0.80> <CoreInst = "Sel">   --->   Core 73 'Sel' <Latency = 0> <II = 1> <Delay = 0.74> <FuncUnit> <Opcode : 'select'> <InPorts = 3> <OutPorts = 1>

State 14 <SV = 13> <Delay = 3.40>
ST_14 : Operation 86 [1/1] (2.65ns)   --->   "%sub_ln703 = sub i50 0, i50 %out_sin_V_6"   --->   Operation 86 'sub' 'sub_ln703' <Predicate = (p_Result_s)> <Delay = 2.65> <CoreInst = "Adder">   --->   Core 1 'Adder' <Latency = 0> <II = 1> <Delay = 2.65> <FuncUnit> <Opcode : 'add' 'sub'> <InPorts = 2> <OutPorts = 1>
ST_14 : Operation 87 [1/1] (0.74ns)   --->   "%out_sin_V_8 = select i1 %p_Result_s, i50 %sub_ln703, i50 %out_sin_V_6" [../../C-Codes/Fixed_x64/sin_gen_varAmp_3phi_x64.cpp:658]   --->   Operation 87 'select' 'out_sin_V_8' <Predicate = true> <Delay = 0.74> <CoreInst = "Sel">   --->   Core 73 'Sel' <Latency = 0> <II = 1> <Delay = 0.74> <FuncUnit> <Opcode : 'select'> <InPorts = 3> <OutPorts = 1>
ST_14 : Operation 88 [1/1] (0.00ns)   --->   "%ret_ln665 = ret i50 %out_sin_V_8" [../../C-Codes/Fixed_x64/sin_gen_varAmp_3phi_x64.cpp:665]   --->   Operation 88 'ret' 'ret_ln665' <Predicate = true> <Delay = 0.00>


============================================================
+ Verbose Summary: Timing violations
============================================================
Target clock period: 10ns, clock uncertainty: 2.7ns.

 <State 1>: 1.32ns
The critical path consists of the following:
	multiplexor before 'phi' operation ('theta.V') with incoming values : ('theta_in_read', ../../C-Codes/Fixed_x64/sin_gen_varAmp_3phi_x64.cpp:120) ('theta.V') [7]  (1.32 ns)

 <State 2>: 3ns
The critical path consists of the following:
	'phi' operation ('theta.V') with incoming values : ('theta_in_read', ../../C-Codes/Fixed_x64/sin_gen_varAmp_3phi_x64.cpp:120) ('theta.V') [7]  (0 ns)
	'add' operation ('theta.V') [13]  (3 ns)

 <State 3>: 1.32ns
The critical path consists of the following:
	multiplexor before 'phi' operation ('theta.V') with incoming values : ('theta_in_read', ../../C-Codes/Fixed_x64/sin_gen_varAmp_3phi_x64.cpp:120) ('theta.V') [18]  (1.32 ns)

 <State 4>: 3ns
The critical path consists of the following:
	'phi' operation ('theta.V') with incoming values : ('theta_in_read', ../../C-Codes/Fixed_x64/sin_gen_varAmp_3phi_x64.cpp:120) ('theta.V') [18]  (0 ns)
	'add' operation ('theta.V') [24]  (3 ns)

 <State 5>: 3.83ns
The critical path consists of the following:
	'sub' operation ('__Val2__') [27]  (3 ns)
	'select' operation ('theta_abs.V', C:/Xilinx/Vitis_HLS/2020.2/common/technology/autopilot/hls_round_copysign_apfixed.h:180) [30]  (0.831 ns)

 <State 6>: 5.72ns
The critical path consists of the following:
	'mul' operation ('r.V') [32]  (5.72 ns)

 <State 7>: 5.72ns
The critical path consists of the following:
	'mul' operation ('r.V') [32]  (5.72 ns)

 <State 8>: 5.72ns
The critical path consists of the following:
	'mul' operation ('r.V') [32]  (5.72 ns)

 <State 9>: 5.72ns
The critical path consists of the following:
	'mul' operation ('r.V') [32]  (5.72 ns)

 <State 10>: 5.72ns
The critical path consists of the following:
	'mul' operation ('r.V') [32]  (5.72 ns)

 <State 11>: 5.62ns
The critical path consists of the following:
	'icmp' operation ('icmp_ln851') [37]  (2.63 ns)
	'select' operation ('select_ln850') [39]  (0 ns)
	'select' operation ('ret.V') [40]  (0.931 ns)
	'icmp' operation ('icmp_ln642', ../../C-Codes/Fixed_x64/sin_gen_varAmp_3phi_x64.cpp:642) [42]  (2.06 ns)

 <State 12>: 4.51ns
The critical path consists of the following:
	'sub' operation ('sub_ln647', ../../C-Codes/Fixed_x64/sin_gen_varAmp_3phi_x64.cpp:647) [48]  (1.73 ns)
	'getelementptr' operation ('table_addr_1', ../../C-Codes/Fixed_x64/sin_gen_varAmp_3phi_x64.cpp:647) [50]  (0 ns)
	'load' operation ('out_sin.V', ../../C-Codes/Fixed_x64/sin_gen_varAmp_3phi_x64.cpp:647) on array 'table_r' [51]  (2.77 ns)

 <State 13>: 7ns
The critical path consists of the following:
	'load' operation ('table_load_1') on array 'table_r' [63]  (2.77 ns)
	'sub' operation ('out_sin.V') [64]  (2.63 ns)
	'select' operation ('out_sin.V', ../../C-Codes/Fixed_x64/sin_gen_varAmp_3phi_x64.cpp:642) [66]  (0 ns)
	'select' operation ('out_sin.V', ../../C-Codes/Fixed_x64/sin_gen_varAmp_3phi_x64.cpp:645) [69]  (0.8 ns)
	'select' operation ('out_sin.V', ../../C-Codes/Fixed_x64/sin_gen_varAmp_3phi_x64.cpp:649) [72]  (0.8 ns)

 <State 14>: 3.4ns
The critical path consists of the following:
	'sub' operation ('sub_ln703') [73]  (2.66 ns)
	'select' operation ('out_sin.V', ../../C-Codes/Fixed_x64/sin_gen_varAmp_3phi_x64.cpp:658) [74]  (0.744 ns)


============================================================
+ Verbose Summary: Binding
============================================================
N/A
* FSMD analyzer results:
  - Output states:
 - Input state : 
  - Chain level:
	State 1
	State 2
	State 3
	State 4
	State 5
	State 6
	State 7
	State 8
	State 9
	State 10
	State 11
	State 12
	State 13
	State 14


============================================================
+ Verbose Summary: Datapath Resource usage 
============================================================
N/A
