

================================================================
== Vitis HLS Report for 'sin_2000'
================================================================
* Date:           Wed Apr 29 12:44:10 2026

* Version:        2020.2 (Build 3064766 on Wed Nov 18 09:12:45 MST 2020)
* Project:        sin_gen_varAmp_3phi_x64
* Solution:       solution1 (Vivado IP Flow Target)
* Product family: artix7
* Target device:  xc7a200t-fbg676-2


================================================================
== Performance Estimates
================================================================
+ Timing: 
    * Summary: 
    +--------+----------+----------+------------+
    |  Clock |  Target  | Estimated| Uncertainty|
    +--------+----------+----------+------------+
    |ap_clk  |  10.00 ns|  7.002 ns|     2.70 ns|
    +--------+----------+----------+------------+

+ Latency: 
    * Summary: 
    +---------+---------+----------+----------+-----+-----+---------+
    |  Latency (cycles) |  Latency (absolute) |  Interval | Pipeline|
    |   min   |   max   |    min   |    max   | min | max |   Type  |
    +---------+---------+----------+----------+-----+-----+---------+
    |        ?|        ?|         ?|         ?|    ?|    ?|     none|
    +---------+---------+----------+----------+-----+-----+---------+

    + Detail: 
        * Instance: 
        N/A

        * Loop: 
        +--------------------+---------+---------+----------+-----------+-----------+------+----------+
        |                    |  Latency (cycles) | Iteration|  Initiation Interval  | Trip |          |
        |      Loop Name     |   min   |   max   |  Latency |  achieved |   target  | Count| Pipelined|
        +--------------------+---------+---------+----------+-----------+-----------+------+----------+
        |- VITIS_LOOP_124_1  |        ?|        ?|         1|          1|          1|     ?|       yes|
        |- VITIS_LOOP_128_2  |        ?|        ?|         1|          1|          1|     ?|       yes|
        +--------------------+---------+---------+----------+-----------+-----------+------+----------+

============================================================
+ Verbose Summary: Synthesis Manager
============================================================
InlineROM: 1
ExposeGlobal: 0
============================================================
+ Verbose Summary: CDFG Model
============================================================
IsTopModel: 0
ResetActiveHigh: 1
IsCombinational: 0
IsDatapathOnly: 0
HasWiredReturn: 1
HasMFsm: 0
HasVarLatency: 1
IsPipeline: 0
IsRtlPipelined: 0
IsInstanceOverlapped: 0
IsDontTouch: 0
HasImplIP: 0
IsGatedGlobalClock: 0

+ Individual pipeline summary: 
  * Pipeline-0: initiation interval (II) = 1, depth = 1
  * Pipeline-1: initiation interval (II) = 1, depth = 1


============================================================
+ Verbose Summary: Schedule
============================================================
* Number of FSM states : 14
* Pipeline : 2
  Pipeline-0 : II = 1, D = 1, States = { 2 }
  Pipeline-1 : II = 1, D = 1, States = { 4 }
* Dataflow Pipeline: 0

* FSM state transitions: 
1 --> 2 
2 --> 3 2 
3 --> 4 
4 --> 5 4 
5 --> 6 
6 --> 7 
7 --> 8 
8 --> 9 
9 --> 10 
10 --> 11 
11 --> 12 
12 --> 13 
13 --> 14 
14 --> 

* FSM state operations: 

State 1 <SV = 0> <Delay = 1.32>
ST_1 : Operation 15 [1/1] (0.00ns)   --->   "%theta_in_read = read i64 @_ssdm_op_Read.ap_auto.i64, i64 %theta_in" [../../C-Codes/Fixed_x64/sin_gen_varAmp_3phi_x64.cpp:120]   --->   Operation 15 'read' 'theta_in_read' <Predicate = true> <Delay = 0.00>
ST_1 : Operation 16 [1/1] (1.32ns)   --->   "%br_ln124 = br void %ap_fixed_base.exit94" [../../C-Codes/Fixed_x64/sin_gen_varAmp_3phi_x64.cpp:124]   --->   Operation 16 'br' 'br_ln124' <Predicate = true> <Delay = 1.32>

State 2 <SV = 1> <Delay = 2.99>
ST_2 : Operation 17 [1/1] (0.00ns)   --->   "%theta_V = phi i64 %theta_in_read, void, i64 %theta_V_1, void %_ZN13ap_fixed_baseILi65ELi17ELb1EL9ap_q_mode5EL9ap_o_mode3ELi0EEC2ILi64ELi16ELb1ELS0_5ELS1_3ELi0EEERKS_IXT_EXT0_EXT1_EXT2_EXT3_EXT4_EE.exit.i"   --->   Operation 17 'phi' 'theta_V' <Predicate = true> <Delay = 0.00>
ST_2 : Operation 18 [1/1] (0.00ns)   --->   "%specpipeline_ln0 = specpipeline void @_ssdm_op_SpecPipeline, i32 4294967295, i32 0, i32 1, i32 0, void @p_str"   --->   Operation 18 'specpipeline' 'specpipeline_ln0' <Predicate = true> <Delay = 0.00>
ST_2 : Operation 19 [1/1] (2.34ns)   --->   "%icmp_ln1494 = icmp_sgt  i64 %theta_V, i64 1768559438007110"   --->   Operation 19 'icmp' 'icmp_ln1494' <Predicate = true> <Delay = 2.34> <CoreInst = "Cmp">   --->   Core 9 'Cmp' <Latency = 0> <II = 1> <Delay = 2.06> <FuncUnit> <Opcode : 'icmp'> <InPorts = 2> <OutPorts = 1>
ST_2 : Operation 20 [1/1] (0.00ns)   --->   "%br_ln124 = br i1 %icmp_ln1494, void %ap_fixed_base.exit50.preheader, void %_ZN13ap_fixed_baseILi65ELi17ELb1EL9ap_q_mode5EL9ap_o_mode3ELi0EEC2ILi64ELi16ELb1ELS0_5ELS1_3ELi0EEERKS_IXT_EXT0_EXT1_EXT2_EXT3_EXT4_EE.exit.i" [../../C-Codes/Fixed_x64/sin_gen_varAmp_3phi_x64.cpp:124]   --->   Operation 20 'br' 'br_ln124' <Predicate = true> <Delay = 0.00>
ST_2 : Operation 21 [1/1] (0.00ns)   --->   "%specloopname_ln191 = specloopname void @_ssdm_op_SpecLoopName, void @empty_3"   --->   Operation 21 'specloopname' 'specloopname_ln191' <Predicate = (icmp_ln1494)> <Delay = 0.00>
ST_2 : Operation 22 [1/1] (2.99ns)   --->   "%theta_V_1 = add i64 %theta_V, i64 18444975514271544506"   --->   Operation 22 'add' 'theta_V_1' <Predicate = (icmp_ln1494)> <Delay = 2.99> <CoreInst = "Adder">   --->   Core 1 'Adder' <Latency = 0> <II = 1> <Delay = 2.65> <FuncUnit> <Opcode : 'add' 'sub'> <InPorts = 2> <OutPorts = 1>
ST_2 : Operation 23 [1/1] (0.00ns)   --->   "%br_ln124 = br void %ap_fixed_base.exit94" [../../C-Codes/Fixed_x64/sin_gen_varAmp_3phi_x64.cpp:124]   --->   Operation 23 'br' 'br_ln124' <Predicate = (icmp_ln1494)> <Delay = 0.00>

State 3 <SV = 2> <Delay = 1.32>
ST_3 : Operation 24 [1/1] (1.32ns)   --->   "%br_ln0 = br void %ap_fixed_base.exit50"   --->   Operation 24 'br' 'br_ln0' <Predicate = true> <Delay = 1.32>

State 4 <SV = 3> <Delay = 2.99>
ST_4 : Operation 25 [1/1] (0.00ns)   --->   "%theta_V_4 = phi i64 %theta_V_3, void %_ZN13ap_fixed_baseILi65ELi17ELb1EL9ap_q_mode5EL9ap_o_mode3ELi0EEC2ILi64ELi16ELb1ELS0_5ELS1_3ELi0EEERKS_IXT_EXT0_EXT1_EXT2_EXT3_EXT4_EE.exit.i619, i64 %theta_V, void %ap_fixed_base.exit50.preheader"   --->   Operation 25 'phi' 'theta_V_4' <Predicate = true> <Delay = 0.00>
ST_4 : Operation 26 [1/1] (0.00ns)   --->   "%specpipeline_ln0 = specpipeline void @_ssdm_op_SpecPipeline, i32 4294967295, i32 0, i32 1, i32 0, void @p_str"   --->   Operation 26 'specpipeline' 'specpipeline_ln0' <Predicate = true> <Delay = 0.00>
ST_4 : Operation 27 [1/1] (2.34ns)   --->   "%icmp_ln1495 = icmp_slt  i64 %theta_V_4, i64 18444975514271544506"   --->   Operation 27 'icmp' 'icmp_ln1495' <Predicate = true> <Delay = 2.34> <CoreInst = "Cmp">   --->   Core 9 'Cmp' <Latency = 0> <II = 1> <Delay = 2.06> <FuncUnit> <Opcode : 'icmp'> <InPorts = 2> <OutPorts = 1>
ST_4 : Operation 28 [1/1] (0.00ns)   --->   "%br_ln128 = br i1 %icmp_ln1495, void %_ZN3hls3absILi64ELi16EEE8ap_fixedIXT_EXT0_EL9ap_q_mode5EL9ap_o_mode3ELi0EES4_.exit_ifconv, void %_ZN13ap_fixed_baseILi65ELi17ELb1EL9ap_q_mode5EL9ap_o_mode3ELi0EEC2ILi64ELi16ELb1ELS0_5ELS1_3ELi0EEERKS_IXT_EXT0_EXT1_EXT2_EXT3_EXT4_EE.exit.i619" [../../C-Codes/Fixed_x64/sin_gen_varAmp_3phi_x64.cpp:128]   --->   Operation 28 'br' 'br_ln128' <Predicate = true> <Delay = 0.00>
ST_4 : Operation 29 [1/1] (0.00ns)   --->   "%specloopname_ln191 = specloopname void @_ssdm_op_SpecLoopName, void @empty_2"   --->   Operation 29 'specloopname' 'specloopname_ln191' <Predicate = (icmp_ln1495)> <Delay = 0.00>
ST_4 : Operation 30 [1/1] (2.99ns)   --->   "%theta_V_3 = add i64 %theta_V_4, i64 1768559438007110"   --->   Operation 30 'add' 'theta_V_3' <Predicate = (icmp_ln1495)> <Delay = 2.99> <CoreInst = "Adder">   --->   Core 1 'Adder' <Latency = 0> <II = 1> <Delay = 2.65> <FuncUnit> <Opcode : 'add' 'sub'> <InPorts = 2> <OutPorts = 1>
ST_4 : Operation 31 [1/1] (0.00ns)   --->   "%br_ln128 = br void %ap_fixed_base.exit50" [../../C-Codes/Fixed_x64/sin_gen_varAmp_3phi_x64.cpp:128]   --->   Operation 31 'br' 'br_ln128' <Predicate = (icmp_ln1495)> <Delay = 0.00>

State 5 <SV = 4> <Delay = 3.82>
ST_5 : Operation 32 [1/1] (2.99ns)   --->   "%p_Val2_s = sub i64 0, i64 %theta_V_4"   --->   Operation 32 'sub' 'p_Val2_s' <Predicate = true> <Delay = 2.99> <CoreInst = "Adder">   --->   Core 1 'Adder' <Latency = 0> <II = 1> <Delay = 2.65> <FuncUnit> <Opcode : 'add' 'sub'> <InPorts = 2> <OutPorts = 1>
ST_5 : Operation 33 [1/1] (0.00ns)   --->   "%p_Result_2 = bitset i64 @_ssdm_op_BitSet.i64.i64.i32.i1, i64 %p_Val2_s, i32 63, i1 0"   --->   Operation 33 'bitset' 'p_Result_2' <Predicate = true> <Delay = 0.00>
ST_5 : Operation 34 [1/1] (0.00ns)   --->   "%p_Result_s = bitselect i1 @_ssdm_op_BitSelect.i1.i64.i32, i64 %theta_V_4, i32 63"   --->   Operation 34 'bitselect' 'p_Result_s' <Predicate = true> <Delay = 0.00>
ST_5 : Operation 35 [1/1] (0.83ns)   --->   "%theta_abs_V = select i1 %p_Result_s, i64 %p_Result_2, i64 %theta_V_4" [C:/Xilinx/Vitis_HLS/2020.2/common/technology/autopilot/hls_round_copysign_apfixed.h:180]   --->   Operation 35 'select' 'theta_abs_V' <Predicate = true> <Delay = 0.83> <CoreInst = "Sel">   --->   Core 73 'Sel' <Latency = 0> <II = 1> <Delay = 0.74> <FuncUnit> <Opcode : 'select'> <InPorts = 3> <OutPorts = 1>

State 6 <SV = 5> <Delay = 5.71>
ST_6 : Operation 36 [1/1] (0.00ns)   --->   "%sext_ln1118 = sext i64 %theta_abs_V"   --->   Operation 36 'sext' 'sext_ln1118' <Predicate = true> <Delay = 0.00>
ST_6 : Operation 37 [5/5] (5.71ns)   --->   "%r_V = mul i121 %sext_ln1118, i121 89775819439232432"   --->   Operation 37 'mul' 'r_V' <Predicate = true> <Delay = 5.71> <CoreInst = "Multiplier">   --->   Core 3 'Multiplier' <Latency = 4> <II = 1> <Delay = 5.71> <FuncUnit> <Opcode : 'mul'> <InPorts = 2> <OutPorts = 1>

State 7 <SV = 6> <Delay = 5.71>
ST_7 : Operation 38 [4/5] (5.71ns)   --->   "%r_V = mul i121 %sext_ln1118, i121 89775819439232432"   --->   Operation 38 'mul' 'r_V' <Predicate = true> <Delay = 5.71> <CoreInst = "Multiplier">   --->   Core 3 'Multiplier' <Latency = 4> <II = 1> <Delay = 5.71> <FuncUnit> <Opcode : 'mul'> <InPorts = 2> <OutPorts = 1>

State 8 <SV = 7> <Delay = 5.71>
ST_8 : Operation 39 [3/5] (5.71ns)   --->   "%r_V = mul i121 %sext_ln1118, i121 89775819439232432"   --->   Operation 39 'mul' 'r_V' <Predicate = true> <Delay = 5.71> <CoreInst = "Multiplier">   --->   Core 3 'Multiplier' <Latency = 4> <II = 1> <Delay = 5.71> <FuncUnit> <Opcode : 'mul'> <InPorts = 2> <OutPorts = 1>

State 9 <SV = 8> <Delay = 5.71>
ST_9 : Operation 40 [2/5] (5.71ns)   --->   "%r_V = mul i121 %sext_ln1118, i121 89775819439232432"   --->   Operation 40 'mul' 'r_V' <Predicate = true> <Delay = 5.71> <CoreInst = "Multiplier">   --->   Core 3 'Multiplier' <Latency = 4> <II = 1> <Delay = 5.71> <FuncUnit> <Opcode : 'mul'> <InPorts = 2> <OutPorts = 1>

State 10 <SV = 9> <Delay = 5.71>
ST_10 : Operation 41 [1/5] (5.71ns)   --->   "%r_V = mul i121 %sext_ln1118, i121 89775819439232432"   --->   Operation 41 'mul' 'r_V' <Predicate = true> <Delay = 5.71> <CoreInst = "Multiplier">   --->   Core 3 'Multiplier' <Latency = 4> <II = 1> <Delay = 5.71> <FuncUnit> <Opcode : 'mul'> <InPorts = 2> <OutPorts = 1>
ST_10 : Operation 42 [1/1] (0.00ns)   --->   "%ret_V = partselect i25 @_ssdm_op_PartSelect.i25.i121.i32.i32, i121 %r_V, i32 96, i32 120"   --->   Operation 42 'partselect' 'ret_V' <Predicate = true> <Delay = 0.00>
ST_10 : Operation 43 [1/1] (0.00ns)   --->   "%trunc_ln851 = trunc i121 %r_V"   --->   Operation 43 'trunc' 'trunc_ln851' <Predicate = true> <Delay = 0.00>

State 11 <SV = 10> <Delay = 5.61>
ST_11 : Operation 44 [1/1] (0.00ns)   --->   "%sext_ln831 = sext i25 %ret_V"   --->   Operation 44 'sext' 'sext_ln831' <Predicate = true> <Delay = 0.00>
ST_11 : Operation 45 [1/1] (0.00ns) (grouped into LUT with out node ret_V_15)   --->   "%p_Result_1 = bitselect i1 @_ssdm_op_BitSelect.i1.i121.i32, i121 %r_V, i32 120"   --->   Operation 45 'bitselect' 'p_Result_1' <Predicate = true> <Delay = 0.00>
ST_11 : Operation 46 [1/1] (2.62ns)   --->   "%icmp_ln851 = icmp_ne  i96 %trunc_ln851, i96 0"   --->   Operation 46 'icmp' 'icmp_ln851' <Predicate = true> <Delay = 2.62> <CoreInst = "Cmp">   --->   Core 9 'Cmp' <Latency = 0> <II = 1> <Delay = 2.06> <FuncUnit> <Opcode : 'icmp'> <InPorts = 2> <OutPorts = 1>
ST_11 : Operation 47 [1/1] (2.03ns)   --->   "%add_ln691 = add i26 %sext_ln831, i26 1"   --->   Operation 47 'add' 'add_ln691' <Predicate = true> <Delay = 2.03> <CoreInst = "Adder">   --->   Core 1 'Adder' <Latency = 0> <II = 1> <Delay = 2.65> <FuncUnit> <Opcode : 'add' 'sub'> <InPorts = 2> <OutPorts = 1>
ST_11 : Operation 48 [1/1] (0.00ns) (grouped into LUT with out node ret_V_15)   --->   "%select_ln850 = select i1 %icmp_ln851, i26 %add_ln691, i26 %sext_ln831"   --->   Operation 48 'select' 'select_ln850' <Predicate = true> <Delay = 0.00> <CoreInst = "Sel">   --->   Core 73 'Sel' <Latency = 0> <II = 1> <Delay = 0.74> <FuncUnit> <Opcode : 'select'> <InPorts = 3> <OutPorts = 1>
ST_11 : Operation 49 [1/1] (0.93ns) (out node of the LUT)   --->   "%ret_V_15 = select i1 %p_Result_1, i26 %select_ln850, i26 %sext_ln831"   --->   Operation 49 'select' 'ret_V_15' <Predicate = true> <Delay = 0.93> <CoreInst = "Sel">   --->   Core 73 'Sel' <Latency = 0> <II = 1> <Delay = 0.74> <FuncUnit> <Opcode : 'select'> <InPorts = 3> <OutPorts = 1>
ST_11 : Operation 50 [1/1] (0.00ns)   --->   "%trunc_ln831 = trunc i26 %ret_V_15"   --->   Operation 50 'trunc' 'trunc_ln831' <Predicate = true> <Delay = 0.00>
ST_11 : Operation 51 [1/1] (2.06ns)   --->   "%icmp_ln642 = icmp_slt  i26 %ret_V_15, i26 500" [../../C-Codes/Fixed_x64/sin_gen_varAmp_3phi_x64.cpp:642]   --->   Operation 51 'icmp' 'icmp_ln642' <Predicate = true> <Delay = 2.06> <CoreInst = "Cmp">   --->   Core 9 'Cmp' <Latency = 0> <II = 1> <Delay = 2.06> <FuncUnit> <Opcode : 'icmp'> <InPorts = 2> <OutPorts = 1>
ST_11 : Operation 52 [1/1] (2.06ns)   --->   "%icmp_ln645 = icmp_slt  i26 %ret_V_15, i26 1000" [../../C-Codes/Fixed_x64/sin_gen_varAmp_3phi_x64.cpp:645]   --->   Operation 52 'icmp' 'icmp_ln645' <Predicate = true> <Delay = 2.06> <CoreInst = "Cmp">   --->   Core 9 'Cmp' <Latency = 0> <II = 1> <Delay = 2.06> <FuncUnit> <Opcode : 'icmp'> <InPorts = 2> <OutPorts = 1>
ST_11 : Operation 53 [1/1] (2.06ns)   --->   "%icmp_ln649 = icmp_slt  i26 %ret_V_15, i26 1500" [../../C-Codes/Fixed_x64/sin_gen_varAmp_3phi_x64.cpp:649]   --->   Operation 53 'icmp' 'icmp_ln649' <Predicate = true> <Delay = 2.06> <CoreInst = "Cmp">   --->   Core 9 'Cmp' <Latency = 0> <II = 1> <Delay = 2.06> <FuncUnit> <Opcode : 'icmp'> <InPorts = 2> <OutPorts = 1>

State 12 <SV = 11> <Delay = 4.50>
ST_12 : Operation 54 [1/1] (0.00ns)   --->   "%zext_ln643 = zext i9 %trunc_ln831" [../../C-Codes/Fixed_x64/sin_gen_varAmp_3phi_x64.cpp:643]   --->   Operation 54 'zext' 'zext_ln643' <Predicate = (icmp_ln642)> <Delay = 0.00>
ST_12 : Operation 55 [1/1] (0.00ns)   --->   "%table_addr = getelementptr i49 %table_r, i64 0, i64 %zext_ln643" [../../C-Codes/Fixed_x64/sin_gen_varAmp_3phi_x64.cpp:643]   --->   Operation 55 'getelementptr' 'table_addr' <Predicate = (icmp_ln642)> <Delay = 0.00>
ST_12 : Operation 56 [2/2] (2.77ns)   --->   "%out_sin_V = load i9 %table_addr" [../../C-Codes/Fixed_x64/sin_gen_varAmp_3phi_x64.cpp:643]   --->   Operation 56 'load' 'out_sin_V' <Predicate = (icmp_ln642)> <Delay = 2.77> <CoreInst = "ROM">   --->   Core 95 'ROM' <Latency = 1> <II = 1> <Delay = 2.77> <Storage> <Opcode : 'load'> <Ports = 0> <Width = 49> <Depth = 500> <ROM>
ST_12 : Operation 57 [1/1] (1.73ns)   --->   "%sub_ln647 = sub i9 487, i9 %trunc_ln831" [../../C-Codes/Fixed_x64/sin_gen_varAmp_3phi_x64.cpp:647]   --->   Operation 57 'sub' 'sub_ln647' <Predicate = true> <Delay = 1.73> <CoreInst = "Adder">   --->   Core 1 'Adder' <Latency = 0> <II = 1> <Delay = 2.65> <FuncUnit> <Opcode : 'add' 'sub'> <InPorts = 2> <OutPorts = 1>
ST_12 : Operation 58 [1/1] (0.00ns)   --->   "%zext_ln647 = zext i9 %sub_ln647" [../../C-Codes/Fixed_x64/sin_gen_varAmp_3phi_x64.cpp:647]   --->   Operation 58 'zext' 'zext_ln647' <Predicate = true> <Delay = 0.00>
ST_12 : Operation 59 [1/1] (0.00ns)   --->   "%table_addr_1 = getelementptr i49 %table_r, i64 0, i64 %zext_ln647" [../../C-Codes/Fixed_x64/sin_gen_varAmp_3phi_x64.cpp:647]   --->   Operation 59 'getelementptr' 'table_addr_1' <Predicate = true> <Delay = 0.00>
ST_12 : Operation 60 [2/2] (2.77ns)   --->   "%out_sin_V_1 = load i9 %table_addr_1" [../../C-Codes/Fixed_x64/sin_gen_varAmp_3phi_x64.cpp:647]   --->   Operation 60 'load' 'out_sin_V_1' <Predicate = true> <Delay = 2.77> <CoreInst = "ROM">   --->   Core 95 'ROM' <Latency = 1> <II = 1> <Delay = 2.77> <Storage> <Opcode : 'load'> <Ports = 0> <Width = 49> <Depth = 500> <ROM>
ST_12 : Operation 61 [1/1] (1.73ns)   --->   "%n_aux = add i9 %trunc_ln831, i9 24" [../../C-Codes/Fixed_x64/sin_gen_varAmp_3phi_x64.cpp:650]   --->   Operation 61 'add' 'n_aux' <Predicate = true> <Delay = 1.73> <CoreInst = "Adder">   --->   Core 1 'Adder' <Latency = 0> <II = 1> <Delay = 2.65> <FuncUnit> <Opcode : 'add' 'sub'> <InPorts = 2> <OutPorts = 1>
ST_12 : Operation 62 [1/1] (0.00ns)   --->   "%zext_ln651 = zext i9 %n_aux" [../../C-Codes/Fixed_x64/sin_gen_varAmp_3phi_x64.cpp:651]   --->   Operation 62 'zext' 'zext_ln651' <Predicate = true> <Delay = 0.00>
ST_12 : Operation 63 [1/1] (0.00ns)   --->   "%table_addr_2 = getelementptr i49 %table_r, i64 0, i64 %zext_ln651"   --->   Operation 63 'getelementptr' 'table_addr_2' <Predicate = true> <Delay = 0.00>
ST_12 : Operation 64 [2/2] (2.77ns)   --->   "%table_load = load i9 %table_addr_2"   --->   Operation 64 'load' 'table_load' <Predicate = true> <Delay = 2.77> <CoreInst = "ROM">   --->   Core 95 'ROM' <Latency = 1> <II = 1> <Delay = 2.77> <Storage> <Opcode : 'load'> <Ports = 0> <Width = 49> <Depth = 500> <ROM>
ST_12 : Operation 65 [1/1] (1.73ns)   --->   "%sub_ln655 = sub i9 463, i9 %trunc_ln831" [../../C-Codes/Fixed_x64/sin_gen_varAmp_3phi_x64.cpp:655]   --->   Operation 65 'sub' 'sub_ln655' <Predicate = (!icmp_ln642)> <Delay = 1.73> <CoreInst = "Adder">   --->   Core 1 'Adder' <Latency = 0> <II = 1> <Delay = 2.65> <FuncUnit> <Opcode : 'add' 'sub'> <InPorts = 2> <OutPorts = 1>
ST_12 : Operation 66 [1/1] (0.00ns)   --->   "%zext_ln655 = zext i9 %sub_ln655" [../../C-Codes/Fixed_x64/sin_gen_varAmp_3phi_x64.cpp:655]   --->   Operation 66 'zext' 'zext_ln655' <Predicate = (!icmp_ln642)> <Delay = 0.00>
ST_12 : Operation 67 [1/1] (0.00ns)   --->   "%table_addr_3 = getelementptr i49 %table_r, i64 0, i64 %zext_ln655"   --->   Operation 67 'getelementptr' 'table_addr_3' <Predicate = (!icmp_ln642)> <Delay = 0.00>
ST_12 : Operation 68 [2/2] (2.77ns)   --->   "%table_load_1 = load i9 %table_addr_3"   --->   Operation 68 'load' 'table_load_1' <Predicate = (!icmp_ln642)> <Delay = 2.77> <CoreInst = "ROM">   --->   Core 95 'ROM' <Latency = 1> <II = 1> <Delay = 2.77> <Storage> <Opcode : 'load'> <Ports = 0> <Width = 49> <Depth = 500> <ROM>

State 13 <SV = 12> <Delay = 7.00>
ST_13 : Operation 69 [1/2] (2.77ns)   --->   "%out_sin_V = load i9 %table_addr" [../../C-Codes/Fixed_x64/sin_gen_varAmp_3phi_x64.cpp:643]   --->   Operation 69 'load' 'out_sin_V' <Predicate = (icmp_ln642)> <Delay = 2.77> <CoreInst = "ROM">   --->   Core 95 'ROM' <Latency = 1> <II = 1> <Delay = 2.77> <Storage> <Opcode : 'load'> <Ports = 0> <Width = 49> <Depth = 500> <ROM>
ST_13 : Operation 70 [1/1] (0.00ns) (grouped into LUT with out node out_sin_V_5)   --->   "%zext_ln633 = zext i49 %out_sin_V" [../../C-Codes/Fixed_x64/sin_gen_varAmp_3phi_x64.cpp:633]   --->   Operation 70 'zext' 'zext_ln633' <Predicate = (icmp_ln642)> <Delay = 0.00>
ST_13 : Operation 71 [1/2] (2.77ns)   --->   "%out_sin_V_1 = load i9 %table_addr_1" [../../C-Codes/Fixed_x64/sin_gen_varAmp_3phi_x64.cpp:647]   --->   Operation 71 'load' 'out_sin_V_1' <Predicate = true> <Delay = 2.77> <CoreInst = "ROM">   --->   Core 95 'ROM' <Latency = 1> <II = 1> <Delay = 2.77> <Storage> <Opcode : 'load'> <Ports = 0> <Width = 49> <Depth = 500> <ROM>
ST_13 : Operation 72 [1/1] (0.00ns) (grouped into LUT with out node out_sin_V_5)   --->   "%zext_ln633_1 = zext i49 %out_sin_V_1" [../../C-Codes/Fixed_x64/sin_gen_varAmp_3phi_x64.cpp:633]   --->   Operation 72 'zext' 'zext_ln633_1' <Predicate = true> <Delay = 0.00>
ST_13 : Operation 73 [1/2] (2.77ns)   --->   "%table_load = load i9 %table_addr_2"   --->   Operation 73 'load' 'table_load' <Predicate = true> <Delay = 2.77> <CoreInst = "ROM">   --->   Core 95 'ROM' <Latency = 1> <II = 1> <Delay = 2.77> <Storage> <Opcode : 'load'> <Ports = 0> <Width = 49> <Depth = 500> <ROM>
ST_13 : Operation 74 [1/1] (2.63ns)   --->   "%out_sin_V_2 = sub i49 0, i49 %table_load"   --->   Operation 74 'sub' 'out_sin_V_2' <Predicate = true> <Delay = 2.63> <CoreInst = "Adder">   --->   Core 1 'Adder' <Latency = 0> <II = 1> <Delay = 2.65> <FuncUnit> <Opcode : 'add' 'sub'> <InPorts = 2> <OutPorts = 1>
ST_13 : Operation 75 [1/1] (0.00ns) (grouped into LUT with out node out_sin_V_6)   --->   "%sext_ln633 = sext i49 %out_sin_V_2" [../../C-Codes/Fixed_x64/sin_gen_varAmp_3phi_x64.cpp:633]   --->   Operation 75 'sext' 'sext_ln633' <Predicate = true> <Delay = 0.00>
ST_13 : Operation 76 [1/2] (2.77ns)   --->   "%table_load_1 = load i9 %table_addr_3"   --->   Operation 76 'load' 'table_load_1' <Predicate = (!icmp_ln642)> <Delay = 2.77> <CoreInst = "ROM">   --->   Core 95 'ROM' <Latency = 1> <II = 1> <Delay = 2.77> <Storage> <Opcode : 'load'> <Ports = 0> <Width = 49> <Depth = 500> <ROM>
ST_13 : Operation 77 [1/1] (2.63ns)   --->   "%out_sin_V_3 = sub i49 0, i49 %table_load_1"   --->   Operation 77 'sub' 'out_sin_V_3' <Predicate = (!icmp_ln642)> <Delay = 2.63> <CoreInst = "Adder">   --->   Core 1 'Adder' <Latency = 0> <II = 1> <Delay = 2.65> <FuncUnit> <Opcode : 'add' 'sub'> <InPorts = 2> <OutPorts = 1>
ST_13 : Operation 78 [1/1] (0.00ns) (grouped into LUT with out node out_sin_V_5)   --->   "%sext_ln633_1 = sext i49 %out_sin_V_3" [../../C-Codes/Fixed_x64/sin_gen_varAmp_3phi_x64.cpp:633]   --->   Operation 78 'sext' 'sext_ln633_1' <Predicate = (!icmp_ln642)> <Delay = 0.00>
ST_13 : Operation 79 [1/1] (0.00ns) (grouped into LUT with out node out_sin_V_5)   --->   "%out_sin_V_4 = select i1 %icmp_ln642, i50 %zext_ln633, i50 %sext_ln633_1" [../../C-Codes/Fixed_x64/sin_gen_varAmp_3phi_x64.cpp:642]   --->   Operation 79 'select' 'out_sin_V_4' <Predicate = true> <Delay = 0.00> <CoreInst = "Sel">   --->   Core 73 'Sel' <Latency = 0> <II = 1> <Delay = 0.74> <FuncUnit> <Opcode : 'select'> <InPorts = 3> <OutPorts = 1>
ST_13 : Operation 80 [1/1] (0.00ns) (grouped into LUT with out node out_sin_V_5)   --->   "%xor_ln642 = xor i1 %icmp_ln642, i1 1" [../../C-Codes/Fixed_x64/sin_gen_varAmp_3phi_x64.cpp:642]   --->   Operation 80 'xor' 'xor_ln642' <Predicate = true> <Delay = 0.00> <CoreInst = "LogicGate">   --->   Core 74 'LogicGate' <Latency = 0> <II = 1> <Delay = 0.80> <FuncUnit> <Opcode : 'and' 'or' 'xor'> <InPorts = 2> <OutPorts = 1>
ST_13 : Operation 81 [1/1] (0.00ns) (grouped into LUT with out node out_sin_V_5)   --->   "%and_ln645 = and i1 %icmp_ln645, i1 %xor_ln642" [../../C-Codes/Fixed_x64/sin_gen_varAmp_3phi_x64.cpp:645]   --->   Operation 81 'and' 'and_ln645' <Predicate = true> <Delay = 0.00> <CoreInst = "LogicGate">   --->   Core 74 'LogicGate' <Latency = 0> <II = 1> <Delay = 0.80> <FuncUnit> <Opcode : 'and' 'or' 'xor'> <InPorts = 2> <OutPorts = 1>
ST_13 : Operation 82 [1/1] (0.80ns) (out node of the LUT)   --->   "%out_sin_V_5 = select i1 %and_ln645, i50 %zext_ln633_1, i50 %out_sin_V_4" [../../C-Codes/Fixed_x64/sin_gen_varAmp_3phi_x64.cpp:645]   --->   Operation 82 'select' 'out_sin_V_5' <Predicate = true> <Delay = 0.80> <CoreInst = "Sel">   --->   Core 73 'Sel' <Latency = 0> <II = 1> <Delay = 0.74> <FuncUnit> <Opcode : 'select'> <InPorts = 3> <OutPorts = 1>
ST_13 : Operation 83 [1/1] (0.00ns) (grouped into LUT with out node out_sin_V_6)   --->   "%xor_ln645 = xor i1 %icmp_ln645, i1 1" [../../C-Codes/Fixed_x64/sin_gen_varAmp_3phi_x64.cpp:645]   --->   Operation 83 'xor' 'xor_ln645' <Predicate = true> <Delay = 0.00> <CoreInst = "LogicGate">   --->   Core 74 'LogicGate' <Latency = 0> <II = 1> <Delay = 0.80> <FuncUnit> <Opcode : 'and' 'or' 'xor'> <InPorts = 2> <OutPorts = 1>
ST_13 : Operation 84 [1/1] (0.00ns) (grouped into LUT with out node out_sin_V_6)   --->   "%and_ln649 = and i1 %icmp_ln649, i1 %xor_ln645" [../../C-Codes/Fixed_x64/sin_gen_varAmp_3phi_x64.cpp:649]   --->   Operation 84 'and' 'and_ln649' <Predicate = true> <Delay = 0.00> <CoreInst = "LogicGate">   --->   Core 74 'LogicGate' <Latency = 0> <II = 1> <Delay = 0.80> <FuncUnit> <Opcode : 'and' 'or' 'xor'> <InPorts = 2> <OutPorts = 1>
ST_13 : Operation 85 [1/1] (0.80ns) (out node of the LUT)   --->   "%out_sin_V_6 = select i1 %and_ln649, i50 %sext_ln633, i50 %out_sin_V_5" [../../C-Codes/Fixed_x64/sin_gen_varAmp_3phi_x64.cpp:649]   --->   Operation 85 'select' 'out_sin_V_6' <Predicate = true> <Delay = 0.80> <CoreInst = "Sel">   --->   Core 73 'Sel' <Latency = 0> <II = 1> <Delay = 0.74> <FuncUnit> <Opcode : 'select'> <InPorts = 3> <OutPorts = 1>

State 14 <SV = 13> <Delay = 3.40>
ST_14 : Operation 86 [1/1] (2.65ns)   --->   "%sub_ln703 = sub i50 0, i50 %out_sin_V_6"   --->   Operation 86 'sub' 'sub_ln703' <Predicate = (p_Result_s)> <Delay = 2.65> <CoreInst = "Adder">   --->   Core 1 'Adder' <Latency = 0> <II = 1> <Delay = 2.65> <FuncUnit> <Opcode : 'add' 'sub'> <InPorts = 2> <OutPorts = 1>
ST_14 : Operation 87 [1/1] (0.74ns)   --->   "%out_sin_V_8 = select i1 %p_Result_s, i50 %sub_ln703, i50 %out_sin_V_6" [../../C-Codes/Fixed_x64/sin_gen_varAmp_3phi_x64.cpp:658]   --->   Operation 87 'select' 'out_sin_V_8' <Predicate = true> <Delay = 0.74> <CoreInst = "Sel">   --->   Core 73 'Sel' <Latency = 0> <II = 1> <Delay = 0.74> <FuncUnit> <Opcode : 'select'> <InPorts = 3> <OutPorts = 1>
ST_14 : Operation 88 [1/1] (0.00ns)   --->   "%ret_ln665 = ret i50 %out_sin_V_8" [../../C-Codes/Fixed_x64/sin_gen_varAmp_3phi_x64.cpp:665]   --->   Operation 88 'ret' 'ret_ln665' <Predicate = true> <Delay = 0.00>


============================================================
+ Verbose Summary: Binding
============================================================
STG Binding: 
---------------- STG Properties BEGIN ----------------
- Is combinational: 0
- Is one-state seq: 0
- Is datapath-only: 0
- Is pipelined: 0
- Is top level: 0
Port [ Return ] is wired: 1; IO mode=ap_ctrl_hs:ce=0
Port [ theta_in]:  wired=1; compound=0; hidden=0; nouse=0; global=0; static=0; extern=0; dir=0; type=0; pingpong=0; private_global=0; IO mode=ap_none:ce=0
Port [ table_r]:  wired=0; compound=1; hidden=1; nouse=0; global=1; static=1; extern=0; dir=0; type=1; pingpong=0; private_global=1; MemPort=[111]; IO mode=ap_memory:ce=0
---------------- STG Properties END ------------------

---------------- Datapath Model BEGIN ----------------

<LifeTime>
<method=bitvector/>
theta_in_read      (read         ) [ 011000000000000]
br_ln124           (br           ) [ 011000000000000]
theta_V            (phi          ) [ 001110000000000]
specpipeline_ln0   (specpipeline ) [ 000000000000000]
icmp_ln1494        (icmp         ) [ 001000000000000]
br_ln124           (br           ) [ 000000000000000]
specloopname_ln191 (specloopname ) [ 000000000000000]
theta_V_1          (add          ) [ 011000000000000]
br_ln124           (br           ) [ 011000000000000]
br_ln0             (br           ) [ 000110000000000]
theta_V_4          (phi          ) [ 000011000000000]
specpipeline_ln0   (specpipeline ) [ 000000000000000]
icmp_ln1495        (icmp         ) [ 000010000000000]
br_ln128           (br           ) [ 000000000000000]
specloopname_ln191 (specloopname ) [ 000000000000000]
theta_V_3          (add          ) [ 000110000000000]
br_ln128           (br           ) [ 000110000000000]
p_Val2_s           (sub          ) [ 000000000000000]
p_Result_2         (bitset       ) [ 000000000000000]
p_Result_s         (bitselect    ) [ 000000111111111]
theta_abs_V        (select       ) [ 000000100000000]
sext_ln1118        (sext         ) [ 000000011110000]
r_V                (mul          ) [ 000000000001000]
ret_V              (partselect   ) [ 000000000001000]
trunc_ln851        (trunc        ) [ 000000000001000]
sext_ln831         (sext         ) [ 000000000000000]
p_Result_1         (bitselect    ) [ 000000000000000]
icmp_ln851         (icmp         ) [ 000000000000000]
add_ln691          (add          ) [ 000000000000000]
select_ln850       (select       ) [ 000000000000000]
ret_V_15           (select       ) [ 000000000000000]
trunc_ln831        (trunc        ) [ 000000000000100]
icmp_ln642         (icmp         ) [ 000000000000110]
icmp_ln645         (icmp         ) [ 000000000000110]
icmp_ln649         (icmp         ) [ 000000000000110]
zext_ln643         (zext         ) [ 000000000000000]
table_addr         (getelementptr) [ 000000000000010]
sub_ln647          (sub          ) [ 000000000000000]
zext_ln647         (zext         ) [ 000000000000000]
table_addr_1       (getelementptr) [ 000000000000010]
n_aux              (add          ) [ 000000000000000]
zext_ln651         (zext         ) [ 000000000000000]
table_addr_2       (getelementptr) [ 000000000000010]
sub_ln655          (sub          ) [ 000000000000000]
zext_ln655         (zext         ) [ 000000000000000]
table_addr_3       (getelementptr) [ 000000000000010]
out_sin_V          (load         ) [ 000000000000000]
zext_ln633         (zext         ) [ 000000000000000]
out_sin_V_1        (load         ) [ 000000000000000]
zext_ln633_1       (zext         ) [ 000000000000000]
table_load         (load         ) [ 000000000000000]
out_sin_V_2        (sub          ) [ 000000000000000]
sext_ln633         (sext         ) [ 000000000000000]
table_load_1       (load         ) [ 000000000000000]
out_sin_V_3        (sub          ) [ 000000000000000]
sext_ln633_1       (sext         ) [ 000000000000000]
out_sin_V_4        (select       ) [ 000000000000000]
xor_ln642          (xor          ) [ 000000000000000]
and_ln645          (and          ) [ 000000000000000]
out_sin_V_5        (select       ) [ 000000000000000]
xor_ln645          (xor          ) [ 000000000000000]
and_ln649          (and          ) [ 000000000000000]
out_sin_V_6        (select       ) [ 000000000000001]
sub_ln703          (sub          ) [ 000000000000000]
out_sin_V_8        (select       ) [ 000000000000000]
ret_ln665          (ret          ) [ 000000000000000]
</LifeTime>

<model>

<comp_list>
<comp id="0" class="1000" name="theta_in">
<pin_list>
<pin id="1" dir="1" index="0" bw="1" slack="0"/>
</pin_list>
<bind>
<StgValue><ssdm name="theta_in"/></StgValue>
</bind>
</comp>

<comp id="2" class="1000" name="table_r">
<pin_list>
<pin id="3" dir="1" index="0" bw="1" slack="0"/>
</pin_list>
<bind>
<StgValue><ssdm name="table_r"/><MemPortTyVec>1 1 1 </MemPortTyVec>
</StgValue>
</bind>
</comp>

<comp id="4" class="1001" name="const_4">
<pin_list>
<pin id="5" dir="1" index="0" bw="1" slack="0"/>
</pin_list>
<bind>
<StgValue><ssdm name="_ssdm_op_Read.ap_auto.i64"/></StgValue>
</bind>
</comp>

<comp id="6" class="1001" name="const_6">
<pin_list>
<pin id="7" dir="1" index="0" bw="1" slack="2147483647"/>
</pin_list>
<bind>
<StgValue><ssdm name="_ssdm_op_SpecPipeline"/></StgValue>
</bind>
</comp>

<comp id="8" class="1001" name="const_8">
<pin_list>
<pin id="9" dir="1" index="0" bw="1" slack="2147483647"/>
</pin_list>
<bind>
<StgValue><ssdm name=""/></StgValue>
</bind>
</comp>

<comp id="10" class="1001" name="const_10">
<pin_list>
<pin id="11" dir="1" index="0" bw="1" slack="2147483647"/>
</pin_list>
<bind>
<StgValue><ssdm name=""/></StgValue>
</bind>
</comp>

<comp id="12" class="1001" name="const_12">
<pin_list>
<pin id="13" dir="1" index="0" bw="1" slack="2147483647"/>
</pin_list>
<bind>
<StgValue><ssdm name=""/></StgValue>
</bind>
</comp>

<comp id="14" class="1001" name="const_14">
<pin_list>
<pin id="15" dir="1" index="0" bw="1" slack="2147483647"/>
</pin_list>
<bind>
<StgValue><ssdm name="p_str"/></StgValue>
</bind>
</comp>

<comp id="16" class="1001" name="const_16">
<pin_list>
<pin id="17" dir="1" index="0" bw="1" slack="0"/>
</pin_list>
<bind>
<StgValue><ssdm name=""/></StgValue>
</bind>
</comp>

<comp id="18" class="1001" name="const_18">
<pin_list>
<pin id="19" dir="1" index="0" bw="1" slack="2147483647"/>
</pin_list>
<bind>
<StgValue><ssdm name="_ssdm_op_SpecLoopName"/></StgValue>
</bind>
</comp>

<comp id="20" class="1001" name="const_20">
<pin_list>
<pin id="21" dir="1" index="0" bw="1" slack="2147483647"/>
</pin_list>
<bind>
<StgValue><ssdm name="empty_3"/></StgValue>
</bind>
</comp>

<comp id="22" class="1001" name="const_22">
<pin_list>
<pin id="23" dir="1" index="0" bw="1" slack="0"/>
</pin_list>
<bind>
<StgValue><ssdm name=""/></StgValue>
</bind>
</comp>

<comp id="24" class="1001" name="const_24">
<pin_list>
<pin id="25" dir="1" index="0" bw="1" slack="2147483647"/>
</pin_list>
<bind>
<StgValue><ssdm name="empty_2"/></StgValue>
</bind>
</comp>

<comp id="26" class="1001" name="const_26">
<pin_list>
<pin id="27" dir="1" index="0" bw="1" slack="0"/>
</pin_list>
<bind>
<StgValue><ssdm name=""/></StgValue>
</bind>
</comp>

<comp id="28" class="1001" name="const_28">
<pin_list>
<pin id="29" dir="1" index="0" bw="1" slack="0"/>
</pin_list>
<bind>
<StgValue><ssdm name="_ssdm_op_BitSet.i64.i64.i32.i1"/></StgValue>
</bind>
</comp>

<comp id="30" class="1001" name="const_30">
<pin_list>
<pin id="31" dir="1" index="0" bw="1" slack="0"/>
</pin_list>
<bind>
<StgValue><ssdm name=""/></StgValue>
</bind>
</comp>

<comp id="32" class="1001" name="const_32">
<pin_list>
<pin id="33" dir="1" index="0" bw="1" slack="0"/>
</pin_list>
<bind>
<StgValue><ssdm name=""/></StgValue>
</bind>
</comp>

<comp id="34" class="1001" name="const_34">
<pin_list>
<pin id="35" dir="1" index="0" bw="1" slack="0"/>
</pin_list>
<bind>
<StgValue><ssdm name="_ssdm_op_BitSelect.i1.i64.i32"/></StgValue>
</bind>
</comp>

<comp id="36" class="1001" name="const_36">
<pin_list>
<pin id="37" dir="1" index="0" bw="1" slack="0"/>
</pin_list>
<bind>
<StgValue><ssdm name=""/></StgValue>
</bind>
</comp>

<comp id="38" class="1001" name="const_38">
<pin_list>
<pin id="39" dir="1" index="0" bw="1" slack="0"/>
</pin_list>
<bind>
<StgValue><ssdm name="_ssdm_op_PartSelect.i25.i121.i32.i32"/></StgValue>
</bind>
</comp>

<comp id="40" class="1001" name="const_40">
<pin_list>
<pin id="41" dir="1" index="0" bw="1" slack="0"/>
</pin_list>
<bind>
<StgValue><ssdm name=""/></StgValue>
</bind>
</comp>

<comp id="42" class="1001" name="const_42">
<pin_list>
<pin id="43" dir="1" index="0" bw="1" slack="0"/>
</pin_list>
<bind>
<StgValue><ssdm name=""/></StgValue>
</bind>
</comp>

<comp id="44" class="1001" name="const_44">
<pin_list>
<pin id="45" dir="1" index="0" bw="1" slack="0"/>
</pin_list>
<bind>
<StgValue><ssdm name="_ssdm_op_BitSelect.i1.i121.i32"/></StgValue>
</bind>
</comp>

<comp id="46" class="1001" name="const_46">
<pin_list>
<pin id="47" dir="1" index="0" bw="1" slack="0"/>
</pin_list>
<bind>
<StgValue><ssdm name=""/></StgValue>
</bind>
</comp>

<comp id="48" class="1001" name="const_48">
<pin_list>
<pin id="49" dir="1" index="0" bw="1" slack="0"/>
</pin_list>
<bind>
<StgValue><ssdm name=""/></StgValue>
</bind>
</comp>

<comp id="50" class="1001" name="const_50">
<pin_list>
<pin id="51" dir="1" index="0" bw="1" slack="0"/>
</pin_list>
<bind>
<StgValue><ssdm name=""/></StgValue>
</bind>
</comp>

<comp id="52" class="1001" name="const_52">
<pin_list>
<pin id="53" dir="1" index="0" bw="1" slack="0"/>
</pin_list>
<bind>
<StgValue><ssdm name=""/></StgValue>
</bind>
</comp>

<comp id="54" class="1001" name="const_54">
<pin_list>
<pin id="55" dir="1" index="0" bw="1" slack="0"/>
</pin_list>
<bind>
<StgValue><ssdm name=""/></StgValue>
</bind>
</comp>

<comp id="56" class="1001" name="const_56">
<pin_list>
<pin id="57" dir="1" index="0" bw="1" slack="0"/>
</pin_list>
<bind>
<StgValue><ssdm name=""/></StgValue>
</bind>
</comp>

<comp id="58" class="1001" name="const_58">
<pin_list>
<pin id="59" dir="1" index="0" bw="1" slack="0"/>
</pin_list>
<bind>
<StgValue><ssdm name=""/></StgValue>
</bind>
</comp>

<comp id="60" class="1001" name="const_60">
<pin_list>
<pin id="61" dir="1" index="0" bw="1" slack="0"/>
</pin_list>
<bind>
<StgValue><ssdm name=""/></StgValue>
</bind>
</comp>

<comp id="62" class="1001" name="const_62">
<pin_list>
<pin id="63" dir="1" index="0" bw="1" slack="0"/>
</pin_list>
<bind>
<StgValue><ssdm name=""/></StgValue>
</bind>
</comp>

<comp id="64" class="1001" name="const_64">
<pin_list>
<pin id="65" dir="1" index="0" bw="1" slack="0"/>
</pin_list>
<bind>
<StgValue><ssdm name=""/></StgValue>
</bind>
</comp>

<comp id="66" class="1001" name="const_66">
<pin_list>
<pin id="67" dir="1" index="0" bw="1" slack="0"/>
</pin_list>
<bind>
<StgValue><ssdm name=""/></StgValue>
</bind>
</comp>

<comp id="68" class="1004" name="theta_in_read_read_fu_68">
<pin_list>
<pin id="69" dir="0" index="0" bw="64" slack="0"/>
<pin id="70" dir="0" index="1" bw="64" slack="0"/>
<pin id="71" dir="1" index="2" bw="64" slack="1"/>
</pin_list>
<bind>
<opcode="read(1150) " fcode="read"/>
<opset="theta_in_read/1 "/>
</bind>
</comp>

<comp id="74" class="1004" name="table_addr_gep_fu_74">
<pin_list>
<pin id="75" dir="0" index="0" bw="49" slack="0"/>
<pin id="76" dir="0" index="1" bw="1" slack="0"/>
<pin id="77" dir="0" index="2" bw="9" slack="0"/>
<pin id="78" dir="1" index="3" bw="9" slack="0"/>
</pin_list>
<bind>
<opcode="getelementptr(29) " fcode="getelementptr"/>
<opset="table_addr/12 "/>
</bind>
</comp>

<comp id="81" class="1004" name="grp_access_fu_81">
<pin_list>
<pin id="82" dir="0" index="0" bw="9" slack="0"/>
<pin id="83" dir="0" index="1" bw="49" slack="2147483647"/>
<pin id="84" dir="0" index="2" bw="0" slack="0"/>
<pin id="94" dir="0" index="4" bw="9" slack="2147483647"/>
<pin id="95" dir="0" index="5" bw="49" slack="0"/>
<pin id="96" dir="0" index="6" bw="0" slack="2147483647"/>
<pin id="98" dir="0" index="8" bw="9" slack="2147483647"/>
<pin id="99" dir="0" index="9" bw="49" slack="2147483647"/>
<pin id="100" dir="0" index="10" bw="0" slack="2147483647"/>
<pin id="85" dir="1" index="3" bw="49" slack="0"/>
<pin id="97" dir="1" index="7" bw="49" slack="0"/>
<pin id="101" dir="1" index="11" bw="49" slack="0"/>
</pin_list>
<bind>
<opcode="load(27) " fcode="load"/>
<opset="out_sin_V/12 out_sin_V_1/12 table_load/12 table_load_1/12 "/>
</bind>
</comp>

<comp id="87" class="1004" name="table_addr_1_gep_fu_87">
<pin_list>
<pin id="88" dir="0" index="0" bw="49" slack="0"/>
<pin id="89" dir="0" index="1" bw="1" slack="0"/>
<pin id="90" dir="0" index="2" bw="9" slack="0"/>
<pin id="91" dir="1" index="3" bw="9" slack="0"/>
</pin_list>
<bind>
<opcode="getelementptr(29) " fcode="getelementptr"/>
<opset="table_addr_1/12 "/>
</bind>
</comp>

<comp id="103" class="1004" name="table_addr_2_gep_fu_103">
<pin_list>
<pin id="104" dir="0" index="0" bw="49" slack="0"/>
<pin id="105" dir="0" index="1" bw="1" slack="0"/>
<pin id="106" dir="0" index="2" bw="9" slack="0"/>
<pin id="107" dir="1" index="3" bw="9" slack="0"/>
</pin_list>
<bind>
<opcode="getelementptr(29) " fcode="getelementptr"/>
<opset="table_addr_2/12 "/>
</bind>
</comp>

<comp id="111" class="1004" name="table_addr_3_gep_fu_111">
<pin_list>
<pin id="112" dir="0" index="0" bw="49" slack="0"/>
<pin id="113" dir="0" index="1" bw="1" slack="0"/>
<pin id="114" dir="0" index="2" bw="9" slack="0"/>
<pin id="115" dir="1" index="3" bw="9" slack="0"/>
</pin_list>
<bind>
<opcode="getelementptr(29) " fcode="getelementptr"/>
<opset="table_addr_3/12 "/>
</bind>
</comp>

<comp id="119" class="1005" name="theta_V_reg_119">
<pin_list>
<pin id="120" dir="0" index="0" bw="64" slack="2"/>
<pin id="121" dir="1" index="1" bw="64" slack="2"/>
</pin_list>
<bind>
<opset="theta_V (phireg) "/>
</bind>
</comp>

<comp id="122" class="1004" name="theta_V_phi_fu_122">
<pin_list>
<pin id="123" dir="0" index="0" bw="64" slack="1"/>
<pin id="124" dir="0" index="1" bw="0" slack="2147483647"/>
<pin id="125" dir="0" index="2" bw="64" slack="0"/>
<pin id="126" dir="0" index="3" bw="0" slack="2147483647"/>
<pin id="127" dir="1" index="4" bw="64" slack="0"/>
</pin_list>
<bind>
<opcode="phi(47) " fcode="phi"/>
<opset="theta_V/2 "/>
</bind>
</comp>

<comp id="129" class="1005" name="theta_V_4_reg_129">
<pin_list>
<pin id="130" dir="0" index="0" bw="64" slack="1"/>
<pin id="131" dir="1" index="1" bw="64" slack="1"/>
</pin_list>
<bind>
<opset="theta_V_4 (phireg) "/>
</bind>
</comp>

<comp id="132" class="1004" name="theta_V_4_phi_fu_132">
<pin_list>
<pin id="133" dir="0" index="0" bw="64" slack="0"/>
<pin id="134" dir="0" index="1" bw="0" slack="2147483647"/>
<pin id="135" dir="0" index="2" bw="64" slack="2"/>
<pin id="136" dir="0" index="3" bw="0" slack="2147483647"/>
<pin id="137" dir="1" index="4" bw="64" slack="0"/>
</pin_list>
<bind>
<opcode="phi(47) " fcode="phi"/>
<opset="theta_V_4/4 "/>
</bind>
</comp>

<comp id="140" class="1004" name="icmp_ln1494_fu_140">
<pin_list>
<pin id="141" dir="0" index="0" bw="64" slack="0"/>
<pin id="142" dir="0" index="1" bw="52" slack="0"/>
<pin id="143" dir="1" index="2" bw="1" slack="2147483647"/>
</pin_list>
<bind>
<opcode="icmp(45) " fcode="icmp"/>
<opset="icmp_ln1494/2 "/>
</bind>
</comp>

<comp id="146" class="1004" name="theta_V_1_fu_146">
<pin_list>
<pin id="147" dir="0" index="0" bw="64" slack="0"/>
<pin id="148" dir="0" index="1" bw="52" slack="0"/>
<pin id="149" dir="1" index="2" bw="64" slack="0"/>
</pin_list>
<bind>
<opcode="add(8) " fcode="add"/>
<opset="theta_V_1/2 "/>
</bind>
</comp>

<comp id="152" class="1004" name="icmp_ln1495_fu_152">
<pin_list>
<pin id="153" dir="0" index="0" bw="64" slack="0"/>
<pin id="154" dir="0" index="1" bw="52" slack="0"/>
<pin id="155" dir="1" index="2" bw="1" slack="2147483647"/>
</pin_list>
<bind>
<opcode="icmp(45) " fcode="icmp"/>
<opset="icmp_ln1495/4 "/>
</bind>
</comp>

<comp id="158" class="1004" name="theta_V_3_fu_158">
<pin_list>
<pin id="159" dir="0" index="0" bw="64" slack="0"/>
<pin id="160" dir="0" index="1" bw="52" slack="0"/>
<pin id="161" dir="1" index="2" bw="64" slack="0"/>
</pin_list>
<bind>
<opcode="add(8) " fcode="add"/>
<opset="theta_V_3/4 "/>
</bind>
</comp>

<comp id="164" class="1004" name="p_Val2_s_fu_164">
<pin_list>
<pin id="165" dir="0" index="0" bw="1" slack="0"/>
<pin id="166" dir="0" index="1" bw="64" slack="1"/>
<pin id="167" dir="1" index="2" bw="64" slack="0"/>
</pin_list>
<bind>
<opcode="sub(10) " fcode="sub"/>
<opset="p_Val2_s/5 "/>
</bind>
</comp>

<comp id="170" class="1004" name="p_Result_2_fu_170">
<pin_list>
<pin id="171" dir="0" index="0" bw="64" slack="0"/>
<pin id="172" dir="0" index="1" bw="64" slack="0"/>
<pin id="173" dir="0" index="2" bw="7" slack="0"/>
<pin id="174" dir="0" index="3" bw="1" slack="0"/>
<pin id="175" dir="1" index="4" bw="64" slack="0"/>
</pin_list>
<bind>
<opcode="bitset(1001) " fcode="bitset"/>
<opset="p_Result_2/5 "/>
</bind>
</comp>

<comp id="180" class="1004" name="p_Result_s_fu_180">
<pin_list>
<pin id="181" dir="0" index="0" bw="1" slack="0"/>
<pin id="182" dir="0" index="1" bw="64" slack="1"/>
<pin id="183" dir="0" index="2" bw="7" slack="0"/>
<pin id="184" dir="1" index="3" bw="1" slack="0"/>
</pin_list>
<bind>
<opcode="bitselect(1000) " fcode="bitselect"/>
<opset="p_Result_s/5 "/>
</bind>
</comp>

<comp id="188" class="1004" name="theta_abs_V_fu_188">
<pin_list>
<pin id="189" dir="0" index="0" bw="1" slack="0"/>
<pin id="190" dir="0" index="1" bw="64" slack="0"/>
<pin id="191" dir="0" index="2" bw="64" slack="1"/>
<pin id="192" dir="1" index="3" bw="64" slack="1"/>
</pin_list>
<bind>
<opcode="select(49) " fcode="select"/>
<opset="theta_abs_V/5 "/>
</bind>
</comp>

<comp id="196" class="1004" name="sext_ln1118_fu_196">
<pin_list>
<pin id="197" dir="0" index="0" bw="64" slack="1"/>
<pin id="198" dir="1" index="1" bw="121" slack="0"/>
</pin_list>
<bind>
<opcode="sext(35) " fcode="sext"/>
<opset="sext_ln1118/6 "/>
</bind>
</comp>

<comp id="199" class="1004" name="grp_fu_199">
<pin_list>
<pin id="200" dir="0" index="0" bw="64" slack="0"/>
<pin id="201" dir="0" index="1" bw="58" slack="0"/>
<pin id="202" dir="1" index="2" bw="121" slack="0"/>
</pin_list>
<bind>
<opcode="mul(12) " fcode="mul"/>
<opset="r_V/6 "/>
</bind>
</comp>

<comp id="205" class="1004" name="ret_V_fu_205">
<pin_list>
<pin id="206" dir="0" index="0" bw="25" slack="0"/>
<pin id="207" dir="0" index="1" bw="121" slack="0"/>
<pin id="208" dir="0" index="2" bw="8" slack="0"/>
<pin id="209" dir="0" index="3" bw="8" slack="0"/>
<pin id="210" dir="1" index="4" bw="25" slack="1"/>
</pin_list>
<bind>
<opcode="partselect(1002) " fcode="partselect"/>
<opset="ret_V/10 "/>
</bind>
</comp>

<comp id="215" class="1004" name="trunc_ln851_fu_215">
<pin_list>
<pin id="216" dir="0" index="0" bw="121" slack="0"/>
<pin id="217" dir="1" index="1" bw="96" slack="1"/>
</pin_list>
<bind>
<opcode="trunc(33) " fcode="trunc"/>
<opset="trunc_ln851/10 "/>
</bind>
</comp>

<comp id="219" class="1004" name="sext_ln831_fu_219">
<pin_list>
<pin id="220" dir="0" index="0" bw="25" slack="1"/>
<pin id="221" dir="1" index="1" bw="26" slack="0"/>
</pin_list>
<bind>
<opcode="sext(35) " fcode="sext"/>
<opset="sext_ln831/11 "/>
</bind>
</comp>

<comp id="222" class="1004" name="p_Result_1_fu_222">
<pin_list>
<pin id="223" dir="0" index="0" bw="1" slack="0"/>
<pin id="224" dir="0" index="1" bw="121" slack="1"/>
<pin id="225" dir="0" index="2" bw="8" slack="0"/>
<pin id="226" dir="1" index="3" bw="1" slack="0"/>
</pin_list>
<bind>
<opcode="bitselect(1000) " fcode="bitselect"/>
<opset="p_Result_1/11 "/>
</bind>
</comp>

<comp id="229" class="1004" name="icmp_ln851_fu_229">
<pin_list>
<pin id="230" dir="0" index="0" bw="96" slack="1"/>
<pin id="231" dir="0" index="1" bw="1" slack="0"/>
<pin id="232" dir="1" index="2" bw="1" slack="0"/>
</pin_list>
<bind>
<opcode="icmp(45) " fcode="icmp"/>
<opset="icmp_ln851/11 "/>
</bind>
</comp>

<comp id="234" class="1004" name="add_ln691_fu_234">
<pin_list>
<pin id="235" dir="0" index="0" bw="25" slack="0"/>
<pin id="236" dir="0" index="1" bw="1" slack="0"/>
<pin id="237" dir="1" index="2" bw="26" slack="0"/>
</pin_list>
<bind>
<opcode="add(8) " fcode="add"/>
<opset="add_ln691/11 "/>
</bind>
</comp>

<comp id="240" class="1004" name="select_ln850_fu_240">
<pin_list>
<pin id="241" dir="0" index="0" bw="1" slack="0"/>
<pin id="242" dir="0" index="1" bw="26" slack="0"/>
<pin id="243" dir="0" index="2" bw="25" slack="0"/>
<pin id="244" dir="1" index="3" bw="26" slack="0"/>
</pin_list>
<bind>
<opcode="select(49) " fcode="select"/>
<opset="select_ln850/11 "/>
</bind>
</comp>

<comp id="248" class="1004" name="ret_V_15_fu_248">
<pin_list>
<pin id="249" dir="0" index="0" bw="1" slack="0"/>
<pin id="250" dir="0" index="1" bw="26" slack="0"/>
<pin id="251" dir="0" index="2" bw="25" slack="0"/>
<pin id="252" dir="1" index="3" bw="26" slack="0"/>
</pin_list>
<bind>
<opcode="select(49) " fcode="select"/>
<opset="ret_V_15/11 "/>
</bind>
</comp>

<comp id="256" class="1004" name="trunc_ln831_fu_256">
<pin_list>
<pin id="257" dir="0" index="0" bw="26" slack="0"/>
<pin id="258" dir="1" index="1" bw="9" slack="1"/>
</pin_list>
<bind>
<opcode="trunc(33) " fcode="trunc"/>
<opset="trunc_ln831/11 "/>
</bind>
</comp>

<comp id="260" class="1004" name="icmp_ln642_fu_260">
<pin_list>
<pin id="261" dir="0" index="0" bw="26" slack="0"/>
<pin id="262" dir="0" index="1" bw="10" slack="0"/>
<pin id="263" dir="1" index="2" bw="1" slack="1"/>
</pin_list>
<bind>
<opcode="icmp(45) " fcode="icmp"/>
<opset="icmp_ln642/11 "/>
</bind>
</comp>

<comp id="266" class="1004" name="icmp_ln645_fu_266">
<pin_list>
<pin id="267" dir="0" index="0" bw="26" slack="0"/>
<pin id="268" dir="0" index="1" bw="11" slack="0"/>
<pin id="269" dir="1" index="2" bw="1" slack="2"/>
</pin_list>
<bind>
<opcode="icmp(45) " fcode="icmp"/>
<opset="icmp_ln645/11 "/>
</bind>
</comp>

<comp id="272" class="1004" name="icmp_ln649_fu_272">
<pin_list>
<pin id="273" dir="0" index="0" bw="26" slack="0"/>
<pin id="274" dir="0" index="1" bw="12" slack="0"/>
<pin id="275" dir="1" index="2" bw="1" slack="2"/>
</pin_list>
<bind>
<opcode="icmp(45) " fcode="icmp"/>
<opset="icmp_ln649/11 "/>
</bind>
</comp>

<comp id="278" class="1004" name="zext_ln643_fu_278">
<pin_list>
<pin id="279" dir="0" index="0" bw="9" slack="1"/>
<pin id="280" dir="1" index="1" bw="64" slack="0"/>
</pin_list>
<bind>
<opcode="zext(34) " fcode="zext"/>
<opset="zext_ln643/12 "/>
</bind>
</comp>

<comp id="282" class="1004" name="sub_ln647_fu_282">
<pin_list>
<pin id="283" dir="0" index="0" bw="6" slack="0"/>
<pin id="284" dir="0" index="1" bw="9" slack="1"/>
<pin id="285" dir="1" index="2" bw="9" slack="0"/>
</pin_list>
<bind>
<opcode="sub(10) " fcode="sub"/>
<opset="sub_ln647/12 "/>
</bind>
</comp>

<comp id="287" class="1004" name="zext_ln647_fu_287">
<pin_list>
<pin id="288" dir="0" index="0" bw="9" slack="0"/>
<pin id="289" dir="1" index="1" bw="64" slack="0"/>
</pin_list>
<bind>
<opcode="zext(34) " fcode="zext"/>
<opset="zext_ln647/12 "/>
</bind>
</comp>

<comp id="292" class="1004" name="n_aux_fu_292">
<pin_list>
<pin id="293" dir="0" index="0" bw="9" slack="1"/>
<pin id="294" dir="0" index="1" bw="6" slack="0"/>
<pin id="295" dir="1" index="2" bw="9" slack="0"/>
</pin_list>
<bind>
<opcode="add(8) " fcode="add"/>
<opset="n_aux/12 "/>
</bind>
</comp>

<comp id="297" class="1004" name="zext_ln651_fu_297">
<pin_list>
<pin id="298" dir="0" index="0" bw="9" slack="0"/>
<pin id="299" dir="1" index="1" bw="64" slack="0"/>
</pin_list>
<bind>
<opcode="zext(34) " fcode="zext"/>
<opset="zext_ln651/12 "/>
</bind>
</comp>

<comp id="302" class="1004" name="sub_ln655_fu_302">
<pin_list>
<pin id="303" dir="0" index="0" bw="7" slack="0"/>
<pin id="304" dir="0" index="1" bw="9" slack="1"/>
<pin id="305" dir="1" index="2" bw="9" slack="0"/>
</pin_list>
<bind>
<opcode="sub(10) " fcode="sub"/>
<opset="sub_ln655/12 "/>
</bind>
</comp>

<comp id="307" class="1004" name="zext_ln655_fu_307">
<pin_list>
<pin id="308" dir="0" index="0" bw="9" slack="0"/>
<pin id="309" dir="1" index="1" bw="64" slack="0"/>
</pin_list>
<bind>
<opcode="zext(34) " fcode="zext"/>
<opset="zext_ln655/12 "/>
</bind>
</comp>

<comp id="312" class="1004" name="zext_ln633_fu_312">
<pin_list>
<pin id="313" dir="0" index="0" bw="49" slack="0"/>
<pin id="314" dir="1" index="1" bw="50" slack="0"/>
</pin_list>
<bind>
<opcode="zext(34) " fcode="zext"/>
<opset="zext_ln633/13 "/>
</bind>
</comp>

<comp id="316" class="1004" name="zext_ln633_1_fu_316">
<pin_list>
<pin id="317" dir="0" index="0" bw="49" slack="0"/>
<pin id="318" dir="1" index="1" bw="50" slack="0"/>
</pin_list>
<bind>
<opcode="zext(34) " fcode="zext"/>
<opset="zext_ln633_1/13 "/>
</bind>
</comp>

<comp id="320" class="1004" name="out_sin_V_2_fu_320">
<pin_list>
<pin id="321" dir="0" index="0" bw="1" slack="0"/>
<pin id="322" dir="0" index="1" bw="49" slack="0"/>
<pin id="323" dir="1" index="2" bw="49" slack="0"/>
</pin_list>
<bind>
<opcode="sub(10) " fcode="sub"/>
<opset="out_sin_V_2/13 "/>
</bind>
</comp>

<comp id="326" class="1004" name="sext_ln633_fu_326">
<pin_list>
<pin id="327" dir="0" index="0" bw="49" slack="0"/>
<pin id="328" dir="1" index="1" bw="50" slack="0"/>
</pin_list>
<bind>
<opcode="sext(35) " fcode="sext"/>
<opset="sext_ln633/13 "/>
</bind>
</comp>

<comp id="330" class="1004" name="out_sin_V_3_fu_330">
<pin_list>
<pin id="331" dir="0" index="0" bw="1" slack="0"/>
<pin id="332" dir="0" index="1" bw="49" slack="0"/>
<pin id="333" dir="1" index="2" bw="49" slack="0"/>
</pin_list>
<bind>
<opcode="sub(10) " fcode="sub"/>
<opset="out_sin_V_3/13 "/>
</bind>
</comp>

<comp id="336" class="1004" name="sext_ln633_1_fu_336">
<pin_list>
<pin id="337" dir="0" index="0" bw="49" slack="0"/>
<pin id="338" dir="1" index="1" bw="50" slack="0"/>
</pin_list>
<bind>
<opcode="sext(35) " fcode="sext"/>
<opset="sext_ln633_1/13 "/>
</bind>
</comp>

<comp id="340" class="1004" name="out_sin_V_4_fu_340">
<pin_list>
<pin id="341" dir="0" index="0" bw="1" slack="2"/>
<pin id="342" dir="0" index="1" bw="49" slack="0"/>
<pin id="343" dir="0" index="2" bw="49" slack="0"/>
<pin id="344" dir="1" index="3" bw="50" slack="0"/>
</pin_list>
<bind>
<opcode="select(49) " fcode="select"/>
<opset="out_sin_V_4/13 "/>
</bind>
</comp>

<comp id="347" class="1004" name="xor_ln642_fu_347">
<pin_list>
<pin id="348" dir="0" index="0" bw="1" slack="2"/>
<pin id="349" dir="0" index="1" bw="1" slack="0"/>
<pin id="350" dir="1" index="2" bw="1" slack="0"/>
</pin_list>
<bind>
<opcode="xor(25) " fcode="xor"/>
<opset="xor_ln642/13 "/>
</bind>
</comp>

<comp id="352" class="1004" name="and_ln645_fu_352">
<pin_list>
<pin id="353" dir="0" index="0" bw="1" slack="2"/>
<pin id="354" dir="0" index="1" bw="1" slack="0"/>
<pin id="355" dir="1" index="2" bw="1" slack="0"/>
</pin_list>
<bind>
<opcode="and(23) " fcode="and"/>
<opset="and_ln645/13 "/>
</bind>
</comp>

<comp id="357" class="1004" name="out_sin_V_5_fu_357">
<pin_list>
<pin id="358" dir="0" index="0" bw="1" slack="0"/>
<pin id="359" dir="0" index="1" bw="49" slack="0"/>
<pin id="360" dir="0" index="2" bw="50" slack="0"/>
<pin id="361" dir="1" index="3" bw="50" slack="0"/>
</pin_list>
<bind>
<opcode="select(49) " fcode="select"/>
<opset="out_sin_V_5/13 "/>
</bind>
</comp>

<comp id="365" class="1004" name="xor_ln645_fu_365">
<pin_list>
<pin id="366" dir="0" index="0" bw="1" slack="2"/>
<pin id="367" dir="0" index="1" bw="1" slack="0"/>
<pin id="368" dir="1" index="2" bw="1" slack="0"/>
</pin_list>
<bind>
<opcode="xor(25) " fcode="xor"/>
<opset="xor_ln645/13 "/>
</bind>
</comp>

<comp id="370" class="1004" name="and_ln649_fu_370">
<pin_list>
<pin id="371" dir="0" index="0" bw="1" slack="2"/>
<pin id="372" dir="0" index="1" bw="1" slack="0"/>
<pin id="373" dir="1" index="2" bw="1" slack="0"/>
</pin_list>
<bind>
<opcode="and(23) " fcode="and"/>
<opset="and_ln649/13 "/>
</bind>
</comp>

<comp id="375" class="1004" name="out_sin_V_6_fu_375">
<pin_list>
<pin id="376" dir="0" index="0" bw="1" slack="0"/>
<pin id="377" dir="0" index="1" bw="49" slack="0"/>
<pin id="378" dir="0" index="2" bw="50" slack="0"/>
<pin id="379" dir="1" index="3" bw="50" slack="1"/>
</pin_list>
<bind>
<opcode="select(49) " fcode="select"/>
<opset="out_sin_V_6/13 "/>
</bind>
</comp>

<comp id="383" class="1004" name="sub_ln703_fu_383">
<pin_list>
<pin id="384" dir="0" index="0" bw="1" slack="0"/>
<pin id="385" dir="0" index="1" bw="50" slack="1"/>
<pin id="386" dir="1" index="2" bw="50" slack="0"/>
</pin_list>
<bind>
<opcode="sub(10) " fcode="sub"/>
<opset="sub_ln703/14 "/>
</bind>
</comp>

<comp id="388" class="1004" name="out_sin_V_8_fu_388">
<pin_list>
<pin id="389" dir="0" index="0" bw="1" slack="9"/>
<pin id="390" dir="0" index="1" bw="50" slack="0"/>
<pin id="391" dir="0" index="2" bw="50" slack="1"/>
<pin id="392" dir="1" index="3" bw="50" slack="2147483647"/>
</pin_list>
<bind>
<opcode="select(49) " fcode="select"/>
<opset="out_sin_V_8/14 "/>
</bind>
</comp>

<comp id="394" class="1005" name="theta_in_read_reg_394">
<pin_list>
<pin id="395" dir="0" index="0" bw="64" slack="1"/>
<pin id="396" dir="1" index="1" bw="64" slack="1"/>
</pin_list>
<bind>
<opset="theta_in_read "/>
</bind>
</comp>

<comp id="402" class="1005" name="theta_V_1_reg_402">
<pin_list>
<pin id="403" dir="0" index="0" bw="64" slack="0"/>
<pin id="404" dir="1" index="1" bw="64" slack="0"/>
</pin_list>
<bind>
<opset="theta_V_1 "/>
</bind>
</comp>

<comp id="410" class="1005" name="theta_V_3_reg_410">
<pin_list>
<pin id="411" dir="0" index="0" bw="64" slack="0"/>
<pin id="412" dir="1" index="1" bw="64" slack="0"/>
</pin_list>
<bind>
<opset="theta_V_3 "/>
</bind>
</comp>

<comp id="415" class="1005" name="p_Result_s_reg_415">
<pin_list>
<pin id="416" dir="0" index="0" bw="1" slack="9"/>
<pin id="417" dir="1" index="1" bw="1" slack="9"/>
</pin_list>
<bind>
<opset="p_Result_s "/>
</bind>
</comp>

<comp id="420" class="1005" name="theta_abs_V_reg_420">
<pin_list>
<pin id="421" dir="0" index="0" bw="64" slack="1"/>
<pin id="422" dir="1" index="1" bw="64" slack="1"/>
</pin_list>
<bind>
<opset="theta_abs_V "/>
</bind>
</comp>

<comp id="425" class="1005" name="sext_ln1118_reg_425">
<pin_list>
<pin id="426" dir="0" index="0" bw="121" slack="1"/>
<pin id="427" dir="1" index="1" bw="121" slack="1"/>
</pin_list>
<bind>
<opset="sext_ln1118 "/>
</bind>
</comp>

<comp id="430" class="1005" name="r_V_reg_430">
<pin_list>
<pin id="431" dir="0" index="0" bw="121" slack="1"/>
<pin id="432" dir="1" index="1" bw="121" slack="1"/>
</pin_list>
<bind>
<opset="r_V "/>
</bind>
</comp>

<comp id="435" class="1005" name="ret_V_reg_435">
<pin_list>
<pin id="436" dir="0" index="0" bw="25" slack="1"/>
<pin id="437" dir="1" index="1" bw="25" slack="1"/>
</pin_list>
<bind>
<opset="ret_V "/>
</bind>
</comp>

<comp id="440" class="1005" name="trunc_ln851_reg_440">
<pin_list>
<pin id="441" dir="0" index="0" bw="96" slack="1"/>
<pin id="442" dir="1" index="1" bw="96" slack="1"/>
</pin_list>
<bind>
<opset="trunc_ln851 "/>
</bind>
</comp>

<comp id="445" class="1005" name="trunc_ln831_reg_445">
<pin_list>
<pin id="446" dir="0" index="0" bw="9" slack="1"/>
<pin id="447" dir="1" index="1" bw="9" slack="1"/>
</pin_list>
<bind>
<opset="trunc_ln831 "/>
</bind>
</comp>

<comp id="453" class="1005" name="icmp_ln642_reg_453">
<pin_list>
<pin id="454" dir="0" index="0" bw="1" slack="1"/>
<pin id="455" dir="1" index="1" bw="1" slack="2"/>
</pin_list>
<bind>
<opset="icmp_ln642 "/>
</bind>
</comp>

<comp id="459" class="1005" name="icmp_ln645_reg_459">
<pin_list>
<pin id="460" dir="0" index="0" bw="1" slack="2"/>
<pin id="461" dir="1" index="1" bw="1" slack="2"/>
</pin_list>
<bind>
<opset="icmp_ln645 "/>
</bind>
</comp>

<comp id="465" class="1005" name="icmp_ln649_reg_465">
<pin_list>
<pin id="466" dir="0" index="0" bw="1" slack="2"/>
<pin id="467" dir="1" index="1" bw="1" slack="2"/>
</pin_list>
<bind>
<opset="icmp_ln649 "/>
</bind>
</comp>

<comp id="470" class="1005" name="table_addr_reg_470">
<pin_list>
<pin id="471" dir="0" index="0" bw="9" slack="1"/>
<pin id="472" dir="1" index="1" bw="9" slack="1"/>
</pin_list>
<bind>
<opset="table_addr "/>
</bind>
</comp>

<comp id="475" class="1005" name="table_addr_1_reg_475">
<pin_list>
<pin id="476" dir="0" index="0" bw="9" slack="1"/>
<pin id="477" dir="1" index="1" bw="9" slack="1"/>
</pin_list>
<bind>
<opset="table_addr_1 "/>
</bind>
</comp>

<comp id="480" class="1005" name="table_addr_2_reg_480">
<pin_list>
<pin id="481" dir="0" index="0" bw="9" slack="1"/>
<pin id="482" dir="1" index="1" bw="9" slack="1"/>
</pin_list>
<bind>
<opset="table_addr_2 "/>
</bind>
</comp>

<comp id="485" class="1005" name="table_addr_3_reg_485">
<pin_list>
<pin id="486" dir="0" index="0" bw="9" slack="1"/>
<pin id="487" dir="1" index="1" bw="9" slack="1"/>
</pin_list>
<bind>
<opset="table_addr_3 "/>
</bind>
</comp>

<comp id="490" class="1005" name="out_sin_V_6_reg_490">
<pin_list>
<pin id="491" dir="0" index="0" bw="50" slack="1"/>
<pin id="492" dir="1" index="1" bw="50" slack="1"/>
</pin_list>
<bind>
<opset="out_sin_V_6 "/>
</bind>
</comp>

</comp_list>

<net_list>
<net id="72"><net_src comp="4" pin="0"/><net_sink comp="68" pin=0"/></net>

<net id="73"><net_src comp="0" pin="0"/><net_sink comp="68" pin=1"/></net>

<net id="79"><net_src comp="2" pin="0"/><net_sink comp="74" pin=0"/></net>

<net id="80"><net_src comp="26" pin="0"/><net_sink comp="74" pin=1"/></net>

<net id="86"><net_src comp="74" pin="3"/><net_sink comp="81" pin=0"/></net>

<net id="92"><net_src comp="2" pin="0"/><net_sink comp="87" pin=0"/></net>

<net id="93"><net_src comp="26" pin="0"/><net_sink comp="87" pin=1"/></net>

<net id="102"><net_src comp="87" pin="3"/><net_sink comp="81" pin=5"/></net>

<net id="108"><net_src comp="2" pin="0"/><net_sink comp="103" pin=0"/></net>

<net id="109"><net_src comp="26" pin="0"/><net_sink comp="103" pin=1"/></net>

<net id="110"><net_src comp="103" pin="3"/><net_sink comp="81" pin=2"/></net>

<net id="116"><net_src comp="2" pin="0"/><net_sink comp="111" pin=0"/></net>

<net id="117"><net_src comp="26" pin="0"/><net_sink comp="111" pin=1"/></net>

<net id="118"><net_src comp="111" pin="3"/><net_sink comp="81" pin=0"/></net>

<net id="128"><net_src comp="122" pin="4"/><net_sink comp="119" pin=0"/></net>

<net id="138"><net_src comp="119" pin="1"/><net_sink comp="132" pin=2"/></net>

<net id="139"><net_src comp="132" pin="4"/><net_sink comp="129" pin=0"/></net>

<net id="144"><net_src comp="122" pin="4"/><net_sink comp="140" pin=0"/></net>

<net id="145"><net_src comp="16" pin="0"/><net_sink comp="140" pin=1"/></net>

<net id="150"><net_src comp="122" pin="4"/><net_sink comp="146" pin=0"/></net>

<net id="151"><net_src comp="22" pin="0"/><net_sink comp="146" pin=1"/></net>

<net id="156"><net_src comp="132" pin="4"/><net_sink comp="152" pin=0"/></net>

<net id="157"><net_src comp="22" pin="0"/><net_sink comp="152" pin=1"/></net>

<net id="162"><net_src comp="132" pin="4"/><net_sink comp="158" pin=0"/></net>

<net id="163"><net_src comp="16" pin="0"/><net_sink comp="158" pin=1"/></net>

<net id="168"><net_src comp="26" pin="0"/><net_sink comp="164" pin=0"/></net>

<net id="169"><net_src comp="129" pin="1"/><net_sink comp="164" pin=1"/></net>

<net id="176"><net_src comp="28" pin="0"/><net_sink comp="170" pin=0"/></net>

<net id="177"><net_src comp="164" pin="2"/><net_sink comp="170" pin=1"/></net>

<net id="178"><net_src comp="30" pin="0"/><net_sink comp="170" pin=2"/></net>

<net id="179"><net_src comp="32" pin="0"/><net_sink comp="170" pin=3"/></net>

<net id="185"><net_src comp="34" pin="0"/><net_sink comp="180" pin=0"/></net>

<net id="186"><net_src comp="129" pin="1"/><net_sink comp="180" pin=1"/></net>

<net id="187"><net_src comp="30" pin="0"/><net_sink comp="180" pin=2"/></net>

<net id="193"><net_src comp="180" pin="3"/><net_sink comp="188" pin=0"/></net>

<net id="194"><net_src comp="170" pin="4"/><net_sink comp="188" pin=1"/></net>

<net id="195"><net_src comp="129" pin="1"/><net_sink comp="188" pin=2"/></net>

<net id="203"><net_src comp="196" pin="1"/><net_sink comp="199" pin=0"/></net>

<net id="204"><net_src comp="36" pin="0"/><net_sink comp="199" pin=1"/></net>

<net id="211"><net_src comp="38" pin="0"/><net_sink comp="205" pin=0"/></net>

<net id="212"><net_src comp="199" pin="2"/><net_sink comp="205" pin=1"/></net>

<net id="213"><net_src comp="40" pin="0"/><net_sink comp="205" pin=2"/></net>

<net id="214"><net_src comp="42" pin="0"/><net_sink comp="205" pin=3"/></net>

<net id="218"><net_src comp="199" pin="2"/><net_sink comp="215" pin=0"/></net>

<net id="227"><net_src comp="44" pin="0"/><net_sink comp="222" pin=0"/></net>

<net id="228"><net_src comp="42" pin="0"/><net_sink comp="222" pin=2"/></net>

<net id="233"><net_src comp="46" pin="0"/><net_sink comp="229" pin=1"/></net>

<net id="238"><net_src comp="219" pin="1"/><net_sink comp="234" pin=0"/></net>

<net id="239"><net_src comp="48" pin="0"/><net_sink comp="234" pin=1"/></net>

<net id="245"><net_src comp="229" pin="2"/><net_sink comp="240" pin=0"/></net>

<net id="246"><net_src comp="234" pin="2"/><net_sink comp="240" pin=1"/></net>

<net id="247"><net_src comp="219" pin="1"/><net_sink comp="240" pin=2"/></net>

<net id="253"><net_src comp="222" pin="3"/><net_sink comp="248" pin=0"/></net>

<net id="254"><net_src comp="240" pin="3"/><net_sink comp="248" pin=1"/></net>

<net id="255"><net_src comp="219" pin="1"/><net_sink comp="248" pin=2"/></net>

<net id="259"><net_src comp="248" pin="3"/><net_sink comp="256" pin=0"/></net>

<net id="264"><net_src comp="248" pin="3"/><net_sink comp="260" pin=0"/></net>

<net id="265"><net_src comp="50" pin="0"/><net_sink comp="260" pin=1"/></net>

<net id="270"><net_src comp="248" pin="3"/><net_sink comp="266" pin=0"/></net>

<net id="271"><net_src comp="52" pin="0"/><net_sink comp="266" pin=1"/></net>

<net id="276"><net_src comp="248" pin="3"/><net_sink comp="272" pin=0"/></net>

<net id="277"><net_src comp="54" pin="0"/><net_sink comp="272" pin=1"/></net>

<net id="281"><net_src comp="278" pin="1"/><net_sink comp="74" pin=2"/></net>

<net id="286"><net_src comp="56" pin="0"/><net_sink comp="282" pin=0"/></net>

<net id="290"><net_src comp="282" pin="2"/><net_sink comp="287" pin=0"/></net>

<net id="291"><net_src comp="287" pin="1"/><net_sink comp="87" pin=2"/></net>

<net id="296"><net_src comp="58" pin="0"/><net_sink comp="292" pin=1"/></net>

<net id="300"><net_src comp="292" pin="2"/><net_sink comp="297" pin=0"/></net>

<net id="301"><net_src comp="297" pin="1"/><net_sink comp="103" pin=2"/></net>

<net id="306"><net_src comp="60" pin="0"/><net_sink comp="302" pin=0"/></net>

<net id="310"><net_src comp="302" pin="2"/><net_sink comp="307" pin=0"/></net>

<net id="311"><net_src comp="307" pin="1"/><net_sink comp="111" pin=2"/></net>

<net id="315"><net_src comp="81" pin="3"/><net_sink comp="312" pin=0"/></net>

<net id="319"><net_src comp="81" pin="11"/><net_sink comp="316" pin=0"/></net>

<net id="324"><net_src comp="62" pin="0"/><net_sink comp="320" pin=0"/></net>

<net id="325"><net_src comp="81" pin="7"/><net_sink comp="320" pin=1"/></net>

<net id="329"><net_src comp="320" pin="2"/><net_sink comp="326" pin=0"/></net>

<net id="334"><net_src comp="62" pin="0"/><net_sink comp="330" pin=0"/></net>

<net id="335"><net_src comp="81" pin="3"/><net_sink comp="330" pin=1"/></net>

<net id="339"><net_src comp="330" pin="2"/><net_sink comp="336" pin=0"/></net>

<net id="345"><net_src comp="312" pin="1"/><net_sink comp="340" pin=1"/></net>

<net id="346"><net_src comp="336" pin="1"/><net_sink comp="340" pin=2"/></net>

<net id="351"><net_src comp="64" pin="0"/><net_sink comp="347" pin=1"/></net>

<net id="356"><net_src comp="347" pin="2"/><net_sink comp="352" pin=1"/></net>

<net id="362"><net_src comp="352" pin="2"/><net_sink comp="357" pin=0"/></net>

<net id="363"><net_src comp="316" pin="1"/><net_sink comp="357" pin=1"/></net>

<net id="364"><net_src comp="340" pin="3"/><net_sink comp="357" pin=2"/></net>

<net id="369"><net_src comp="64" pin="0"/><net_sink comp="365" pin=1"/></net>

<net id="374"><net_src comp="365" pin="2"/><net_sink comp="370" pin=1"/></net>

<net id="380"><net_src comp="370" pin="2"/><net_sink comp="375" pin=0"/></net>

<net id="381"><net_src comp="326" pin="1"/><net_sink comp="375" pin=1"/></net>

<net id="382"><net_src comp="357" pin="3"/><net_sink comp="375" pin=2"/></net>

<net id="387"><net_src comp="66" pin="0"/><net_sink comp="383" pin=0"/></net>

<net id="393"><net_src comp="383" pin="2"/><net_sink comp="388" pin=1"/></net>

<net id="397"><net_src comp="68" pin="2"/><net_sink comp="394" pin=0"/></net>

<net id="398"><net_src comp="394" pin="1"/><net_sink comp="122" pin=0"/></net>

<net id="405"><net_src comp="146" pin="2"/><net_sink comp="402" pin=0"/></net>

<net id="406"><net_src comp="402" pin="1"/><net_sink comp="122" pin=2"/></net>

<net id="413"><net_src comp="158" pin="2"/><net_sink comp="410" pin=0"/></net>

<net id="414"><net_src comp="410" pin="1"/><net_sink comp="132" pin=0"/></net>

<net id="418"><net_src comp="180" pin="3"/><net_sink comp="415" pin=0"/></net>

<net id="419"><net_src comp="415" pin="1"/><net_sink comp="388" pin=0"/></net>

<net id="423"><net_src comp="188" pin="3"/><net_sink comp="420" pin=0"/></net>

<net id="424"><net_src comp="420" pin="1"/><net_sink comp="196" pin=0"/></net>

<net id="428"><net_src comp="196" pin="1"/><net_sink comp="425" pin=0"/></net>

<net id="429"><net_src comp="425" pin="1"/><net_sink comp="199" pin=0"/></net>

<net id="433"><net_src comp="199" pin="2"/><net_sink comp="430" pin=0"/></net>

<net id="434"><net_src comp="430" pin="1"/><net_sink comp="222" pin=1"/></net>

<net id="438"><net_src comp="205" pin="4"/><net_sink comp="435" pin=0"/></net>

<net id="439"><net_src comp="435" pin="1"/><net_sink comp="219" pin=0"/></net>

<net id="443"><net_src comp="215" pin="1"/><net_sink comp="440" pin=0"/></net>

<net id="444"><net_src comp="440" pin="1"/><net_sink comp="229" pin=0"/></net>

<net id="448"><net_src comp="256" pin="1"/><net_sink comp="445" pin=0"/></net>

<net id="449"><net_src comp="445" pin="1"/><net_sink comp="278" pin=0"/></net>

<net id="450"><net_src comp="445" pin="1"/><net_sink comp="282" pin=1"/></net>

<net id="451"><net_src comp="445" pin="1"/><net_sink comp="292" pin=0"/></net>

<net id="452"><net_src comp="445" pin="1"/><net_sink comp="302" pin=1"/></net>

<net id="456"><net_src comp="260" pin="2"/><net_sink comp="453" pin=0"/></net>

<net id="457"><net_src comp="453" pin="1"/><net_sink comp="340" pin=0"/></net>

<net id="458"><net_src comp="453" pin="1"/><net_sink comp="347" pin=0"/></net>

<net id="462"><net_src comp="266" pin="2"/><net_sink comp="459" pin=0"/></net>

<net id="463"><net_src comp="459" pin="1"/><net_sink comp="352" pin=0"/></net>

<net id="464"><net_src comp="459" pin="1"/><net_sink comp="365" pin=0"/></net>

<net id="468"><net_src comp="272" pin="2"/><net_sink comp="465" pin=0"/></net>

<net id="469"><net_src comp="465" pin="1"/><net_sink comp="370" pin=0"/></net>

<net id="473"><net_src comp="74" pin="3"/><net_sink comp="470" pin=0"/></net>

<net id="474"><net_src comp="470" pin="1"/><net_sink comp="81" pin=0"/></net>

<net id="478"><net_src comp="87" pin="3"/><net_sink comp="475" pin=0"/></net>

<net id="479"><net_src comp="475" pin="1"/><net_sink comp="81" pin=5"/></net>

<net id="483"><net_src comp="103" pin="3"/><net_sink comp="480" pin=0"/></net>

<net id="484"><net_src comp="480" pin="1"/><net_sink comp="81" pin=2"/></net>

<net id="488"><net_src comp="111" pin="3"/><net_sink comp="485" pin=0"/></net>

<net id="489"><net_src comp="485" pin="1"/><net_sink comp="81" pin=0"/></net>

<net id="493"><net_src comp="375" pin="3"/><net_sink comp="490" pin=0"/></net>

<net id="494"><net_src comp="490" pin="1"/><net_sink comp="383" pin=1"/></net>

<net id="495"><net_src comp="490" pin="1"/><net_sink comp="388" pin=2"/></net>

</net_list>

</model> 
---------------- Datapath Model END ------------------

* FSMD analyzer results:
  - Output states:
 - Input state : 
	Port: sin_2000 : theta_in | {1 }
	Port: sin_2000 : table_r | {12 13 }
  - Chain level:
	State 1
	State 2
		icmp_ln1494 : 1
		br_ln124 : 2
		theta_V_1 : 1
	State 3
	State 4
		icmp_ln1495 : 1
		br_ln128 : 2
		theta_V_3 : 1
	State 5
		p_Result_2 : 1
		theta_abs_V : 2
	State 6
		r_V : 1
	State 7
	State 8
	State 9
	State 10
		ret_V : 1
		trunc_ln851 : 1
	State 11
		add_ln691 : 1
		select_ln850 : 2
		ret_V_15 : 3
		trunc_ln831 : 4
		icmp_ln642 : 4
		icmp_ln645 : 4
		icmp_ln649 : 4
	State 12
		table_addr : 1
		out_sin_V : 2
		zext_ln647 : 1
		table_addr_1 : 2
		out_sin_V_1 : 3
		zext_ln651 : 1
		table_addr_2 : 2
		table_load : 3
		zext_ln655 : 1
		table_addr_3 : 2
		table_load_1 : 3
	State 13
		zext_ln633 : 1
		zext_ln633_1 : 1
		out_sin_V_2 : 1
		sext_ln633 : 2
		out_sin_V_3 : 1
		sext_ln633_1 : 2
		out_sin_V_4 : 3
		out_sin_V_5 : 4
		out_sin_V_6 : 5
	State 14
		out_sin_V_8 : 1
		ret_ln665 : 2


============================================================
+ Verbose Summary: Datapath Resource usage 
============================================================

* Functional unit list:
|----------|--------------------------|---------|---------|---------|
| Operation|      Functional Unit     |   DSP   |    FF   |   LUT   |
|----------|--------------------------|---------|---------|---------|
|    mul   |        grp_fu_199        |    4    |   441   |   256   |
|----------|--------------------------|---------|---------|---------|
|          |    theta_abs_V_fu_188    |    0    |    0    |    64   |
|          |    select_ln850_fu_240   |    0    |    0    |    26   |
|          |      ret_V_15_fu_248     |    0    |    0    |    26   |
|  select  |    out_sin_V_4_fu_340    |    0    |    0    |    49   |
|          |    out_sin_V_5_fu_357    |    0    |    0    |    50   |
|          |    out_sin_V_6_fu_375    |    0    |    0    |    50   |
|          |    out_sin_V_8_fu_388    |    0    |    0    |    50   |
|----------|--------------------------|---------|---------|---------|
|          |      p_Val2_s_fu_164     |    0    |    0    |    71   |
|          |     sub_ln647_fu_282     |    0    |    0    |    16   |
|    sub   |     sub_ln655_fu_302     |    0    |    0    |    16   |
|          |    out_sin_V_2_fu_320    |    0    |    0    |    56   |
|          |    out_sin_V_3_fu_330    |    0    |    0    |    56   |
|          |     sub_ln703_fu_383     |    0    |    0    |    57   |
|----------|--------------------------|---------|---------|---------|
|          |     theta_V_1_fu_146     |    0    |    0    |    71   |
|    add   |     theta_V_3_fu_158     |    0    |    0    |    71   |
|          |     add_ln691_fu_234     |    0    |    0    |    32   |
|          |       n_aux_fu_292       |    0    |    0    |    16   |
|----------|--------------------------|---------|---------|---------|
|          |    icmp_ln1494_fu_140    |    0    |    0    |    29   |
|          |    icmp_ln1495_fu_152    |    0    |    0    |    29   |
|   icmp   |     icmp_ln851_fu_229    |    0    |    0    |    39   |
|          |     icmp_ln642_fu_260    |    0    |    0    |    16   |
|          |     icmp_ln645_fu_266    |    0    |    0    |    16   |
|          |     icmp_ln649_fu_272    |    0    |    0    |    16   |
|----------|--------------------------|---------|---------|---------|
|    xor   |     xor_ln642_fu_347     |    0    |    0    |    2    |
|          |     xor_ln645_fu_365     |    0    |    0    |    2    |
|----------|--------------------------|---------|---------|---------|
|    and   |     and_ln645_fu_352     |    0    |    0    |    2    |
|          |     and_ln649_fu_370     |    0    |    0    |    2    |
|----------|--------------------------|---------|---------|---------|
|   read   | theta_in_read_read_fu_68 |    0    |    0    |    0    |
|----------|--------------------------|---------|---------|---------|
|  bitset  |     p_Result_2_fu_170    |    0    |    0    |    0    |
|----------|--------------------------|---------|---------|---------|
| bitselect|     p_Result_s_fu_180    |    0    |    0    |    0    |
|          |     p_Result_1_fu_222    |    0    |    0    |    0    |
|----------|--------------------------|---------|---------|---------|
|          |    sext_ln1118_fu_196    |    0    |    0    |    0    |
|   sext   |     sext_ln831_fu_219    |    0    |    0    |    0    |
|          |     sext_ln633_fu_326    |    0    |    0    |    0    |
|          |    sext_ln633_1_fu_336   |    0    |    0    |    0    |
|----------|--------------------------|---------|---------|---------|
|partselect|       ret_V_fu_205       |    0    |    0    |    0    |
|----------|--------------------------|---------|---------|---------|
|   trunc  |    trunc_ln851_fu_215    |    0    |    0    |    0    |
|          |    trunc_ln831_fu_256    |    0    |    0    |    0    |
|----------|--------------------------|---------|---------|---------|
|          |     zext_ln643_fu_278    |    0    |    0    |    0    |
|          |     zext_ln647_fu_287    |    0    |    0    |    0    |
|   zext   |     zext_ln651_fu_297    |    0    |    0    |    0    |
|          |     zext_ln655_fu_307    |    0    |    0    |    0    |
|          |     zext_ln633_fu_312    |    0    |    0    |    0    |
|          |    zext_ln633_1_fu_316   |    0    |    0    |    0    |
|----------|--------------------------|---------|---------|---------|
|   Total  |                          |    4    |   441   |   1186  |
|----------|--------------------------|---------|---------|---------|

Memories:
N/A

* Register list:
+---------------------+--------+
|                     |   FF   |
+---------------------+--------+
|  icmp_ln642_reg_453 |    1   |
|  icmp_ln645_reg_459 |    1   |
|  icmp_ln649_reg_465 |    1   |
| out_sin_V_6_reg_490 |   50   |
|  p_Result_s_reg_415 |    1   |
|     r_V_reg_430     |   121  |
|    ret_V_reg_435    |   25   |
| sext_ln1118_reg_425 |   121  |
| table_addr_1_reg_475|    9   |
| table_addr_2_reg_480|    9   |
| table_addr_3_reg_485|    9   |
|  table_addr_reg_470 |    9   |
|  theta_V_1_reg_402  |   64   |
|  theta_V_3_reg_410  |   64   |
|  theta_V_4_reg_129  |   64   |
|   theta_V_reg_119   |   64   |
| theta_abs_V_reg_420 |   64   |
|theta_in_read_reg_394|   64   |
| trunc_ln831_reg_445 |    9   |
| trunc_ln851_reg_440 |   96   |
+---------------------+--------+
|        Total        |   846  |
+---------------------+--------+

* Multiplexer (MUX) list: 
|------------------|------|------|------|--------||---------||---------|
|       Comp       |  Pin | Size |  BW  | S x BW ||  Delay  ||   LUT   |
|------------------|------|------|------|--------||---------||---------|
| grp_access_fu_81 |  p0  |   4  |   9  |   36   ||    17   |
| grp_access_fu_81 |  p2  |   2  |   0  |    0   ||    9    |
| grp_access_fu_81 |  p5  |   2  |  49  |   98   ||    9    |
|    grp_fu_199    |  p0  |   2  |  64  |   128  ||    9    |
|------------------|------|------|------|--------||---------||---------|
|       Total      |      |      |      |   262  || 5.34643 ||    44   |
|------------------|------|------|------|--------||---------||---------|



* Summary:
+-----------+--------+--------+--------+--------+
|           |   DSP  |  Delay |   FF   |   LUT  |
+-----------+--------+--------+--------+--------+
|  Function |    4   |    -   |   441  |  1186  |
|   Memory  |    -   |    -   |    -   |    -   |
|Multiplexer|    -   |    5   |    -   |   44   |
|  Register |    -   |    -   |   846  |    -   |
+-----------+--------+--------+--------+--------+
|   Total   |    4   |    5   |  1287  |  1230  |
+-----------+--------+--------+--------+--------+
