

================================================================
== Vitis HLS Report for 'sin_gen_varAmp_3phi_x64'
================================================================
* Date:           Wed Apr 29 12:44:10 2026

* Version:        2020.2 (Build 3064766 on Wed Nov 18 09:12:45 MST 2020)
* Project:        sin_gen_varAmp_3phi_x64
* Solution:       solution1 (Vivado IP Flow Target)
* Product family: artix7
* Target device:  xc7a200t-fbg676-2


================================================================
== Performance Estimates
================================================================
+ Timing: 
    * Summary: 
    +--------+----------+----------+------------+
    |  Clock |  Target  | Estimated| Uncertainty|
    +--------+----------+----------+------------+
    |ap_clk  |  10.00 ns|  7.002 ns|     2.70 ns|
    +--------+----------+----------+------------+

+ Latency: 
    * Summary: 
    +---------+---------+----------+----------+-----+-----+---------+
    |  Latency (cycles) |  Latency (absolute) |  Interval | Pipeline|
    |   min   |   max   |    min   |    max   | min | max |   Type  |
    +---------+---------+----------+----------+-----+-----+---------+
    |        ?|        ?|         ?|         ?|    ?|    ?|     none|
    +---------+---------+----------+----------+-----+-----+---------+

    + Detail: 
        * Instance: 
        N/A

        * Loop: 
        N/A

============================================================
+ Verbose Summary: Synthesis Manager
============================================================
InlineROM: 1
ExposeGlobal: 0
============================================================
+ Verbose Summary: CDFG Model
============================================================
IsTopModel: 1
ResetActiveHigh: 1
IsCombinational: 0
IsDatapathOnly: 0
HasWiredReturn: 1
HasMFsm: 0
HasVarLatency: 1
IsPipeline: 0
IsRtlPipelined: 0
IsInstanceOverlapped: 0
IsDontTouch: 0
HasImplIP: 0
IsGatedGlobalClock: 0


============================================================
+ Verbose Summary: Schedule
============================================================
* Number of FSM states : 17
* Pipeline : 0
* Dataflow Pipeline: 0

* FSM state transitions: 
1 --> 2 17 
2 --> 3 
3 --> 4 
4 --> 5 
5 --> 6 
6 --> 7 
7 --> 8 
8 --> 9 
9 --> 10 
10 --> 11 
11 --> 12 
12 --> 13 
13 --> 14 
14 --> 15 
15 --> 16 
16 --> 17 
17 --> 

* FSM state operations: 

State 1 <SV = 0> <Delay = 2.34>
ST_1 : Operation 18 [1/1] (0.00ns)   --->   "%spectopmodule_ln0 = spectopmodule void @_ssdm_op_SpecTopModule, void @empty_1"   --->   Operation 18 'spectopmodule' 'spectopmodule_ln0' <Predicate = true> <Delay = 0.00>
ST_1 : Operation 19 [1/1] (0.00ns)   --->   "%specbitsmap_ln0 = specbitsmap void @_ssdm_op_SpecBitsMap, i1 %sinc"   --->   Operation 19 'specbitsmap' 'specbitsmap_ln0' <Predicate = true> <Delay = 0.00>
ST_1 : Operation 20 [1/1] (0.00ns)   --->   "%specinterface_ln0 = specinterface void @_ssdm_op_SpecInterface, i1 %sinc, void @empty, i32 0, i32 0, void @empty_0, i32 0, i32 0, void @empty_0, void @empty_0, void @empty_0, i32 0, i32 0, i32 0, i32 0, void @empty_0, void @empty_0"   --->   Operation 20 'specinterface' 'specinterface_ln0' <Predicate = true> <Delay = 0.00>
ST_1 : Operation 21 [1/1] (0.00ns)   --->   "%specbitsmap_ln0 = specbitsmap void @_ssdm_op_SpecBitsMap, i1 %opt"   --->   Operation 21 'specbitsmap' 'specbitsmap_ln0' <Predicate = true> <Delay = 0.00>
ST_1 : Operation 22 [1/1] (0.00ns)   --->   "%specinterface_ln0 = specinterface void @_ssdm_op_SpecInterface, i1 %opt, void @empty, i32 0, i32 0, void @empty_0, i32 0, i32 0, void @empty_0, void @empty_0, void @empty_0, i32 0, i32 0, i32 0, i32 0, void @empty_0, void @empty_0"   --->   Operation 22 'specinterface' 'specinterface_ln0' <Predicate = true> <Delay = 0.00>
ST_1 : Operation 23 [1/1] (0.00ns)   --->   "%specbitsmap_ln0 = specbitsmap void @_ssdm_op_SpecBitsMap, i64 %f"   --->   Operation 23 'specbitsmap' 'specbitsmap_ln0' <Predicate = true> <Delay = 0.00>
ST_1 : Operation 24 [1/1] (0.00ns)   --->   "%specinterface_ln0 = specinterface void @_ssdm_op_SpecInterface, i64 %f, void @empty, i32 0, i32 0, void @empty_0, i32 0, i32 0, void @empty_0, void @empty_0, void @empty_0, i32 0, i32 0, i32 0, i32 0, void @empty_0, void @empty_0"   --->   Operation 24 'specinterface' 'specinterface_ln0' <Predicate = true> <Delay = 0.00>
ST_1 : Operation 25 [1/1] (0.00ns)   --->   "%specbitsmap_ln0 = specbitsmap void @_ssdm_op_SpecBitsMap, i64 %A_1p"   --->   Operation 25 'specbitsmap' 'specbitsmap_ln0' <Predicate = true> <Delay = 0.00>
ST_1 : Operation 26 [1/1] (0.00ns)   --->   "%specinterface_ln0 = specinterface void @_ssdm_op_SpecInterface, i64 %A_1p, void @empty, i32 0, i32 0, void @empty_0, i32 0, i32 0, void @empty_0, void @empty_0, void @empty_0, i32 0, i32 0, i32 0, i32 0, void @empty_0, void @empty_0"   --->   Operation 26 'specinterface' 'specinterface_ln0' <Predicate = true> <Delay = 0.00>
ST_1 : Operation 27 [1/1] (0.00ns)   --->   "%specbitsmap_ln0 = specbitsmap void @_ssdm_op_SpecBitsMap, i64 %Ang_1p"   --->   Operation 27 'specbitsmap' 'specbitsmap_ln0' <Predicate = true> <Delay = 0.00>
ST_1 : Operation 28 [1/1] (0.00ns)   --->   "%specinterface_ln0 = specinterface void @_ssdm_op_SpecInterface, i64 %Ang_1p, void @empty, i32 0, i32 0, void @empty_0, i32 0, i32 0, void @empty_0, void @empty_0, void @empty_0, i32 0, i32 0, i32 0, i32 0, void @empty_0, void @empty_0"   --->   Operation 28 'specinterface' 'specinterface_ln0' <Predicate = true> <Delay = 0.00>
ST_1 : Operation 29 [1/1] (0.00ns)   --->   "%specbitsmap_ln0 = specbitsmap void @_ssdm_op_SpecBitsMap, i64 %A_1n"   --->   Operation 29 'specbitsmap' 'specbitsmap_ln0' <Predicate = true> <Delay = 0.00>
ST_1 : Operation 30 [1/1] (0.00ns)   --->   "%specinterface_ln0 = specinterface void @_ssdm_op_SpecInterface, i64 %A_1n, void @empty, i32 0, i32 0, void @empty_0, i32 0, i32 0, void @empty_0, void @empty_0, void @empty_0, i32 0, i32 0, i32 0, i32 0, void @empty_0, void @empty_0"   --->   Operation 30 'specinterface' 'specinterface_ln0' <Predicate = true> <Delay = 0.00>
ST_1 : Operation 31 [1/1] (0.00ns)   --->   "%specbitsmap_ln0 = specbitsmap void @_ssdm_op_SpecBitsMap, i64 %Ang_1n"   --->   Operation 31 'specbitsmap' 'specbitsmap_ln0' <Predicate = true> <Delay = 0.00>
ST_1 : Operation 32 [1/1] (0.00ns)   --->   "%specinterface_ln0 = specinterface void @_ssdm_op_SpecInterface, i64 %Ang_1n, void @empty, i32 0, i32 0, void @empty_0, i32 0, i32 0, void @empty_0, void @empty_0, void @empty_0, i32 0, i32 0, i32 0, i32 0, void @empty_0, void @empty_0"   --->   Operation 32 'specinterface' 'specinterface_ln0' <Predicate = true> <Delay = 0.00>
ST_1 : Operation 33 [1/1] (0.00ns)   --->   "%specbitsmap_ln0 = specbitsmap void @_ssdm_op_SpecBitsMap, i64 %A_5p"   --->   Operation 33 'specbitsmap' 'specbitsmap_ln0' <Predicate = true> <Delay = 0.00>
ST_1 : Operation 34 [1/1] (0.00ns)   --->   "%specinterface_ln0 = specinterface void @_ssdm_op_SpecInterface, i64 %A_5p, void @empty, i32 0, i32 0, void @empty_0, i32 0, i32 0, void @empty_0, void @empty_0, void @empty_0, i32 0, i32 0, i32 0, i32 0, void @empty_0, void @empty_0"   --->   Operation 34 'specinterface' 'specinterface_ln0' <Predicate = true> <Delay = 0.00>
ST_1 : Operation 35 [1/1] (0.00ns)   --->   "%specbitsmap_ln0 = specbitsmap void @_ssdm_op_SpecBitsMap, i64 %Ang_5p"   --->   Operation 35 'specbitsmap' 'specbitsmap_ln0' <Predicate = true> <Delay = 0.00>
ST_1 : Operation 36 [1/1] (0.00ns)   --->   "%specinterface_ln0 = specinterface void @_ssdm_op_SpecInterface, i64 %Ang_5p, void @empty, i32 0, i32 0, void @empty_0, i32 0, i32 0, void @empty_0, void @empty_0, void @empty_0, i32 0, i32 0, i32 0, i32 0, void @empty_0, void @empty_0"   --->   Operation 36 'specinterface' 'specinterface_ln0' <Predicate = true> <Delay = 0.00>
ST_1 : Operation 37 [1/1] (0.00ns)   --->   "%specbitsmap_ln0 = specbitsmap void @_ssdm_op_SpecBitsMap, i64 %A_5n"   --->   Operation 37 'specbitsmap' 'specbitsmap_ln0' <Predicate = true> <Delay = 0.00>
ST_1 : Operation 38 [1/1] (0.00ns)   --->   "%specinterface_ln0 = specinterface void @_ssdm_op_SpecInterface, i64 %A_5n, void @empty, i32 0, i32 0, void @empty_0, i32 0, i32 0, void @empty_0, void @empty_0, void @empty_0, i32 0, i32 0, i32 0, i32 0, void @empty_0, void @empty_0"   --->   Operation 38 'specinterface' 'specinterface_ln0' <Predicate = true> <Delay = 0.00>
ST_1 : Operation 39 [1/1] (0.00ns)   --->   "%specbitsmap_ln0 = specbitsmap void @_ssdm_op_SpecBitsMap, i64 %Ang_5n"   --->   Operation 39 'specbitsmap' 'specbitsmap_ln0' <Predicate = true> <Delay = 0.00>
ST_1 : Operation 40 [1/1] (0.00ns)   --->   "%specinterface_ln0 = specinterface void @_ssdm_op_SpecInterface, i64 %Ang_5n, void @empty, i32 0, i32 0, void @empty_0, i32 0, i32 0, void @empty_0, void @empty_0, void @empty_0, i32 0, i32 0, i32 0, i32 0, void @empty_0, void @empty_0"   --->   Operation 40 'specinterface' 'specinterface_ln0' <Predicate = true> <Delay = 0.00>
ST_1 : Operation 41 [1/1] (0.00ns)   --->   "%specbitsmap_ln0 = specbitsmap void @_ssdm_op_SpecBitsMap, i64 %A_7p"   --->   Operation 41 'specbitsmap' 'specbitsmap_ln0' <Predicate = true> <Delay = 0.00>
ST_1 : Operation 42 [1/1] (0.00ns)   --->   "%specinterface_ln0 = specinterface void @_ssdm_op_SpecInterface, i64 %A_7p, void @empty, i32 0, i32 0, void @empty_0, i32 0, i32 0, void @empty_0, void @empty_0, void @empty_0, i32 0, i32 0, i32 0, i32 0, void @empty_0, void @empty_0"   --->   Operation 42 'specinterface' 'specinterface_ln0' <Predicate = true> <Delay = 0.00>
ST_1 : Operation 43 [1/1] (0.00ns)   --->   "%specbitsmap_ln0 = specbitsmap void @_ssdm_op_SpecBitsMap, i64 %Ang_7p"   --->   Operation 43 'specbitsmap' 'specbitsmap_ln0' <Predicate = true> <Delay = 0.00>
ST_1 : Operation 44 [1/1] (0.00ns)   --->   "%specinterface_ln0 = specinterface void @_ssdm_op_SpecInterface, i64 %Ang_7p, void @empty, i32 0, i32 0, void @empty_0, i32 0, i32 0, void @empty_0, void @empty_0, void @empty_0, i32 0, i32 0, i32 0, i32 0, void @empty_0, void @empty_0"   --->   Operation 44 'specinterface' 'specinterface_ln0' <Predicate = true> <Delay = 0.00>
ST_1 : Operation 45 [1/1] (0.00ns)   --->   "%specbitsmap_ln0 = specbitsmap void @_ssdm_op_SpecBitsMap, i64 %A_7n"   --->   Operation 45 'specbitsmap' 'specbitsmap_ln0' <Predicate = true> <Delay = 0.00>
ST_1 : Operation 46 [1/1] (0.00ns)   --->   "%specinterface_ln0 = specinterface void @_ssdm_op_SpecInterface, i64 %A_7n, void @empty, i32 0, i32 0, void @empty_0, i32 0, i32 0, void @empty_0, void @empty_0, void @empty_0, i32 0, i32 0, i32 0, i32 0, void @empty_0, void @empty_0"   --->   Operation 46 'specinterface' 'specinterface_ln0' <Predicate = true> <Delay = 0.00>
ST_1 : Operation 47 [1/1] (0.00ns)   --->   "%specbitsmap_ln0 = specbitsmap void @_ssdm_op_SpecBitsMap, i64 %Ang_7n"   --->   Operation 47 'specbitsmap' 'specbitsmap_ln0' <Predicate = true> <Delay = 0.00>
ST_1 : Operation 48 [1/1] (0.00ns)   --->   "%specinterface_ln0 = specinterface void @_ssdm_op_SpecInterface, i64 %Ang_7n, void @empty, i32 0, i32 0, void @empty_0, i32 0, i32 0, void @empty_0, void @empty_0, void @empty_0, i32 0, i32 0, i32 0, i32 0, void @empty_0, void @empty_0"   --->   Operation 48 'specinterface' 'specinterface_ln0' <Predicate = true> <Delay = 0.00>
ST_1 : Operation 49 [1/1] (0.00ns)   --->   "%specbitsmap_ln0 = specbitsmap void @_ssdm_op_SpecBitsMap, i64 %vout_a"   --->   Operation 49 'specbitsmap' 'specbitsmap_ln0' <Predicate = true> <Delay = 0.00>
ST_1 : Operation 50 [1/1] (0.00ns)   --->   "%specinterface_ln0 = specinterface void @_ssdm_op_SpecInterface, i64 %vout_a, void @empty, i32 0, i32 0, void @empty_0, i32 0, i32 0, void @empty_0, void @empty_0, void @empty_0, i32 0, i32 0, i32 0, i32 0, void @empty_0, void @empty_0"   --->   Operation 50 'specinterface' 'specinterface_ln0' <Predicate = true> <Delay = 0.00>
ST_1 : Operation 51 [1/1] (0.00ns)   --->   "%specbitsmap_ln0 = specbitsmap void @_ssdm_op_SpecBitsMap, i64 %vout_b"   --->   Operation 51 'specbitsmap' 'specbitsmap_ln0' <Predicate = true> <Delay = 0.00>
ST_1 : Operation 52 [1/1] (0.00ns)   --->   "%specinterface_ln0 = specinterface void @_ssdm_op_SpecInterface, i64 %vout_b, void @empty, i32 0, i32 0, void @empty_0, i32 0, i32 0, void @empty_0, void @empty_0, void @empty_0, i32 0, i32 0, i32 0, i32 0, void @empty_0, void @empty_0"   --->   Operation 52 'specinterface' 'specinterface_ln0' <Predicate = true> <Delay = 0.00>
ST_1 : Operation 53 [1/1] (0.00ns)   --->   "%specbitsmap_ln0 = specbitsmap void @_ssdm_op_SpecBitsMap, i64 %vout_c"   --->   Operation 53 'specbitsmap' 'specbitsmap_ln0' <Predicate = true> <Delay = 0.00>
ST_1 : Operation 54 [1/1] (0.00ns)   --->   "%specinterface_ln0 = specinterface void @_ssdm_op_SpecInterface, i64 %vout_c, void @empty, i32 0, i32 0, void @empty_0, i32 0, i32 0, void @empty_0, void @empty_0, void @empty_0, i32 0, i32 0, i32 0, i32 0, void @empty_0, void @empty_0"   --->   Operation 54 'specinterface' 'specinterface_ln0' <Predicate = true> <Delay = 0.00>
ST_1 : Operation 55 [1/1] (0.00ns)   --->   "%specbitsmap_ln0 = specbitsmap void @_ssdm_op_SpecBitsMap, i64 %wtout"   --->   Operation 55 'specbitsmap' 'specbitsmap_ln0' <Predicate = true> <Delay = 0.00>
ST_1 : Operation 56 [1/1] (0.00ns)   --->   "%specinterface_ln0 = specinterface void @_ssdm_op_SpecInterface, i64 %wtout, void @empty, i32 0, i32 0, void @empty_0, i32 0, i32 0, void @empty_0, void @empty_0, void @empty_0, i32 0, i32 0, i32 0, i32 0, void @empty_0, void @empty_0"   --->   Operation 56 'specinterface' 'specinterface_ln0' <Predicate = true> <Delay = 0.00>
ST_1 : Operation 57 [1/1] (0.00ns)   --->   "%Ang_7n_read = read i64 @_ssdm_op_Read.ap_auto.i64, i64 %Ang_7n" [../../C-Codes/Fixed_x64/sin_gen_varAmp_3phi_x64.cpp:7]   --->   Operation 57 'read' 'Ang_7n_read' <Predicate = true> <Delay = 0.00>
ST_1 : Operation 58 [1/1] (0.00ns)   --->   "%A_7n_read = read i64 @_ssdm_op_Read.ap_auto.i64, i64 %A_7n" [../../C-Codes/Fixed_x64/sin_gen_varAmp_3phi_x64.cpp:7]   --->   Operation 58 'read' 'A_7n_read' <Predicate = true> <Delay = 0.00>
ST_1 : Operation 59 [1/1] (0.00ns)   --->   "%Ang_7p_read = read i64 @_ssdm_op_Read.ap_auto.i64, i64 %Ang_7p" [../../C-Codes/Fixed_x64/sin_gen_varAmp_3phi_x64.cpp:7]   --->   Operation 59 'read' 'Ang_7p_read' <Predicate = true> <Delay = 0.00>
ST_1 : Operation 60 [1/1] (0.00ns)   --->   "%A_7p_read = read i64 @_ssdm_op_Read.ap_auto.i64, i64 %A_7p" [../../C-Codes/Fixed_x64/sin_gen_varAmp_3phi_x64.cpp:7]   --->   Operation 60 'read' 'A_7p_read' <Predicate = true> <Delay = 0.00>
ST_1 : Operation 61 [1/1] (0.00ns)   --->   "%Ang_5n_read = read i64 @_ssdm_op_Read.ap_auto.i64, i64 %Ang_5n" [../../C-Codes/Fixed_x64/sin_gen_varAmp_3phi_x64.cpp:7]   --->   Operation 61 'read' 'Ang_5n_read' <Predicate = true> <Delay = 0.00>
ST_1 : Operation 62 [1/1] (0.00ns)   --->   "%A_5n_read = read i64 @_ssdm_op_Read.ap_auto.i64, i64 %A_5n" [../../C-Codes/Fixed_x64/sin_gen_varAmp_3phi_x64.cpp:7]   --->   Operation 62 'read' 'A_5n_read' <Predicate = true> <Delay = 0.00>
ST_1 : Operation 63 [1/1] (0.00ns)   --->   "%Ang_5p_read = read i64 @_ssdm_op_Read.ap_auto.i64, i64 %Ang_5p" [../../C-Codes/Fixed_x64/sin_gen_varAmp_3phi_x64.cpp:7]   --->   Operation 63 'read' 'Ang_5p_read' <Predicate = true> <Delay = 0.00>
ST_1 : Operation 64 [1/1] (0.00ns)   --->   "%A_5p_read = read i64 @_ssdm_op_Read.ap_auto.i64, i64 %A_5p" [../../C-Codes/Fixed_x64/sin_gen_varAmp_3phi_x64.cpp:7]   --->   Operation 64 'read' 'A_5p_read' <Predicate = true> <Delay = 0.00>
ST_1 : Operation 65 [1/1] (0.00ns)   --->   "%Ang_1n_read = read i64 @_ssdm_op_Read.ap_auto.i64, i64 %Ang_1n" [../../C-Codes/Fixed_x64/sin_gen_varAmp_3phi_x64.cpp:7]   --->   Operation 65 'read' 'Ang_1n_read' <Predicate = true> <Delay = 0.00>
ST_1 : Operation 66 [1/1] (0.00ns)   --->   "%A_1n_read = read i64 @_ssdm_op_Read.ap_auto.i64, i64 %A_1n" [../../C-Codes/Fixed_x64/sin_gen_varAmp_3phi_x64.cpp:7]   --->   Operation 66 'read' 'A_1n_read' <Predicate = true> <Delay = 0.00>
ST_1 : Operation 67 [1/1] (0.00ns)   --->   "%Ang_1p_read = read i64 @_ssdm_op_Read.ap_auto.i64, i64 %Ang_1p" [../../C-Codes/Fixed_x64/sin_gen_varAmp_3phi_x64.cpp:7]   --->   Operation 67 'read' 'Ang_1p_read' <Predicate = true> <Delay = 0.00>
ST_1 : Operation 68 [1/1] (0.00ns)   --->   "%A_1p_read = read i64 @_ssdm_op_Read.ap_auto.i64, i64 %A_1p" [../../C-Codes/Fixed_x64/sin_gen_varAmp_3phi_x64.cpp:7]   --->   Operation 68 'read' 'A_1p_read' <Predicate = true> <Delay = 0.00>
ST_1 : Operation 69 [1/1] (0.00ns)   --->   "%f_read = read i64 @_ssdm_op_Read.ap_auto.i64, i64 %f" [../../C-Codes/Fixed_x64/sin_gen_varAmp_3phi_x64.cpp:7]   --->   Operation 69 'read' 'f_read' <Predicate = true> <Delay = 0.00>
ST_1 : Operation 70 [1/1] (0.00ns)   --->   "%sinc_read = read i1 @_ssdm_op_Read.ap_auto.i1, i1 %sinc" [../../C-Codes/Fixed_x64/sin_gen_varAmp_3phi_x64.cpp:7]   --->   Operation 70 'read' 'sinc_read' <Predicate = true> <Delay = 0.00>
ST_1 : Operation 71 [1/1] (0.00ns)   --->   "%aux_sinc_V_load = load i1 %aux_sinc_V"   --->   Operation 71 'load' 'aux_sinc_V_load' <Predicate = true> <Delay = 0.00>
ST_1 : Operation 72 [1/1] (0.80ns)   --->   "%xor_ln870 = xor i1 %aux_sinc_V_load, i1 %sinc_read"   --->   Operation 72 'xor' 'xor_ln870' <Predicate = true> <Delay = 0.80> <CoreInst = "LogicGate">   --->   Core 74 'LogicGate' <Latency = 0> <II = 1> <Delay = 0.80> <FuncUnit> <Opcode : 'and' 'or' 'xor'> <InPorts = 2> <OutPorts = 1>
ST_1 : Operation 73 [1/1] (0.00ns)   --->   "%wt_V_load = load i64 %wt_V"   --->   Operation 73 'load' 'wt_V_load' <Predicate = true> <Delay = 0.00>
ST_1 : Operation 74 [1/1] (1.32ns)   --->   "%br_ln29 = br i1 %xor_ln870, void %._crit_edge, void %_ZN8ap_fixedILi64ELi16EL9ap_q_mode5EL9ap_o_mode3ELi0EEC2ILi128ELi32ELb1ELS0_5ELS1_3ELi0EEERK13ap_fixed_baseIXT_EXT0_EXT1_EXT2_EXT3_EXT4_EE.exit" [../../C-Codes/Fixed_x64/sin_gen_varAmp_3phi_x64.cpp:29]   --->   Operation 74 'br' 'br_ln29' <Predicate = true> <Delay = 1.32>
ST_1 : Operation 75 [1/1] (0.00ns)   --->   "%store_ln33 = store i1 %sinc_read, i1 %aux_sinc_V" [../../C-Codes/Fixed_x64/sin_gen_varAmp_3phi_x64.cpp:33]   --->   Operation 75 'store' 'store_ln33' <Predicate = (xor_ln870)> <Delay = 0.00>
ST_1 : Operation 76 [1/1] (2.34ns)   --->   "%icmp_ln1495 = icmp_slt  i64 %wt_V_load, i64 1768559438007110"   --->   Operation 76 'icmp' 'icmp_ln1495' <Predicate = (xor_ln870)> <Delay = 2.34> <CoreInst = "Cmp">   --->   Core 9 'Cmp' <Latency = 0> <II = 1> <Delay = 2.34> <FuncUnit> <Opcode : 'icmp'> <InPorts = 2> <OutPorts = 1>

State 2 <SV = 1> <Delay = 5.71>
ST_2 : Operation 77 [1/1] (0.00ns)   --->   "%sext_ln1118 = sext i64 %f_read"   --->   Operation 77 'sext' 'sext_ln1118' <Predicate = (icmp_ln1495)> <Delay = 0.00>
ST_2 : Operation 78 [5/5] (5.71ns)   --->   "%r_V = mul i94 %sext_ln1118, i94 884279719"   --->   Operation 78 'mul' 'r_V' <Predicate = (icmp_ln1495)> <Delay = 5.71> <CoreInst = "Multiplier">   --->   Core 3 'Multiplier' <Latency = 4> <II = 1> <Delay = 5.71> <FuncUnit> <Opcode : 'mul'> <InPorts = 2> <OutPorts = 1>

State 3 <SV = 2> <Delay = 5.71>
ST_3 : Operation 79 [4/5] (5.71ns)   --->   "%r_V = mul i94 %sext_ln1118, i94 884279719"   --->   Operation 79 'mul' 'r_V' <Predicate = (icmp_ln1495)> <Delay = 5.71> <CoreInst = "Multiplier">   --->   Core 3 'Multiplier' <Latency = 4> <II = 1> <Delay = 5.71> <FuncUnit> <Opcode : 'mul'> <InPorts = 2> <OutPorts = 1>

State 4 <SV = 3> <Delay = 5.71>
ST_4 : Operation 80 [3/5] (5.71ns)   --->   "%r_V = mul i94 %sext_ln1118, i94 884279719"   --->   Operation 80 'mul' 'r_V' <Predicate = (icmp_ln1495)> <Delay = 5.71> <CoreInst = "Multiplier">   --->   Core 3 'Multiplier' <Latency = 4> <II = 1> <Delay = 5.71> <FuncUnit> <Opcode : 'mul'> <InPorts = 2> <OutPorts = 1>

State 5 <SV = 4> <Delay = 5.71>
ST_5 : Operation 81 [2/5] (5.71ns)   --->   "%r_V = mul i94 %sext_ln1118, i94 884279719"   --->   Operation 81 'mul' 'r_V' <Predicate = (icmp_ln1495)> <Delay = 5.71> <CoreInst = "Multiplier">   --->   Core 3 'Multiplier' <Latency = 4> <II = 1> <Delay = 5.71> <FuncUnit> <Opcode : 'mul'> <InPorts = 2> <OutPorts = 1>

State 6 <SV = 5> <Delay = 5.71>
ST_6 : Operation 82 [1/5] (5.71ns)   --->   "%r_V = mul i94 %sext_ln1118, i94 884279719"   --->   Operation 82 'mul' 'r_V' <Predicate = (icmp_ln1495)> <Delay = 5.71> <CoreInst = "Multiplier">   --->   Core 3 'Multiplier' <Latency = 4> <II = 1> <Delay = 5.71> <FuncUnit> <Opcode : 'mul'> <InPorts = 2> <OutPorts = 1>
ST_6 : Operation 83 [1/1] (0.00ns)   --->   "%trunc_ln = partselect i46 @_ssdm_op_PartSelect.i46.i94.i32.i32, i94 %r_V, i32 48, i32 93"   --->   Operation 83 'partselect' 'trunc_ln' <Predicate = (icmp_ln1495)> <Delay = 0.00>

State 7 <SV = 6> <Delay = 6.82>
ST_7 : Operation 84 [1/1] (0.00ns)   --->   "%sext_ln708 = sext i46 %trunc_ln"   --->   Operation 84 'sext' 'sext_ln708' <Predicate = (icmp_ln1495)> <Delay = 0.00>
ST_7 : Operation 85 [1/1] (2.99ns)   --->   "%add_ln703 = add i64 %wt_V_load, i64 %sext_ln708"   --->   Operation 85 'add' 'add_ln703' <Predicate = (icmp_ln1495)> <Delay = 2.99> <CoreInst = "Adder">   --->   Core 1 'Adder' <Latency = 0> <II = 1> <Delay = 2.99> <FuncUnit> <Opcode : 'add' 'sub'> <InPorts = 2> <OutPorts = 1>
ST_7 : Operation 86 [1/1] (0.83ns)   --->   "%select_ln38 = select i1 %icmp_ln1495, i64 %add_ln703, i64 0" [../../C-Codes/Fixed_x64/sin_gen_varAmp_3phi_x64.cpp:38]   --->   Operation 86 'select' 'select_ln38' <Predicate = true> <Delay = 0.83> <CoreInst = "Sel">   --->   Core 73 'Sel' <Latency = 0> <II = 1> <Delay = 0.83> <FuncUnit> <Opcode : 'select'> <InPorts = 3> <OutPorts = 1>
ST_7 : Operation 87 [1/1] (0.00ns)   --->   "%store_ln39 = store i64 %select_ln38, i64 %wt_V" [../../C-Codes/Fixed_x64/sin_gen_varAmp_3phi_x64.cpp:39]   --->   Operation 87 'store' 'store_ln39' <Predicate = true> <Delay = 0.00>
ST_7 : Operation 88 [1/1] (2.99ns)   --->   "%add_ln703_1 = add i64 %select_ln38, i64 %Ang_1p_read"   --->   Operation 88 'add' 'add_ln703_1' <Predicate = true> <Delay = 2.99> <CoreInst = "Adder">   --->   Core 1 'Adder' <Latency = 0> <II = 1> <Delay = 2.99> <FuncUnit> <Opcode : 'add' 'sub'> <InPorts = 2> <OutPorts = 1>
ST_7 : Operation 89 [1/1] (2.99ns)   --->   "%add_ln1192 = add i64 %select_ln38, i64 %Ang_1n_read"   --->   Operation 89 'add' 'add_ln1192' <Predicate = true> <Delay = 2.99> <CoreInst = "Adder">   --->   Core 1 'Adder' <Latency = 0> <II = 1> <Delay = 2.99> <FuncUnit> <Opcode : 'add' 'sub'> <InPorts = 2> <OutPorts = 1>

State 8 <SV = 7> <Delay = 5.99>
ST_8 : Operation 90 [1/1] (2.99ns)   --->   "%add_ln703_2 = add i64 %add_ln703_1, i64 18446154553896883479"   --->   Operation 90 'add' 'add_ln703_2' <Predicate = true> <Delay = 2.99> <CoreInst = "Adder">   --->   Core 1 'Adder' <Latency = 0> <II = 1> <Delay = 2.99> <FuncUnit> <Opcode : 'add' 'sub'> <InPorts = 2> <OutPorts = 1>
ST_8 : Operation 91 [2/2] (2.90ns)   --->   "%op2_V = call i50 @sin_2000, i64 %add_ln703_2, i49 %table_r" [../../C-Codes/Fixed_x64/sin_gen_varAmp_3phi_x64.cpp:49]   --->   Operation 91 'call' 'op2_V' <Predicate = true> <Delay = 2.90> <CoreType = "Generic">   --->   Core 0 '' <Latency = 0> <II = 1> <Delay = 1.00> <Generic> <Opcode : >
ST_8 : Operation 92 [1/1] (2.99ns)   --->   "%add_ln703_3 = add i64 %add_ln1192, i64 589519812668137"   --->   Operation 92 'add' 'add_ln703_3' <Predicate = true> <Delay = 2.99> <CoreInst = "Adder">   --->   Core 1 'Adder' <Latency = 0> <II = 1> <Delay = 2.99> <FuncUnit> <Opcode : 'add' 'sub'> <InPorts = 2> <OutPorts = 1>
ST_8 : Operation 93 [2/2] (2.90ns)   --->   "%op2_V_1 = call i50 @sin_2000, i64 %add_ln703_3, i49 %table_r" [../../C-Codes/Fixed_x64/sin_gen_varAmp_3phi_x64.cpp:50]   --->   Operation 93 'call' 'op2_V_1' <Predicate = true> <Delay = 2.90> <CoreType = "Generic">   --->   Core 0 '' <Latency = 0> <II = 1> <Delay = 1.00> <Generic> <Opcode : >
ST_8 : Operation 94 [1/1] (0.00ns) (grouped into LUT with out node add_ln1192_2)   --->   "%shl_ln1192 = shl i64 %select_ln38, i64 2"   --->   Operation 94 'shl' 'shl_ln1192' <Predicate = true> <Delay = 0.00>
ST_8 : Operation 95 [1/1] (2.99ns) (out node of the LUT)   --->   "%add_ln1192_2 = add i64 %shl_ln1192, i64 %select_ln38"   --->   Operation 95 'add' 'add_ln1192_2' <Predicate = true> <Delay = 2.99> <CoreInst = "Adder">   --->   Core 1 'Adder' <Latency = 0> <II = 1> <Delay = 2.99> <FuncUnit> <Opcode : 'add' 'sub'> <InPorts = 2> <OutPorts = 1>
ST_8 : Operation 96 [1/1] (2.99ns)   --->   "%add_ln703_4 = add i64 %add_ln1192_2, i64 %Ang_5p_read"   --->   Operation 96 'add' 'add_ln703_4' <Predicate = true> <Delay = 2.99> <CoreInst = "Adder">   --->   Core 1 'Adder' <Latency = 0> <II = 1> <Delay = 2.99> <FuncUnit> <Opcode : 'add' 'sub'> <InPorts = 2> <OutPorts = 1>
ST_8 : Operation 97 [1/1] (2.99ns)   --->   "%add_ln1192_4 = add i64 %add_ln1192_2, i64 %Ang_5n_read"   --->   Operation 97 'add' 'add_ln1192_4' <Predicate = true> <Delay = 2.99> <CoreInst = "Adder">   --->   Core 1 'Adder' <Latency = 0> <II = 1> <Delay = 2.99> <FuncUnit> <Opcode : 'add' 'sub'> <InPorts = 2> <OutPorts = 1>
ST_8 : Operation 98 [1/1] (2.99ns)   --->   "%add_ln703_10 = add i64 %add_ln703_1, i64 589519812668137"   --->   Operation 98 'add' 'add_ln703_10' <Predicate = true> <Delay = 2.99> <CoreInst = "Adder">   --->   Core 1 'Adder' <Latency = 0> <II = 1> <Delay = 2.99> <FuncUnit> <Opcode : 'add' 'sub'> <InPorts = 2> <OutPorts = 1>
ST_8 : Operation 99 [2/2] (2.90ns)   --->   "%op2_V_s = call i50 @sin_2000, i64 %add_ln703_10, i49 %table_r" [../../C-Codes/Fixed_x64/sin_gen_varAmp_3phi_x64.cpp:67]   --->   Operation 99 'call' 'op2_V_s' <Predicate = true> <Delay = 2.90> <CoreType = "Generic">   --->   Core 0 '' <Latency = 0> <II = 1> <Delay = 1.00> <Generic> <Opcode : >
ST_8 : Operation 100 [1/1] (2.99ns)   --->   "%add_ln703_11 = add i64 %add_ln1192, i64 18446154553896883479"   --->   Operation 100 'add' 'add_ln703_11' <Predicate = true> <Delay = 2.99> <CoreInst = "Adder">   --->   Core 1 'Adder' <Latency = 0> <II = 1> <Delay = 2.99> <FuncUnit> <Opcode : 'add' 'sub'> <InPorts = 2> <OutPorts = 1>
ST_8 : Operation 101 [2/2] (2.90ns)   --->   "%op2_V_6 = call i50 @sin_2000, i64 %add_ln703_11, i49 %table_r" [../../C-Codes/Fixed_x64/sin_gen_varAmp_3phi_x64.cpp:68]   --->   Operation 101 'call' 'op2_V_6' <Predicate = true> <Delay = 2.90> <CoreType = "Generic">   --->   Core 0 '' <Latency = 0> <II = 1> <Delay = 1.00> <Generic> <Opcode : >

State 9 <SV = 8> <Delay = 5.99>
ST_9 : Operation 102 [1/2] (3.40ns)   --->   "%op2_V = call i50 @sin_2000, i64 %add_ln703_2, i49 %table_r" [../../C-Codes/Fixed_x64/sin_gen_varAmp_3phi_x64.cpp:49]   --->   Operation 102 'call' 'op2_V' <Predicate = true> <Delay = 3.40> <CoreType = "Generic">   --->   Core 0 '' <Latency = 0> <II = 1> <Delay = 1.00> <Generic> <Opcode : >
ST_9 : Operation 103 [1/2] (3.40ns)   --->   "%op2_V_1 = call i50 @sin_2000, i64 %add_ln703_3, i49 %table_r" [../../C-Codes/Fixed_x64/sin_gen_varAmp_3phi_x64.cpp:50]   --->   Operation 103 'call' 'op2_V_1' <Predicate = true> <Delay = 3.40> <CoreType = "Generic">   --->   Core 0 '' <Latency = 0> <II = 1> <Delay = 1.00> <Generic> <Opcode : >
ST_9 : Operation 104 [1/1] (2.99ns)   --->   "%add_ln703_5 = add i64 %add_ln703_4, i64 18446154553896883479"   --->   Operation 104 'add' 'add_ln703_5' <Predicate = true> <Delay = 2.99> <CoreInst = "Adder">   --->   Core 1 'Adder' <Latency = 0> <II = 1> <Delay = 2.99> <FuncUnit> <Opcode : 'add' 'sub'> <InPorts = 2> <OutPorts = 1>
ST_9 : Operation 105 [2/2] (2.90ns)   --->   "%op2_V_2 = call i50 @sin_2000, i64 %add_ln703_5, i49 %table_r" [../../C-Codes/Fixed_x64/sin_gen_varAmp_3phi_x64.cpp:51]   --->   Operation 105 'call' 'op2_V_2' <Predicate = true> <Delay = 2.90> <CoreType = "Generic">   --->   Core 0 '' <Latency = 0> <II = 1> <Delay = 1.00> <Generic> <Opcode : >
ST_9 : Operation 106 [1/1] (2.99ns)   --->   "%add_ln703_6 = add i64 %add_ln1192_4, i64 589519812668137"   --->   Operation 106 'add' 'add_ln703_6' <Predicate = true> <Delay = 2.99> <CoreInst = "Adder">   --->   Core 1 'Adder' <Latency = 0> <II = 1> <Delay = 2.99> <FuncUnit> <Opcode : 'add' 'sub'> <InPorts = 2> <OutPorts = 1>
ST_9 : Operation 107 [2/2] (2.90ns)   --->   "%op2_V_3 = call i50 @sin_2000, i64 %add_ln703_6, i49 %table_r" [../../C-Codes/Fixed_x64/sin_gen_varAmp_3phi_x64.cpp:52]   --->   Operation 107 'call' 'op2_V_3' <Predicate = true> <Delay = 2.90> <CoreType = "Generic">   --->   Core 0 '' <Latency = 0> <II = 1> <Delay = 1.00> <Generic> <Opcode : >
ST_9 : Operation 108 [1/1] (0.00ns) (grouped into LUT with out node sub_ln1192)   --->   "%shl_ln1192_1 = shl i64 %select_ln38, i64 3"   --->   Operation 108 'shl' 'shl_ln1192_1' <Predicate = true> <Delay = 0.00>
ST_9 : Operation 109 [1/1] (2.99ns) (out node of the LUT)   --->   "%sub_ln1192 = sub i64 %shl_ln1192_1, i64 %select_ln38"   --->   Operation 109 'sub' 'sub_ln1192' <Predicate = true> <Delay = 2.99> <CoreInst = "Adder">   --->   Core 1 'Adder' <Latency = 0> <II = 1> <Delay = 2.99> <FuncUnit> <Opcode : 'add' 'sub'> <InPorts = 2> <OutPorts = 1>
ST_9 : Operation 110 [1/1] (2.99ns)   --->   "%add_ln703_7 = add i64 %sub_ln1192, i64 %Ang_7p_read"   --->   Operation 110 'add' 'add_ln703_7' <Predicate = true> <Delay = 2.99> <CoreInst = "Adder">   --->   Core 1 'Adder' <Latency = 0> <II = 1> <Delay = 2.99> <FuncUnit> <Opcode : 'add' 'sub'> <InPorts = 2> <OutPorts = 1>
ST_9 : Operation 111 [1/1] (2.99ns)   --->   "%add_ln1192_7 = add i64 %sub_ln1192, i64 %Ang_7n_read"   --->   Operation 111 'add' 'add_ln1192_7' <Predicate = true> <Delay = 2.99> <CoreInst = "Adder">   --->   Core 1 'Adder' <Latency = 0> <II = 1> <Delay = 2.99> <FuncUnit> <Opcode : 'add' 'sub'> <InPorts = 2> <OutPorts = 1>
ST_9 : Operation 112 [1/2] (3.40ns)   --->   "%op2_V_s = call i50 @sin_2000, i64 %add_ln703_10, i49 %table_r" [../../C-Codes/Fixed_x64/sin_gen_varAmp_3phi_x64.cpp:67]   --->   Operation 112 'call' 'op2_V_s' <Predicate = true> <Delay = 3.40> <CoreType = "Generic">   --->   Core 0 '' <Latency = 0> <II = 1> <Delay = 1.00> <Generic> <Opcode : >
ST_9 : Operation 113 [1/2] (3.40ns)   --->   "%op2_V_6 = call i50 @sin_2000, i64 %add_ln703_11, i49 %table_r" [../../C-Codes/Fixed_x64/sin_gen_varAmp_3phi_x64.cpp:68]   --->   Operation 113 'call' 'op2_V_6' <Predicate = true> <Delay = 3.40> <CoreType = "Generic">   --->   Core 0 '' <Latency = 0> <II = 1> <Delay = 1.00> <Generic> <Opcode : >
ST_9 : Operation 114 [1/1] (2.99ns)   --->   "%add_ln703_12 = add i64 %add_ln703_4, i64 589519812668137"   --->   Operation 114 'add' 'add_ln703_12' <Predicate = true> <Delay = 2.99> <CoreInst = "Adder">   --->   Core 1 'Adder' <Latency = 0> <II = 1> <Delay = 2.99> <FuncUnit> <Opcode : 'add' 'sub'> <InPorts = 2> <OutPorts = 1>
ST_9 : Operation 115 [2/2] (2.90ns)   --->   "%op2_V_7 = call i50 @sin_2000, i64 %add_ln703_12, i49 %table_r" [../../C-Codes/Fixed_x64/sin_gen_varAmp_3phi_x64.cpp:69]   --->   Operation 115 'call' 'op2_V_7' <Predicate = true> <Delay = 2.90> <CoreType = "Generic">   --->   Core 0 '' <Latency = 0> <II = 1> <Delay = 1.00> <Generic> <Opcode : >
ST_9 : Operation 116 [1/1] (2.99ns)   --->   "%add_ln703_13 = add i64 %add_ln1192_4, i64 18446154553896883479"   --->   Operation 116 'add' 'add_ln703_13' <Predicate = true> <Delay = 2.99> <CoreInst = "Adder">   --->   Core 1 'Adder' <Latency = 0> <II = 1> <Delay = 2.99> <FuncUnit> <Opcode : 'add' 'sub'> <InPorts = 2> <OutPorts = 1>
ST_9 : Operation 117 [2/2] (2.90ns)   --->   "%op2_V_8 = call i50 @sin_2000, i64 %add_ln703_13, i49 %table_r" [../../C-Codes/Fixed_x64/sin_gen_varAmp_3phi_x64.cpp:70]   --->   Operation 117 'call' 'op2_V_8' <Predicate = true> <Delay = 2.90> <CoreType = "Generic">   --->   Core 0 '' <Latency = 0> <II = 1> <Delay = 1.00> <Generic> <Opcode : >

State 10 <SV = 9> <Delay = 5.89>
ST_10 : Operation 118 [1/1] (0.00ns)   --->   "%sext_ln1115 = sext i64 %A_1p_read"   --->   Operation 118 'sext' 'sext_ln1115' <Predicate = true> <Delay = 0.00>
ST_10 : Operation 119 [1/1] (0.00ns)   --->   "%sext_ln1118_1 = sext i50 %op2_V"   --->   Operation 119 'sext' 'sext_ln1118_1' <Predicate = true> <Delay = 0.00>
ST_10 : Operation 120 [5/5] (5.71ns)   --->   "%r_V_13 = mul i112 %sext_ln1118_1, i112 %sext_ln1115"   --->   Operation 120 'mul' 'r_V_13' <Predicate = true> <Delay = 5.71> <CoreInst = "Multiplier">   --->   Core 3 'Multiplier' <Latency = 4> <II = 1> <Delay = 5.71> <FuncUnit> <Opcode : 'mul'> <InPorts = 2> <OutPorts = 1>
ST_10 : Operation 121 [1/1] (0.00ns)   --->   "%sext_ln1115_1 = sext i64 %A_1n_read"   --->   Operation 121 'sext' 'sext_ln1115_1' <Predicate = true> <Delay = 0.00>
ST_10 : Operation 122 [1/1] (0.00ns)   --->   "%sext_ln1118_2 = sext i50 %op2_V_1"   --->   Operation 122 'sext' 'sext_ln1118_2' <Predicate = true> <Delay = 0.00>
ST_10 : Operation 123 [5/5] (5.71ns)   --->   "%r_V_14 = mul i112 %sext_ln1118_2, i112 %sext_ln1115_1"   --->   Operation 123 'mul' 'r_V_14' <Predicate = true> <Delay = 5.71> <CoreInst = "Multiplier">   --->   Core 3 'Multiplier' <Latency = 4> <II = 1> <Delay = 5.71> <FuncUnit> <Opcode : 'mul'> <InPorts = 2> <OutPorts = 1>
ST_10 : Operation 124 [1/2] (3.40ns)   --->   "%op2_V_2 = call i50 @sin_2000, i64 %add_ln703_5, i49 %table_r" [../../C-Codes/Fixed_x64/sin_gen_varAmp_3phi_x64.cpp:51]   --->   Operation 124 'call' 'op2_V_2' <Predicate = true> <Delay = 3.40> <CoreType = "Generic">   --->   Core 0 '' <Latency = 0> <II = 1> <Delay = 1.00> <Generic> <Opcode : >
ST_10 : Operation 125 [1/2] (3.40ns)   --->   "%op2_V_3 = call i50 @sin_2000, i64 %add_ln703_6, i49 %table_r" [../../C-Codes/Fixed_x64/sin_gen_varAmp_3phi_x64.cpp:52]   --->   Operation 125 'call' 'op2_V_3' <Predicate = true> <Delay = 3.40> <CoreType = "Generic">   --->   Core 0 '' <Latency = 0> <II = 1> <Delay = 1.00> <Generic> <Opcode : >
ST_10 : Operation 126 [1/1] (2.99ns)   --->   "%add_ln703_8 = add i64 %add_ln703_7, i64 18446154553896883479"   --->   Operation 126 'add' 'add_ln703_8' <Predicate = true> <Delay = 2.99> <CoreInst = "Adder">   --->   Core 1 'Adder' <Latency = 0> <II = 1> <Delay = 2.99> <FuncUnit> <Opcode : 'add' 'sub'> <InPorts = 2> <OutPorts = 1>
ST_10 : Operation 127 [2/2] (2.90ns)   --->   "%op2_V_4 = call i50 @sin_2000, i64 %add_ln703_8, i49 %table_r" [../../C-Codes/Fixed_x64/sin_gen_varAmp_3phi_x64.cpp:53]   --->   Operation 127 'call' 'op2_V_4' <Predicate = true> <Delay = 2.90> <CoreType = "Generic">   --->   Core 0 '' <Latency = 0> <II = 1> <Delay = 1.00> <Generic> <Opcode : >
ST_10 : Operation 128 [1/1] (2.99ns)   --->   "%add_ln703_9 = add i64 %add_ln1192_7, i64 589519812668137"   --->   Operation 128 'add' 'add_ln703_9' <Predicate = true> <Delay = 2.99> <CoreInst = "Adder">   --->   Core 1 'Adder' <Latency = 0> <II = 1> <Delay = 2.99> <FuncUnit> <Opcode : 'add' 'sub'> <InPorts = 2> <OutPorts = 1>
ST_10 : Operation 129 [2/2] (2.90ns)   --->   "%op2_V_5 = call i50 @sin_2000, i64 %add_ln703_9, i49 %table_r" [../../C-Codes/Fixed_x64/sin_gen_varAmp_3phi_x64.cpp:54]   --->   Operation 129 'call' 'op2_V_5' <Predicate = true> <Delay = 2.90> <CoreType = "Generic">   --->   Core 0 '' <Latency = 0> <II = 1> <Delay = 1.00> <Generic> <Opcode : >
ST_10 : Operation 130 [1/1] (0.00ns)   --->   "%sext_ln1118_7 = sext i50 %op2_V_s"   --->   Operation 130 'sext' 'sext_ln1118_7' <Predicate = true> <Delay = 0.00>
ST_10 : Operation 131 [5/5] (5.71ns)   --->   "%r_V_17 = mul i112 %sext_ln1118_7, i112 %sext_ln1115"   --->   Operation 131 'mul' 'r_V_17' <Predicate = true> <Delay = 5.71> <CoreInst = "Multiplier">   --->   Core 3 'Multiplier' <Latency = 4> <II = 1> <Delay = 5.71> <FuncUnit> <Opcode : 'mul'> <InPorts = 2> <OutPorts = 1>
ST_10 : Operation 132 [1/1] (0.00ns)   --->   "%sext_ln1118_8 = sext i50 %op2_V_6"   --->   Operation 132 'sext' 'sext_ln1118_8' <Predicate = true> <Delay = 0.00>
ST_10 : Operation 133 [5/5] (5.71ns)   --->   "%r_V_18 = mul i112 %sext_ln1118_8, i112 %sext_ln1115_1"   --->   Operation 133 'mul' 'r_V_18' <Predicate = true> <Delay = 5.71> <CoreInst = "Multiplier">   --->   Core 3 'Multiplier' <Latency = 4> <II = 1> <Delay = 5.71> <FuncUnit> <Opcode : 'mul'> <InPorts = 2> <OutPorts = 1>
ST_10 : Operation 134 [1/2] (3.40ns)   --->   "%op2_V_7 = call i50 @sin_2000, i64 %add_ln703_12, i49 %table_r" [../../C-Codes/Fixed_x64/sin_gen_varAmp_3phi_x64.cpp:69]   --->   Operation 134 'call' 'op2_V_7' <Predicate = true> <Delay = 3.40> <CoreType = "Generic">   --->   Core 0 '' <Latency = 0> <II = 1> <Delay = 1.00> <Generic> <Opcode : >
ST_10 : Operation 135 [1/2] (3.40ns)   --->   "%op2_V_8 = call i50 @sin_2000, i64 %add_ln703_13, i49 %table_r" [../../C-Codes/Fixed_x64/sin_gen_varAmp_3phi_x64.cpp:70]   --->   Operation 135 'call' 'op2_V_8' <Predicate = true> <Delay = 3.40> <CoreType = "Generic">   --->   Core 0 '' <Latency = 0> <II = 1> <Delay = 1.00> <Generic> <Opcode : >
ST_10 : Operation 136 [1/1] (2.99ns)   --->   "%add_ln703_14 = add i64 %add_ln703_7, i64 589519812668137"   --->   Operation 136 'add' 'add_ln703_14' <Predicate = true> <Delay = 2.99> <CoreInst = "Adder">   --->   Core 1 'Adder' <Latency = 0> <II = 1> <Delay = 2.99> <FuncUnit> <Opcode : 'add' 'sub'> <InPorts = 2> <OutPorts = 1>
ST_10 : Operation 137 [2/2] (2.90ns)   --->   "%op2_V_9 = call i50 @sin_2000, i64 %add_ln703_14, i49 %table_r" [../../C-Codes/Fixed_x64/sin_gen_varAmp_3phi_x64.cpp:71]   --->   Operation 137 'call' 'op2_V_9' <Predicate = true> <Delay = 2.90> <CoreType = "Generic">   --->   Core 0 '' <Latency = 0> <II = 1> <Delay = 1.00> <Generic> <Opcode : >
ST_10 : Operation 138 [1/1] (2.99ns)   --->   "%add_ln703_15 = add i64 %add_ln1192_7, i64 18446154553896883479"   --->   Operation 138 'add' 'add_ln703_15' <Predicate = true> <Delay = 2.99> <CoreInst = "Adder">   --->   Core 1 'Adder' <Latency = 0> <II = 1> <Delay = 2.99> <FuncUnit> <Opcode : 'add' 'sub'> <InPorts = 2> <OutPorts = 1>
ST_10 : Operation 139 [2/2] (2.90ns)   --->   "%op2_V_10 = call i50 @sin_2000, i64 %add_ln703_15, i49 %table_r" [../../C-Codes/Fixed_x64/sin_gen_varAmp_3phi_x64.cpp:72]   --->   Operation 139 'call' 'op2_V_10' <Predicate = true> <Delay = 2.90> <CoreType = "Generic">   --->   Core 0 '' <Latency = 0> <II = 1> <Delay = 1.00> <Generic> <Opcode : >

State 11 <SV = 10> <Delay = 5.71>
ST_11 : Operation 140 [4/5] (5.71ns)   --->   "%r_V_13 = mul i112 %sext_ln1118_1, i112 %sext_ln1115"   --->   Operation 140 'mul' 'r_V_13' <Predicate = true> <Delay = 5.71> <CoreInst = "Multiplier">   --->   Core 3 'Multiplier' <Latency = 4> <II = 1> <Delay = 5.71> <FuncUnit> <Opcode : 'mul'> <InPorts = 2> <OutPorts = 1>
ST_11 : Operation 141 [4/5] (5.71ns)   --->   "%r_V_14 = mul i112 %sext_ln1118_2, i112 %sext_ln1115_1"   --->   Operation 141 'mul' 'r_V_14' <Predicate = true> <Delay = 5.71> <CoreInst = "Multiplier">   --->   Core 3 'Multiplier' <Latency = 4> <II = 1> <Delay = 5.71> <FuncUnit> <Opcode : 'mul'> <InPorts = 2> <OutPorts = 1>
ST_11 : Operation 142 [1/1] (0.00ns)   --->   "%sext_ln1115_2 = sext i64 %A_5p_read"   --->   Operation 142 'sext' 'sext_ln1115_2' <Predicate = true> <Delay = 0.00>
ST_11 : Operation 143 [1/1] (0.00ns)   --->   "%sext_ln1118_3 = sext i50 %op2_V_2"   --->   Operation 143 'sext' 'sext_ln1118_3' <Predicate = true> <Delay = 0.00>
ST_11 : Operation 144 [5/5] (5.71ns)   --->   "%r_V_15 = mul i112 %sext_ln1118_3, i112 %sext_ln1115_2"   --->   Operation 144 'mul' 'r_V_15' <Predicate = true> <Delay = 5.71> <CoreInst = "Multiplier">   --->   Core 3 'Multiplier' <Latency = 4> <II = 1> <Delay = 5.71> <FuncUnit> <Opcode : 'mul'> <InPorts = 2> <OutPorts = 1>
ST_11 : Operation 145 [1/1] (0.00ns)   --->   "%sext_ln1115_3 = sext i64 %A_5n_read"   --->   Operation 145 'sext' 'sext_ln1115_3' <Predicate = true> <Delay = 0.00>
ST_11 : Operation 146 [1/1] (0.00ns)   --->   "%sext_ln1118_4 = sext i50 %op2_V_3"   --->   Operation 146 'sext' 'sext_ln1118_4' <Predicate = true> <Delay = 0.00>
ST_11 : Operation 147 [5/5] (5.71ns)   --->   "%r_V_16 = mul i112 %sext_ln1118_4, i112 %sext_ln1115_3"   --->   Operation 147 'mul' 'r_V_16' <Predicate = true> <Delay = 5.71> <CoreInst = "Multiplier">   --->   Core 3 'Multiplier' <Latency = 4> <II = 1> <Delay = 5.71> <FuncUnit> <Opcode : 'mul'> <InPorts = 2> <OutPorts = 1>
ST_11 : Operation 148 [1/2] (3.40ns)   --->   "%op2_V_4 = call i50 @sin_2000, i64 %add_ln703_8, i49 %table_r" [../../C-Codes/Fixed_x64/sin_gen_varAmp_3phi_x64.cpp:53]   --->   Operation 148 'call' 'op2_V_4' <Predicate = true> <Delay = 3.40> <CoreType = "Generic">   --->   Core 0 '' <Latency = 0> <II = 1> <Delay = 1.00> <Generic> <Opcode : >
ST_11 : Operation 149 [1/2] (3.40ns)   --->   "%op2_V_5 = call i50 @sin_2000, i64 %add_ln703_9, i49 %table_r" [../../C-Codes/Fixed_x64/sin_gen_varAmp_3phi_x64.cpp:54]   --->   Operation 149 'call' 'op2_V_5' <Predicate = true> <Delay = 3.40> <CoreType = "Generic">   --->   Core 0 '' <Latency = 0> <II = 1> <Delay = 1.00> <Generic> <Opcode : >
ST_11 : Operation 150 [4/5] (5.71ns)   --->   "%r_V_17 = mul i112 %sext_ln1118_7, i112 %sext_ln1115"   --->   Operation 150 'mul' 'r_V_17' <Predicate = true> <Delay = 5.71> <CoreInst = "Multiplier">   --->   Core 3 'Multiplier' <Latency = 4> <II = 1> <Delay = 5.71> <FuncUnit> <Opcode : 'mul'> <InPorts = 2> <OutPorts = 1>
ST_11 : Operation 151 [4/5] (5.71ns)   --->   "%r_V_18 = mul i112 %sext_ln1118_8, i112 %sext_ln1115_1"   --->   Operation 151 'mul' 'r_V_18' <Predicate = true> <Delay = 5.71> <CoreInst = "Multiplier">   --->   Core 3 'Multiplier' <Latency = 4> <II = 1> <Delay = 5.71> <FuncUnit> <Opcode : 'mul'> <InPorts = 2> <OutPorts = 1>
ST_11 : Operation 152 [1/1] (0.00ns)   --->   "%sext_ln1118_9 = sext i50 %op2_V_7"   --->   Operation 152 'sext' 'sext_ln1118_9' <Predicate = true> <Delay = 0.00>
ST_11 : Operation 153 [5/5] (5.71ns)   --->   "%r_V_19 = mul i112 %sext_ln1118_9, i112 %sext_ln1115_2"   --->   Operation 153 'mul' 'r_V_19' <Predicate = true> <Delay = 5.71> <CoreInst = "Multiplier">   --->   Core 3 'Multiplier' <Latency = 4> <II = 1> <Delay = 5.71> <FuncUnit> <Opcode : 'mul'> <InPorts = 2> <OutPorts = 1>
ST_11 : Operation 154 [1/1] (0.00ns)   --->   "%sext_ln1118_10 = sext i50 %op2_V_8"   --->   Operation 154 'sext' 'sext_ln1118_10' <Predicate = true> <Delay = 0.00>
ST_11 : Operation 155 [5/5] (5.71ns)   --->   "%r_V_20 = mul i112 %sext_ln1118_10, i112 %sext_ln1115_3"   --->   Operation 155 'mul' 'r_V_20' <Predicate = true> <Delay = 5.71> <CoreInst = "Multiplier">   --->   Core 3 'Multiplier' <Latency = 4> <II = 1> <Delay = 5.71> <FuncUnit> <Opcode : 'mul'> <InPorts = 2> <OutPorts = 1>
ST_11 : Operation 156 [1/2] (3.40ns)   --->   "%op2_V_9 = call i50 @sin_2000, i64 %add_ln703_14, i49 %table_r" [../../C-Codes/Fixed_x64/sin_gen_varAmp_3phi_x64.cpp:71]   --->   Operation 156 'call' 'op2_V_9' <Predicate = true> <Delay = 3.40> <CoreType = "Generic">   --->   Core 0 '' <Latency = 0> <II = 1> <Delay = 1.00> <Generic> <Opcode : >
ST_11 : Operation 157 [1/2] (3.40ns)   --->   "%op2_V_10 = call i50 @sin_2000, i64 %add_ln703_15, i49 %table_r" [../../C-Codes/Fixed_x64/sin_gen_varAmp_3phi_x64.cpp:72]   --->   Operation 157 'call' 'op2_V_10' <Predicate = true> <Delay = 3.40> <CoreType = "Generic">   --->   Core 0 '' <Latency = 0> <II = 1> <Delay = 1.00> <Generic> <Opcode : >

State 12 <SV = 11> <Delay = 5.71>
ST_12 : Operation 158 [3/5] (5.71ns)   --->   "%r_V_13 = mul i112 %sext_ln1118_1, i112 %sext_ln1115"   --->   Operation 158 'mul' 'r_V_13' <Predicate = true> <Delay = 5.71> <CoreInst = "Multiplier">   --->   Core 3 'Multiplier' <Latency = 4> <II = 1> <Delay = 5.71> <FuncUnit> <Opcode : 'mul'> <InPorts = 2> <OutPorts = 1>
ST_12 : Operation 159 [3/5] (5.71ns)   --->   "%r_V_14 = mul i112 %sext_ln1118_2, i112 %sext_ln1115_1"   --->   Operation 159 'mul' 'r_V_14' <Predicate = true> <Delay = 5.71> <CoreInst = "Multiplier">   --->   Core 3 'Multiplier' <Latency = 4> <II = 1> <Delay = 5.71> <FuncUnit> <Opcode : 'mul'> <InPorts = 2> <OutPorts = 1>
ST_12 : Operation 160 [4/5] (5.71ns)   --->   "%r_V_15 = mul i112 %sext_ln1118_3, i112 %sext_ln1115_2"   --->   Operation 160 'mul' 'r_V_15' <Predicate = true> <Delay = 5.71> <CoreInst = "Multiplier">   --->   Core 3 'Multiplier' <Latency = 4> <II = 1> <Delay = 5.71> <FuncUnit> <Opcode : 'mul'> <InPorts = 2> <OutPorts = 1>
ST_12 : Operation 161 [4/5] (5.71ns)   --->   "%r_V_16 = mul i112 %sext_ln1118_4, i112 %sext_ln1115_3"   --->   Operation 161 'mul' 'r_V_16' <Predicate = true> <Delay = 5.71> <CoreInst = "Multiplier">   --->   Core 3 'Multiplier' <Latency = 4> <II = 1> <Delay = 5.71> <FuncUnit> <Opcode : 'mul'> <InPorts = 2> <OutPorts = 1>
ST_12 : Operation 162 [1/1] (0.00ns)   --->   "%sext_ln1115_4 = sext i64 %A_7p_read"   --->   Operation 162 'sext' 'sext_ln1115_4' <Predicate = true> <Delay = 0.00>
ST_12 : Operation 163 [1/1] (0.00ns)   --->   "%sext_ln1118_5 = sext i50 %op2_V_4"   --->   Operation 163 'sext' 'sext_ln1118_5' <Predicate = true> <Delay = 0.00>
ST_12 : Operation 164 [5/5] (5.71ns)   --->   "%r_V_5 = mul i112 %sext_ln1118_5, i112 %sext_ln1115_4"   --->   Operation 164 'mul' 'r_V_5' <Predicate = true> <Delay = 5.71> <CoreInst = "Multiplier">   --->   Core 3 'Multiplier' <Latency = 4> <II = 1> <Delay = 5.71> <FuncUnit> <Opcode : 'mul'> <InPorts = 2> <OutPorts = 1>
ST_12 : Operation 165 [1/1] (0.00ns)   --->   "%sext_ln1115_5 = sext i64 %A_7n_read"   --->   Operation 165 'sext' 'sext_ln1115_5' <Predicate = true> <Delay = 0.00>
ST_12 : Operation 166 [1/1] (0.00ns)   --->   "%sext_ln1118_6 = sext i50 %op2_V_5"   --->   Operation 166 'sext' 'sext_ln1118_6' <Predicate = true> <Delay = 0.00>
ST_12 : Operation 167 [5/5] (5.71ns)   --->   "%r_V_6 = mul i112 %sext_ln1118_6, i112 %sext_ln1115_5"   --->   Operation 167 'mul' 'r_V_6' <Predicate = true> <Delay = 5.71> <CoreInst = "Multiplier">   --->   Core 3 'Multiplier' <Latency = 4> <II = 1> <Delay = 5.71> <FuncUnit> <Opcode : 'mul'> <InPorts = 2> <OutPorts = 1>
ST_12 : Operation 168 [3/5] (5.71ns)   --->   "%r_V_17 = mul i112 %sext_ln1118_7, i112 %sext_ln1115"   --->   Operation 168 'mul' 'r_V_17' <Predicate = true> <Delay = 5.71> <CoreInst = "Multiplier">   --->   Core 3 'Multiplier' <Latency = 4> <II = 1> <Delay = 5.71> <FuncUnit> <Opcode : 'mul'> <InPorts = 2> <OutPorts = 1>
ST_12 : Operation 169 [3/5] (5.71ns)   --->   "%r_V_18 = mul i112 %sext_ln1118_8, i112 %sext_ln1115_1"   --->   Operation 169 'mul' 'r_V_18' <Predicate = true> <Delay = 5.71> <CoreInst = "Multiplier">   --->   Core 3 'Multiplier' <Latency = 4> <II = 1> <Delay = 5.71> <FuncUnit> <Opcode : 'mul'> <InPorts = 2> <OutPorts = 1>
ST_12 : Operation 170 [4/5] (5.71ns)   --->   "%r_V_19 = mul i112 %sext_ln1118_9, i112 %sext_ln1115_2"   --->   Operation 170 'mul' 'r_V_19' <Predicate = true> <Delay = 5.71> <CoreInst = "Multiplier">   --->   Core 3 'Multiplier' <Latency = 4> <II = 1> <Delay = 5.71> <FuncUnit> <Opcode : 'mul'> <InPorts = 2> <OutPorts = 1>
ST_12 : Operation 171 [4/5] (5.71ns)   --->   "%r_V_20 = mul i112 %sext_ln1118_10, i112 %sext_ln1115_3"   --->   Operation 171 'mul' 'r_V_20' <Predicate = true> <Delay = 5.71> <CoreInst = "Multiplier">   --->   Core 3 'Multiplier' <Latency = 4> <II = 1> <Delay = 5.71> <FuncUnit> <Opcode : 'mul'> <InPorts = 2> <OutPorts = 1>
ST_12 : Operation 172 [1/1] (0.00ns)   --->   "%sext_ln1118_11 = sext i50 %op2_V_9"   --->   Operation 172 'sext' 'sext_ln1118_11' <Predicate = true> <Delay = 0.00>
ST_12 : Operation 173 [5/5] (5.71ns)   --->   "%r_V_11 = mul i112 %sext_ln1118_11, i112 %sext_ln1115_4"   --->   Operation 173 'mul' 'r_V_11' <Predicate = true> <Delay = 5.71> <CoreInst = "Multiplier">   --->   Core 3 'Multiplier' <Latency = 4> <II = 1> <Delay = 5.71> <FuncUnit> <Opcode : 'mul'> <InPorts = 2> <OutPorts = 1>
ST_12 : Operation 174 [1/1] (0.00ns)   --->   "%sext_ln1118_12 = sext i50 %op2_V_10"   --->   Operation 174 'sext' 'sext_ln1118_12' <Predicate = true> <Delay = 0.00>
ST_12 : Operation 175 [5/5] (5.71ns)   --->   "%r_V_12 = mul i112 %sext_ln1118_12, i112 %sext_ln1115_5"   --->   Operation 175 'mul' 'r_V_12' <Predicate = true> <Delay = 5.71> <CoreInst = "Multiplier">   --->   Core 3 'Multiplier' <Latency = 4> <II = 1> <Delay = 5.71> <FuncUnit> <Opcode : 'mul'> <InPorts = 2> <OutPorts = 1>

State 13 <SV = 12> <Delay = 5.71>
ST_13 : Operation 176 [2/5] (5.71ns)   --->   "%r_V_13 = mul i112 %sext_ln1118_1, i112 %sext_ln1115"   --->   Operation 176 'mul' 'r_V_13' <Predicate = true> <Delay = 5.71> <CoreInst = "Multiplier">   --->   Core 3 'Multiplier' <Latency = 4> <II = 1> <Delay = 5.71> <FuncUnit> <Opcode : 'mul'> <InPorts = 2> <OutPorts = 1>
ST_13 : Operation 177 [2/5] (5.71ns)   --->   "%r_V_14 = mul i112 %sext_ln1118_2, i112 %sext_ln1115_1"   --->   Operation 177 'mul' 'r_V_14' <Predicate = true> <Delay = 5.71> <CoreInst = "Multiplier">   --->   Core 3 'Multiplier' <Latency = 4> <II = 1> <Delay = 5.71> <FuncUnit> <Opcode : 'mul'> <InPorts = 2> <OutPorts = 1>
ST_13 : Operation 178 [3/5] (5.71ns)   --->   "%r_V_15 = mul i112 %sext_ln1118_3, i112 %sext_ln1115_2"   --->   Operation 178 'mul' 'r_V_15' <Predicate = true> <Delay = 5.71> <CoreInst = "Multiplier">   --->   Core 3 'Multiplier' <Latency = 4> <II = 1> <Delay = 5.71> <FuncUnit> <Opcode : 'mul'> <InPorts = 2> <OutPorts = 1>
ST_13 : Operation 179 [3/5] (5.71ns)   --->   "%r_V_16 = mul i112 %sext_ln1118_4, i112 %sext_ln1115_3"   --->   Operation 179 'mul' 'r_V_16' <Predicate = true> <Delay = 5.71> <CoreInst = "Multiplier">   --->   Core 3 'Multiplier' <Latency = 4> <II = 1> <Delay = 5.71> <FuncUnit> <Opcode : 'mul'> <InPorts = 2> <OutPorts = 1>
ST_13 : Operation 180 [4/5] (5.71ns)   --->   "%r_V_5 = mul i112 %sext_ln1118_5, i112 %sext_ln1115_4"   --->   Operation 180 'mul' 'r_V_5' <Predicate = true> <Delay = 5.71> <CoreInst = "Multiplier">   --->   Core 3 'Multiplier' <Latency = 4> <II = 1> <Delay = 5.71> <FuncUnit> <Opcode : 'mul'> <InPorts = 2> <OutPorts = 1>
ST_13 : Operation 181 [4/5] (5.71ns)   --->   "%r_V_6 = mul i112 %sext_ln1118_6, i112 %sext_ln1115_5"   --->   Operation 181 'mul' 'r_V_6' <Predicate = true> <Delay = 5.71> <CoreInst = "Multiplier">   --->   Core 3 'Multiplier' <Latency = 4> <II = 1> <Delay = 5.71> <FuncUnit> <Opcode : 'mul'> <InPorts = 2> <OutPorts = 1>
ST_13 : Operation 182 [2/5] (5.71ns)   --->   "%r_V_17 = mul i112 %sext_ln1118_7, i112 %sext_ln1115"   --->   Operation 182 'mul' 'r_V_17' <Predicate = true> <Delay = 5.71> <CoreInst = "Multiplier">   --->   Core 3 'Multiplier' <Latency = 4> <II = 1> <Delay = 5.71> <FuncUnit> <Opcode : 'mul'> <InPorts = 2> <OutPorts = 1>
ST_13 : Operation 183 [2/5] (5.71ns)   --->   "%r_V_18 = mul i112 %sext_ln1118_8, i112 %sext_ln1115_1"   --->   Operation 183 'mul' 'r_V_18' <Predicate = true> <Delay = 5.71> <CoreInst = "Multiplier">   --->   Core 3 'Multiplier' <Latency = 4> <II = 1> <Delay = 5.71> <FuncUnit> <Opcode : 'mul'> <InPorts = 2> <OutPorts = 1>
ST_13 : Operation 184 [3/5] (5.71ns)   --->   "%r_V_19 = mul i112 %sext_ln1118_9, i112 %sext_ln1115_2"   --->   Operation 184 'mul' 'r_V_19' <Predicate = true> <Delay = 5.71> <CoreInst = "Multiplier">   --->   Core 3 'Multiplier' <Latency = 4> <II = 1> <Delay = 5.71> <FuncUnit> <Opcode : 'mul'> <InPorts = 2> <OutPorts = 1>
ST_13 : Operation 185 [3/5] (5.71ns)   --->   "%r_V_20 = mul i112 %sext_ln1118_10, i112 %sext_ln1115_3"   --->   Operation 185 'mul' 'r_V_20' <Predicate = true> <Delay = 5.71> <CoreInst = "Multiplier">   --->   Core 3 'Multiplier' <Latency = 4> <II = 1> <Delay = 5.71> <FuncUnit> <Opcode : 'mul'> <InPorts = 2> <OutPorts = 1>
ST_13 : Operation 186 [4/5] (5.71ns)   --->   "%r_V_11 = mul i112 %sext_ln1118_11, i112 %sext_ln1115_4"   --->   Operation 186 'mul' 'r_V_11' <Predicate = true> <Delay = 5.71> <CoreInst = "Multiplier">   --->   Core 3 'Multiplier' <Latency = 4> <II = 1> <Delay = 5.71> <FuncUnit> <Opcode : 'mul'> <InPorts = 2> <OutPorts = 1>
ST_13 : Operation 187 [4/5] (5.71ns)   --->   "%r_V_12 = mul i112 %sext_ln1118_12, i112 %sext_ln1115_5"   --->   Operation 187 'mul' 'r_V_12' <Predicate = true> <Delay = 5.71> <CoreInst = "Multiplier">   --->   Core 3 'Multiplier' <Latency = 4> <II = 1> <Delay = 5.71> <FuncUnit> <Opcode : 'mul'> <InPorts = 2> <OutPorts = 1>

State 14 <SV = 13> <Delay = 5.71>
ST_14 : Operation 188 [1/5] (5.71ns)   --->   "%r_V_13 = mul i112 %sext_ln1118_1, i112 %sext_ln1115"   --->   Operation 188 'mul' 'r_V_13' <Predicate = true> <Delay = 5.71> <CoreInst = "Multiplier">   --->   Core 3 'Multiplier' <Latency = 4> <II = 1> <Delay = 5.71> <FuncUnit> <Opcode : 'mul'> <InPorts = 2> <OutPorts = 1>
ST_14 : Operation 189 [1/5] (5.71ns)   --->   "%r_V_14 = mul i112 %sext_ln1118_2, i112 %sext_ln1115_1"   --->   Operation 189 'mul' 'r_V_14' <Predicate = true> <Delay = 5.71> <CoreInst = "Multiplier">   --->   Core 3 'Multiplier' <Latency = 4> <II = 1> <Delay = 5.71> <FuncUnit> <Opcode : 'mul'> <InPorts = 2> <OutPorts = 1>
ST_14 : Operation 190 [2/5] (5.71ns)   --->   "%r_V_15 = mul i112 %sext_ln1118_3, i112 %sext_ln1115_2"   --->   Operation 190 'mul' 'r_V_15' <Predicate = true> <Delay = 5.71> <CoreInst = "Multiplier">   --->   Core 3 'Multiplier' <Latency = 4> <II = 1> <Delay = 5.71> <FuncUnit> <Opcode : 'mul'> <InPorts = 2> <OutPorts = 1>
ST_14 : Operation 191 [2/5] (5.71ns)   --->   "%r_V_16 = mul i112 %sext_ln1118_4, i112 %sext_ln1115_3"   --->   Operation 191 'mul' 'r_V_16' <Predicate = true> <Delay = 5.71> <CoreInst = "Multiplier">   --->   Core 3 'Multiplier' <Latency = 4> <II = 1> <Delay = 5.71> <FuncUnit> <Opcode : 'mul'> <InPorts = 2> <OutPorts = 1>
ST_14 : Operation 192 [3/5] (5.71ns)   --->   "%r_V_5 = mul i112 %sext_ln1118_5, i112 %sext_ln1115_4"   --->   Operation 192 'mul' 'r_V_5' <Predicate = true> <Delay = 5.71> <CoreInst = "Multiplier">   --->   Core 3 'Multiplier' <Latency = 4> <II = 1> <Delay = 5.71> <FuncUnit> <Opcode : 'mul'> <InPorts = 2> <OutPorts = 1>
ST_14 : Operation 193 [3/5] (5.71ns)   --->   "%r_V_6 = mul i112 %sext_ln1118_6, i112 %sext_ln1115_5"   --->   Operation 193 'mul' 'r_V_6' <Predicate = true> <Delay = 5.71> <CoreInst = "Multiplier">   --->   Core 3 'Multiplier' <Latency = 4> <II = 1> <Delay = 5.71> <FuncUnit> <Opcode : 'mul'> <InPorts = 2> <OutPorts = 1>
ST_14 : Operation 194 [1/5] (5.71ns)   --->   "%r_V_17 = mul i112 %sext_ln1118_7, i112 %sext_ln1115"   --->   Operation 194 'mul' 'r_V_17' <Predicate = true> <Delay = 5.71> <CoreInst = "Multiplier">   --->   Core 3 'Multiplier' <Latency = 4> <II = 1> <Delay = 5.71> <FuncUnit> <Opcode : 'mul'> <InPorts = 2> <OutPorts = 1>
ST_14 : Operation 195 [1/5] (5.71ns)   --->   "%r_V_18 = mul i112 %sext_ln1118_8, i112 %sext_ln1115_1"   --->   Operation 195 'mul' 'r_V_18' <Predicate = true> <Delay = 5.71> <CoreInst = "Multiplier">   --->   Core 3 'Multiplier' <Latency = 4> <II = 1> <Delay = 5.71> <FuncUnit> <Opcode : 'mul'> <InPorts = 2> <OutPorts = 1>
ST_14 : Operation 196 [2/5] (5.71ns)   --->   "%r_V_19 = mul i112 %sext_ln1118_9, i112 %sext_ln1115_2"   --->   Operation 196 'mul' 'r_V_19' <Predicate = true> <Delay = 5.71> <CoreInst = "Multiplier">   --->   Core 3 'Multiplier' <Latency = 4> <II = 1> <Delay = 5.71> <FuncUnit> <Opcode : 'mul'> <InPorts = 2> <OutPorts = 1>
ST_14 : Operation 197 [2/5] (5.71ns)   --->   "%r_V_20 = mul i112 %sext_ln1118_10, i112 %sext_ln1115_3"   --->   Operation 197 'mul' 'r_V_20' <Predicate = true> <Delay = 5.71> <CoreInst = "Multiplier">   --->   Core 3 'Multiplier' <Latency = 4> <II = 1> <Delay = 5.71> <FuncUnit> <Opcode : 'mul'> <InPorts = 2> <OutPorts = 1>
ST_14 : Operation 198 [3/5] (5.71ns)   --->   "%r_V_11 = mul i112 %sext_ln1118_11, i112 %sext_ln1115_4"   --->   Operation 198 'mul' 'r_V_11' <Predicate = true> <Delay = 5.71> <CoreInst = "Multiplier">   --->   Core 3 'Multiplier' <Latency = 4> <II = 1> <Delay = 5.71> <FuncUnit> <Opcode : 'mul'> <InPorts = 2> <OutPorts = 1>
ST_14 : Operation 199 [3/5] (5.71ns)   --->   "%r_V_12 = mul i112 %sext_ln1118_12, i112 %sext_ln1115_5"   --->   Operation 199 'mul' 'r_V_12' <Predicate = true> <Delay = 5.71> <CoreInst = "Multiplier">   --->   Core 3 'Multiplier' <Latency = 4> <II = 1> <Delay = 5.71> <FuncUnit> <Opcode : 'mul'> <InPorts = 2> <OutPorts = 1>

State 15 <SV = 14> <Delay = 5.71>
ST_15 : Operation 200 [1/1] (4.17ns)   --->   "%ret_V_10 = add i112 %r_V_14, i112 %r_V_13"   --->   Operation 200 'add' 'ret_V_10' <Predicate = true> <Delay = 4.17> <CoreInst = "Adder">   --->   Core 1 'Adder' <Latency = 0> <II = 1> <Delay = 2.99> <FuncUnit> <Opcode : 'add' 'sub'> <InPorts = 2> <OutPorts = 1>
ST_15 : Operation 201 [1/5] (5.71ns)   --->   "%r_V_15 = mul i112 %sext_ln1118_3, i112 %sext_ln1115_2"   --->   Operation 201 'mul' 'r_V_15' <Predicate = true> <Delay = 5.71> <CoreInst = "Multiplier">   --->   Core 3 'Multiplier' <Latency = 4> <II = 1> <Delay = 5.71> <FuncUnit> <Opcode : 'mul'> <InPorts = 2> <OutPorts = 1>
ST_15 : Operation 202 [1/5] (5.71ns)   --->   "%r_V_16 = mul i112 %sext_ln1118_4, i112 %sext_ln1115_3"   --->   Operation 202 'mul' 'r_V_16' <Predicate = true> <Delay = 5.71> <CoreInst = "Multiplier">   --->   Core 3 'Multiplier' <Latency = 4> <II = 1> <Delay = 5.71> <FuncUnit> <Opcode : 'mul'> <InPorts = 2> <OutPorts = 1>
ST_15 : Operation 203 [2/5] (5.71ns)   --->   "%r_V_5 = mul i112 %sext_ln1118_5, i112 %sext_ln1115_4"   --->   Operation 203 'mul' 'r_V_5' <Predicate = true> <Delay = 5.71> <CoreInst = "Multiplier">   --->   Core 3 'Multiplier' <Latency = 4> <II = 1> <Delay = 5.71> <FuncUnit> <Opcode : 'mul'> <InPorts = 2> <OutPorts = 1>
ST_15 : Operation 204 [2/5] (5.71ns)   --->   "%r_V_6 = mul i112 %sext_ln1118_6, i112 %sext_ln1115_5"   --->   Operation 204 'mul' 'r_V_6' <Predicate = true> <Delay = 5.71> <CoreInst = "Multiplier">   --->   Core 3 'Multiplier' <Latency = 4> <II = 1> <Delay = 5.71> <FuncUnit> <Opcode : 'mul'> <InPorts = 2> <OutPorts = 1>
ST_15 : Operation 205 [1/1] (4.17ns)   --->   "%ret_V_12 = add i112 %r_V_18, i112 %r_V_17"   --->   Operation 205 'add' 'ret_V_12' <Predicate = true> <Delay = 4.17> <CoreInst = "Adder">   --->   Core 1 'Adder' <Latency = 0> <II = 1> <Delay = 2.99> <FuncUnit> <Opcode : 'add' 'sub'> <InPorts = 2> <OutPorts = 1>
ST_15 : Operation 206 [1/5] (5.71ns)   --->   "%r_V_19 = mul i112 %sext_ln1118_9, i112 %sext_ln1115_2"   --->   Operation 206 'mul' 'r_V_19' <Predicate = true> <Delay = 5.71> <CoreInst = "Multiplier">   --->   Core 3 'Multiplier' <Latency = 4> <II = 1> <Delay = 5.71> <FuncUnit> <Opcode : 'mul'> <InPorts = 2> <OutPorts = 1>
ST_15 : Operation 207 [1/5] (5.71ns)   --->   "%r_V_20 = mul i112 %sext_ln1118_10, i112 %sext_ln1115_3"   --->   Operation 207 'mul' 'r_V_20' <Predicate = true> <Delay = 5.71> <CoreInst = "Multiplier">   --->   Core 3 'Multiplier' <Latency = 4> <II = 1> <Delay = 5.71> <FuncUnit> <Opcode : 'mul'> <InPorts = 2> <OutPorts = 1>
ST_15 : Operation 208 [2/5] (5.71ns)   --->   "%r_V_11 = mul i112 %sext_ln1118_11, i112 %sext_ln1115_4"   --->   Operation 208 'mul' 'r_V_11' <Predicate = true> <Delay = 5.71> <CoreInst = "Multiplier">   --->   Core 3 'Multiplier' <Latency = 4> <II = 1> <Delay = 5.71> <FuncUnit> <Opcode : 'mul'> <InPorts = 2> <OutPorts = 1>
ST_15 : Operation 209 [2/5] (5.71ns)   --->   "%r_V_12 = mul i112 %sext_ln1118_12, i112 %sext_ln1115_5"   --->   Operation 209 'mul' 'r_V_12' <Predicate = true> <Delay = 5.71> <CoreInst = "Multiplier">   --->   Core 3 'Multiplier' <Latency = 4> <II = 1> <Delay = 5.71> <FuncUnit> <Opcode : 'mul'> <InPorts = 2> <OutPorts = 1>

State 16 <SV = 15> <Delay = 5.72>
ST_16 : Operation 210 [1/1] (0.00ns) (grouped into TernaryAdder)   --->   "%ret_V_11 = add i112 %ret_V_10, i112 %r_V_15"   --->   Operation 210 'add' 'ret_V_11' <Predicate = true> <Delay = 0.00> <CoreInst = "TAddSub">   --->   Core 10 'TAddSub' <Latency = 0> <II = 1> <Delay = 2.86> <IPBlock> <Opcode : 'add' 'sub'> <InPorts = 3> <OutPorts = 1> <Sync>
ST_16 : Operation 211 [1/1] (5.72ns) (root node of TernaryAdder)   --->   "%ret_V = add i112 %ret_V_11, i112 %r_V_16"   --->   Operation 211 'add' 'ret_V' <Predicate = true> <Delay = 5.72> <CoreInst = "TAddSub">   --->   Core 10 'TAddSub' <Latency = 0> <II = 1> <Delay = 2.86> <IPBlock> <Opcode : 'add' 'sub'> <InPorts = 3> <OutPorts = 1> <Sync>
ST_16 : Operation 212 [1/5] (5.71ns)   --->   "%r_V_5 = mul i112 %sext_ln1118_5, i112 %sext_ln1115_4"   --->   Operation 212 'mul' 'r_V_5' <Predicate = true> <Delay = 5.71> <CoreInst = "Multiplier">   --->   Core 3 'Multiplier' <Latency = 4> <II = 1> <Delay = 5.71> <FuncUnit> <Opcode : 'mul'> <InPorts = 2> <OutPorts = 1>
ST_16 : Operation 213 [1/5] (5.71ns)   --->   "%r_V_6 = mul i112 %sext_ln1118_6, i112 %sext_ln1115_5"   --->   Operation 213 'mul' 'r_V_6' <Predicate = true> <Delay = 5.71> <CoreInst = "Multiplier">   --->   Core 3 'Multiplier' <Latency = 4> <II = 1> <Delay = 5.71> <FuncUnit> <Opcode : 'mul'> <InPorts = 2> <OutPorts = 1>
ST_16 : Operation 214 [1/1] (0.00ns) (grouped into TernaryAdder)   --->   "%ret_V_13 = add i112 %ret_V_12, i112 %r_V_19"   --->   Operation 214 'add' 'ret_V_13' <Predicate = true> <Delay = 0.00> <CoreInst = "TAddSub">   --->   Core 10 'TAddSub' <Latency = 0> <II = 1> <Delay = 2.86> <IPBlock> <Opcode : 'add' 'sub'> <InPorts = 3> <OutPorts = 1> <Sync>
ST_16 : Operation 215 [1/1] (5.72ns) (root node of TernaryAdder)   --->   "%ret_V_7 = add i112 %ret_V_13, i112 %r_V_20"   --->   Operation 215 'add' 'ret_V_7' <Predicate = true> <Delay = 5.72> <CoreInst = "TAddSub">   --->   Core 10 'TAddSub' <Latency = 0> <II = 1> <Delay = 2.86> <IPBlock> <Opcode : 'add' 'sub'> <InPorts = 3> <OutPorts = 1> <Sync>
ST_16 : Operation 216 [1/5] (5.71ns)   --->   "%r_V_11 = mul i112 %sext_ln1118_11, i112 %sext_ln1115_4"   --->   Operation 216 'mul' 'r_V_11' <Predicate = true> <Delay = 5.71> <CoreInst = "Multiplier">   --->   Core 3 'Multiplier' <Latency = 4> <II = 1> <Delay = 5.71> <FuncUnit> <Opcode : 'mul'> <InPorts = 2> <OutPorts = 1>
ST_16 : Operation 217 [1/5] (5.71ns)   --->   "%r_V_12 = mul i112 %sext_ln1118_12, i112 %sext_ln1115_5"   --->   Operation 217 'mul' 'r_V_12' <Predicate = true> <Delay = 5.71> <CoreInst = "Multiplier">   --->   Core 3 'Multiplier' <Latency = 4> <II = 1> <Delay = 5.71> <FuncUnit> <Opcode : 'mul'> <InPorts = 2> <OutPorts = 1>

State 17 <SV = 16> <Delay = 5.72>
ST_17 : Operation 218 [1/1] (0.00ns) (grouped into TernaryAdder)   --->   "%ret_V_3 = add i112 %ret_V, i112 %r_V_5"   --->   Operation 218 'add' 'ret_V_3' <Predicate = (xor_ln870)> <Delay = 0.00> <CoreInst = "TAddSub">   --->   Core 10 'TAddSub' <Latency = 0> <II = 1> <Delay = 2.86> <IPBlock> <Opcode : 'add' 'sub'> <InPorts = 3> <OutPorts = 1> <Sync>
ST_17 : Operation 219 [1/1] (5.72ns) (root node of TernaryAdder)   --->   "%ret_V_4 = add i112 %ret_V_3, i112 %r_V_6"   --->   Operation 219 'add' 'ret_V_4' <Predicate = (xor_ln870)> <Delay = 5.72> <CoreInst = "TAddSub">   --->   Core 10 'TAddSub' <Latency = 0> <II = 1> <Delay = 2.86> <IPBlock> <Opcode : 'add' 'sub'> <InPorts = 3> <OutPorts = 1> <Sync>
ST_17 : Operation 220 [1/1] (0.00ns)   --->   "%trunc_ln708_1 = partselect i64 @_ssdm_op_PartSelect.i64.i112.i32.i32, i112 %ret_V_4, i32 48, i32 111"   --->   Operation 220 'partselect' 'trunc_ln708_1' <Predicate = (xor_ln870)> <Delay = 0.00>
ST_17 : Operation 221 [1/1] (0.00ns)   --->   "%store_ln49 = store i64 %trunc_ln708_1, i64 %va_V" [../../C-Codes/Fixed_x64/sin_gen_varAmp_3phi_x64.cpp:49]   --->   Operation 221 'store' 'store_ln49' <Predicate = (xor_ln870)> <Delay = 0.00>
ST_17 : Operation 222 [1/1] (0.00ns)   --->   "%store_ln59 = store i64 %trunc_ln708_1, i64 %vb_V" [../../C-Codes/Fixed_x64/sin_gen_varAmp_3phi_x64.cpp:59]   --->   Operation 222 'store' 'store_ln59' <Predicate = (xor_ln870)> <Delay = 0.00>
ST_17 : Operation 223 [1/1] (0.00ns) (grouped into TernaryAdder)   --->   "%ret_V_8 = add i112 %ret_V_7, i112 %r_V_11"   --->   Operation 223 'add' 'ret_V_8' <Predicate = (xor_ln870)> <Delay = 0.00> <CoreInst = "TAddSub">   --->   Core 10 'TAddSub' <Latency = 0> <II = 1> <Delay = 2.86> <IPBlock> <Opcode : 'add' 'sub'> <InPorts = 3> <OutPorts = 1> <Sync>
ST_17 : Operation 224 [1/1] (5.72ns) (root node of TernaryAdder)   --->   "%ret_V_9 = add i112 %ret_V_8, i112 %r_V_12"   --->   Operation 224 'add' 'ret_V_9' <Predicate = (xor_ln870)> <Delay = 5.72> <CoreInst = "TAddSub">   --->   Core 10 'TAddSub' <Latency = 0> <II = 1> <Delay = 2.86> <IPBlock> <Opcode : 'add' 'sub'> <InPorts = 3> <OutPorts = 1> <Sync>
ST_17 : Operation 225 [1/1] (0.00ns)   --->   "%trunc_ln708_2 = partselect i64 @_ssdm_op_PartSelect.i64.i112.i32.i32, i112 %ret_V_9, i32 48, i32 111"   --->   Operation 225 'partselect' 'trunc_ln708_2' <Predicate = (xor_ln870)> <Delay = 0.00>
ST_17 : Operation 226 [1/1] (0.00ns)   --->   "%store_ln67 = store i64 %trunc_ln708_2, i64 %vc_V" [../../C-Codes/Fixed_x64/sin_gen_varAmp_3phi_x64.cpp:67]   --->   Operation 226 'store' 'store_ln67' <Predicate = (xor_ln870)> <Delay = 0.00>
ST_17 : Operation 227 [1/1] (1.32ns)   --->   "%br_ln0 = br void %._crit_edge"   --->   Operation 227 'br' 'br_ln0' <Predicate = (xor_ln870)> <Delay = 1.32>
ST_17 : Operation 228 [1/1] (0.00ns)   --->   "%wt_V_loc_0 = phi i64 %select_ln38, void %_ZN8ap_fixedILi64ELi16EL9ap_q_mode5EL9ap_o_mode3ELi0EEC2ILi128ELi32ELb1ELS0_5ELS1_3ELi0EEERK13ap_fixed_baseIXT_EXT0_EXT1_EXT2_EXT3_EXT4_EE.exit, i64 %wt_V_load, void" [../../C-Codes/Fixed_x64/sin_gen_varAmp_3phi_x64.cpp:38]   --->   Operation 228 'phi' 'wt_V_loc_0' <Predicate = true> <Delay = 0.00>
ST_17 : Operation 229 [1/1] (0.00ns)   --->   "%write_ln83 = write void @_ssdm_op_Write.ap_auto.i64P0A, i64 %wtout, i64 %wt_V_loc_0" [../../C-Codes/Fixed_x64/sin_gen_varAmp_3phi_x64.cpp:83]   --->   Operation 229 'write' 'write_ln83' <Predicate = true> <Delay = 0.00>
ST_17 : Operation 230 [1/1] (0.00ns)   --->   "%va_V_load = load i64 %va_V" [../../C-Codes/Fixed_x64/sin_gen_varAmp_3phi_x64.cpp:84]   --->   Operation 230 'load' 'va_V_load' <Predicate = true> <Delay = 0.00>
ST_17 : Operation 231 [1/1] (0.00ns)   --->   "%write_ln84 = write void @_ssdm_op_Write.ap_auto.i64P0A, i64 %vout_a, i64 %va_V_load" [../../C-Codes/Fixed_x64/sin_gen_varAmp_3phi_x64.cpp:84]   --->   Operation 231 'write' 'write_ln84' <Predicate = true> <Delay = 0.00>
ST_17 : Operation 232 [1/1] (0.00ns)   --->   "%vb_V_load = load i64 %vb_V" [../../C-Codes/Fixed_x64/sin_gen_varAmp_3phi_x64.cpp:85]   --->   Operation 232 'load' 'vb_V_load' <Predicate = true> <Delay = 0.00>
ST_17 : Operation 233 [1/1] (0.00ns)   --->   "%write_ln85 = write void @_ssdm_op_Write.ap_auto.i64P0A, i64 %vout_b, i64 %vb_V_load" [../../C-Codes/Fixed_x64/sin_gen_varAmp_3phi_x64.cpp:85]   --->   Operation 233 'write' 'write_ln85' <Predicate = true> <Delay = 0.00>
ST_17 : Operation 234 [1/1] (0.00ns)   --->   "%vc_V_load = load i64 %vc_V" [../../C-Codes/Fixed_x64/sin_gen_varAmp_3phi_x64.cpp:86]   --->   Operation 234 'load' 'vc_V_load' <Predicate = true> <Delay = 0.00>
ST_17 : Operation 235 [1/1] (0.00ns)   --->   "%write_ln86 = write void @_ssdm_op_Write.ap_auto.i64P0A, i64 %vout_c, i64 %vc_V_load" [../../C-Codes/Fixed_x64/sin_gen_varAmp_3phi_x64.cpp:86]   --->   Operation 235 'write' 'write_ln86' <Predicate = true> <Delay = 0.00>
ST_17 : Operation 236 [1/1] (0.00ns)   --->   "%ret_ln90 = ret" [../../C-Codes/Fixed_x64/sin_gen_varAmp_3phi_x64.cpp:90]   --->   Operation 236 'ret' 'ret_ln90' <Predicate = true> <Delay = 0.00>


============================================================
+ Verbose Summary: Timing violations
============================================================
Target clock period: 10ns, clock uncertainty: 2.7ns.

 <State 1>: 2.34ns
The critical path consists of the following:
	'load' operation ('wt_V_load') on static variable 'wt_V' [84]  (0 ns)
	'icmp' operation ('icmp_ln1495') [92]  (2.34 ns)

 <State 2>: 5.72ns
The critical path consists of the following:
	'mul' operation ('r.V') [89]  (5.72 ns)

 <State 3>: 5.72ns
The critical path consists of the following:
	'mul' operation ('r.V') [89]  (5.72 ns)

 <State 4>: 5.72ns
The critical path consists of the following:
	'mul' operation ('r.V') [89]  (5.72 ns)

 <State 5>: 5.72ns
The critical path consists of the following:
	'mul' operation ('r.V') [89]  (5.72 ns)

 <State 6>: 5.72ns
The critical path consists of the following:
	'mul' operation ('r.V') [89]  (5.72 ns)

 <State 7>: 6.83ns
The critical path consists of the following:
	'add' operation ('add_ln703') [93]  (3 ns)
	'select' operation ('select_ln38', ../../C-Codes/Fixed_x64/sin_gen_varAmp_3phi_x64.cpp:38) [94]  (0.831 ns)
	'add' operation ('add_ln703_1') [96]  (3 ns)

 <State 8>: 6ns
The critical path consists of the following:
	'shl' operation ('shl_ln1192') [109]  (0 ns)
	'add' operation ('add_ln1192_2') [110]  (3 ns)
	'add' operation ('add_ln703_4') [111]  (3 ns)

 <State 9>: 6ns
The critical path consists of the following:
	'shl' operation ('shl_ln1192_1') [125]  (0 ns)
	'sub' operation ('sub_ln1192') [126]  (3 ns)
	'add' operation ('add_ln703_7') [127]  (3 ns)

 <State 10>: 5.9ns
The critical path consists of the following:
	'add' operation ('add_ln703_8') [128]  (3 ns)
	'call' operation ('op2_V_4', ../../C-Codes/Fixed_x64/sin_gen_varAmp_3phi_x64.cpp:53) to 'sin_2000' [129]  (2.9 ns)

 <State 11>: 5.72ns
The critical path consists of the following:
	'mul' operation ('r.V') [101]  (5.72 ns)

 <State 12>: 5.72ns
The critical path consists of the following:
	'mul' operation ('r.V') [101]  (5.72 ns)

 <State 13>: 5.72ns
The critical path consists of the following:
	'mul' operation ('r.V') [101]  (5.72 ns)

 <State 14>: 5.72ns
The critical path consists of the following:
	'mul' operation ('r.V') [101]  (5.72 ns)

 <State 15>: 5.72ns
The critical path consists of the following:
	'mul' operation ('r.V') [116]  (5.72 ns)

 <State 16>: 5.72ns
The critical path consists of the following:
	'add' operation ('ret.V') [117]  (0 ns)
	'add' operation ('ret.V') [124]  (5.72 ns)

 <State 17>: 5.72ns
The critical path consists of the following:
	'add' operation ('ret.V') [133]  (0 ns)
	'add' operation ('ret.V') [140]  (5.72 ns)


============================================================
+ Verbose Summary: Binding
============================================================
N/A
* FSMD analyzer results:
  - Output states:
 - Input state : 
  - Chain level:
	State 1
	State 2
	State 3
	State 4
	State 5
	State 6
	State 7
	State 8
	State 9
	State 10
	State 11
	State 12
	State 13
	State 14
	State 15
	State 16
	State 17


============================================================
+ Verbose Summary: Datapath Resource usage 
============================================================
N/A
