

================================================================
== Vitis HLS Report for 'sin_gen_varAmp2_3phi_x64'
================================================================
* Date:           Wed Jul  8 15:09:47 2026

* Version:        2020.2 (Build 3064766 on Wed Nov 18 09:12:45 MST 2020)
* Project:        sin_gen_varAmp2_3phi_x64
* Solution:       solution1 (Vivado IP Flow Target)
* Product family: artix7
* Target device:  xc7a200t-fbg676-2


================================================================
== Performance Estimates
================================================================
+ Timing: 
    * Summary: 
    +--------+----------+----------+------------+
    |  Clock |  Target  | Estimated| Uncertainty|
    +--------+----------+----------+------------+
    |ap_clk  |  10.00 ns|  7.300 ns|     2.70 ns|
    +--------+----------+----------+------------+

+ Latency: 
    * Summary: 
    +---------+---------+-----------+----------+-----+-----+---------+
    |  Latency (cycles) |  Latency (absolute)  |  Interval | Pipeline|
    |   min   |   max   |    min    |    max   | min | max |   Type  |
    +---------+---------+-----------+----------+-----+-----+---------+
    |        1|       76|  10.000 ns|  0.760 us|    2|   77|     none|
    +---------+---------+-----------+----------+-----+-----+---------+

    + Detail: 
        * Instance: 
        N/A

        * Loop: 
        N/A

============================================================
+ Verbose Summary: Synthesis Manager
============================================================
InlineROM: 1
ExposeGlobal: 0
============================================================
+ Verbose Summary: CDFG Model
============================================================
IsTopModel: 1
ResetActiveHigh: 1
IsCombinational: 0
IsDatapathOnly: 0
HasWiredReturn: 1
HasMFsm: 0
HasVarLatency: 1
IsPipeline: 0
IsRtlPipelined: 0
IsInstanceOverlapped: 0
IsDontTouch: 0
HasImplIP: 0
IsGatedGlobalClock: 0


============================================================
+ Verbose Summary: Schedule
============================================================
* Number of FSM states : 22
* Pipeline : 0
* Dataflow Pipeline: 0

* FSM state transitions: 
1 --> 2 22 
2 --> 3 
3 --> 4 
4 --> 5 
5 --> 6 
6 --> 7 
7 --> 8 
8 --> 9 
9 --> 10 
10 --> 11 
11 --> 12 
12 --> 13 
13 --> 14 
14 --> 15 
15 --> 16 
16 --> 17 
17 --> 18 
18 --> 19 
19 --> 20 
20 --> 21 
21 --> 22 
22 --> 

* FSM state operations: 

State 1 <SV = 0> <Delay = 5.71>
ST_1 : Operation 23 [1/1] (0.00ns)   --->   "%spectopmodule_ln0 = spectopmodule void @_ssdm_op_SpecTopModule, void @empty_1"   --->   Operation 23 'spectopmodule' 'spectopmodule_ln0' <Predicate = true> <Delay = 0.00>
ST_1 : Operation 24 [1/1] (0.00ns)   --->   "%specbitsmap_ln0 = specbitsmap void @_ssdm_op_SpecBitsMap, i1 %sinc"   --->   Operation 24 'specbitsmap' 'specbitsmap_ln0' <Predicate = true> <Delay = 0.00>
ST_1 : Operation 25 [1/1] (0.00ns)   --->   "%specinterface_ln0 = specinterface void @_ssdm_op_SpecInterface, i1 %sinc, void @empty, i32 0, i32 0, void @empty_0, i32 0, i32 0, void @empty_0, void @empty_0, void @empty_0, i32 0, i32 0, i32 0, i32 0, void @empty_0, void @empty_0"   --->   Operation 25 'specinterface' 'specinterface_ln0' <Predicate = true> <Delay = 0.00>
ST_1 : Operation 26 [1/1] (0.00ns)   --->   "%specbitsmap_ln0 = specbitsmap void @_ssdm_op_SpecBitsMap, i1 %opt"   --->   Operation 26 'specbitsmap' 'specbitsmap_ln0' <Predicate = true> <Delay = 0.00>
ST_1 : Operation 27 [1/1] (0.00ns)   --->   "%specinterface_ln0 = specinterface void @_ssdm_op_SpecInterface, i1 %opt, void @empty, i32 0, i32 0, void @empty_0, i32 0, i32 0, void @empty_0, void @empty_0, void @empty_0, i32 0, i32 0, i32 0, i32 0, void @empty_0, void @empty_0"   --->   Operation 27 'specinterface' 'specinterface_ln0' <Predicate = true> <Delay = 0.00>
ST_1 : Operation 28 [1/1] (0.00ns)   --->   "%specbitsmap_ln0 = specbitsmap void @_ssdm_op_SpecBitsMap, i64 %f"   --->   Operation 28 'specbitsmap' 'specbitsmap_ln0' <Predicate = true> <Delay = 0.00>
ST_1 : Operation 29 [1/1] (0.00ns)   --->   "%specinterface_ln0 = specinterface void @_ssdm_op_SpecInterface, i64 %f, void @empty, i32 0, i32 0, void @empty_0, i32 0, i32 0, void @empty_0, void @empty_0, void @empty_0, i32 0, i32 0, i32 0, i32 0, void @empty_0, void @empty_0"   --->   Operation 29 'specinterface' 'specinterface_ln0' <Predicate = true> <Delay = 0.00>
ST_1 : Operation 30 [1/1] (0.00ns)   --->   "%specbitsmap_ln0 = specbitsmap void @_ssdm_op_SpecBitsMap, i64 %A_1p"   --->   Operation 30 'specbitsmap' 'specbitsmap_ln0' <Predicate = true> <Delay = 0.00>
ST_1 : Operation 31 [1/1] (0.00ns)   --->   "%specinterface_ln0 = specinterface void @_ssdm_op_SpecInterface, i64 %A_1p, void @empty, i32 0, i32 0, void @empty_0, i32 0, i32 0, void @empty_0, void @empty_0, void @empty_0, i32 0, i32 0, i32 0, i32 0, void @empty_0, void @empty_0"   --->   Operation 31 'specinterface' 'specinterface_ln0' <Predicate = true> <Delay = 0.00>
ST_1 : Operation 32 [1/1] (0.00ns)   --->   "%specbitsmap_ln0 = specbitsmap void @_ssdm_op_SpecBitsMap, i64 %Ang_1p"   --->   Operation 32 'specbitsmap' 'specbitsmap_ln0' <Predicate = true> <Delay = 0.00>
ST_1 : Operation 33 [1/1] (0.00ns)   --->   "%specinterface_ln0 = specinterface void @_ssdm_op_SpecInterface, i64 %Ang_1p, void @empty, i32 0, i32 0, void @empty_0, i32 0, i32 0, void @empty_0, void @empty_0, void @empty_0, i32 0, i32 0, i32 0, i32 0, void @empty_0, void @empty_0"   --->   Operation 33 'specinterface' 'specinterface_ln0' <Predicate = true> <Delay = 0.00>
ST_1 : Operation 34 [1/1] (0.00ns)   --->   "%specbitsmap_ln0 = specbitsmap void @_ssdm_op_SpecBitsMap, i64 %A_1n"   --->   Operation 34 'specbitsmap' 'specbitsmap_ln0' <Predicate = true> <Delay = 0.00>
ST_1 : Operation 35 [1/1] (0.00ns)   --->   "%specinterface_ln0 = specinterface void @_ssdm_op_SpecInterface, i64 %A_1n, void @empty, i32 0, i32 0, void @empty_0, i32 0, i32 0, void @empty_0, void @empty_0, void @empty_0, i32 0, i32 0, i32 0, i32 0, void @empty_0, void @empty_0"   --->   Operation 35 'specinterface' 'specinterface_ln0' <Predicate = true> <Delay = 0.00>
ST_1 : Operation 36 [1/1] (0.00ns)   --->   "%specbitsmap_ln0 = specbitsmap void @_ssdm_op_SpecBitsMap, i64 %Ang_1n"   --->   Operation 36 'specbitsmap' 'specbitsmap_ln0' <Predicate = true> <Delay = 0.00>
ST_1 : Operation 37 [1/1] (0.00ns)   --->   "%specinterface_ln0 = specinterface void @_ssdm_op_SpecInterface, i64 %Ang_1n, void @empty, i32 0, i32 0, void @empty_0, i32 0, i32 0, void @empty_0, void @empty_0, void @empty_0, i32 0, i32 0, i32 0, i32 0, void @empty_0, void @empty_0"   --->   Operation 37 'specinterface' 'specinterface_ln0' <Predicate = true> <Delay = 0.00>
ST_1 : Operation 38 [1/1] (0.00ns)   --->   "%specbitsmap_ln0 = specbitsmap void @_ssdm_op_SpecBitsMap, i64 %A_5p"   --->   Operation 38 'specbitsmap' 'specbitsmap_ln0' <Predicate = true> <Delay = 0.00>
ST_1 : Operation 39 [1/1] (0.00ns)   --->   "%specinterface_ln0 = specinterface void @_ssdm_op_SpecInterface, i64 %A_5p, void @empty, i32 0, i32 0, void @empty_0, i32 0, i32 0, void @empty_0, void @empty_0, void @empty_0, i32 0, i32 0, i32 0, i32 0, void @empty_0, void @empty_0"   --->   Operation 39 'specinterface' 'specinterface_ln0' <Predicate = true> <Delay = 0.00>
ST_1 : Operation 40 [1/1] (0.00ns)   --->   "%specbitsmap_ln0 = specbitsmap void @_ssdm_op_SpecBitsMap, i64 %Ang_5p"   --->   Operation 40 'specbitsmap' 'specbitsmap_ln0' <Predicate = true> <Delay = 0.00>
ST_1 : Operation 41 [1/1] (0.00ns)   --->   "%specinterface_ln0 = specinterface void @_ssdm_op_SpecInterface, i64 %Ang_5p, void @empty, i32 0, i32 0, void @empty_0, i32 0, i32 0, void @empty_0, void @empty_0, void @empty_0, i32 0, i32 0, i32 0, i32 0, void @empty_0, void @empty_0"   --->   Operation 41 'specinterface' 'specinterface_ln0' <Predicate = true> <Delay = 0.00>
ST_1 : Operation 42 [1/1] (0.00ns)   --->   "%specbitsmap_ln0 = specbitsmap void @_ssdm_op_SpecBitsMap, i64 %A_5n"   --->   Operation 42 'specbitsmap' 'specbitsmap_ln0' <Predicate = true> <Delay = 0.00>
ST_1 : Operation 43 [1/1] (0.00ns)   --->   "%specinterface_ln0 = specinterface void @_ssdm_op_SpecInterface, i64 %A_5n, void @empty, i32 0, i32 0, void @empty_0, i32 0, i32 0, void @empty_0, void @empty_0, void @empty_0, i32 0, i32 0, i32 0, i32 0, void @empty_0, void @empty_0"   --->   Operation 43 'specinterface' 'specinterface_ln0' <Predicate = true> <Delay = 0.00>
ST_1 : Operation 44 [1/1] (0.00ns)   --->   "%specbitsmap_ln0 = specbitsmap void @_ssdm_op_SpecBitsMap, i64 %Ang_5n"   --->   Operation 44 'specbitsmap' 'specbitsmap_ln0' <Predicate = true> <Delay = 0.00>
ST_1 : Operation 45 [1/1] (0.00ns)   --->   "%specinterface_ln0 = specinterface void @_ssdm_op_SpecInterface, i64 %Ang_5n, void @empty, i32 0, i32 0, void @empty_0, i32 0, i32 0, void @empty_0, void @empty_0, void @empty_0, i32 0, i32 0, i32 0, i32 0, void @empty_0, void @empty_0"   --->   Operation 45 'specinterface' 'specinterface_ln0' <Predicate = true> <Delay = 0.00>
ST_1 : Operation 46 [1/1] (0.00ns)   --->   "%specbitsmap_ln0 = specbitsmap void @_ssdm_op_SpecBitsMap, i64 %A_7p"   --->   Operation 46 'specbitsmap' 'specbitsmap_ln0' <Predicate = true> <Delay = 0.00>
ST_1 : Operation 47 [1/1] (0.00ns)   --->   "%specinterface_ln0 = specinterface void @_ssdm_op_SpecInterface, i64 %A_7p, void @empty, i32 0, i32 0, void @empty_0, i32 0, i32 0, void @empty_0, void @empty_0, void @empty_0, i32 0, i32 0, i32 0, i32 0, void @empty_0, void @empty_0"   --->   Operation 47 'specinterface' 'specinterface_ln0' <Predicate = true> <Delay = 0.00>
ST_1 : Operation 48 [1/1] (0.00ns)   --->   "%specbitsmap_ln0 = specbitsmap void @_ssdm_op_SpecBitsMap, i64 %Ang_7p"   --->   Operation 48 'specbitsmap' 'specbitsmap_ln0' <Predicate = true> <Delay = 0.00>
ST_1 : Operation 49 [1/1] (0.00ns)   --->   "%specinterface_ln0 = specinterface void @_ssdm_op_SpecInterface, i64 %Ang_7p, void @empty, i32 0, i32 0, void @empty_0, i32 0, i32 0, void @empty_0, void @empty_0, void @empty_0, i32 0, i32 0, i32 0, i32 0, void @empty_0, void @empty_0"   --->   Operation 49 'specinterface' 'specinterface_ln0' <Predicate = true> <Delay = 0.00>
ST_1 : Operation 50 [1/1] (0.00ns)   --->   "%specbitsmap_ln0 = specbitsmap void @_ssdm_op_SpecBitsMap, i64 %A_7n"   --->   Operation 50 'specbitsmap' 'specbitsmap_ln0' <Predicate = true> <Delay = 0.00>
ST_1 : Operation 51 [1/1] (0.00ns)   --->   "%specinterface_ln0 = specinterface void @_ssdm_op_SpecInterface, i64 %A_7n, void @empty, i32 0, i32 0, void @empty_0, i32 0, i32 0, void @empty_0, void @empty_0, void @empty_0, i32 0, i32 0, i32 0, i32 0, void @empty_0, void @empty_0"   --->   Operation 51 'specinterface' 'specinterface_ln0' <Predicate = true> <Delay = 0.00>
ST_1 : Operation 52 [1/1] (0.00ns)   --->   "%specbitsmap_ln0 = specbitsmap void @_ssdm_op_SpecBitsMap, i64 %Ang_7n"   --->   Operation 52 'specbitsmap' 'specbitsmap_ln0' <Predicate = true> <Delay = 0.00>
ST_1 : Operation 53 [1/1] (0.00ns)   --->   "%specinterface_ln0 = specinterface void @_ssdm_op_SpecInterface, i64 %Ang_7n, void @empty, i32 0, i32 0, void @empty_0, i32 0, i32 0, void @empty_0, void @empty_0, void @empty_0, i32 0, i32 0, i32 0, i32 0, void @empty_0, void @empty_0"   --->   Operation 53 'specinterface' 'specinterface_ln0' <Predicate = true> <Delay = 0.00>
ST_1 : Operation 54 [1/1] (0.00ns)   --->   "%specbitsmap_ln0 = specbitsmap void @_ssdm_op_SpecBitsMap, i64 %vout_a"   --->   Operation 54 'specbitsmap' 'specbitsmap_ln0' <Predicate = true> <Delay = 0.00>
ST_1 : Operation 55 [1/1] (0.00ns)   --->   "%specinterface_ln0 = specinterface void @_ssdm_op_SpecInterface, i64 %vout_a, void @empty, i32 0, i32 0, void @empty_0, i32 0, i32 0, void @empty_0, void @empty_0, void @empty_0, i32 0, i32 0, i32 0, i32 0, void @empty_0, void @empty_0"   --->   Operation 55 'specinterface' 'specinterface_ln0' <Predicate = true> <Delay = 0.00>
ST_1 : Operation 56 [1/1] (0.00ns)   --->   "%specbitsmap_ln0 = specbitsmap void @_ssdm_op_SpecBitsMap, i64 %vout_b"   --->   Operation 56 'specbitsmap' 'specbitsmap_ln0' <Predicate = true> <Delay = 0.00>
ST_1 : Operation 57 [1/1] (0.00ns)   --->   "%specinterface_ln0 = specinterface void @_ssdm_op_SpecInterface, i64 %vout_b, void @empty, i32 0, i32 0, void @empty_0, i32 0, i32 0, void @empty_0, void @empty_0, void @empty_0, i32 0, i32 0, i32 0, i32 0, void @empty_0, void @empty_0"   --->   Operation 57 'specinterface' 'specinterface_ln0' <Predicate = true> <Delay = 0.00>
ST_1 : Operation 58 [1/1] (0.00ns)   --->   "%specbitsmap_ln0 = specbitsmap void @_ssdm_op_SpecBitsMap, i64 %vout_c"   --->   Operation 58 'specbitsmap' 'specbitsmap_ln0' <Predicate = true> <Delay = 0.00>
ST_1 : Operation 59 [1/1] (0.00ns)   --->   "%specinterface_ln0 = specinterface void @_ssdm_op_SpecInterface, i64 %vout_c, void @empty, i32 0, i32 0, void @empty_0, i32 0, i32 0, void @empty_0, void @empty_0, void @empty_0, i32 0, i32 0, i32 0, i32 0, void @empty_0, void @empty_0"   --->   Operation 59 'specinterface' 'specinterface_ln0' <Predicate = true> <Delay = 0.00>
ST_1 : Operation 60 [1/1] (0.00ns)   --->   "%specbitsmap_ln0 = specbitsmap void @_ssdm_op_SpecBitsMap, i64 %wtout"   --->   Operation 60 'specbitsmap' 'specbitsmap_ln0' <Predicate = true> <Delay = 0.00>
ST_1 : Operation 61 [1/1] (0.00ns)   --->   "%specinterface_ln0 = specinterface void @_ssdm_op_SpecInterface, i64 %wtout, void @empty, i32 0, i32 0, void @empty_0, i32 0, i32 0, void @empty_0, void @empty_0, void @empty_0, i32 0, i32 0, i32 0, i32 0, void @empty_0, void @empty_0"   --->   Operation 61 'specinterface' 'specinterface_ln0' <Predicate = true> <Delay = 0.00>
ST_1 : Operation 62 [1/1] (0.00ns)   --->   "%specbitsmap_ln0 = specbitsmap void @_ssdm_op_SpecBitsMap, i64 %dwtout"   --->   Operation 62 'specbitsmap' 'specbitsmap_ln0' <Predicate = true> <Delay = 0.00>
ST_1 : Operation 63 [1/1] (0.00ns)   --->   "%specinterface_ln0 = specinterface void @_ssdm_op_SpecInterface, i64 %dwtout, void @empty, i32 0, i32 0, void @empty_0, i32 0, i32 0, void @empty_0, void @empty_0, void @empty_0, i32 0, i32 0, i32 0, i32 0, void @empty_0, void @empty_0"   --->   Operation 63 'specinterface' 'specinterface_ln0' <Predicate = true> <Delay = 0.00>
ST_1 : Operation 64 [1/1] (0.00ns)   --->   "%Ang_7n_read = read i64 @_ssdm_op_Read.ap_auto.i64, i64 %Ang_7n" [../../C-Codes/Fixed_x64/sin_gen_varAmp2_3phi_x64.cpp:7]   --->   Operation 64 'read' 'Ang_7n_read' <Predicate = true> <Delay = 0.00>
ST_1 : Operation 65 [1/1] (0.00ns)   --->   "%A_7n_read = read i64 @_ssdm_op_Read.ap_auto.i64, i64 %A_7n" [../../C-Codes/Fixed_x64/sin_gen_varAmp2_3phi_x64.cpp:7]   --->   Operation 65 'read' 'A_7n_read' <Predicate = true> <Delay = 0.00>
ST_1 : Operation 66 [1/1] (0.00ns)   --->   "%Ang_7p_read = read i64 @_ssdm_op_Read.ap_auto.i64, i64 %Ang_7p" [../../C-Codes/Fixed_x64/sin_gen_varAmp2_3phi_x64.cpp:7]   --->   Operation 66 'read' 'Ang_7p_read' <Predicate = true> <Delay = 0.00>
ST_1 : Operation 67 [1/1] (0.00ns)   --->   "%A_7p_read = read i64 @_ssdm_op_Read.ap_auto.i64, i64 %A_7p" [../../C-Codes/Fixed_x64/sin_gen_varAmp2_3phi_x64.cpp:7]   --->   Operation 67 'read' 'A_7p_read' <Predicate = true> <Delay = 0.00>
ST_1 : Operation 68 [1/1] (0.00ns)   --->   "%Ang_5n_read = read i64 @_ssdm_op_Read.ap_auto.i64, i64 %Ang_5n" [../../C-Codes/Fixed_x64/sin_gen_varAmp2_3phi_x64.cpp:7]   --->   Operation 68 'read' 'Ang_5n_read' <Predicate = true> <Delay = 0.00>
ST_1 : Operation 69 [1/1] (0.00ns)   --->   "%A_5n_read = read i64 @_ssdm_op_Read.ap_auto.i64, i64 %A_5n" [../../C-Codes/Fixed_x64/sin_gen_varAmp2_3phi_x64.cpp:7]   --->   Operation 69 'read' 'A_5n_read' <Predicate = true> <Delay = 0.00>
ST_1 : Operation 70 [1/1] (0.00ns)   --->   "%Ang_5p_read = read i64 @_ssdm_op_Read.ap_auto.i64, i64 %Ang_5p" [../../C-Codes/Fixed_x64/sin_gen_varAmp2_3phi_x64.cpp:7]   --->   Operation 70 'read' 'Ang_5p_read' <Predicate = true> <Delay = 0.00>
ST_1 : Operation 71 [1/1] (0.00ns)   --->   "%A_5p_read = read i64 @_ssdm_op_Read.ap_auto.i64, i64 %A_5p" [../../C-Codes/Fixed_x64/sin_gen_varAmp2_3phi_x64.cpp:7]   --->   Operation 71 'read' 'A_5p_read' <Predicate = true> <Delay = 0.00>
ST_1 : Operation 72 [1/1] (0.00ns)   --->   "%Ang_1n_read = read i64 @_ssdm_op_Read.ap_auto.i64, i64 %Ang_1n" [../../C-Codes/Fixed_x64/sin_gen_varAmp2_3phi_x64.cpp:7]   --->   Operation 72 'read' 'Ang_1n_read' <Predicate = true> <Delay = 0.00>
ST_1 : Operation 73 [1/1] (0.00ns)   --->   "%A_1n_read = read i64 @_ssdm_op_Read.ap_auto.i64, i64 %A_1n" [../../C-Codes/Fixed_x64/sin_gen_varAmp2_3phi_x64.cpp:7]   --->   Operation 73 'read' 'A_1n_read' <Predicate = true> <Delay = 0.00>
ST_1 : Operation 74 [1/1] (0.00ns)   --->   "%Ang_1p_read = read i64 @_ssdm_op_Read.ap_auto.i64, i64 %Ang_1p" [../../C-Codes/Fixed_x64/sin_gen_varAmp2_3phi_x64.cpp:7]   --->   Operation 74 'read' 'Ang_1p_read' <Predicate = true> <Delay = 0.00>
ST_1 : Operation 75 [1/1] (0.00ns)   --->   "%A_1p_read = read i64 @_ssdm_op_Read.ap_auto.i64, i64 %A_1p" [../../C-Codes/Fixed_x64/sin_gen_varAmp2_3phi_x64.cpp:7]   --->   Operation 75 'read' 'A_1p_read' <Predicate = true> <Delay = 0.00>
ST_1 : Operation 76 [1/1] (0.00ns)   --->   "%f_read = read i64 @_ssdm_op_Read.ap_auto.i64, i64 %f" [../../C-Codes/Fixed_x64/sin_gen_varAmp2_3phi_x64.cpp:7]   --->   Operation 76 'read' 'f_read' <Predicate = true> <Delay = 0.00>
ST_1 : Operation 77 [1/1] (0.00ns)   --->   "%sinc_read = read i1 @_ssdm_op_Read.ap_auto.i1, i1 %sinc" [../../C-Codes/Fixed_x64/sin_gen_varAmp2_3phi_x64.cpp:7]   --->   Operation 77 'read' 'sinc_read' <Predicate = true> <Delay = 0.00>
ST_1 : Operation 78 [1/1] (0.00ns)   --->   "%aux_sinc_V_load = load i1 %aux_sinc_V"   --->   Operation 78 'load' 'aux_sinc_V_load' <Predicate = true> <Delay = 0.00>
ST_1 : Operation 79 [1/1] (0.80ns)   --->   "%xor_ln870 = xor i1 %aux_sinc_V_load, i1 %sinc_read"   --->   Operation 79 'xor' 'xor_ln870' <Predicate = true> <Delay = 0.80> <CoreInst = "LogicGate">   --->   Core 74 'LogicGate' <Latency = 0> <II = 1> <Delay = 0.80> <FuncUnit> <Opcode : 'and' 'or' 'xor'> <InPorts = 2> <OutPorts = 1>
ST_1 : Operation 80 [1/1] (0.00ns)   --->   "%wt_V_load = load i64 %wt_V" [../../C-Codes/Fixed_x64/sin_gen_varAmp2_3phi_x64.cpp:37]   --->   Operation 80 'load' 'wt_V_load' <Predicate = true> <Delay = 0.00>
ST_1 : Operation 81 [1/1] (1.32ns)   --->   "%br_ln31 = br i1 %xor_ln870, void %._crit_edge, void %_ZN8ap_fixedILi64ELi16EL9ap_q_mode5EL9ap_o_mode3ELi0EEC2ILi128ELi32ELb1ELS0_5ELS1_3ELi0EEERK13ap_fixed_baseIXT_EXT0_EXT1_EXT2_EXT3_EXT4_EE.exit" [../../C-Codes/Fixed_x64/sin_gen_varAmp2_3phi_x64.cpp:31]   --->   Operation 81 'br' 'br_ln31' <Predicate = true> <Delay = 1.32>
ST_1 : Operation 82 [1/1] (0.00ns)   --->   "%store_ln35 = store i1 %sinc_read, i1 %aux_sinc_V" [../../C-Codes/Fixed_x64/sin_gen_varAmp2_3phi_x64.cpp:35]   --->   Operation 82 'store' 'store_ln35' <Predicate = (xor_ln870)> <Delay = 0.00>
ST_1 : Operation 83 [1/1] (0.00ns)   --->   "%sext_ln1118 = sext i64 %f_read"   --->   Operation 83 'sext' 'sext_ln1118' <Predicate = (xor_ln870)> <Delay = 0.00>
ST_1 : Operation 84 [5/5] (5.71ns)   --->   "%r_V = mul i98 %sext_ln1118, i98 8842797190"   --->   Operation 84 'mul' 'r_V' <Predicate = (xor_ln870)> <Delay = 5.71> <CoreInst = "Multiplier">   --->   Core 3 'Multiplier' <Latency = 4> <II = 1> <Delay = 5.71> <FuncUnit> <Opcode : 'mul'> <InPorts = 2> <OutPorts = 1>

State 2 <SV = 1> <Delay = 5.71>
ST_2 : Operation 85 [4/5] (5.71ns)   --->   "%r_V = mul i98 %sext_ln1118, i98 8842797190"   --->   Operation 85 'mul' 'r_V' <Predicate = true> <Delay = 5.71> <CoreInst = "Multiplier">   --->   Core 3 'Multiplier' <Latency = 4> <II = 1> <Delay = 5.71> <FuncUnit> <Opcode : 'mul'> <InPorts = 2> <OutPorts = 1>

State 3 <SV = 2> <Delay = 5.71>
ST_3 : Operation 86 [3/5] (5.71ns)   --->   "%r_V = mul i98 %sext_ln1118, i98 8842797190"   --->   Operation 86 'mul' 'r_V' <Predicate = true> <Delay = 5.71> <CoreInst = "Multiplier">   --->   Core 3 'Multiplier' <Latency = 4> <II = 1> <Delay = 5.71> <FuncUnit> <Opcode : 'mul'> <InPorts = 2> <OutPorts = 1>

State 4 <SV = 3> <Delay = 5.71>
ST_4 : Operation 87 [2/5] (5.71ns)   --->   "%r_V = mul i98 %sext_ln1118, i98 8842797190"   --->   Operation 87 'mul' 'r_V' <Predicate = true> <Delay = 5.71> <CoreInst = "Multiplier">   --->   Core 3 'Multiplier' <Latency = 4> <II = 1> <Delay = 5.71> <FuncUnit> <Opcode : 'mul'> <InPorts = 2> <OutPorts = 1>

State 5 <SV = 4> <Delay = 5.71>
ST_5 : Operation 88 [1/5] (5.71ns)   --->   "%r_V = mul i98 %sext_ln1118, i98 8842797190"   --->   Operation 88 'mul' 'r_V' <Predicate = true> <Delay = 5.71> <CoreInst = "Multiplier">   --->   Core 3 'Multiplier' <Latency = 4> <II = 1> <Delay = 5.71> <FuncUnit> <Opcode : 'mul'> <InPorts = 2> <OutPorts = 1>
ST_5 : Operation 89 [1/1] (0.00ns)   --->   "%trunc_ln = partselect i50 @_ssdm_op_PartSelect.i50.i98.i32.i32, i98 %r_V, i32 48, i32 97"   --->   Operation 89 'partselect' 'trunc_ln' <Predicate = true> <Delay = 0.00>
ST_5 : Operation 90 [1/1] (0.00ns)   --->   "%store_ln40 = store i50 %trunc_ln, i50 %dwt_V" [../../C-Codes/Fixed_x64/sin_gen_varAmp2_3phi_x64.cpp:40]   --->   Operation 90 'store' 'store_ln40' <Predicate = true> <Delay = 0.00>

State 6 <SV = 5> <Delay = 3.82>
ST_6 : Operation 91 [1/1] (0.00ns)   --->   "%sext_ln708 = sext i50 %trunc_ln"   --->   Operation 91 'sext' 'sext_ln708' <Predicate = true> <Delay = 0.00>
ST_6 : Operation 92 [1/1] (2.34ns)   --->   "%icmp_ln1495 = icmp_slt  i64 %wt_V_load, i64 1768559438007110"   --->   Operation 92 'icmp' 'icmp_ln1495' <Predicate = true> <Delay = 2.34> <CoreInst = "Cmp">   --->   Core 9 'Cmp' <Latency = 0> <II = 1> <Delay = 2.34> <FuncUnit> <Opcode : 'icmp'> <InPorts = 2> <OutPorts = 1>
ST_6 : Operation 93 [1/1] (2.99ns)   --->   "%add_ln703 = add i64 %wt_V_load, i64 %sext_ln708"   --->   Operation 93 'add' 'add_ln703' <Predicate = true> <Delay = 2.99> <CoreInst = "Adder">   --->   Core 1 'Adder' <Latency = 0> <II = 1> <Delay = 4.17> <FuncUnit> <Opcode : 'add' 'sub'> <InPorts = 2> <OutPorts = 1>
ST_6 : Operation 94 [1/1] (0.83ns)   --->   "%r_V_3 = select i1 %icmp_ln1495, i64 %add_ln703, i64 0" [../../C-Codes/Fixed_x64/sin_gen_varAmp2_3phi_x64.cpp:42]   --->   Operation 94 'select' 'r_V_3' <Predicate = true> <Delay = 0.83> <CoreInst = "Sel">   --->   Core 73 'Sel' <Latency = 0> <II = 1> <Delay = 0.83> <FuncUnit> <Opcode : 'select'> <InPorts = 3> <OutPorts = 1>
ST_6 : Operation 95 [1/1] (0.00ns)   --->   "%store_ln43 = store i64 %r_V_3, i64 %wt_V" [../../C-Codes/Fixed_x64/sin_gen_varAmp2_3phi_x64.cpp:43]   --->   Operation 95 'store' 'store_ln43' <Predicate = true> <Delay = 0.00>

State 7 <SV = 6> <Delay = 5.71>
ST_7 : Operation 96 [1/1] (0.00ns)   --->   "%sext_ln1115_2 = sext i64 %r_V_3"   --->   Operation 96 'sext' 'sext_ln1115_2' <Predicate = true> <Delay = 0.00>
ST_7 : Operation 97 [5/5] (5.71ns)   --->   "%r_V_24 = mul i112 %sext_ln1115_2, i112 1407374883553280"   --->   Operation 97 'mul' 'r_V_24' <Predicate = true> <Delay = 5.71> <CoreInst = "Multiplier">   --->   Core 3 'Multiplier' <Latency = 4> <II = 1> <Delay = 5.71> <FuncUnit> <Opcode : 'mul'> <InPorts = 2> <OutPorts = 1>
ST_7 : Operation 98 [5/5] (5.71ns)   --->   "%r_V_27 = mul i112 %sext_ln1115_2, i112 1970324836974592"   --->   Operation 98 'mul' 'r_V_27' <Predicate = true> <Delay = 5.71> <CoreInst = "Multiplier">   --->   Core 3 'Multiplier' <Latency = 4> <II = 1> <Delay = 5.71> <FuncUnit> <Opcode : 'mul'> <InPorts = 2> <OutPorts = 1>

State 8 <SV = 7> <Delay = 5.71>
ST_8 : Operation 99 [4/5] (5.71ns)   --->   "%r_V_24 = mul i112 %sext_ln1115_2, i112 1407374883553280"   --->   Operation 99 'mul' 'r_V_24' <Predicate = true> <Delay = 5.71> <CoreInst = "Multiplier">   --->   Core 3 'Multiplier' <Latency = 4> <II = 1> <Delay = 5.71> <FuncUnit> <Opcode : 'mul'> <InPorts = 2> <OutPorts = 1>
ST_8 : Operation 100 [4/5] (5.71ns)   --->   "%r_V_27 = mul i112 %sext_ln1115_2, i112 1970324836974592"   --->   Operation 100 'mul' 'r_V_27' <Predicate = true> <Delay = 5.71> <CoreInst = "Multiplier">   --->   Core 3 'Multiplier' <Latency = 4> <II = 1> <Delay = 5.71> <FuncUnit> <Opcode : 'mul'> <InPorts = 2> <OutPorts = 1>

State 9 <SV = 8> <Delay = 5.71>
ST_9 : Operation 101 [3/5] (5.71ns)   --->   "%r_V_24 = mul i112 %sext_ln1115_2, i112 1407374883553280"   --->   Operation 101 'mul' 'r_V_24' <Predicate = true> <Delay = 5.71> <CoreInst = "Multiplier">   --->   Core 3 'Multiplier' <Latency = 4> <II = 1> <Delay = 5.71> <FuncUnit> <Opcode : 'mul'> <InPorts = 2> <OutPorts = 1>
ST_9 : Operation 102 [3/5] (5.71ns)   --->   "%r_V_27 = mul i112 %sext_ln1115_2, i112 1970324836974592"   --->   Operation 102 'mul' 'r_V_27' <Predicate = true> <Delay = 5.71> <CoreInst = "Multiplier">   --->   Core 3 'Multiplier' <Latency = 4> <II = 1> <Delay = 5.71> <FuncUnit> <Opcode : 'mul'> <InPorts = 2> <OutPorts = 1>

State 10 <SV = 9> <Delay = 5.71>
ST_10 : Operation 103 [1/1] (2.99ns)   --->   "%add_ln703_1 = add i64 %r_V_3, i64 %Ang_1p_read"   --->   Operation 103 'add' 'add_ln703_1' <Predicate = true> <Delay = 2.99> <CoreInst = "Adder">   --->   Core 1 'Adder' <Latency = 0> <II = 1> <Delay = 4.17> <FuncUnit> <Opcode : 'add' 'sub'> <InPorts = 2> <OutPorts = 1>
ST_10 : Operation 104 [1/1] (2.99ns)   --->   "%add_ln703_2 = add i64 %r_V_3, i64 %Ang_1n_read"   --->   Operation 104 'add' 'add_ln703_2' <Predicate = true> <Delay = 2.99> <CoreInst = "Adder">   --->   Core 1 'Adder' <Latency = 0> <II = 1> <Delay = 4.17> <FuncUnit> <Opcode : 'add' 'sub'> <InPorts = 2> <OutPorts = 1>
ST_10 : Operation 105 [2/5] (5.71ns)   --->   "%r_V_24 = mul i112 %sext_ln1115_2, i112 1407374883553280"   --->   Operation 105 'mul' 'r_V_24' <Predicate = true> <Delay = 5.71> <CoreInst = "Multiplier">   --->   Core 3 'Multiplier' <Latency = 4> <II = 1> <Delay = 5.71> <FuncUnit> <Opcode : 'mul'> <InPorts = 2> <OutPorts = 1>
ST_10 : Operation 106 [2/5] (5.71ns)   --->   "%r_V_27 = mul i112 %sext_ln1115_2, i112 1970324836974592"   --->   Operation 106 'mul' 'r_V_27' <Predicate = true> <Delay = 5.71> <CoreInst = "Multiplier">   --->   Core 3 'Multiplier' <Latency = 4> <II = 1> <Delay = 5.71> <FuncUnit> <Opcode : 'mul'> <InPorts = 2> <OutPorts = 1>

State 11 <SV = 10> <Delay = 7.30>
ST_11 : Operation 107 [2/2] (7.30ns)   --->   "%op2_V = call i50 @sin_2000, i64 %add_ln703_1, i49 %table_r" [../../C-Codes/Fixed_x64/sin_gen_varAmp2_3phi_x64.cpp:53]   --->   Operation 107 'call' 'op2_V' <Predicate = true> <Delay = 7.30> <CoreType = "Generic">   --->   Core 0 '' <Latency = 0> <II = 1> <Delay = 1.00> <Generic> <Opcode : >
ST_11 : Operation 108 [2/2] (7.30ns)   --->   "%op2_V_1 = call i50 @sin_2000, i64 %add_ln703_2, i49 %table_r" [../../C-Codes/Fixed_x64/sin_gen_varAmp2_3phi_x64.cpp:54]   --->   Operation 108 'call' 'op2_V_1' <Predicate = true> <Delay = 7.30> <CoreType = "Generic">   --->   Core 0 '' <Latency = 0> <II = 1> <Delay = 1.00> <Generic> <Opcode : >
ST_11 : Operation 109 [1/5] (5.71ns)   --->   "%r_V_24 = mul i112 %sext_ln1115_2, i112 1407374883553280"   --->   Operation 109 'mul' 'r_V_24' <Predicate = true> <Delay = 5.71> <CoreInst = "Multiplier">   --->   Core 3 'Multiplier' <Latency = 4> <II = 1> <Delay = 5.71> <FuncUnit> <Opcode : 'mul'> <InPorts = 2> <OutPorts = 1>
ST_11 : Operation 110 [1/5] (5.71ns)   --->   "%r_V_27 = mul i112 %sext_ln1115_2, i112 1970324836974592"   --->   Operation 110 'mul' 'r_V_27' <Predicate = true> <Delay = 5.71> <CoreInst = "Multiplier">   --->   Core 3 'Multiplier' <Latency = 4> <II = 1> <Delay = 5.71> <FuncUnit> <Opcode : 'mul'> <InPorts = 2> <OutPorts = 1>
ST_11 : Operation 111 [1/1] (2.99ns)   --->   "%add_ln703_3 = add i64 %add_ln703_1, i64 18446154553896882580"   --->   Operation 111 'add' 'add_ln703_3' <Predicate = true> <Delay = 2.99> <CoreInst = "Adder">   --->   Core 1 'Adder' <Latency = 0> <II = 1> <Delay = 4.17> <FuncUnit> <Opcode : 'add' 'sub'> <InPorts = 2> <OutPorts = 1>
ST_11 : Operation 112 [1/1] (2.99ns)   --->   "%add_ln703_4 = add i64 %add_ln703_2, i64 589519812669036"   --->   Operation 112 'add' 'add_ln703_4' <Predicate = true> <Delay = 2.99> <CoreInst = "Adder">   --->   Core 1 'Adder' <Latency = 0> <II = 1> <Delay = 4.17> <FuncUnit> <Opcode : 'add' 'sub'> <InPorts = 2> <OutPorts = 1>
ST_11 : Operation 113 [1/1] (2.99ns)   --->   "%add_ln703_5 = add i64 %add_ln703_1, i64 589519812669036"   --->   Operation 113 'add' 'add_ln703_5' <Predicate = true> <Delay = 2.99> <CoreInst = "Adder">   --->   Core 1 'Adder' <Latency = 0> <II = 1> <Delay = 4.17> <FuncUnit> <Opcode : 'add' 'sub'> <InPorts = 2> <OutPorts = 1>
ST_11 : Operation 114 [1/1] (2.99ns)   --->   "%add_ln703_6 = add i64 %add_ln703_2, i64 18446154553896882580"   --->   Operation 114 'add' 'add_ln703_6' <Predicate = true> <Delay = 2.99> <CoreInst = "Adder">   --->   Core 1 'Adder' <Latency = 0> <II = 1> <Delay = 4.17> <FuncUnit> <Opcode : 'add' 'sub'> <InPorts = 2> <OutPorts = 1>

State 12 <SV = 11> <Delay = 7.30>
ST_12 : Operation 115 [1/2] (3.40ns)   --->   "%op2_V = call i50 @sin_2000, i64 %add_ln703_1, i49 %table_r" [../../C-Codes/Fixed_x64/sin_gen_varAmp2_3phi_x64.cpp:53]   --->   Operation 115 'call' 'op2_V' <Predicate = true> <Delay = 3.40> <CoreType = "Generic">   --->   Core 0 '' <Latency = 0> <II = 1> <Delay = 1.00> <Generic> <Opcode : >
ST_12 : Operation 116 [1/2] (3.40ns)   --->   "%op2_V_1 = call i50 @sin_2000, i64 %add_ln703_2, i49 %table_r" [../../C-Codes/Fixed_x64/sin_gen_varAmp2_3phi_x64.cpp:54]   --->   Operation 116 'call' 'op2_V_1' <Predicate = true> <Delay = 3.40> <CoreType = "Generic">   --->   Core 0 '' <Latency = 0> <II = 1> <Delay = 1.00> <Generic> <Opcode : >
ST_12 : Operation 117 [1/1] (0.00ns)   --->   "%rhs_1 = bitconcatenate i112 @_ssdm_op_BitConcatenate.i112.i64.i48, i64 %Ang_5p_read, i48 0"   --->   Operation 117 'bitconcatenate' 'rhs_1' <Predicate = true> <Delay = 0.00>
ST_12 : Operation 118 [1/1] (4.17ns)   --->   "%ret_V_28 = add i112 %rhs_1, i112 %r_V_24"   --->   Operation 118 'add' 'ret_V_28' <Predicate = true> <Delay = 4.17> <CoreInst = "Adder">   --->   Core 1 'Adder' <Latency = 0> <II = 1> <Delay = 4.17> <FuncUnit> <Opcode : 'add' 'sub'> <InPorts = 2> <OutPorts = 1>
ST_12 : Operation 119 [1/1] (0.00ns)   --->   "%trunc_ln708_1 = partselect i64 @_ssdm_op_PartSelect.i64.i112.i32.i32, i112 %ret_V_28, i32 48, i32 111"   --->   Operation 119 'partselect' 'trunc_ln708_1' <Predicate = true> <Delay = 0.00>
ST_12 : Operation 120 [1/1] (0.00ns)   --->   "%rhs_3 = bitconcatenate i112 @_ssdm_op_BitConcatenate.i112.i64.i48, i64 %Ang_5n_read, i48 0"   --->   Operation 120 'bitconcatenate' 'rhs_3' <Predicate = true> <Delay = 0.00>
ST_12 : Operation 121 [1/1] (4.17ns)   --->   "%ret_V_30 = add i112 %rhs_3, i112 %r_V_24"   --->   Operation 121 'add' 'ret_V_30' <Predicate = true> <Delay = 4.17> <CoreInst = "Adder">   --->   Core 1 'Adder' <Latency = 0> <II = 1> <Delay = 4.17> <FuncUnit> <Opcode : 'add' 'sub'> <InPorts = 2> <OutPorts = 1>
ST_12 : Operation 122 [1/1] (0.00ns)   --->   "%trunc_ln708_2 = partselect i64 @_ssdm_op_PartSelect.i64.i112.i32.i32, i112 %ret_V_30, i32 48, i32 111"   --->   Operation 122 'partselect' 'trunc_ln708_2' <Predicate = true> <Delay = 0.00>
ST_12 : Operation 123 [2/2] (7.30ns)   --->   "%op2_V_6 = call i50 @sin_2000, i64 %add_ln703_3, i49 %table_r" [../../C-Codes/Fixed_x64/sin_gen_varAmp2_3phi_x64.cpp:63]   --->   Operation 123 'call' 'op2_V_6' <Predicate = true> <Delay = 7.30> <CoreType = "Generic">   --->   Core 0 '' <Latency = 0> <II = 1> <Delay = 1.00> <Generic> <Opcode : >
ST_12 : Operation 124 [2/2] (7.30ns)   --->   "%op2_V_7 = call i50 @sin_2000, i64 %add_ln703_4, i49 %table_r" [../../C-Codes/Fixed_x64/sin_gen_varAmp2_3phi_x64.cpp:64]   --->   Operation 124 'call' 'op2_V_7' <Predicate = true> <Delay = 7.30> <CoreType = "Generic">   --->   Core 0 '' <Latency = 0> <II = 1> <Delay = 1.00> <Generic> <Opcode : >
ST_12 : Operation 125 [2/2] (7.30ns)   --->   "%op2_V_11 = call i50 @sin_2000, i64 %add_ln703_5, i49 %table_r" [../../C-Codes/Fixed_x64/sin_gen_varAmp2_3phi_x64.cpp:71]   --->   Operation 125 'call' 'op2_V_11' <Predicate = true> <Delay = 7.30> <CoreType = "Generic">   --->   Core 0 '' <Latency = 0> <II = 1> <Delay = 1.00> <Generic> <Opcode : >
ST_12 : Operation 126 [2/2] (7.30ns)   --->   "%op2_V_12 = call i50 @sin_2000, i64 %add_ln703_6, i49 %table_r" [../../C-Codes/Fixed_x64/sin_gen_varAmp2_3phi_x64.cpp:72]   --->   Operation 126 'call' 'op2_V_12' <Predicate = true> <Delay = 7.30> <CoreType = "Generic">   --->   Core 0 '' <Latency = 0> <II = 1> <Delay = 1.00> <Generic> <Opcode : >

State 13 <SV = 12> <Delay = 7.30>
ST_13 : Operation 127 [2/2] (7.30ns)   --->   "%op2_V_2 = call i50 @sin_2000, i64 %trunc_ln708_1, i49 %table_r" [../../C-Codes/Fixed_x64/sin_gen_varAmp2_3phi_x64.cpp:55]   --->   Operation 127 'call' 'op2_V_2' <Predicate = true> <Delay = 7.30> <CoreType = "Generic">   --->   Core 0 '' <Latency = 0> <II = 1> <Delay = 1.00> <Generic> <Opcode : >
ST_13 : Operation 128 [2/2] (7.30ns)   --->   "%op2_V_3 = call i50 @sin_2000, i64 %trunc_ln708_2, i49 %table_r" [../../C-Codes/Fixed_x64/sin_gen_varAmp2_3phi_x64.cpp:56]   --->   Operation 128 'call' 'op2_V_3' <Predicate = true> <Delay = 7.30> <CoreType = "Generic">   --->   Core 0 '' <Latency = 0> <II = 1> <Delay = 1.00> <Generic> <Opcode : >
ST_13 : Operation 129 [1/1] (0.00ns)   --->   "%rhs_5 = bitconcatenate i112 @_ssdm_op_BitConcatenate.i112.i64.i48, i64 %Ang_7p_read, i48 0"   --->   Operation 129 'bitconcatenate' 'rhs_5' <Predicate = true> <Delay = 0.00>
ST_13 : Operation 130 [1/1] (4.17ns)   --->   "%ret_V_31 = add i112 %rhs_5, i112 %r_V_27"   --->   Operation 130 'add' 'ret_V_31' <Predicate = true> <Delay = 4.17> <CoreInst = "Adder">   --->   Core 1 'Adder' <Latency = 0> <II = 1> <Delay = 4.17> <FuncUnit> <Opcode : 'add' 'sub'> <InPorts = 2> <OutPorts = 1>
ST_13 : Operation 131 [1/1] (0.00ns)   --->   "%trunc_ln708_3 = partselect i64 @_ssdm_op_PartSelect.i64.i112.i32.i32, i112 %ret_V_31, i32 48, i32 111"   --->   Operation 131 'partselect' 'trunc_ln708_3' <Predicate = true> <Delay = 0.00>
ST_13 : Operation 132 [1/1] (0.00ns)   --->   "%rhs_6 = bitconcatenate i112 @_ssdm_op_BitConcatenate.i112.i64.i48, i64 %Ang_7n_read, i48 0"   --->   Operation 132 'bitconcatenate' 'rhs_6' <Predicate = true> <Delay = 0.00>
ST_13 : Operation 133 [1/1] (4.17ns)   --->   "%ret_V_32 = add i112 %rhs_6, i112 %r_V_27"   --->   Operation 133 'add' 'ret_V_32' <Predicate = true> <Delay = 4.17> <CoreInst = "Adder">   --->   Core 1 'Adder' <Latency = 0> <II = 1> <Delay = 4.17> <FuncUnit> <Opcode : 'add' 'sub'> <InPorts = 2> <OutPorts = 1>
ST_13 : Operation 134 [1/1] (0.00ns)   --->   "%trunc_ln708_4 = partselect i64 @_ssdm_op_PartSelect.i64.i112.i32.i32, i112 %ret_V_32, i32 48, i32 111"   --->   Operation 134 'partselect' 'trunc_ln708_4' <Predicate = true> <Delay = 0.00>
ST_13 : Operation 135 [1/2] (3.40ns)   --->   "%op2_V_6 = call i50 @sin_2000, i64 %add_ln703_3, i49 %table_r" [../../C-Codes/Fixed_x64/sin_gen_varAmp2_3phi_x64.cpp:63]   --->   Operation 135 'call' 'op2_V_6' <Predicate = true> <Delay = 3.40> <CoreType = "Generic">   --->   Core 0 '' <Latency = 0> <II = 1> <Delay = 1.00> <Generic> <Opcode : >
ST_13 : Operation 136 [1/2] (3.40ns)   --->   "%op2_V_7 = call i50 @sin_2000, i64 %add_ln703_4, i49 %table_r" [../../C-Codes/Fixed_x64/sin_gen_varAmp2_3phi_x64.cpp:64]   --->   Operation 136 'call' 'op2_V_7' <Predicate = true> <Delay = 3.40> <CoreType = "Generic">   --->   Core 0 '' <Latency = 0> <II = 1> <Delay = 1.00> <Generic> <Opcode : >
ST_13 : Operation 137 [1/1] (4.17ns)   --->   "%ret_V_10 = add i112 %ret_V_28, i112 5192130923459286141334461066772480"   --->   Operation 137 'add' 'ret_V_10' <Predicate = true> <Delay = 4.17> <CoreInst = "Adder">   --->   Core 1 'Adder' <Latency = 0> <II = 1> <Delay = 4.17> <FuncUnit> <Opcode : 'add' 'sub'> <InPorts = 2> <OutPorts = 1>
ST_13 : Operation 138 [1/1] (0.00ns)   --->   "%trunc_ln708_6 = partselect i64 @_ssdm_op_PartSelect.i64.i112.i32.i32, i112 %ret_V_10, i32 48, i32 111"   --->   Operation 138 'partselect' 'trunc_ln708_6' <Predicate = true> <Delay = 0.00>
ST_13 : Operation 139 [1/1] (4.17ns)   --->   "%ret_V_12 = add i112 %ret_V_30, i112 165935075541487196035262447616"   --->   Operation 139 'add' 'ret_V_12' <Predicate = true> <Delay = 4.17> <CoreInst = "Adder">   --->   Core 1 'Adder' <Latency = 0> <II = 1> <Delay = 4.17> <FuncUnit> <Opcode : 'add' 'sub'> <InPorts = 2> <OutPorts = 1>
ST_13 : Operation 140 [1/1] (0.00ns)   --->   "%trunc_ln708_7 = partselect i64 @_ssdm_op_PartSelect.i64.i112.i32.i32, i112 %ret_V_12, i32 48, i32 111"   --->   Operation 140 'partselect' 'trunc_ln708_7' <Predicate = true> <Delay = 0.00>
ST_13 : Operation 141 [1/2] (3.40ns)   --->   "%op2_V_11 = call i50 @sin_2000, i64 %add_ln703_5, i49 %table_r" [../../C-Codes/Fixed_x64/sin_gen_varAmp2_3phi_x64.cpp:71]   --->   Operation 141 'call' 'op2_V_11' <Predicate = true> <Delay = 3.40> <CoreType = "Generic">   --->   Core 0 '' <Latency = 0> <II = 1> <Delay = 1.00> <Generic> <Opcode : >
ST_13 : Operation 142 [1/2] (3.40ns)   --->   "%op2_V_12 = call i50 @sin_2000, i64 %add_ln703_6, i49 %table_r" [../../C-Codes/Fixed_x64/sin_gen_varAmp2_3phi_x64.cpp:72]   --->   Operation 142 'call' 'op2_V_12' <Predicate = true> <Delay = 3.40> <CoreType = "Generic">   --->   Core 0 '' <Latency = 0> <II = 1> <Delay = 1.00> <Generic> <Opcode : >
ST_13 : Operation 143 [1/1] (4.17ns)   --->   "%ret_V_19 = add i112 %ret_V_28, i112 165935075541487196035262447616"   --->   Operation 143 'add' 'ret_V_19' <Predicate = true> <Delay = 4.17> <CoreInst = "Adder">   --->   Core 1 'Adder' <Latency = 0> <II = 1> <Delay = 4.17> <FuncUnit> <Opcode : 'add' 'sub'> <InPorts = 2> <OutPorts = 1>
ST_13 : Operation 144 [1/1] (0.00ns)   --->   "%trunc_ln708_10 = partselect i64 @_ssdm_op_PartSelect.i64.i112.i32.i32, i112 %ret_V_19, i32 48, i32 111"   --->   Operation 144 'partselect' 'trunc_ln708_10' <Predicate = true> <Delay = 0.00>
ST_13 : Operation 145 [1/1] (4.17ns)   --->   "%ret_V_21 = add i112 %ret_V_30, i112 5192130923459286141334461066772480"   --->   Operation 145 'add' 'ret_V_21' <Predicate = true> <Delay = 4.17> <CoreInst = "Adder">   --->   Core 1 'Adder' <Latency = 0> <II = 1> <Delay = 4.17> <FuncUnit> <Opcode : 'add' 'sub'> <InPorts = 2> <OutPorts = 1>
ST_13 : Operation 146 [1/1] (0.00ns)   --->   "%trunc_ln708_11 = partselect i64 @_ssdm_op_PartSelect.i64.i112.i32.i32, i112 %ret_V_21, i32 48, i32 111"   --->   Operation 146 'partselect' 'trunc_ln708_11' <Predicate = true> <Delay = 0.00>

State 14 <SV = 13> <Delay = 7.30>
ST_14 : Operation 147 [1/1] (0.00ns)   --->   "%sext_ln1115 = sext i64 %A_1p_read"   --->   Operation 147 'sext' 'sext_ln1115' <Predicate = true> <Delay = 0.00>
ST_14 : Operation 148 [1/1] (0.00ns)   --->   "%sext_ln1118_1 = sext i50 %op2_V"   --->   Operation 148 'sext' 'sext_ln1118_1' <Predicate = true> <Delay = 0.00>
ST_14 : Operation 149 [5/5] (5.71ns)   --->   "%r_V_22 = mul i112 %sext_ln1118_1, i112 %sext_ln1115"   --->   Operation 149 'mul' 'r_V_22' <Predicate = true> <Delay = 5.71> <CoreInst = "Multiplier">   --->   Core 3 'Multiplier' <Latency = 4> <II = 1> <Delay = 5.71> <FuncUnit> <Opcode : 'mul'> <InPorts = 2> <OutPorts = 1>
ST_14 : Operation 150 [1/1] (0.00ns)   --->   "%sext_ln1115_1 = sext i64 %A_1n_read"   --->   Operation 150 'sext' 'sext_ln1115_1' <Predicate = true> <Delay = 0.00>
ST_14 : Operation 151 [1/1] (0.00ns)   --->   "%sext_ln1118_2 = sext i50 %op2_V_1"   --->   Operation 151 'sext' 'sext_ln1118_2' <Predicate = true> <Delay = 0.00>
ST_14 : Operation 152 [5/5] (5.71ns)   --->   "%r_V_23 = mul i112 %sext_ln1118_2, i112 %sext_ln1115_1"   --->   Operation 152 'mul' 'r_V_23' <Predicate = true> <Delay = 5.71> <CoreInst = "Multiplier">   --->   Core 3 'Multiplier' <Latency = 4> <II = 1> <Delay = 5.71> <FuncUnit> <Opcode : 'mul'> <InPorts = 2> <OutPorts = 1>
ST_14 : Operation 153 [1/2] (3.40ns)   --->   "%op2_V_2 = call i50 @sin_2000, i64 %trunc_ln708_1, i49 %table_r" [../../C-Codes/Fixed_x64/sin_gen_varAmp2_3phi_x64.cpp:55]   --->   Operation 153 'call' 'op2_V_2' <Predicate = true> <Delay = 3.40> <CoreType = "Generic">   --->   Core 0 '' <Latency = 0> <II = 1> <Delay = 1.00> <Generic> <Opcode : >
ST_14 : Operation 154 [1/2] (3.40ns)   --->   "%op2_V_3 = call i50 @sin_2000, i64 %trunc_ln708_2, i49 %table_r" [../../C-Codes/Fixed_x64/sin_gen_varAmp2_3phi_x64.cpp:56]   --->   Operation 154 'call' 'op2_V_3' <Predicate = true> <Delay = 3.40> <CoreType = "Generic">   --->   Core 0 '' <Latency = 0> <II = 1> <Delay = 1.00> <Generic> <Opcode : >
ST_14 : Operation 155 [2/2] (7.30ns)   --->   "%op2_V_4 = call i50 @sin_2000, i64 %trunc_ln708_3, i49 %table_r" [../../C-Codes/Fixed_x64/sin_gen_varAmp2_3phi_x64.cpp:57]   --->   Operation 155 'call' 'op2_V_4' <Predicate = true> <Delay = 7.30> <CoreType = "Generic">   --->   Core 0 '' <Latency = 0> <II = 1> <Delay = 1.00> <Generic> <Opcode : >
ST_14 : Operation 156 [2/2] (7.30ns)   --->   "%op2_V_5 = call i50 @sin_2000, i64 %trunc_ln708_4, i49 %table_r" [../../C-Codes/Fixed_x64/sin_gen_varAmp2_3phi_x64.cpp:58]   --->   Operation 156 'call' 'op2_V_5' <Predicate = true> <Delay = 7.30> <CoreType = "Generic">   --->   Core 0 '' <Latency = 0> <II = 1> <Delay = 1.00> <Generic> <Opcode : >
ST_14 : Operation 157 [1/1] (0.00ns)   --->   "%sext_ln1118_7 = sext i50 %op2_V_6"   --->   Operation 157 'sext' 'sext_ln1118_7' <Predicate = true> <Delay = 0.00>
ST_14 : Operation 158 [5/5] (5.71ns)   --->   "%r_V_28 = mul i112 %sext_ln1118_7, i112 %sext_ln1115"   --->   Operation 158 'mul' 'r_V_28' <Predicate = true> <Delay = 5.71> <CoreInst = "Multiplier">   --->   Core 3 'Multiplier' <Latency = 4> <II = 1> <Delay = 5.71> <FuncUnit> <Opcode : 'mul'> <InPorts = 2> <OutPorts = 1>
ST_14 : Operation 159 [1/1] (0.00ns)   --->   "%sext_ln1118_8 = sext i50 %op2_V_7"   --->   Operation 159 'sext' 'sext_ln1118_8' <Predicate = true> <Delay = 0.00>
ST_14 : Operation 160 [5/5] (5.71ns)   --->   "%r_V_29 = mul i112 %sext_ln1118_8, i112 %sext_ln1115_1"   --->   Operation 160 'mul' 'r_V_29' <Predicate = true> <Delay = 5.71> <CoreInst = "Multiplier">   --->   Core 3 'Multiplier' <Latency = 4> <II = 1> <Delay = 5.71> <FuncUnit> <Opcode : 'mul'> <InPorts = 2> <OutPorts = 1>
ST_14 : Operation 161 [2/2] (7.30ns)   --->   "%op2_V_8 = call i50 @sin_2000, i64 %trunc_ln708_6, i49 %table_r" [../../C-Codes/Fixed_x64/sin_gen_varAmp2_3phi_x64.cpp:65]   --->   Operation 161 'call' 'op2_V_8' <Predicate = true> <Delay = 7.30> <CoreType = "Generic">   --->   Core 0 '' <Latency = 0> <II = 1> <Delay = 1.00> <Generic> <Opcode : >
ST_14 : Operation 162 [2/2] (7.30ns)   --->   "%op2_V_9 = call i50 @sin_2000, i64 %trunc_ln708_7, i49 %table_r" [../../C-Codes/Fixed_x64/sin_gen_varAmp2_3phi_x64.cpp:66]   --->   Operation 162 'call' 'op2_V_9' <Predicate = true> <Delay = 7.30> <CoreType = "Generic">   --->   Core 0 '' <Latency = 0> <II = 1> <Delay = 1.00> <Generic> <Opcode : >
ST_14 : Operation 163 [1/1] (4.17ns)   --->   "%ret_V_14 = add i112 %ret_V_31, i112 5192130923459286141334461066772480"   --->   Operation 163 'add' 'ret_V_14' <Predicate = true> <Delay = 4.17> <CoreInst = "Adder">   --->   Core 1 'Adder' <Latency = 0> <II = 1> <Delay = 4.17> <FuncUnit> <Opcode : 'add' 'sub'> <InPorts = 2> <OutPorts = 1>
ST_14 : Operation 164 [1/1] (0.00ns)   --->   "%trunc_ln708_8 = partselect i64 @_ssdm_op_PartSelect.i64.i112.i32.i32, i112 %ret_V_14, i32 48, i32 111"   --->   Operation 164 'partselect' 'trunc_ln708_8' <Predicate = true> <Delay = 0.00>
ST_14 : Operation 165 [1/1] (4.17ns)   --->   "%ret_V_16 = add i112 %ret_V_32, i112 165935075541487196035262447616"   --->   Operation 165 'add' 'ret_V_16' <Predicate = true> <Delay = 4.17> <CoreInst = "Adder">   --->   Core 1 'Adder' <Latency = 0> <II = 1> <Delay = 4.17> <FuncUnit> <Opcode : 'add' 'sub'> <InPorts = 2> <OutPorts = 1>
ST_14 : Operation 166 [1/1] (0.00ns)   --->   "%trunc_ln708_9 = partselect i64 @_ssdm_op_PartSelect.i64.i112.i32.i32, i112 %ret_V_16, i32 48, i32 111"   --->   Operation 166 'partselect' 'trunc_ln708_9' <Predicate = true> <Delay = 0.00>
ST_14 : Operation 167 [1/1] (0.00ns)   --->   "%sext_ln1118_13 = sext i50 %op2_V_11"   --->   Operation 167 'sext' 'sext_ln1118_13' <Predicate = true> <Delay = 0.00>
ST_14 : Operation 168 [5/5] (5.71ns)   --->   "%r_V_32 = mul i112 %sext_ln1118_13, i112 %sext_ln1115"   --->   Operation 168 'mul' 'r_V_32' <Predicate = true> <Delay = 5.71> <CoreInst = "Multiplier">   --->   Core 3 'Multiplier' <Latency = 4> <II = 1> <Delay = 5.71> <FuncUnit> <Opcode : 'mul'> <InPorts = 2> <OutPorts = 1>
ST_14 : Operation 169 [1/1] (0.00ns)   --->   "%sext_ln1118_14 = sext i50 %op2_V_12"   --->   Operation 169 'sext' 'sext_ln1118_14' <Predicate = true> <Delay = 0.00>
ST_14 : Operation 170 [5/5] (5.71ns)   --->   "%r_V_33 = mul i112 %sext_ln1118_14, i112 %sext_ln1115_1"   --->   Operation 170 'mul' 'r_V_33' <Predicate = true> <Delay = 5.71> <CoreInst = "Multiplier">   --->   Core 3 'Multiplier' <Latency = 4> <II = 1> <Delay = 5.71> <FuncUnit> <Opcode : 'mul'> <InPorts = 2> <OutPorts = 1>
ST_14 : Operation 171 [2/2] (7.30ns)   --->   "%op2_V_13 = call i50 @sin_2000, i64 %trunc_ln708_10, i49 %table_r" [../../C-Codes/Fixed_x64/sin_gen_varAmp2_3phi_x64.cpp:73]   --->   Operation 171 'call' 'op2_V_13' <Predicate = true> <Delay = 7.30> <CoreType = "Generic">   --->   Core 0 '' <Latency = 0> <II = 1> <Delay = 1.00> <Generic> <Opcode : >
ST_14 : Operation 172 [2/2] (7.30ns)   --->   "%op2_V_14 = call i50 @sin_2000, i64 %trunc_ln708_11, i49 %table_r" [../../C-Codes/Fixed_x64/sin_gen_varAmp2_3phi_x64.cpp:74]   --->   Operation 172 'call' 'op2_V_14' <Predicate = true> <Delay = 7.30> <CoreType = "Generic">   --->   Core 0 '' <Latency = 0> <II = 1> <Delay = 1.00> <Generic> <Opcode : >
ST_14 : Operation 173 [1/1] (4.17ns)   --->   "%ret_V_23 = add i112 %ret_V_31, i112 165935075541487196035262447616"   --->   Operation 173 'add' 'ret_V_23' <Predicate = true> <Delay = 4.17> <CoreInst = "Adder">   --->   Core 1 'Adder' <Latency = 0> <II = 1> <Delay = 4.17> <FuncUnit> <Opcode : 'add' 'sub'> <InPorts = 2> <OutPorts = 1>
ST_14 : Operation 174 [1/1] (0.00ns)   --->   "%trunc_ln708_12 = partselect i64 @_ssdm_op_PartSelect.i64.i112.i32.i32, i112 %ret_V_23, i32 48, i32 111"   --->   Operation 174 'partselect' 'trunc_ln708_12' <Predicate = true> <Delay = 0.00>
ST_14 : Operation 175 [1/1] (4.17ns)   --->   "%ret_V_25 = add i112 %ret_V_32, i112 5192130923459286141334461066772480"   --->   Operation 175 'add' 'ret_V_25' <Predicate = true> <Delay = 4.17> <CoreInst = "Adder">   --->   Core 1 'Adder' <Latency = 0> <II = 1> <Delay = 4.17> <FuncUnit> <Opcode : 'add' 'sub'> <InPorts = 2> <OutPorts = 1>
ST_14 : Operation 176 [1/1] (0.00ns)   --->   "%trunc_ln708_13 = partselect i64 @_ssdm_op_PartSelect.i64.i112.i32.i32, i112 %ret_V_25, i32 48, i32 111"   --->   Operation 176 'partselect' 'trunc_ln708_13' <Predicate = true> <Delay = 0.00>

State 15 <SV = 14> <Delay = 7.30>
ST_15 : Operation 177 [4/5] (5.71ns)   --->   "%r_V_22 = mul i112 %sext_ln1118_1, i112 %sext_ln1115"   --->   Operation 177 'mul' 'r_V_22' <Predicate = true> <Delay = 5.71> <CoreInst = "Multiplier">   --->   Core 3 'Multiplier' <Latency = 4> <II = 1> <Delay = 5.71> <FuncUnit> <Opcode : 'mul'> <InPorts = 2> <OutPorts = 1>
ST_15 : Operation 178 [4/5] (5.71ns)   --->   "%r_V_23 = mul i112 %sext_ln1118_2, i112 %sext_ln1115_1"   --->   Operation 178 'mul' 'r_V_23' <Predicate = true> <Delay = 5.71> <CoreInst = "Multiplier">   --->   Core 3 'Multiplier' <Latency = 4> <II = 1> <Delay = 5.71> <FuncUnit> <Opcode : 'mul'> <InPorts = 2> <OutPorts = 1>
ST_15 : Operation 179 [1/1] (0.00ns)   --->   "%sext_ln1115_3 = sext i64 %A_5p_read"   --->   Operation 179 'sext' 'sext_ln1115_3' <Predicate = true> <Delay = 0.00>
ST_15 : Operation 180 [1/1] (0.00ns)   --->   "%sext_ln1118_3 = sext i50 %op2_V_2"   --->   Operation 180 'sext' 'sext_ln1118_3' <Predicate = true> <Delay = 0.00>
ST_15 : Operation 181 [5/5] (5.71ns)   --->   "%r_V_25 = mul i112 %sext_ln1118_3, i112 %sext_ln1115_3"   --->   Operation 181 'mul' 'r_V_25' <Predicate = true> <Delay = 5.71> <CoreInst = "Multiplier">   --->   Core 3 'Multiplier' <Latency = 4> <II = 1> <Delay = 5.71> <FuncUnit> <Opcode : 'mul'> <InPorts = 2> <OutPorts = 1>
ST_15 : Operation 182 [1/1] (0.00ns)   --->   "%sext_ln1115_4 = sext i64 %A_5n_read"   --->   Operation 182 'sext' 'sext_ln1115_4' <Predicate = true> <Delay = 0.00>
ST_15 : Operation 183 [1/1] (0.00ns)   --->   "%sext_ln1118_4 = sext i50 %op2_V_3"   --->   Operation 183 'sext' 'sext_ln1118_4' <Predicate = true> <Delay = 0.00>
ST_15 : Operation 184 [5/5] (5.71ns)   --->   "%r_V_26 = mul i112 %sext_ln1118_4, i112 %sext_ln1115_4"   --->   Operation 184 'mul' 'r_V_26' <Predicate = true> <Delay = 5.71> <CoreInst = "Multiplier">   --->   Core 3 'Multiplier' <Latency = 4> <II = 1> <Delay = 5.71> <FuncUnit> <Opcode : 'mul'> <InPorts = 2> <OutPorts = 1>
ST_15 : Operation 185 [1/2] (3.40ns)   --->   "%op2_V_4 = call i50 @sin_2000, i64 %trunc_ln708_3, i49 %table_r" [../../C-Codes/Fixed_x64/sin_gen_varAmp2_3phi_x64.cpp:57]   --->   Operation 185 'call' 'op2_V_4' <Predicate = true> <Delay = 3.40> <CoreType = "Generic">   --->   Core 0 '' <Latency = 0> <II = 1> <Delay = 1.00> <Generic> <Opcode : >
ST_15 : Operation 186 [1/2] (3.40ns)   --->   "%op2_V_5 = call i50 @sin_2000, i64 %trunc_ln708_4, i49 %table_r" [../../C-Codes/Fixed_x64/sin_gen_varAmp2_3phi_x64.cpp:58]   --->   Operation 186 'call' 'op2_V_5' <Predicate = true> <Delay = 3.40> <CoreType = "Generic">   --->   Core 0 '' <Latency = 0> <II = 1> <Delay = 1.00> <Generic> <Opcode : >
ST_15 : Operation 187 [4/5] (5.71ns)   --->   "%r_V_28 = mul i112 %sext_ln1118_7, i112 %sext_ln1115"   --->   Operation 187 'mul' 'r_V_28' <Predicate = true> <Delay = 5.71> <CoreInst = "Multiplier">   --->   Core 3 'Multiplier' <Latency = 4> <II = 1> <Delay = 5.71> <FuncUnit> <Opcode : 'mul'> <InPorts = 2> <OutPorts = 1>
ST_15 : Operation 188 [4/5] (5.71ns)   --->   "%r_V_29 = mul i112 %sext_ln1118_8, i112 %sext_ln1115_1"   --->   Operation 188 'mul' 'r_V_29' <Predicate = true> <Delay = 5.71> <CoreInst = "Multiplier">   --->   Core 3 'Multiplier' <Latency = 4> <II = 1> <Delay = 5.71> <FuncUnit> <Opcode : 'mul'> <InPorts = 2> <OutPorts = 1>
ST_15 : Operation 189 [1/2] (3.40ns)   --->   "%op2_V_8 = call i50 @sin_2000, i64 %trunc_ln708_6, i49 %table_r" [../../C-Codes/Fixed_x64/sin_gen_varAmp2_3phi_x64.cpp:65]   --->   Operation 189 'call' 'op2_V_8' <Predicate = true> <Delay = 3.40> <CoreType = "Generic">   --->   Core 0 '' <Latency = 0> <II = 1> <Delay = 1.00> <Generic> <Opcode : >
ST_15 : Operation 190 [1/2] (3.40ns)   --->   "%op2_V_9 = call i50 @sin_2000, i64 %trunc_ln708_7, i49 %table_r" [../../C-Codes/Fixed_x64/sin_gen_varAmp2_3phi_x64.cpp:66]   --->   Operation 190 'call' 'op2_V_9' <Predicate = true> <Delay = 3.40> <CoreType = "Generic">   --->   Core 0 '' <Latency = 0> <II = 1> <Delay = 1.00> <Generic> <Opcode : >
ST_15 : Operation 191 [2/2] (7.30ns)   --->   "%op2_V_s = call i50 @sin_2000, i64 %trunc_ln708_8, i49 %table_r" [../../C-Codes/Fixed_x64/sin_gen_varAmp2_3phi_x64.cpp:67]   --->   Operation 191 'call' 'op2_V_s' <Predicate = true> <Delay = 7.30> <CoreType = "Generic">   --->   Core 0 '' <Latency = 0> <II = 1> <Delay = 1.00> <Generic> <Opcode : >
ST_15 : Operation 192 [2/2] (7.30ns)   --->   "%op2_V_10 = call i50 @sin_2000, i64 %trunc_ln708_9, i49 %table_r" [../../C-Codes/Fixed_x64/sin_gen_varAmp2_3phi_x64.cpp:68]   --->   Operation 192 'call' 'op2_V_10' <Predicate = true> <Delay = 7.30> <CoreType = "Generic">   --->   Core 0 '' <Latency = 0> <II = 1> <Delay = 1.00> <Generic> <Opcode : >
ST_15 : Operation 193 [4/5] (5.71ns)   --->   "%r_V_32 = mul i112 %sext_ln1118_13, i112 %sext_ln1115"   --->   Operation 193 'mul' 'r_V_32' <Predicate = true> <Delay = 5.71> <CoreInst = "Multiplier">   --->   Core 3 'Multiplier' <Latency = 4> <II = 1> <Delay = 5.71> <FuncUnit> <Opcode : 'mul'> <InPorts = 2> <OutPorts = 1>
ST_15 : Operation 194 [4/5] (5.71ns)   --->   "%r_V_33 = mul i112 %sext_ln1118_14, i112 %sext_ln1115_1"   --->   Operation 194 'mul' 'r_V_33' <Predicate = true> <Delay = 5.71> <CoreInst = "Multiplier">   --->   Core 3 'Multiplier' <Latency = 4> <II = 1> <Delay = 5.71> <FuncUnit> <Opcode : 'mul'> <InPorts = 2> <OutPorts = 1>
ST_15 : Operation 195 [1/2] (3.40ns)   --->   "%op2_V_13 = call i50 @sin_2000, i64 %trunc_ln708_10, i49 %table_r" [../../C-Codes/Fixed_x64/sin_gen_varAmp2_3phi_x64.cpp:73]   --->   Operation 195 'call' 'op2_V_13' <Predicate = true> <Delay = 3.40> <CoreType = "Generic">   --->   Core 0 '' <Latency = 0> <II = 1> <Delay = 1.00> <Generic> <Opcode : >
ST_15 : Operation 196 [1/2] (3.40ns)   --->   "%op2_V_14 = call i50 @sin_2000, i64 %trunc_ln708_11, i49 %table_r" [../../C-Codes/Fixed_x64/sin_gen_varAmp2_3phi_x64.cpp:74]   --->   Operation 196 'call' 'op2_V_14' <Predicate = true> <Delay = 3.40> <CoreType = "Generic">   --->   Core 0 '' <Latency = 0> <II = 1> <Delay = 1.00> <Generic> <Opcode : >
ST_15 : Operation 197 [2/2] (7.30ns)   --->   "%op2_V_15 = call i50 @sin_2000, i64 %trunc_ln708_12, i49 %table_r" [../../C-Codes/Fixed_x64/sin_gen_varAmp2_3phi_x64.cpp:75]   --->   Operation 197 'call' 'op2_V_15' <Predicate = true> <Delay = 7.30> <CoreType = "Generic">   --->   Core 0 '' <Latency = 0> <II = 1> <Delay = 1.00> <Generic> <Opcode : >
ST_15 : Operation 198 [2/2] (7.30ns)   --->   "%op2_V_16 = call i50 @sin_2000, i64 %trunc_ln708_13, i49 %table_r" [../../C-Codes/Fixed_x64/sin_gen_varAmp2_3phi_x64.cpp:76]   --->   Operation 198 'call' 'op2_V_16' <Predicate = true> <Delay = 7.30> <CoreType = "Generic">   --->   Core 0 '' <Latency = 0> <II = 1> <Delay = 1.00> <Generic> <Opcode : >

State 16 <SV = 15> <Delay = 5.71>
ST_16 : Operation 199 [3/5] (5.71ns)   --->   "%r_V_22 = mul i112 %sext_ln1118_1, i112 %sext_ln1115"   --->   Operation 199 'mul' 'r_V_22' <Predicate = true> <Delay = 5.71> <CoreInst = "Multiplier">   --->   Core 3 'Multiplier' <Latency = 4> <II = 1> <Delay = 5.71> <FuncUnit> <Opcode : 'mul'> <InPorts = 2> <OutPorts = 1>
ST_16 : Operation 200 [3/5] (5.71ns)   --->   "%r_V_23 = mul i112 %sext_ln1118_2, i112 %sext_ln1115_1"   --->   Operation 200 'mul' 'r_V_23' <Predicate = true> <Delay = 5.71> <CoreInst = "Multiplier">   --->   Core 3 'Multiplier' <Latency = 4> <II = 1> <Delay = 5.71> <FuncUnit> <Opcode : 'mul'> <InPorts = 2> <OutPorts = 1>
ST_16 : Operation 201 [4/5] (5.71ns)   --->   "%r_V_25 = mul i112 %sext_ln1118_3, i112 %sext_ln1115_3"   --->   Operation 201 'mul' 'r_V_25' <Predicate = true> <Delay = 5.71> <CoreInst = "Multiplier">   --->   Core 3 'Multiplier' <Latency = 4> <II = 1> <Delay = 5.71> <FuncUnit> <Opcode : 'mul'> <InPorts = 2> <OutPorts = 1>
ST_16 : Operation 202 [4/5] (5.71ns)   --->   "%r_V_26 = mul i112 %sext_ln1118_4, i112 %sext_ln1115_4"   --->   Operation 202 'mul' 'r_V_26' <Predicate = true> <Delay = 5.71> <CoreInst = "Multiplier">   --->   Core 3 'Multiplier' <Latency = 4> <II = 1> <Delay = 5.71> <FuncUnit> <Opcode : 'mul'> <InPorts = 2> <OutPorts = 1>
ST_16 : Operation 203 [1/1] (0.00ns)   --->   "%sext_ln1115_5 = sext i64 %A_7p_read"   --->   Operation 203 'sext' 'sext_ln1115_5' <Predicate = true> <Delay = 0.00>
ST_16 : Operation 204 [1/1] (0.00ns)   --->   "%sext_ln1118_5 = sext i50 %op2_V_4"   --->   Operation 204 'sext' 'sext_ln1118_5' <Predicate = true> <Delay = 0.00>
ST_16 : Operation 205 [5/5] (5.71ns)   --->   "%r_V_8 = mul i112 %sext_ln1118_5, i112 %sext_ln1115_5"   --->   Operation 205 'mul' 'r_V_8' <Predicate = true> <Delay = 5.71> <CoreInst = "Multiplier">   --->   Core 3 'Multiplier' <Latency = 4> <II = 1> <Delay = 5.71> <FuncUnit> <Opcode : 'mul'> <InPorts = 2> <OutPorts = 1>
ST_16 : Operation 206 [1/1] (0.00ns)   --->   "%sext_ln1115_6 = sext i64 %A_7n_read"   --->   Operation 206 'sext' 'sext_ln1115_6' <Predicate = true> <Delay = 0.00>
ST_16 : Operation 207 [1/1] (0.00ns)   --->   "%sext_ln1118_6 = sext i50 %op2_V_5"   --->   Operation 207 'sext' 'sext_ln1118_6' <Predicate = true> <Delay = 0.00>
ST_16 : Operation 208 [5/5] (5.71ns)   --->   "%r_V_9 = mul i112 %sext_ln1118_6, i112 %sext_ln1115_6"   --->   Operation 208 'mul' 'r_V_9' <Predicate = true> <Delay = 5.71> <CoreInst = "Multiplier">   --->   Core 3 'Multiplier' <Latency = 4> <II = 1> <Delay = 5.71> <FuncUnit> <Opcode : 'mul'> <InPorts = 2> <OutPorts = 1>
ST_16 : Operation 209 [3/5] (5.71ns)   --->   "%r_V_28 = mul i112 %sext_ln1118_7, i112 %sext_ln1115"   --->   Operation 209 'mul' 'r_V_28' <Predicate = true> <Delay = 5.71> <CoreInst = "Multiplier">   --->   Core 3 'Multiplier' <Latency = 4> <II = 1> <Delay = 5.71> <FuncUnit> <Opcode : 'mul'> <InPorts = 2> <OutPorts = 1>
ST_16 : Operation 210 [3/5] (5.71ns)   --->   "%r_V_29 = mul i112 %sext_ln1118_8, i112 %sext_ln1115_1"   --->   Operation 210 'mul' 'r_V_29' <Predicate = true> <Delay = 5.71> <CoreInst = "Multiplier">   --->   Core 3 'Multiplier' <Latency = 4> <II = 1> <Delay = 5.71> <FuncUnit> <Opcode : 'mul'> <InPorts = 2> <OutPorts = 1>
ST_16 : Operation 211 [1/1] (0.00ns)   --->   "%sext_ln1118_9 = sext i50 %op2_V_8"   --->   Operation 211 'sext' 'sext_ln1118_9' <Predicate = true> <Delay = 0.00>
ST_16 : Operation 212 [5/5] (5.71ns)   --->   "%r_V_30 = mul i112 %sext_ln1118_9, i112 %sext_ln1115_3"   --->   Operation 212 'mul' 'r_V_30' <Predicate = true> <Delay = 5.71> <CoreInst = "Multiplier">   --->   Core 3 'Multiplier' <Latency = 4> <II = 1> <Delay = 5.71> <FuncUnit> <Opcode : 'mul'> <InPorts = 2> <OutPorts = 1>
ST_16 : Operation 213 [1/1] (0.00ns)   --->   "%sext_ln1118_10 = sext i50 %op2_V_9"   --->   Operation 213 'sext' 'sext_ln1118_10' <Predicate = true> <Delay = 0.00>
ST_16 : Operation 214 [5/5] (5.71ns)   --->   "%r_V_31 = mul i112 %sext_ln1118_10, i112 %sext_ln1115_4"   --->   Operation 214 'mul' 'r_V_31' <Predicate = true> <Delay = 5.71> <CoreInst = "Multiplier">   --->   Core 3 'Multiplier' <Latency = 4> <II = 1> <Delay = 5.71> <FuncUnit> <Opcode : 'mul'> <InPorts = 2> <OutPorts = 1>
ST_16 : Operation 215 [1/2] (3.40ns)   --->   "%op2_V_s = call i50 @sin_2000, i64 %trunc_ln708_8, i49 %table_r" [../../C-Codes/Fixed_x64/sin_gen_varAmp2_3phi_x64.cpp:67]   --->   Operation 215 'call' 'op2_V_s' <Predicate = true> <Delay = 3.40> <CoreType = "Generic">   --->   Core 0 '' <Latency = 0> <II = 1> <Delay = 1.00> <Generic> <Opcode : >
ST_16 : Operation 216 [1/2] (3.40ns)   --->   "%op2_V_10 = call i50 @sin_2000, i64 %trunc_ln708_9, i49 %table_r" [../../C-Codes/Fixed_x64/sin_gen_varAmp2_3phi_x64.cpp:68]   --->   Operation 216 'call' 'op2_V_10' <Predicate = true> <Delay = 3.40> <CoreType = "Generic">   --->   Core 0 '' <Latency = 0> <II = 1> <Delay = 1.00> <Generic> <Opcode : >
ST_16 : Operation 217 [3/5] (5.71ns)   --->   "%r_V_32 = mul i112 %sext_ln1118_13, i112 %sext_ln1115"   --->   Operation 217 'mul' 'r_V_32' <Predicate = true> <Delay = 5.71> <CoreInst = "Multiplier">   --->   Core 3 'Multiplier' <Latency = 4> <II = 1> <Delay = 5.71> <FuncUnit> <Opcode : 'mul'> <InPorts = 2> <OutPorts = 1>
ST_16 : Operation 218 [3/5] (5.71ns)   --->   "%r_V_33 = mul i112 %sext_ln1118_14, i112 %sext_ln1115_1"   --->   Operation 218 'mul' 'r_V_33' <Predicate = true> <Delay = 5.71> <CoreInst = "Multiplier">   --->   Core 3 'Multiplier' <Latency = 4> <II = 1> <Delay = 5.71> <FuncUnit> <Opcode : 'mul'> <InPorts = 2> <OutPorts = 1>
ST_16 : Operation 219 [1/1] (0.00ns)   --->   "%sext_ln1118_15 = sext i50 %op2_V_13"   --->   Operation 219 'sext' 'sext_ln1118_15' <Predicate = true> <Delay = 0.00>
ST_16 : Operation 220 [5/5] (5.71ns)   --->   "%r_V_34 = mul i112 %sext_ln1118_15, i112 %sext_ln1115_3"   --->   Operation 220 'mul' 'r_V_34' <Predicate = true> <Delay = 5.71> <CoreInst = "Multiplier">   --->   Core 3 'Multiplier' <Latency = 4> <II = 1> <Delay = 5.71> <FuncUnit> <Opcode : 'mul'> <InPorts = 2> <OutPorts = 1>
ST_16 : Operation 221 [1/1] (0.00ns)   --->   "%sext_ln1118_16 = sext i50 %op2_V_14"   --->   Operation 221 'sext' 'sext_ln1118_16' <Predicate = true> <Delay = 0.00>
ST_16 : Operation 222 [5/5] (5.71ns)   --->   "%r_V_35 = mul i112 %sext_ln1118_16, i112 %sext_ln1115_4"   --->   Operation 222 'mul' 'r_V_35' <Predicate = true> <Delay = 5.71> <CoreInst = "Multiplier">   --->   Core 3 'Multiplier' <Latency = 4> <II = 1> <Delay = 5.71> <FuncUnit> <Opcode : 'mul'> <InPorts = 2> <OutPorts = 1>
ST_16 : Operation 223 [1/2] (3.40ns)   --->   "%op2_V_15 = call i50 @sin_2000, i64 %trunc_ln708_12, i49 %table_r" [../../C-Codes/Fixed_x64/sin_gen_varAmp2_3phi_x64.cpp:75]   --->   Operation 223 'call' 'op2_V_15' <Predicate = true> <Delay = 3.40> <CoreType = "Generic">   --->   Core 0 '' <Latency = 0> <II = 1> <Delay = 1.00> <Generic> <Opcode : >
ST_16 : Operation 224 [1/2] (3.40ns)   --->   "%op2_V_16 = call i50 @sin_2000, i64 %trunc_ln708_13, i49 %table_r" [../../C-Codes/Fixed_x64/sin_gen_varAmp2_3phi_x64.cpp:76]   --->   Operation 224 'call' 'op2_V_16' <Predicate = true> <Delay = 3.40> <CoreType = "Generic">   --->   Core 0 '' <Latency = 0> <II = 1> <Delay = 1.00> <Generic> <Opcode : >

State 17 <SV = 16> <Delay = 5.71>
ST_17 : Operation 225 [2/5] (5.71ns)   --->   "%r_V_22 = mul i112 %sext_ln1118_1, i112 %sext_ln1115"   --->   Operation 225 'mul' 'r_V_22' <Predicate = true> <Delay = 5.71> <CoreInst = "Multiplier">   --->   Core 3 'Multiplier' <Latency = 4> <II = 1> <Delay = 5.71> <FuncUnit> <Opcode : 'mul'> <InPorts = 2> <OutPorts = 1>
ST_17 : Operation 226 [2/5] (5.71ns)   --->   "%r_V_23 = mul i112 %sext_ln1118_2, i112 %sext_ln1115_1"   --->   Operation 226 'mul' 'r_V_23' <Predicate = true> <Delay = 5.71> <CoreInst = "Multiplier">   --->   Core 3 'Multiplier' <Latency = 4> <II = 1> <Delay = 5.71> <FuncUnit> <Opcode : 'mul'> <InPorts = 2> <OutPorts = 1>
ST_17 : Operation 227 [3/5] (5.71ns)   --->   "%r_V_25 = mul i112 %sext_ln1118_3, i112 %sext_ln1115_3"   --->   Operation 227 'mul' 'r_V_25' <Predicate = true> <Delay = 5.71> <CoreInst = "Multiplier">   --->   Core 3 'Multiplier' <Latency = 4> <II = 1> <Delay = 5.71> <FuncUnit> <Opcode : 'mul'> <InPorts = 2> <OutPorts = 1>
ST_17 : Operation 228 [3/5] (5.71ns)   --->   "%r_V_26 = mul i112 %sext_ln1118_4, i112 %sext_ln1115_4"   --->   Operation 228 'mul' 'r_V_26' <Predicate = true> <Delay = 5.71> <CoreInst = "Multiplier">   --->   Core 3 'Multiplier' <Latency = 4> <II = 1> <Delay = 5.71> <FuncUnit> <Opcode : 'mul'> <InPorts = 2> <OutPorts = 1>
ST_17 : Operation 229 [4/5] (5.71ns)   --->   "%r_V_8 = mul i112 %sext_ln1118_5, i112 %sext_ln1115_5"   --->   Operation 229 'mul' 'r_V_8' <Predicate = true> <Delay = 5.71> <CoreInst = "Multiplier">   --->   Core 3 'Multiplier' <Latency = 4> <II = 1> <Delay = 5.71> <FuncUnit> <Opcode : 'mul'> <InPorts = 2> <OutPorts = 1>
ST_17 : Operation 230 [4/5] (5.71ns)   --->   "%r_V_9 = mul i112 %sext_ln1118_6, i112 %sext_ln1115_6"   --->   Operation 230 'mul' 'r_V_9' <Predicate = true> <Delay = 5.71> <CoreInst = "Multiplier">   --->   Core 3 'Multiplier' <Latency = 4> <II = 1> <Delay = 5.71> <FuncUnit> <Opcode : 'mul'> <InPorts = 2> <OutPorts = 1>
ST_17 : Operation 231 [2/5] (5.71ns)   --->   "%r_V_28 = mul i112 %sext_ln1118_7, i112 %sext_ln1115"   --->   Operation 231 'mul' 'r_V_28' <Predicate = true> <Delay = 5.71> <CoreInst = "Multiplier">   --->   Core 3 'Multiplier' <Latency = 4> <II = 1> <Delay = 5.71> <FuncUnit> <Opcode : 'mul'> <InPorts = 2> <OutPorts = 1>
ST_17 : Operation 232 [2/5] (5.71ns)   --->   "%r_V_29 = mul i112 %sext_ln1118_8, i112 %sext_ln1115_1"   --->   Operation 232 'mul' 'r_V_29' <Predicate = true> <Delay = 5.71> <CoreInst = "Multiplier">   --->   Core 3 'Multiplier' <Latency = 4> <II = 1> <Delay = 5.71> <FuncUnit> <Opcode : 'mul'> <InPorts = 2> <OutPorts = 1>
ST_17 : Operation 233 [4/5] (5.71ns)   --->   "%r_V_30 = mul i112 %sext_ln1118_9, i112 %sext_ln1115_3"   --->   Operation 233 'mul' 'r_V_30' <Predicate = true> <Delay = 5.71> <CoreInst = "Multiplier">   --->   Core 3 'Multiplier' <Latency = 4> <II = 1> <Delay = 5.71> <FuncUnit> <Opcode : 'mul'> <InPorts = 2> <OutPorts = 1>
ST_17 : Operation 234 [4/5] (5.71ns)   --->   "%r_V_31 = mul i112 %sext_ln1118_10, i112 %sext_ln1115_4"   --->   Operation 234 'mul' 'r_V_31' <Predicate = true> <Delay = 5.71> <CoreInst = "Multiplier">   --->   Core 3 'Multiplier' <Latency = 4> <II = 1> <Delay = 5.71> <FuncUnit> <Opcode : 'mul'> <InPorts = 2> <OutPorts = 1>
ST_17 : Operation 235 [1/1] (0.00ns)   --->   "%sext_ln1118_11 = sext i50 %op2_V_s"   --->   Operation 235 'sext' 'sext_ln1118_11' <Predicate = true> <Delay = 0.00>
ST_17 : Operation 236 [5/5] (5.71ns)   --->   "%r_V_14 = mul i112 %sext_ln1118_11, i112 %sext_ln1115_5"   --->   Operation 236 'mul' 'r_V_14' <Predicate = true> <Delay = 5.71> <CoreInst = "Multiplier">   --->   Core 3 'Multiplier' <Latency = 4> <II = 1> <Delay = 5.71> <FuncUnit> <Opcode : 'mul'> <InPorts = 2> <OutPorts = 1>
ST_17 : Operation 237 [1/1] (0.00ns)   --->   "%sext_ln1118_12 = sext i50 %op2_V_10"   --->   Operation 237 'sext' 'sext_ln1118_12' <Predicate = true> <Delay = 0.00>
ST_17 : Operation 238 [5/5] (5.71ns)   --->   "%r_V_15 = mul i112 %sext_ln1118_12, i112 %sext_ln1115_6"   --->   Operation 238 'mul' 'r_V_15' <Predicate = true> <Delay = 5.71> <CoreInst = "Multiplier">   --->   Core 3 'Multiplier' <Latency = 4> <II = 1> <Delay = 5.71> <FuncUnit> <Opcode : 'mul'> <InPorts = 2> <OutPorts = 1>
ST_17 : Operation 239 [2/5] (5.71ns)   --->   "%r_V_32 = mul i112 %sext_ln1118_13, i112 %sext_ln1115"   --->   Operation 239 'mul' 'r_V_32' <Predicate = true> <Delay = 5.71> <CoreInst = "Multiplier">   --->   Core 3 'Multiplier' <Latency = 4> <II = 1> <Delay = 5.71> <FuncUnit> <Opcode : 'mul'> <InPorts = 2> <OutPorts = 1>
ST_17 : Operation 240 [2/5] (5.71ns)   --->   "%r_V_33 = mul i112 %sext_ln1118_14, i112 %sext_ln1115_1"   --->   Operation 240 'mul' 'r_V_33' <Predicate = true> <Delay = 5.71> <CoreInst = "Multiplier">   --->   Core 3 'Multiplier' <Latency = 4> <II = 1> <Delay = 5.71> <FuncUnit> <Opcode : 'mul'> <InPorts = 2> <OutPorts = 1>
ST_17 : Operation 241 [4/5] (5.71ns)   --->   "%r_V_34 = mul i112 %sext_ln1118_15, i112 %sext_ln1115_3"   --->   Operation 241 'mul' 'r_V_34' <Predicate = true> <Delay = 5.71> <CoreInst = "Multiplier">   --->   Core 3 'Multiplier' <Latency = 4> <II = 1> <Delay = 5.71> <FuncUnit> <Opcode : 'mul'> <InPorts = 2> <OutPorts = 1>
ST_17 : Operation 242 [4/5] (5.71ns)   --->   "%r_V_35 = mul i112 %sext_ln1118_16, i112 %sext_ln1115_4"   --->   Operation 242 'mul' 'r_V_35' <Predicate = true> <Delay = 5.71> <CoreInst = "Multiplier">   --->   Core 3 'Multiplier' <Latency = 4> <II = 1> <Delay = 5.71> <FuncUnit> <Opcode : 'mul'> <InPorts = 2> <OutPorts = 1>
ST_17 : Operation 243 [1/1] (0.00ns)   --->   "%sext_ln1118_17 = sext i50 %op2_V_15"   --->   Operation 243 'sext' 'sext_ln1118_17' <Predicate = true> <Delay = 0.00>
ST_17 : Operation 244 [5/5] (5.71ns)   --->   "%r_V_20 = mul i112 %sext_ln1118_17, i112 %sext_ln1115_5"   --->   Operation 244 'mul' 'r_V_20' <Predicate = true> <Delay = 5.71> <CoreInst = "Multiplier">   --->   Core 3 'Multiplier' <Latency = 4> <II = 1> <Delay = 5.71> <FuncUnit> <Opcode : 'mul'> <InPorts = 2> <OutPorts = 1>
ST_17 : Operation 245 [1/1] (0.00ns)   --->   "%sext_ln1118_18 = sext i50 %op2_V_16"   --->   Operation 245 'sext' 'sext_ln1118_18' <Predicate = true> <Delay = 0.00>
ST_17 : Operation 246 [5/5] (5.71ns)   --->   "%r_V_21 = mul i112 %sext_ln1118_18, i112 %sext_ln1115_6"   --->   Operation 246 'mul' 'r_V_21' <Predicate = true> <Delay = 5.71> <CoreInst = "Multiplier">   --->   Core 3 'Multiplier' <Latency = 4> <II = 1> <Delay = 5.71> <FuncUnit> <Opcode : 'mul'> <InPorts = 2> <OutPorts = 1>

State 18 <SV = 17> <Delay = 5.71>
ST_18 : Operation 247 [1/5] (5.71ns)   --->   "%r_V_22 = mul i112 %sext_ln1118_1, i112 %sext_ln1115"   --->   Operation 247 'mul' 'r_V_22' <Predicate = true> <Delay = 5.71> <CoreInst = "Multiplier">   --->   Core 3 'Multiplier' <Latency = 4> <II = 1> <Delay = 5.71> <FuncUnit> <Opcode : 'mul'> <InPorts = 2> <OutPorts = 1>
ST_18 : Operation 248 [1/5] (5.71ns)   --->   "%r_V_23 = mul i112 %sext_ln1118_2, i112 %sext_ln1115_1"   --->   Operation 248 'mul' 'r_V_23' <Predicate = true> <Delay = 5.71> <CoreInst = "Multiplier">   --->   Core 3 'Multiplier' <Latency = 4> <II = 1> <Delay = 5.71> <FuncUnit> <Opcode : 'mul'> <InPorts = 2> <OutPorts = 1>
ST_18 : Operation 249 [2/5] (5.71ns)   --->   "%r_V_25 = mul i112 %sext_ln1118_3, i112 %sext_ln1115_3"   --->   Operation 249 'mul' 'r_V_25' <Predicate = true> <Delay = 5.71> <CoreInst = "Multiplier">   --->   Core 3 'Multiplier' <Latency = 4> <II = 1> <Delay = 5.71> <FuncUnit> <Opcode : 'mul'> <InPorts = 2> <OutPorts = 1>
ST_18 : Operation 250 [2/5] (5.71ns)   --->   "%r_V_26 = mul i112 %sext_ln1118_4, i112 %sext_ln1115_4"   --->   Operation 250 'mul' 'r_V_26' <Predicate = true> <Delay = 5.71> <CoreInst = "Multiplier">   --->   Core 3 'Multiplier' <Latency = 4> <II = 1> <Delay = 5.71> <FuncUnit> <Opcode : 'mul'> <InPorts = 2> <OutPorts = 1>
ST_18 : Operation 251 [3/5] (5.71ns)   --->   "%r_V_8 = mul i112 %sext_ln1118_5, i112 %sext_ln1115_5"   --->   Operation 251 'mul' 'r_V_8' <Predicate = true> <Delay = 5.71> <CoreInst = "Multiplier">   --->   Core 3 'Multiplier' <Latency = 4> <II = 1> <Delay = 5.71> <FuncUnit> <Opcode : 'mul'> <InPorts = 2> <OutPorts = 1>
ST_18 : Operation 252 [3/5] (5.71ns)   --->   "%r_V_9 = mul i112 %sext_ln1118_6, i112 %sext_ln1115_6"   --->   Operation 252 'mul' 'r_V_9' <Predicate = true> <Delay = 5.71> <CoreInst = "Multiplier">   --->   Core 3 'Multiplier' <Latency = 4> <II = 1> <Delay = 5.71> <FuncUnit> <Opcode : 'mul'> <InPorts = 2> <OutPorts = 1>
ST_18 : Operation 253 [1/5] (5.71ns)   --->   "%r_V_28 = mul i112 %sext_ln1118_7, i112 %sext_ln1115"   --->   Operation 253 'mul' 'r_V_28' <Predicate = true> <Delay = 5.71> <CoreInst = "Multiplier">   --->   Core 3 'Multiplier' <Latency = 4> <II = 1> <Delay = 5.71> <FuncUnit> <Opcode : 'mul'> <InPorts = 2> <OutPorts = 1>
ST_18 : Operation 254 [1/5] (5.71ns)   --->   "%r_V_29 = mul i112 %sext_ln1118_8, i112 %sext_ln1115_1"   --->   Operation 254 'mul' 'r_V_29' <Predicate = true> <Delay = 5.71> <CoreInst = "Multiplier">   --->   Core 3 'Multiplier' <Latency = 4> <II = 1> <Delay = 5.71> <FuncUnit> <Opcode : 'mul'> <InPorts = 2> <OutPorts = 1>
ST_18 : Operation 255 [3/5] (5.71ns)   --->   "%r_V_30 = mul i112 %sext_ln1118_9, i112 %sext_ln1115_3"   --->   Operation 255 'mul' 'r_V_30' <Predicate = true> <Delay = 5.71> <CoreInst = "Multiplier">   --->   Core 3 'Multiplier' <Latency = 4> <II = 1> <Delay = 5.71> <FuncUnit> <Opcode : 'mul'> <InPorts = 2> <OutPorts = 1>
ST_18 : Operation 256 [3/5] (5.71ns)   --->   "%r_V_31 = mul i112 %sext_ln1118_10, i112 %sext_ln1115_4"   --->   Operation 256 'mul' 'r_V_31' <Predicate = true> <Delay = 5.71> <CoreInst = "Multiplier">   --->   Core 3 'Multiplier' <Latency = 4> <II = 1> <Delay = 5.71> <FuncUnit> <Opcode : 'mul'> <InPorts = 2> <OutPorts = 1>
ST_18 : Operation 257 [4/5] (5.71ns)   --->   "%r_V_14 = mul i112 %sext_ln1118_11, i112 %sext_ln1115_5"   --->   Operation 257 'mul' 'r_V_14' <Predicate = true> <Delay = 5.71> <CoreInst = "Multiplier">   --->   Core 3 'Multiplier' <Latency = 4> <II = 1> <Delay = 5.71> <FuncUnit> <Opcode : 'mul'> <InPorts = 2> <OutPorts = 1>
ST_18 : Operation 258 [4/5] (5.71ns)   --->   "%r_V_15 = mul i112 %sext_ln1118_12, i112 %sext_ln1115_6"   --->   Operation 258 'mul' 'r_V_15' <Predicate = true> <Delay = 5.71> <CoreInst = "Multiplier">   --->   Core 3 'Multiplier' <Latency = 4> <II = 1> <Delay = 5.71> <FuncUnit> <Opcode : 'mul'> <InPorts = 2> <OutPorts = 1>
ST_18 : Operation 259 [1/5] (5.71ns)   --->   "%r_V_32 = mul i112 %sext_ln1118_13, i112 %sext_ln1115"   --->   Operation 259 'mul' 'r_V_32' <Predicate = true> <Delay = 5.71> <CoreInst = "Multiplier">   --->   Core 3 'Multiplier' <Latency = 4> <II = 1> <Delay = 5.71> <FuncUnit> <Opcode : 'mul'> <InPorts = 2> <OutPorts = 1>
ST_18 : Operation 260 [1/5] (5.71ns)   --->   "%r_V_33 = mul i112 %sext_ln1118_14, i112 %sext_ln1115_1"   --->   Operation 260 'mul' 'r_V_33' <Predicate = true> <Delay = 5.71> <CoreInst = "Multiplier">   --->   Core 3 'Multiplier' <Latency = 4> <II = 1> <Delay = 5.71> <FuncUnit> <Opcode : 'mul'> <InPorts = 2> <OutPorts = 1>
ST_18 : Operation 261 [3/5] (5.71ns)   --->   "%r_V_34 = mul i112 %sext_ln1118_15, i112 %sext_ln1115_3"   --->   Operation 261 'mul' 'r_V_34' <Predicate = true> <Delay = 5.71> <CoreInst = "Multiplier">   --->   Core 3 'Multiplier' <Latency = 4> <II = 1> <Delay = 5.71> <FuncUnit> <Opcode : 'mul'> <InPorts = 2> <OutPorts = 1>
ST_18 : Operation 262 [3/5] (5.71ns)   --->   "%r_V_35 = mul i112 %sext_ln1118_16, i112 %sext_ln1115_4"   --->   Operation 262 'mul' 'r_V_35' <Predicate = true> <Delay = 5.71> <CoreInst = "Multiplier">   --->   Core 3 'Multiplier' <Latency = 4> <II = 1> <Delay = 5.71> <FuncUnit> <Opcode : 'mul'> <InPorts = 2> <OutPorts = 1>
ST_18 : Operation 263 [4/5] (5.71ns)   --->   "%r_V_20 = mul i112 %sext_ln1118_17, i112 %sext_ln1115_5"   --->   Operation 263 'mul' 'r_V_20' <Predicate = true> <Delay = 5.71> <CoreInst = "Multiplier">   --->   Core 3 'Multiplier' <Latency = 4> <II = 1> <Delay = 5.71> <FuncUnit> <Opcode : 'mul'> <InPorts = 2> <OutPorts = 1>
ST_18 : Operation 264 [4/5] (5.71ns)   --->   "%r_V_21 = mul i112 %sext_ln1118_18, i112 %sext_ln1115_6"   --->   Operation 264 'mul' 'r_V_21' <Predicate = true> <Delay = 5.71> <CoreInst = "Multiplier">   --->   Core 3 'Multiplier' <Latency = 4> <II = 1> <Delay = 5.71> <FuncUnit> <Opcode : 'mul'> <InPorts = 2> <OutPorts = 1>

State 19 <SV = 18> <Delay = 5.71>
ST_19 : Operation 265 [1/1] (4.17ns)   --->   "%ret_V_27 = add i112 %r_V_23, i112 %r_V_22"   --->   Operation 265 'add' 'ret_V_27' <Predicate = true> <Delay = 4.17> <CoreInst = "Adder">   --->   Core 1 'Adder' <Latency = 0> <II = 1> <Delay = 4.17> <FuncUnit> <Opcode : 'add' 'sub'> <InPorts = 2> <OutPorts = 1>
ST_19 : Operation 266 [1/5] (5.71ns)   --->   "%r_V_25 = mul i112 %sext_ln1118_3, i112 %sext_ln1115_3"   --->   Operation 266 'mul' 'r_V_25' <Predicate = true> <Delay = 5.71> <CoreInst = "Multiplier">   --->   Core 3 'Multiplier' <Latency = 4> <II = 1> <Delay = 5.71> <FuncUnit> <Opcode : 'mul'> <InPorts = 2> <OutPorts = 1>
ST_19 : Operation 267 [1/5] (5.71ns)   --->   "%r_V_26 = mul i112 %sext_ln1118_4, i112 %sext_ln1115_4"   --->   Operation 267 'mul' 'r_V_26' <Predicate = true> <Delay = 5.71> <CoreInst = "Multiplier">   --->   Core 3 'Multiplier' <Latency = 4> <II = 1> <Delay = 5.71> <FuncUnit> <Opcode : 'mul'> <InPorts = 2> <OutPorts = 1>
ST_19 : Operation 268 [2/5] (5.71ns)   --->   "%r_V_8 = mul i112 %sext_ln1118_5, i112 %sext_ln1115_5"   --->   Operation 268 'mul' 'r_V_8' <Predicate = true> <Delay = 5.71> <CoreInst = "Multiplier">   --->   Core 3 'Multiplier' <Latency = 4> <II = 1> <Delay = 5.71> <FuncUnit> <Opcode : 'mul'> <InPorts = 2> <OutPorts = 1>
ST_19 : Operation 269 [2/5] (5.71ns)   --->   "%r_V_9 = mul i112 %sext_ln1118_6, i112 %sext_ln1115_6"   --->   Operation 269 'mul' 'r_V_9' <Predicate = true> <Delay = 5.71> <CoreInst = "Multiplier">   --->   Core 3 'Multiplier' <Latency = 4> <II = 1> <Delay = 5.71> <FuncUnit> <Opcode : 'mul'> <InPorts = 2> <OutPorts = 1>
ST_19 : Operation 270 [1/1] (4.17ns)   --->   "%ret_V_33 = add i112 %r_V_29, i112 %r_V_28"   --->   Operation 270 'add' 'ret_V_33' <Predicate = true> <Delay = 4.17> <CoreInst = "Adder">   --->   Core 1 'Adder' <Latency = 0> <II = 1> <Delay = 4.17> <FuncUnit> <Opcode : 'add' 'sub'> <InPorts = 2> <OutPorts = 1>
ST_19 : Operation 271 [2/5] (5.71ns)   --->   "%r_V_30 = mul i112 %sext_ln1118_9, i112 %sext_ln1115_3"   --->   Operation 271 'mul' 'r_V_30' <Predicate = true> <Delay = 5.71> <CoreInst = "Multiplier">   --->   Core 3 'Multiplier' <Latency = 4> <II = 1> <Delay = 5.71> <FuncUnit> <Opcode : 'mul'> <InPorts = 2> <OutPorts = 1>
ST_19 : Operation 272 [2/5] (5.71ns)   --->   "%r_V_31 = mul i112 %sext_ln1118_10, i112 %sext_ln1115_4"   --->   Operation 272 'mul' 'r_V_31' <Predicate = true> <Delay = 5.71> <CoreInst = "Multiplier">   --->   Core 3 'Multiplier' <Latency = 4> <II = 1> <Delay = 5.71> <FuncUnit> <Opcode : 'mul'> <InPorts = 2> <OutPorts = 1>
ST_19 : Operation 273 [3/5] (5.71ns)   --->   "%r_V_14 = mul i112 %sext_ln1118_11, i112 %sext_ln1115_5"   --->   Operation 273 'mul' 'r_V_14' <Predicate = true> <Delay = 5.71> <CoreInst = "Multiplier">   --->   Core 3 'Multiplier' <Latency = 4> <II = 1> <Delay = 5.71> <FuncUnit> <Opcode : 'mul'> <InPorts = 2> <OutPorts = 1>
ST_19 : Operation 274 [3/5] (5.71ns)   --->   "%r_V_15 = mul i112 %sext_ln1118_12, i112 %sext_ln1115_6"   --->   Operation 274 'mul' 'r_V_15' <Predicate = true> <Delay = 5.71> <CoreInst = "Multiplier">   --->   Core 3 'Multiplier' <Latency = 4> <II = 1> <Delay = 5.71> <FuncUnit> <Opcode : 'mul'> <InPorts = 2> <OutPorts = 1>
ST_19 : Operation 275 [1/1] (4.17ns)   --->   "%ret_V_35 = add i112 %r_V_33, i112 %r_V_32"   --->   Operation 275 'add' 'ret_V_35' <Predicate = true> <Delay = 4.17> <CoreInst = "Adder">   --->   Core 1 'Adder' <Latency = 0> <II = 1> <Delay = 4.17> <FuncUnit> <Opcode : 'add' 'sub'> <InPorts = 2> <OutPorts = 1>
ST_19 : Operation 276 [2/5] (5.71ns)   --->   "%r_V_34 = mul i112 %sext_ln1118_15, i112 %sext_ln1115_3"   --->   Operation 276 'mul' 'r_V_34' <Predicate = true> <Delay = 5.71> <CoreInst = "Multiplier">   --->   Core 3 'Multiplier' <Latency = 4> <II = 1> <Delay = 5.71> <FuncUnit> <Opcode : 'mul'> <InPorts = 2> <OutPorts = 1>
ST_19 : Operation 277 [2/5] (5.71ns)   --->   "%r_V_35 = mul i112 %sext_ln1118_16, i112 %sext_ln1115_4"   --->   Operation 277 'mul' 'r_V_35' <Predicate = true> <Delay = 5.71> <CoreInst = "Multiplier">   --->   Core 3 'Multiplier' <Latency = 4> <II = 1> <Delay = 5.71> <FuncUnit> <Opcode : 'mul'> <InPorts = 2> <OutPorts = 1>
ST_19 : Operation 278 [3/5] (5.71ns)   --->   "%r_V_20 = mul i112 %sext_ln1118_17, i112 %sext_ln1115_5"   --->   Operation 278 'mul' 'r_V_20' <Predicate = true> <Delay = 5.71> <CoreInst = "Multiplier">   --->   Core 3 'Multiplier' <Latency = 4> <II = 1> <Delay = 5.71> <FuncUnit> <Opcode : 'mul'> <InPorts = 2> <OutPorts = 1>
ST_19 : Operation 279 [3/5] (5.71ns)   --->   "%r_V_21 = mul i112 %sext_ln1118_18, i112 %sext_ln1115_6"   --->   Operation 279 'mul' 'r_V_21' <Predicate = true> <Delay = 5.71> <CoreInst = "Multiplier">   --->   Core 3 'Multiplier' <Latency = 4> <II = 1> <Delay = 5.71> <FuncUnit> <Opcode : 'mul'> <InPorts = 2> <OutPorts = 1>

State 20 <SV = 19> <Delay = 5.72>
ST_20 : Operation 280 [1/1] (0.00ns) (grouped into TernaryAdder)   --->   "%ret_V_29 = add i112 %ret_V_27, i112 %r_V_25"   --->   Operation 280 'add' 'ret_V_29' <Predicate = true> <Delay = 0.00> <CoreInst = "TAddSub">   --->   Core 10 'TAddSub' <Latency = 0> <II = 1> <Delay = 2.86> <IPBlock> <Opcode : 'add' 'sub'> <InPorts = 3> <OutPorts = 1> <Sync>
ST_20 : Operation 281 [1/1] (5.72ns) (root node of TernaryAdder)   --->   "%ret_V = add i112 %ret_V_29, i112 %r_V_26"   --->   Operation 281 'add' 'ret_V' <Predicate = true> <Delay = 5.72> <CoreInst = "TAddSub">   --->   Core 10 'TAddSub' <Latency = 0> <II = 1> <Delay = 2.86> <IPBlock> <Opcode : 'add' 'sub'> <InPorts = 3> <OutPorts = 1> <Sync>
ST_20 : Operation 282 [1/5] (5.71ns)   --->   "%r_V_8 = mul i112 %sext_ln1118_5, i112 %sext_ln1115_5"   --->   Operation 282 'mul' 'r_V_8' <Predicate = true> <Delay = 5.71> <CoreInst = "Multiplier">   --->   Core 3 'Multiplier' <Latency = 4> <II = 1> <Delay = 5.71> <FuncUnit> <Opcode : 'mul'> <InPorts = 2> <OutPorts = 1>
ST_20 : Operation 283 [1/5] (5.71ns)   --->   "%r_V_9 = mul i112 %sext_ln1118_6, i112 %sext_ln1115_6"   --->   Operation 283 'mul' 'r_V_9' <Predicate = true> <Delay = 5.71> <CoreInst = "Multiplier">   --->   Core 3 'Multiplier' <Latency = 4> <II = 1> <Delay = 5.71> <FuncUnit> <Opcode : 'mul'> <InPorts = 2> <OutPorts = 1>
ST_20 : Operation 284 [1/5] (5.71ns)   --->   "%r_V_30 = mul i112 %sext_ln1118_9, i112 %sext_ln1115_3"   --->   Operation 284 'mul' 'r_V_30' <Predicate = true> <Delay = 5.71> <CoreInst = "Multiplier">   --->   Core 3 'Multiplier' <Latency = 4> <II = 1> <Delay = 5.71> <FuncUnit> <Opcode : 'mul'> <InPorts = 2> <OutPorts = 1>
ST_20 : Operation 285 [1/5] (5.71ns)   --->   "%r_V_31 = mul i112 %sext_ln1118_10, i112 %sext_ln1115_4"   --->   Operation 285 'mul' 'r_V_31' <Predicate = true> <Delay = 5.71> <CoreInst = "Multiplier">   --->   Core 3 'Multiplier' <Latency = 4> <II = 1> <Delay = 5.71> <FuncUnit> <Opcode : 'mul'> <InPorts = 2> <OutPorts = 1>
ST_20 : Operation 286 [2/5] (5.71ns)   --->   "%r_V_14 = mul i112 %sext_ln1118_11, i112 %sext_ln1115_5"   --->   Operation 286 'mul' 'r_V_14' <Predicate = true> <Delay = 5.71> <CoreInst = "Multiplier">   --->   Core 3 'Multiplier' <Latency = 4> <II = 1> <Delay = 5.71> <FuncUnit> <Opcode : 'mul'> <InPorts = 2> <OutPorts = 1>
ST_20 : Operation 287 [2/5] (5.71ns)   --->   "%r_V_15 = mul i112 %sext_ln1118_12, i112 %sext_ln1115_6"   --->   Operation 287 'mul' 'r_V_15' <Predicate = true> <Delay = 5.71> <CoreInst = "Multiplier">   --->   Core 3 'Multiplier' <Latency = 4> <II = 1> <Delay = 5.71> <FuncUnit> <Opcode : 'mul'> <InPorts = 2> <OutPorts = 1>
ST_20 : Operation 288 [1/5] (5.71ns)   --->   "%r_V_34 = mul i112 %sext_ln1118_15, i112 %sext_ln1115_3"   --->   Operation 288 'mul' 'r_V_34' <Predicate = true> <Delay = 5.71> <CoreInst = "Multiplier">   --->   Core 3 'Multiplier' <Latency = 4> <II = 1> <Delay = 5.71> <FuncUnit> <Opcode : 'mul'> <InPorts = 2> <OutPorts = 1>
ST_20 : Operation 289 [1/5] (5.71ns)   --->   "%r_V_35 = mul i112 %sext_ln1118_16, i112 %sext_ln1115_4"   --->   Operation 289 'mul' 'r_V_35' <Predicate = true> <Delay = 5.71> <CoreInst = "Multiplier">   --->   Core 3 'Multiplier' <Latency = 4> <II = 1> <Delay = 5.71> <FuncUnit> <Opcode : 'mul'> <InPorts = 2> <OutPorts = 1>
ST_20 : Operation 290 [2/5] (5.71ns)   --->   "%r_V_20 = mul i112 %sext_ln1118_17, i112 %sext_ln1115_5"   --->   Operation 290 'mul' 'r_V_20' <Predicate = true> <Delay = 5.71> <CoreInst = "Multiplier">   --->   Core 3 'Multiplier' <Latency = 4> <II = 1> <Delay = 5.71> <FuncUnit> <Opcode : 'mul'> <InPorts = 2> <OutPorts = 1>
ST_20 : Operation 291 [2/5] (5.71ns)   --->   "%r_V_21 = mul i112 %sext_ln1118_18, i112 %sext_ln1115_6"   --->   Operation 291 'mul' 'r_V_21' <Predicate = true> <Delay = 5.71> <CoreInst = "Multiplier">   --->   Core 3 'Multiplier' <Latency = 4> <II = 1> <Delay = 5.71> <FuncUnit> <Opcode : 'mul'> <InPorts = 2> <OutPorts = 1>

State 21 <SV = 20> <Delay = 5.72>
ST_21 : Operation 292 [1/1] (0.00ns) (grouped into TernaryAdder)   --->   "%ret_V_6 = add i112 %ret_V, i112 %r_V_8"   --->   Operation 292 'add' 'ret_V_6' <Predicate = true> <Delay = 0.00> <CoreInst = "TAddSub">   --->   Core 10 'TAddSub' <Latency = 0> <II = 1> <Delay = 2.86> <IPBlock> <Opcode : 'add' 'sub'> <InPorts = 3> <OutPorts = 1> <Sync>
ST_21 : Operation 293 [1/1] (5.72ns) (root node of TernaryAdder)   --->   "%ret_V_8 = add i112 %ret_V_6, i112 %r_V_9"   --->   Operation 293 'add' 'ret_V_8' <Predicate = true> <Delay = 5.72> <CoreInst = "TAddSub">   --->   Core 10 'TAddSub' <Latency = 0> <II = 1> <Delay = 2.86> <IPBlock> <Opcode : 'add' 'sub'> <InPorts = 3> <OutPorts = 1> <Sync>
ST_21 : Operation 294 [1/1] (0.00ns)   --->   "%trunc_ln708_5 = partselect i64 @_ssdm_op_PartSelect.i64.i112.i32.i32, i112 %ret_V_8, i32 48, i32 111"   --->   Operation 294 'partselect' 'trunc_ln708_5' <Predicate = true> <Delay = 0.00>
ST_21 : Operation 295 [1/1] (0.00ns)   --->   "%store_ln53 = store i64 %trunc_ln708_5, i64 %va_V" [../../C-Codes/Fixed_x64/sin_gen_varAmp2_3phi_x64.cpp:53]   --->   Operation 295 'store' 'store_ln53' <Predicate = true> <Delay = 0.00>
ST_21 : Operation 296 [1/1] (0.00ns) (grouped into TernaryAdder)   --->   "%ret_V_34 = add i112 %ret_V_33, i112 %r_V_30"   --->   Operation 296 'add' 'ret_V_34' <Predicate = true> <Delay = 0.00> <CoreInst = "TAddSub">   --->   Core 10 'TAddSub' <Latency = 0> <II = 1> <Delay = 2.86> <IPBlock> <Opcode : 'add' 'sub'> <InPorts = 3> <OutPorts = 1> <Sync>
ST_21 : Operation 297 [1/1] (5.72ns) (root node of TernaryAdder)   --->   "%ret_V_13 = add i112 %ret_V_34, i112 %r_V_31"   --->   Operation 297 'add' 'ret_V_13' <Predicate = true> <Delay = 5.72> <CoreInst = "TAddSub">   --->   Core 10 'TAddSub' <Latency = 0> <II = 1> <Delay = 2.86> <IPBlock> <Opcode : 'add' 'sub'> <InPorts = 3> <OutPorts = 1> <Sync>
ST_21 : Operation 298 [1/5] (5.71ns)   --->   "%r_V_14 = mul i112 %sext_ln1118_11, i112 %sext_ln1115_5"   --->   Operation 298 'mul' 'r_V_14' <Predicate = true> <Delay = 5.71> <CoreInst = "Multiplier">   --->   Core 3 'Multiplier' <Latency = 4> <II = 1> <Delay = 5.71> <FuncUnit> <Opcode : 'mul'> <InPorts = 2> <OutPorts = 1>
ST_21 : Operation 299 [1/5] (5.71ns)   --->   "%r_V_15 = mul i112 %sext_ln1118_12, i112 %sext_ln1115_6"   --->   Operation 299 'mul' 'r_V_15' <Predicate = true> <Delay = 5.71> <CoreInst = "Multiplier">   --->   Core 3 'Multiplier' <Latency = 4> <II = 1> <Delay = 5.71> <FuncUnit> <Opcode : 'mul'> <InPorts = 2> <OutPorts = 1>
ST_21 : Operation 300 [1/1] (0.00ns) (grouped into TernaryAdder)   --->   "%ret_V_36 = add i112 %ret_V_35, i112 %r_V_34"   --->   Operation 300 'add' 'ret_V_36' <Predicate = true> <Delay = 0.00> <CoreInst = "TAddSub">   --->   Core 10 'TAddSub' <Latency = 0> <II = 1> <Delay = 2.86> <IPBlock> <Opcode : 'add' 'sub'> <InPorts = 3> <OutPorts = 1> <Sync>
ST_21 : Operation 301 [1/1] (5.72ns) (root node of TernaryAdder)   --->   "%ret_V_22 = add i112 %ret_V_36, i112 %r_V_35"   --->   Operation 301 'add' 'ret_V_22' <Predicate = true> <Delay = 5.72> <CoreInst = "TAddSub">   --->   Core 10 'TAddSub' <Latency = 0> <II = 1> <Delay = 2.86> <IPBlock> <Opcode : 'add' 'sub'> <InPorts = 3> <OutPorts = 1> <Sync>
ST_21 : Operation 302 [1/5] (5.71ns)   --->   "%r_V_20 = mul i112 %sext_ln1118_17, i112 %sext_ln1115_5"   --->   Operation 302 'mul' 'r_V_20' <Predicate = true> <Delay = 5.71> <CoreInst = "Multiplier">   --->   Core 3 'Multiplier' <Latency = 4> <II = 1> <Delay = 5.71> <FuncUnit> <Opcode : 'mul'> <InPorts = 2> <OutPorts = 1>
ST_21 : Operation 303 [1/5] (5.71ns)   --->   "%r_V_21 = mul i112 %sext_ln1118_18, i112 %sext_ln1115_6"   --->   Operation 303 'mul' 'r_V_21' <Predicate = true> <Delay = 5.71> <CoreInst = "Multiplier">   --->   Core 3 'Multiplier' <Latency = 4> <II = 1> <Delay = 5.71> <FuncUnit> <Opcode : 'mul'> <InPorts = 2> <OutPorts = 1>

State 22 <SV = 21> <Delay = 5.72>
ST_22 : Operation 304 [1/1] (0.00ns) (grouped into TernaryAdder)   --->   "%ret_V_15 = add i112 %ret_V_13, i112 %r_V_14"   --->   Operation 304 'add' 'ret_V_15' <Predicate = (xor_ln870)> <Delay = 0.00> <CoreInst = "TAddSub">   --->   Core 10 'TAddSub' <Latency = 0> <II = 1> <Delay = 2.86> <IPBlock> <Opcode : 'add' 'sub'> <InPorts = 3> <OutPorts = 1> <Sync>
ST_22 : Operation 305 [1/1] (5.72ns) (root node of TernaryAdder)   --->   "%ret_V_17 = add i112 %ret_V_15, i112 %r_V_15"   --->   Operation 305 'add' 'ret_V_17' <Predicate = (xor_ln870)> <Delay = 5.72> <CoreInst = "TAddSub">   --->   Core 10 'TAddSub' <Latency = 0> <II = 1> <Delay = 2.86> <IPBlock> <Opcode : 'add' 'sub'> <InPorts = 3> <OutPorts = 1> <Sync>
ST_22 : Operation 306 [1/1] (0.00ns)   --->   "%trunc_ln708_s = partselect i64 @_ssdm_op_PartSelect.i64.i112.i32.i32, i112 %ret_V_17, i32 48, i32 111"   --->   Operation 306 'partselect' 'trunc_ln708_s' <Predicate = (xor_ln870)> <Delay = 0.00>
ST_22 : Operation 307 [1/1] (0.00ns)   --->   "%store_ln63 = store i64 %trunc_ln708_s, i64 %vb_V" [../../C-Codes/Fixed_x64/sin_gen_varAmp2_3phi_x64.cpp:63]   --->   Operation 307 'store' 'store_ln63' <Predicate = (xor_ln870)> <Delay = 0.00>
ST_22 : Operation 308 [1/1] (0.00ns) (grouped into TernaryAdder)   --->   "%ret_V_24 = add i112 %ret_V_22, i112 %r_V_20"   --->   Operation 308 'add' 'ret_V_24' <Predicate = (xor_ln870)> <Delay = 0.00> <CoreInst = "TAddSub">   --->   Core 10 'TAddSub' <Latency = 0> <II = 1> <Delay = 2.86> <IPBlock> <Opcode : 'add' 'sub'> <InPorts = 3> <OutPorts = 1> <Sync>
ST_22 : Operation 309 [1/1] (5.72ns) (root node of TernaryAdder)   --->   "%ret_V_26 = add i112 %ret_V_24, i112 %r_V_21"   --->   Operation 309 'add' 'ret_V_26' <Predicate = (xor_ln870)> <Delay = 5.72> <CoreInst = "TAddSub">   --->   Core 10 'TAddSub' <Latency = 0> <II = 1> <Delay = 2.86> <IPBlock> <Opcode : 'add' 'sub'> <InPorts = 3> <OutPorts = 1> <Sync>
ST_22 : Operation 310 [1/1] (0.00ns)   --->   "%trunc_ln708_14 = partselect i64 @_ssdm_op_PartSelect.i64.i112.i32.i32, i112 %ret_V_26, i32 48, i32 111"   --->   Operation 310 'partselect' 'trunc_ln708_14' <Predicate = (xor_ln870)> <Delay = 0.00>
ST_22 : Operation 311 [1/1] (0.00ns)   --->   "%store_ln71 = store i64 %trunc_ln708_14, i64 %vc_V" [../../C-Codes/Fixed_x64/sin_gen_varAmp2_3phi_x64.cpp:71]   --->   Operation 311 'store' 'store_ln71' <Predicate = (xor_ln870)> <Delay = 0.00>
ST_22 : Operation 312 [1/1] (1.32ns)   --->   "%br_ln0 = br void %._crit_edge"   --->   Operation 312 'br' 'br_ln0' <Predicate = (xor_ln870)> <Delay = 1.32>
ST_22 : Operation 313 [1/1] (0.00ns)   --->   "%wt_V_loc_0 = phi i64 %r_V_3, void %_ZN8ap_fixedILi64ELi16EL9ap_q_mode5EL9ap_o_mode3ELi0EEC2ILi128ELi32ELb1ELS0_5ELS1_3ELi0EEERK13ap_fixed_baseIXT_EXT0_EXT1_EXT2_EXT3_EXT4_EE.exit, i64 %wt_V_load, void"   --->   Operation 313 'phi' 'wt_V_loc_0' <Predicate = true> <Delay = 0.00>
ST_22 : Operation 314 [1/1] (0.00ns)   --->   "%write_ln87 = write void @_ssdm_op_Write.ap_auto.i64P0A, i64 %wtout, i64 %wt_V_loc_0" [../../C-Codes/Fixed_x64/sin_gen_varAmp2_3phi_x64.cpp:87]   --->   Operation 314 'write' 'write_ln87' <Predicate = true> <Delay = 0.00>
ST_22 : Operation 315 [1/1] (0.00ns)   --->   "%va_V_load = load i64 %va_V" [../../C-Codes/Fixed_x64/sin_gen_varAmp2_3phi_x64.cpp:88]   --->   Operation 315 'load' 'va_V_load' <Predicate = true> <Delay = 0.00>
ST_22 : Operation 316 [1/1] (0.00ns)   --->   "%write_ln88 = write void @_ssdm_op_Write.ap_auto.i64P0A, i64 %vout_a, i64 %va_V_load" [../../C-Codes/Fixed_x64/sin_gen_varAmp2_3phi_x64.cpp:88]   --->   Operation 316 'write' 'write_ln88' <Predicate = true> <Delay = 0.00>
ST_22 : Operation 317 [1/1] (0.00ns)   --->   "%vb_V_load = load i64 %vb_V" [../../C-Codes/Fixed_x64/sin_gen_varAmp2_3phi_x64.cpp:89]   --->   Operation 317 'load' 'vb_V_load' <Predicate = true> <Delay = 0.00>
ST_22 : Operation 318 [1/1] (0.00ns)   --->   "%write_ln89 = write void @_ssdm_op_Write.ap_auto.i64P0A, i64 %vout_b, i64 %vb_V_load" [../../C-Codes/Fixed_x64/sin_gen_varAmp2_3phi_x64.cpp:89]   --->   Operation 318 'write' 'write_ln89' <Predicate = true> <Delay = 0.00>
ST_22 : Operation 319 [1/1] (0.00ns)   --->   "%vc_V_load = load i64 %vc_V" [../../C-Codes/Fixed_x64/sin_gen_varAmp2_3phi_x64.cpp:90]   --->   Operation 319 'load' 'vc_V_load' <Predicate = true> <Delay = 0.00>
ST_22 : Operation 320 [1/1] (0.00ns)   --->   "%write_ln90 = write void @_ssdm_op_Write.ap_auto.i64P0A, i64 %vout_c, i64 %vc_V_load" [../../C-Codes/Fixed_x64/sin_gen_varAmp2_3phi_x64.cpp:90]   --->   Operation 320 'write' 'write_ln90' <Predicate = true> <Delay = 0.00>
ST_22 : Operation 321 [1/1] (0.00ns)   --->   "%dwt_V_load = load i50 %dwt_V" [../../C-Codes/Fixed_x64/sin_gen_varAmp2_3phi_x64.cpp:91]   --->   Operation 321 'load' 'dwt_V_load' <Predicate = true> <Delay = 0.00>
ST_22 : Operation 322 [1/1] (0.00ns)   --->   "%sext_ln91 = sext i50 %dwt_V_load" [../../C-Codes/Fixed_x64/sin_gen_varAmp2_3phi_x64.cpp:91]   --->   Operation 322 'sext' 'sext_ln91' <Predicate = true> <Delay = 0.00>
ST_22 : Operation 323 [1/1] (0.00ns)   --->   "%write_ln91 = write void @_ssdm_op_Write.ap_auto.i64P0A, i64 %dwtout, i64 %sext_ln91" [../../C-Codes/Fixed_x64/sin_gen_varAmp2_3phi_x64.cpp:91]   --->   Operation 323 'write' 'write_ln91' <Predicate = true> <Delay = 0.00>
ST_22 : Operation 324 [1/1] (0.00ns)   --->   "%ret_ln95 = ret" [../../C-Codes/Fixed_x64/sin_gen_varAmp2_3phi_x64.cpp:95]   --->   Operation 324 'ret' 'ret_ln95' <Predicate = true> <Delay = 0.00>


============================================================
+ Verbose Summary: Timing violations
============================================================
Target clock period: 10ns, clock uncertainty: 2.7ns.

 <State 1>: 5.72ns
The critical path consists of the following:
	wire read on port 'f' (../../C-Codes/Fixed_x64/sin_gen_varAmp2_3phi_x64.cpp:7) [85]  (0 ns)
	'mul' operation ('r.V') [94]  (5.72 ns)

 <State 2>: 5.72ns
The critical path consists of the following:
	'mul' operation ('r.V') [94]  (5.72 ns)

 <State 3>: 5.72ns
The critical path consists of the following:
	'mul' operation ('r.V') [94]  (5.72 ns)

 <State 4>: 5.72ns
The critical path consists of the following:
	'mul' operation ('r.V') [94]  (5.72 ns)

 <State 5>: 5.72ns
The critical path consists of the following:
	'mul' operation ('r.V') [94]  (5.72 ns)

 <State 6>: 3.83ns
The critical path consists of the following:
	'add' operation ('add_ln703') [99]  (3 ns)
	'select' operation ('r.V', ../../C-Codes/Fixed_x64/sin_gen_varAmp2_3phi_x64.cpp:42) [100]  (0.831 ns)

 <State 7>: 5.72ns
The critical path consists of the following:
	'mul' operation ('r.V') [114]  (5.72 ns)

 <State 8>: 5.72ns
The critical path consists of the following:
	'mul' operation ('r.V') [114]  (5.72 ns)

 <State 9>: 5.72ns
The critical path consists of the following:
	'mul' operation ('r.V') [114]  (5.72 ns)

 <State 10>: 5.72ns
The critical path consists of the following:
	'mul' operation ('r.V') [114]  (5.72 ns)

 <State 11>: 7.3ns
The critical path consists of the following:
	'call' operation ('op2_V', ../../C-Codes/Fixed_x64/sin_gen_varAmp2_3phi_x64.cpp:53) to 'sin_2000' [103]  (7.3 ns)

 <State 12>: 7.3ns
The critical path consists of the following:
	'call' operation ('op2_V_6', ../../C-Codes/Fixed_x64/sin_gen_varAmp2_3phi_x64.cpp:63) to 'sin_2000' [151]  (7.3 ns)

 <State 13>: 7.3ns
The critical path consists of the following:
	'call' operation ('op2_V_2', ../../C-Codes/Fixed_x64/sin_gen_varAmp2_3phi_x64.cpp:55) to 'sin_2000' [118]  (7.3 ns)

 <State 14>: 7.3ns
The critical path consists of the following:
	'call' operation ('op2_V_4', ../../C-Codes/Fixed_x64/sin_gen_varAmp2_3phi_x64.cpp:57) to 'sin_2000' [135]  (7.3 ns)

 <State 15>: 7.3ns
The critical path consists of the following:
	'call' operation ('op2_V_s', ../../C-Codes/Fixed_x64/sin_gen_varAmp2_3phi_x64.cpp:67) to 'sin_2000' [173]  (7.3 ns)

 <State 16>: 5.72ns
The critical path consists of the following:
	'mul' operation ('r.V') [106]  (5.72 ns)

 <State 17>: 5.72ns
The critical path consists of the following:
	'mul' operation ('r.V') [106]  (5.72 ns)

 <State 18>: 5.72ns
The critical path consists of the following:
	'mul' operation ('r.V') [106]  (5.72 ns)

 <State 19>: 5.72ns
The critical path consists of the following:
	'mul' operation ('r.V') [121]  (5.72 ns)

 <State 20>: 5.72ns
The critical path consists of the following:
	'add' operation ('ret.V') [122]  (0 ns)
	'add' operation ('ret.V') [130]  (5.72 ns)

 <State 21>: 5.72ns
The critical path consists of the following:
	'add' operation ('ret.V') [139]  (0 ns)
	'add' operation ('ret.V') [147]  (5.72 ns)

 <State 22>: 5.72ns
The critical path consists of the following:
	'add' operation ('ret.V') [176]  (0 ns)
	'add' operation ('ret.V') [182]  (5.72 ns)


============================================================
+ Verbose Summary: Binding
============================================================
N/A
* FSMD analyzer results:
  - Output states:
 - Input state : 
  - Chain level:
	State 1
	State 2
	State 3
	State 4
	State 5
	State 6
	State 7
	State 8
	State 9
	State 10
	State 11
	State 12
	State 13
	State 14
	State 15
	State 16
	State 17
	State 18
	State 19
	State 20
	State 21
	State 22


============================================================
+ Verbose Summary: Datapath Resource usage 
============================================================
N/A
