

================================================================
== Vitis HLS Report for 'ATAN_LUT_signed'
================================================================
* Date:           Fri Jul 10 13:31:11 2026

* Version:        2020.2 (Build 3064766 on Wed Nov 18 09:12:45 MST 2020)
* Project:        PLL2026
* Solution:       solution1 (Vivado IP Flow Target)
* Product family: artix7
* Target device:  xc7a200t-fbg676-2


================================================================
== Performance Estimates
================================================================
+ Timing: 
    * Summary: 
    +--------+----------+----------+------------+
    |  Clock |  Target  | Estimated| Uncertainty|
    +--------+----------+----------+------------+
    |ap_clk  |  10.00 ns|  7.132 ns|     2.70 ns|
    +--------+----------+----------+------------+

+ Latency: 
    * Summary: 
    +---------+---------+----------+----------+-----+-----+---------+
    |  Latency (cycles) |  Latency (absolute) |  Interval | Pipeline|
    |   min   |   max   |    min   |    max   | min | max |   Type  |
    +---------+---------+----------+----------+-----+-----+---------+
    |        ?|        ?|         ?|         ?|    ?|    ?|     none|
    +---------+---------+----------+----------+-----+-----+---------+

    + Detail: 
        * Instance: 
        N/A

        * Loop: 
        +---------------------+---------+---------+----------+-----------+-----------+------+----------+
        |                     |  Latency (cycles) | Iteration|  Initiation Interval  | Trip |          |
        |      Loop Name      |   min   |   max   |  Latency |  achieved |   target  | Count| Pipelined|
        +---------------------+---------+---------+----------+-----------+-----------+------+----------+
        |- VITIS_LOOP_1018_1  |        ?|        ?|         2|          2|          1|     ?|       yes|
        |- VITIS_LOOP_1018_1  |        ?|        ?|         2|          2|          1|     ?|       yes|
        +---------------------+---------+---------+----------+-----------+-----------+------+----------+



================================================================
== Utilization Estimates
================================================================
* Summary: 
+-----------------+---------+-----+--------+--------+-----+
|       Name      | BRAM_18K| DSP |   FF   |   LUT  | URAM|
+-----------------+---------+-----+--------+--------+-----+
|DSP              |        -|    -|       -|       -|    -|
|Expression       |        -|    -|       0|     753|    -|
|FIFO             |        -|    -|       -|       -|    -|
|Instance         |        -|    -|       -|       -|    -|
|Memory           |        6|    -|       0|       0|    -|
|Multiplexer      |        -|    -|       -|     215|    -|
|Register         |        -|    -|     788|       -|    -|
+-----------------+---------+-----+--------+--------+-----+
|Total            |        6|    0|     788|     968|    0|
+-----------------+---------+-----+--------+--------+-----+
|Available        |      730|  740|  269200|  134600|    0|
+-----------------+---------+-----+--------+--------+-----+
|Utilization (%)  |       ~0|    0|      ~0|      ~0|    0|
+-----------------+---------+-----+--------+--------+-----+

+ Detail: 
    * Instance: 
    N/A

    * DSP: 
    N/A

    * Memory: 
    +------------------+-------------------------+---------+---+----+-----+------+-----+------+-------------+
    |      Memory      |          Module         | BRAM_18K| FF| LUT| URAM| Words| Bits| Banks| W*Bits*Banks|
    +------------------+-------------------------+---------+---+----+-----+------+-----+------+-------------+
    |table_m_V_2_U     |ATAN_LUT_table_m_V_2     |        2|  0|   0|    0|    31|   48|     1|         1488|
    |table_mark_V_2_U  |ATAN_LUT_table_mark_V_2  |        2|  0|   0|    0|    32|   59|     1|         1888|
    |table_n_V_2_U     |ATAN_LUT_table_n_V_2     |        2|  0|   0|    0|    31|   49|     1|         1519|
    +------------------+-------------------------+---------+---+----+-----+------+-----+------+-------------+
    |Total             |                         |        6|  0|   0|    0|    94|  156|     3|         4895|
    +------------------+-------------------------+---------+---+----+-----+------+-----+------+-------------+

    * FIFO: 
    N/A

    * Expression: 
    +-----------------------------+----------+----+---+-----+------------+------------+
    |        Variable Name        | Operation| DSP| FF| LUT | Bitwidth P0| Bitwidth P1|
    +-----------------------------+----------+----+---+-----+------------+------------+
    |half_list_2_fu_234_p2        |         +|   0|  0|   39|          32|          32|
    |half_list_fu_358_p2          |         +|   0|  0|   39|          32|          32|
    |ret_V_25_fu_303_p2           |         +|   0|  0|  117|         110|         110|
    |ret_V_fu_427_p2              |         +|   0|  0|  118|         111|         111|
    |sub_ln1018_2_fu_198_p2       |         -|   0|  0|   39|          32|          32|
    |sub_ln1018_fu_322_p2         |         -|   0|  0|   39|          32|          32|
    |sub_ln703_fu_445_p2          |         -|   0|  0|   71|           1|          64|
    |x_V_fu_192_p2                |         -|   0|  0|   71|           1|          64|
    |icmp_ln1018_2_fu_214_p2      |      icmp|   0|  0|   17|          31|           1|
    |icmp_ln1018_fu_338_p2        |      icmp|   0|  0|   17|          31|           1|
    |icmp_ln1494_15_fu_253_p2     |      icmp|   0|  0|   29|          64|          64|
    |icmp_ln1494_fu_377_p2        |      icmp|   0|  0|   29|          64|          64|
    |intervalo_begin_6_fu_382_p3  |    select|   0|  0|   32|           1|          32|
    |intervalo_begin_fu_258_p3    |    select|   0|  0|   32|           1|          32|
    |intervalo_end_6_fu_389_p3    |    select|   0|  0|   32|           1|          32|
    |intervalo_end_7_fu_265_p3    |    select|   0|  0|   32|           1|          32|
    +-----------------------------+----------+----+---+-----+------------+------------+
    |Total                        |          |   0|  0|  753|         545|         735|
    +-----------------------------+----------+----+---+-----+------------+------------+

    * Multiplexer: 
    +------------------------------+-----+-----------+-----+-----------+
    |             Name             | LUT | Input Size| Bits| Total Bits|
    +------------------------------+-----+-----------+-----+-----------+
    |ap_NS_fsm                     |  113|         23|    1|         23|
    |ap_phi_mux_y_V_phi_fu_170_p4  |    9|          2|   64|        128|
    |ap_return                     |    9|          2|   64|        128|
    |intervalo_begin_8_reg_143     |    9|          2|   32|         64|
    |intervalo_begin_9_reg_119     |    9|          2|   32|         64|
    |intervalo_end_5_reg_131       |    9|          2|   32|         64|
    |intervalo_end_reg_155         |    9|          2|   32|         64|
    |table_m_V_2_address0          |   13|          3|    5|         15|
    |table_mark_V_2_address0       |   13|          3|    5|         15|
    |table_n_V_2_address0          |   13|          3|    5|         15|
    |y_V_reg_167                   |    9|          2|   64|        128|
    +------------------------------+-----+-----------+-----+-----------+
    |Total                         |  215|         46|  336|        708|
    +------------------------------+-----+-----------+-----+-----------+

    * Register: 
    +---------------------------+-----+----+-----+-----------+
    |            Name           |  FF | LUT| Bits| Const Bits|
    +---------------------------+-----+----+-----+-----------+
    |ap_CS_fsm                  |   22|   0|   22|          0|
    |ap_return_preg             |   64|   0|   64|          0|
    |half_list_2_reg_471        |   32|   0|   32|          0|
    |half_list_reg_525          |   32|   0|   32|          0|
    |intervalo_begin_8_reg_143  |   32|   0|   32|          0|
    |intervalo_begin_9_reg_119  |   32|   0|   32|          0|
    |intervalo_end_5_reg_131    |   32|   0|   32|          0|
    |intervalo_end_reg_155      |   32|   0|   32|          0|
    |r_V_38_reg_566             |  111|   0|  111|          0|
    |r_V_40_reg_512             |  110|   0|  110|          0|
    |reg_176                    |   48|   0|   48|          0|
    |reg_180                    |   49|   0|   49|          0|
    |tmp_12_reg_458             |    1|   0|    1|          0|
    |tmp_reg_571                |   63|   0|   63|          0|
    |x_V_reg_462                |   64|   0|   64|          0|
    |y_V_reg_167                |   64|   0|   64|          0|
    +---------------------------+-----+----+-----+-----------+
    |Total                      |  788|   0|  788|          0|
    +---------------------------+-----+----+-----+-----------+



================================================================
== Interface
================================================================
* Summary: 
+---------------------+-----+-----+------------+-----------------+--------------+
|      RTL Ports      | Dir | Bits|  Protocol  |  Source Object  |    C Type    |
+---------------------+-----+-----+------------+-----------------+--------------+
|ap_clk               |   in|    1|  ap_ctrl_hs|  ATAN_LUT_signed|  return value|
|ap_rst               |   in|    1|  ap_ctrl_hs|  ATAN_LUT_signed|  return value|
|ap_start             |   in|    1|  ap_ctrl_hs|  ATAN_LUT_signed|  return value|
|ap_done              |  out|    1|  ap_ctrl_hs|  ATAN_LUT_signed|  return value|
|ap_idle              |  out|    1|  ap_ctrl_hs|  ATAN_LUT_signed|  return value|
|ap_ready             |  out|    1|  ap_ctrl_hs|  ATAN_LUT_signed|  return value|
|ap_return            |  out|   64|  ap_ctrl_hs|  ATAN_LUT_signed|  return value|
|grp_fu_2706_p_din0   |  out|   48|  ap_ctrl_hs|  ATAN_LUT_signed|  return value|
|grp_fu_2706_p_din1   |  out|   64|  ap_ctrl_hs|  ATAN_LUT_signed|  return value|
|grp_fu_2706_p_dout0  |   in|  110|  ap_ctrl_hs|  ATAN_LUT_signed|  return value|
|grp_fu_2706_p_ce     |  out|    1|  ap_ctrl_hs|  ATAN_LUT_signed|  return value|
|grp_fu_2710_p_din0   |  out|   48|  ap_ctrl_hs|  ATAN_LUT_signed|  return value|
|grp_fu_2710_p_din1   |  out|   64|  ap_ctrl_hs|  ATAN_LUT_signed|  return value|
|grp_fu_2710_p_dout0  |   in|  111|  ap_ctrl_hs|  ATAN_LUT_signed|  return value|
|grp_fu_2710_p_ce     |  out|    1|  ap_ctrl_hs|  ATAN_LUT_signed|  return value|
|x                    |   in|   64|     ap_none|                x|        scalar|
+---------------------+-----+-----+------------+-----------------+--------------+

