

================================================================
== Vitis HLS Report for 'ATAN_LUT'
================================================================
* Date:           Wed Jul 22 15:27:28 2026

* Version:        2020.2 (Build 3064766 on Wed Nov 18 09:12:45 MST 2020)
* Project:        PLL2026
* Solution:       solution1 (Vivado IP Flow Target)
* Product family: artix7
* Target device:  xc7a200t-fbg676-2


================================================================
== Performance Estimates
================================================================
+ Timing: 
    * Summary: 
    +--------+----------+----------+------------+
    |  Clock |  Target  | Estimated| Uncertainty|
    +--------+----------+----------+------------+
    |ap_clk  |  10.00 ns|  7.132 ns|     2.70 ns|
    +--------+----------+----------+------------+

+ Latency: 
    * Summary: 
    +---------+---------+----------+----------+-----+-----+---------+
    |  Latency (cycles) |  Latency (absolute) |  Interval | Pipeline|
    |   min   |   max   |    min   |    max   | min | max |   Type  |
    +---------+---------+----------+----------+-----+-----+---------+
    |        ?|        ?|         ?|         ?|    ?|    ?|     none|
    +---------+---------+----------+----------+-----+-----+---------+

    + Detail: 
        * Instance: 
        N/A

        * Loop: 
        +---------------------+---------+---------+----------+-----------+-----------+------+----------+
        |                     |  Latency (cycles) | Iteration|  Initiation Interval  | Trip |          |
        |      Loop Name      |   min   |   max   |  Latency |  achieved |   target  | Count| Pipelined|
        +---------------------+---------+---------+----------+-----------+-----------+------+----------+
        |- VITIS_LOOP_1024_1  |        ?|        ?|         2|          2|          1|     ?|       yes|
        +---------------------+---------+---------+----------+-----------+-----------+------+----------+



================================================================
== Utilization Estimates
================================================================
* Summary: 
+-----------------+---------+-----+--------+--------+-----+
|       Name      | BRAM_18K| DSP |   FF   |   LUT  | URAM|
+-----------------+---------+-----+--------+--------+-----+
|DSP              |        -|    -|       -|       -|    -|
|Expression       |        -|    -|       0|     307|    -|
|FIFO             |        -|    -|       -|       -|    -|
|Instance         |        -|    2|     441|     256|    -|
|Memory           |        6|    -|       0|       0|    -|
|Multiplexer      |        -|    -|       -|      67|    -|
|Register         |        -|    -|     316|       -|    -|
+-----------------+---------+-----+--------+--------+-----+
|Total            |        6|    2|     757|     630|    0|
+-----------------+---------+-----+--------+--------+-----+
|Available        |      730|  740|  269200|  134600|    0|
+-----------------+---------+-----+--------+--------+-----+
|Utilization (%)  |       ~0|   ~0|      ~0|      ~0|    0|
+-----------------+---------+-----+--------+--------+-----+

+ Detail: 
    * Instance: 
    +--------------------------+----------------------+---------+----+-----+-----+-----+
    |         Instance         |        Module        | BRAM_18K| DSP|  FF | LUT | URAM|
    +--------------------------+----------------------+---------+----+-----+-----+-----+
    |mul_48ns_64s_112_5_1_U13  |mul_48ns_64s_112_5_1  |        0|   2|  441|  256|    0|
    +--------------------------+----------------------+---------+----+-----+-----+-----+
    |Total                     |                      |        0|   2|  441|  256|    0|
    +--------------------------+----------------------+---------+----+-----+-----+-----+

    * DSP: 
    N/A

    * Memory: 
    +------------------+-------------------------+---------+---+----+-----+------+-----+------+-------------+
    |      Memory      |          Module         | BRAM_18K| FF| LUT| URAM| Words| Bits| Banks| W*Bits*Banks|
    +------------------+-------------------------+---------+---+----+-----+------+-----+------+-------------+
    |table_m_V_2_U     |ATAN_LUT_table_m_V_2     |        2|  0|   0|    0|    31|   48|     1|         1488|
    |table_mark_V_2_U  |ATAN_LUT_table_mark_V_2  |        2|  0|   0|    0|    32|   59|     1|         1888|
    |table_n_V_2_U     |ATAN_LUT_table_n_V_2     |        2|  0|   0|    0|    31|   49|     1|         1519|
    +------------------+-------------------------+---------+---+----+-----+------+-----+------+-------------+
    |Total             |                         |        6|  0|   0|    0|    94|  156|     3|         4895|
    +------------------+-------------------------+---------+---+----+-----+------+-----+------+-------------+

    * FIFO: 
    N/A

    * Expression: 
    +------------------------------+----------+----+---+-----+------------+------------+
    |         Variable Name        | Operation| DSP| FF| LUT | Bitwidth P0| Bitwidth P1|
    +------------------------------+----------+----+---+-----+------------+------------+
    |half_list_fu_147_p2           |         +|   0|  0|   39|          32|          32|
    |ret_V_fu_214_p2               |         +|   0|  0|  119|         112|         112|
    |sub_ln1024_fu_111_p2          |         -|   0|  0|   39|          32|          32|
    |icmp_ln1024_fu_127_p2         |      icmp|   0|  0|   17|          31|           1|
    |icmp_ln1494_fu_166_p2         |      icmp|   0|  0|   29|          64|          64|
    |intervalo_begin_10_fu_171_p3  |    select|   0|  0|   32|           1|          32|
    |intervalo_end_8_fu_178_p3     |    select|   0|  0|   32|           1|          32|
    +------------------------------+----------+----+---+-----+------------+------------+
    |Total                         |          |   0|  0|  307|         273|         305|
    +------------------------------+----------+----+---+-----+------------+------------+

    * Multiplexer: 
    +------------------------+----+-----------+-----+-----------+
    |          Name          | LUT| Input Size| Bits| Total Bits|
    +------------------------+----+-----------+-----+-----------+
    |ap_NS_fsm               |  49|         12|    1|         12|
    |intervalo_begin_reg_87  |   9|          2|   32|         64|
    |intervalo_end_reg_99    |   9|          2|   32|         64|
    +------------------------+----+-----------+-----+-----------+
    |Total                   |  67|         16|   65|        140|
    +------------------------+----+-----------+-----+-----------+

    * Register: 
    +------------------------+-----+----+-----+-----------+
    |          Name          |  FF | LUT| Bits| Const Bits|
    +------------------------+-----+----+-----+-----------+
    |ap_CS_fsm               |   11|   0|   11|          0|
    |half_list_reg_238       |   32|   0|   32|          0|
    |intervalo_begin_reg_87  |   32|   0|   32|          0|
    |intervalo_end_reg_99    |   32|   0|   32|          0|
    |r_V_41_reg_289          |  112|   0|  112|          0|
    |r_V_reg_269             |   48|   0|   48|          0|
    |rhs_reg_274             |   49|   0|   49|          0|
    +------------------------+-----+----+-----+-----------+
    |Total                   |  316|   0|  316|          0|
    +------------------------+-----+----+-----+-----------+



================================================================
== Interface
================================================================
* Summary: 
+-----------+-----+-----+------------+--------------+--------------+
| RTL Ports | Dir | Bits|  Protocol  | Source Object|    C Type    |
+-----------+-----+-----+------------+--------------+--------------+
|ap_clk     |   in|    1|  ap_ctrl_hs|      ATAN_LUT|  return value|
|ap_rst     |   in|    1|  ap_ctrl_hs|      ATAN_LUT|  return value|
|ap_start   |   in|    1|  ap_ctrl_hs|      ATAN_LUT|  return value|
|ap_done    |  out|    1|  ap_ctrl_hs|      ATAN_LUT|  return value|
|ap_idle    |  out|    1|  ap_ctrl_hs|      ATAN_LUT|  return value|
|ap_ready   |  out|    1|  ap_ctrl_hs|      ATAN_LUT|  return value|
|ap_return  |  out|   64|  ap_ctrl_hs|      ATAN_LUT|  return value|
|x          |   in|   64|     ap_none|             x|        scalar|
+-----------+-----+-----+------------+--------------+--------------+

