

================================================================
== Vitis HLS Report for 'cos_2000'
================================================================
* Date:           Fri Jul  3 13:57:39 2026

* Version:        2020.2 (Build 3064766 on Wed Nov 18 09:12:45 MST 2020)
* Project:        PLL2026
* Solution:       solution1 (Vivado IP Flow Target)
* Product family: artix7
* Target device:  xc7a200t-fbg676-2


================================================================
== Performance Estimates
================================================================
+ Timing: 
    * Summary: 
    +--------+----------+----------+------------+
    |  Clock |  Target  | Estimated| Uncertainty|
    +--------+----------+----------+------------+
    |ap_clk  |  10.00 ns|  7.153 ns|     2.70 ns|
    +--------+----------+----------+------------+

+ Latency: 
    * Summary: 
    +---------+---------+----------+----------+-----+-----+---------+
    |  Latency (cycles) |  Latency (absolute) |  Interval | Pipeline|
    |   min   |   max   |    min   |    max   | min | max |   Type  |
    +---------+---------+----------+----------+-----+-----+---------+
    |       12|       12|  0.120 us|  0.120 us|   12|   12|     none|
    +---------+---------+----------+----------+-----+-----+---------+

    + Detail: 
        * Instance: 
        N/A

        * Loop: 
        N/A



================================================================
== Utilization Estimates
================================================================
* Summary: 
+-----------------+---------+-----+--------+--------+-----+
|       Name      | BRAM_18K| DSP |   FF   |   LUT  | URAM|
+-----------------+---------+-----+--------+--------+-----+
|DSP              |        -|    -|       -|       -|    -|
|Expression       |        -|    -|       0|    3169|    -|
|FIFO             |        -|    -|       -|       -|    -|
|Instance         |        -|    4|     441|     256|    -|
|Memory           |        6|    -|       0|       0|    -|
|Multiplexer      |        -|    -|       -|      70|    -|
|Register         |        -|    -|     575|       -|    -|
+-----------------+---------+-----+--------+--------+-----+
|Total            |        6|    4|    1016|    3495|    0|
+-----------------+---------+-----+--------+--------+-----+
|Available        |      730|  740|  269200|  134600|    0|
+-----------------+---------+-----+--------+--------+-----+
|Utilization (%)  |       ~0|   ~0|      ~0|       2|    0|
+-----------------+---------+-----+--------+--------+-----+

+ Detail: 
    * Instance: 
    +-------------------------+----------------------+---------+----+-----+-----+-----+
    |         Instance        |        Module        | BRAM_18K| DSP|  FF | LUT | URAM|
    +-------------------------+----------------------+---------+----+-----+-----+-----+
    |mul_64s_58ns_121_5_1_U5  |mul_64s_58ns_121_5_1  |        0|   4|  441|  256|    0|
    +-------------------------+----------------------+---------+----+-----+-----+-----+
    |Total                    |                      |        0|   4|  441|  256|    0|
    +-------------------------+----------------------+---------+----+-----+-----+-----+

    * DSP: 
    N/A

    * Memory: 
    +-----------+------------------+---------+---+----+-----+------+-----+------+-------------+
    |   Memory  |      Module      | BRAM_18K| FF| LUT| URAM| Words| Bits| Banks| W*Bits*Banks|
    +-----------+------------------+---------+---+----+-----+------+-----+------+-------------+
    |table_V_U  |sin_2000_table_V  |        6|  0|   0|    0|   500|   49|     1|        24500|
    +-----------+------------------+---------+---+----+-----+------+-----+------+-------------+
    |Total      |                  |        6|  0|   0|    0|   500|   49|     1|        24500|
    +-----------+------------------+---------+---+----+-----+------+-----+------+-------------+

    * FIFO: 
    N/A

    * Expression: 
    +--------------------------+----------+----+---+----+------------+------------+
    |       Variable Name      | Operation| DSP| FF| LUT| Bitwidth P0| Bitwidth P1|
    +--------------------------+----------+----+---+----+------------+------------+
    |add_ln691_fu_661_p2       |         +|   0|  0|  33|          26|           1|
    |add_ln703_fu_362_p2       |         +|   0|  0|  71|          64|          52|
    |angulo_V_11_fu_121_p2     |         +|   0|  0|  71|          64|          54|
    |angulo_V_12_fu_145_p2     |         +|   0|  0|  71|          64|          53|
    |angulo_V_13_fu_169_p2     |         +|   0|  0|  71|          64|          52|
    |angulo_V_14_fu_195_p2     |         +|   0|  0|  71|          64|          51|
    |angulo_V_15_fu_213_p2     |         +|   0|  0|  71|          64|          52|
    |angulo_V_16_fu_225_p2     |         +|   0|  0|  71|          64|          53|
    |angulo_V_21_fu_388_p2     |         +|   0|  0|  71|          64|          54|
    |angulo_V_22_fu_409_p2     |         +|   0|  0|  71|          64|          53|
    |angulo_V_23_fu_430_p2     |         +|   0|  0|  71|          64|          52|
    |angulo_V_24_fu_445_p2     |         +|   0|  0|  71|          64|          51|
    |angulo_V_25_fu_460_p2     |         +|   0|  0|  71|          64|          52|
    |angulo_V_26_fu_470_p2     |         +|   0|  0|  71|          64|          53|
    |n_aux_fu_719_p2           |         +|   0|  0|  16|           9|           5|
    |theta_aux_V_fu_351_p2     |         +|   0|  0|  71|          64|          49|
    |out_sin_V_10_fu_747_p2    |         -|   0|  0|  56|           1|          49|
    |out_sin_V_11_fu_757_p2    |         -|   0|  0|  56|           1|          49|
    |p_Val2_s_fu_602_p2        |         -|   0|  0|  71|           1|          64|
    |sub_ln703_fu_810_p2       |         -|   0|  0|  57|           1|          50|
    |sub_ln972_fu_709_p2       |         -|   0|  0|  16|           6|           9|
    |sub_ln980_fu_729_p2       |         -|   0|  0|  16|           7|           9|
    |and_ln388_2_fu_253_p2     |       and|   0|  0|   2|           1|           1|
    |and_ln388_3_fu_403_p2     |       and|   0|  0|   2|           1|           1|
    |and_ln388_4_fu_496_p2     |       and|   0|  0|   2|           1|           1|
    |and_ln388_fu_139_p2       |       and|   0|  0|   2|           1|           1|
    |and_ln391_2_fu_279_p2     |       and|   0|  0|   2|           1|           1|
    |and_ln391_3_fu_424_p2     |       and|   0|  0|   2|           1|           1|
    |and_ln391_4_fu_522_p2     |       and|   0|  0|   2|           1|           1|
    |and_ln391_fu_163_p2       |       and|   0|  0|   2|           1|           1|
    |and_ln394_2_fu_305_p2     |       and|   0|  0|   2|           1|           1|
    |and_ln394_3_fu_440_p2     |       and|   0|  0|   2|           1|           1|
    |and_ln394_4_fu_548_p2     |       and|   0|  0|   2|           1|           1|
    |and_ln394_fu_189_p2       |       and|   0|  0|   2|           1|           1|
    |and_ln397_2_fu_337_p2     |       and|   0|  0|   2|           1|           1|
    |and_ln397_3_fu_574_p2     |       and|   0|  0|   2|           1|           1|
    |and_ln397_4_fu_580_p2     |       and|   0|  0|   2|           1|           1|
    |and_ln397_fu_331_p2       |       and|   0|  0|   2|           1|           1|
    |and_ln970_fu_779_p2       |       and|   0|  0|   2|           1|           1|
    |and_ln974_fu_797_p2       |       and|   0|  0|   2|           1|           1|
    |icmp_ln1494_10_fu_383_p2  |      icmp|   0|  0|  29|          64|          53|
    |icmp_ln1494_11_fu_393_p2  |      icmp|   0|  0|  29|          64|          52|
    |icmp_ln1494_12_fu_414_p2  |      icmp|   0|  0|  29|          64|          51|
    |icmp_ln1494_13_fu_435_p2  |      icmp|   0|  0|  29|          64|          52|
    |icmp_ln1494_14_fu_450_p2  |      icmp|   0|  0|  29|          64|          53|
    |icmp_ln1494_5_fu_127_p2   |      icmp|   0|  0|  29|          64|          52|
    |icmp_ln1494_6_fu_151_p2   |      icmp|   0|  0|  29|          64|          51|
    |icmp_ln1494_7_fu_175_p2   |      icmp|   0|  0|  29|          64|          52|
    |icmp_ln1494_8_fu_201_p2   |      icmp|   0|  0|  29|          64|          53|
    |icmp_ln1494_9_fu_356_p2   |      icmp|   0|  0|  29|          64|          51|
    |icmp_ln1494_fu_115_p2     |      icmp|   0|  0|  29|          64|          53|
    |icmp_ln1495_10_fu_465_p2  |      icmp|   0|  0|  29|          64|          53|
    |icmp_ln1495_4_fu_157_p2   |      icmp|   0|  0|  29|          64|          52|
    |icmp_ln1495_5_fu_207_p2   |      icmp|   0|  0|  29|          64|          52|
    |icmp_ln1495_6_fu_219_p2   |      icmp|   0|  0|  29|          64|          53|
    |icmp_ln1495_7_fu_398_p2   |      icmp|   0|  0|  29|          64|          53|
    |icmp_ln1495_8_fu_419_p2   |      icmp|   0|  0|  29|          64|          52|
    |icmp_ln1495_9_fu_455_p2   |      icmp|   0|  0|  29|          64|          52|
    |icmp_ln1495_fu_133_p2     |      icmp|   0|  0|  29|          64|          53|
    |icmp_ln851_fu_656_p2      |      icmp|   0|  0|  39|          96|           1|
    |icmp_ln967_fu_687_p2      |      icmp|   0|  0|  16|          26|           9|
    |icmp_ln970_fu_693_p2      |      icmp|   0|  0|  16|          26|          10|
    |icmp_ln974_fu_699_p2      |      icmp|   0|  0|  16|          26|          11|
    |or_ln388_1_fu_510_p2      |        or|   0|  0|   2|           1|           1|
    |or_ln388_fu_267_p2        |        or|   0|  0|   2|           1|           1|
    |or_ln391_1_fu_536_p2      |        or|   0|  0|   2|           1|           1|
    |or_ln391_fu_293_p2        |        or|   0|  0|   2|           1|           1|
    |or_ln394_1_fu_562_p2      |        or|   0|  0|   2|           1|           1|
    |or_ln394_fu_319_p2        |        or|   0|  0|   2|           1|           1|
    |angulo_V_17_fu_239_p3     |    select|   0|  0|  64|           1|          64|
    |angulo_V_18_fu_259_p3     |    select|   0|  0|  64|           1|          64|
    |angulo_V_19_fu_285_p3     |    select|   0|  0|  64|           1|          64|
    |angulo_V_20_fu_311_p3     |    select|   0|  0|  64|           1|          64|
    |angulo_V_27_fu_482_p3     |    select|   0|  0|  64|           1|          64|
    |angulo_V_28_fu_502_p3     |    select|   0|  0|  64|           1|          64|
    |angulo_V_29_fu_528_p3     |    select|   0|  0|  64|           1|          64|
    |angulo_V_30_fu_554_p3     |    select|   0|  0|  64|           1|          64|
    |angulo_V_32_fu_343_p3     |    select|   0|  0|  64|           1|          64|
    |angulo_V_fu_586_p3        |    select|   0|  0|  64|           1|          64|
    |ap_return                 |    select|   0|  0|  50|           1|          50|
    |out_sin_V_12_fu_767_p3    |    select|   0|  0|  50|           1|          50|
    |out_sin_V_13_fu_784_p3    |    select|   0|  0|  50|           1|          50|
    |out_sin_V_14_fu_802_p3    |    select|   0|  0|  50|           1|          50|
    |ret_V_4_fu_675_p3         |    select|   0|  0|  26|           1|          26|
    |select_ln400_1_fu_475_p3  |    select|   0|  0|  64|           1|          64|
    |select_ln400_fu_231_p3    |    select|   0|  0|  64|           1|          64|
    |select_ln850_fu_667_p3    |    select|   0|  0|  26|           1|          26|
    |theta_abs_V_fu_617_p3     |    select|   0|  0|  64|           1|          64|
    |theta_aux_V_2_fu_367_p3   |    select|   0|  0|  64|           1|          64|
    |xor_ln1494_1_fu_490_p2    |       xor|   0|  0|   2|           1|           2|
    |xor_ln1494_fu_247_p2      |       xor|   0|  0|   2|           1|           2|
    |xor_ln388_1_fu_516_p2     |       xor|   0|  0|   2|           1|           2|
    |xor_ln388_fu_273_p2       |       xor|   0|  0|   2|           1|           2|
    |xor_ln391_1_fu_542_p2     |       xor|   0|  0|   2|           1|           2|
    |xor_ln391_fu_299_p2       |       xor|   0|  0|   2|           1|           2|
    |xor_ln394_1_fu_568_p2     |       xor|   0|  0|   2|           1|           2|
    |xor_ln394_fu_325_p2       |       xor|   0|  0|   2|           1|           2|
    |xor_ln967_fu_774_p2       |       xor|   0|  0|   2|           1|           2|
    |xor_ln970_fu_792_p2       |       xor|   0|  0|   2|           1|           2|
    +--------------------------+----------+----+---+----+------------+------------+
    |Total                     |          |   0|  0|3169|        2392|        3183|
    +--------------------------+----------+----+---+----+------------+------------+

    * Multiplexer: 
    +------------------+----+-----------+-----+-----------+
    |       Name       | LUT| Input Size| Bits| Total Bits|
    +------------------+----+-----------+-----+-----------+
    |ap_NS_fsm         |  57|         14|    1|         14|
    |table_V_address0  |  13|          3|    9|         27|
    +------------------+----+-----------+-----+-----------+
    |Total             |  70|         17|   10|         41|
    +------------------+----+-----------+-----+-----------+

    * Register: 
    +-----------------------+-----+----+-----+-----------+
    |          Name         |  FF | LUT| Bits| Const Bits|
    +-----------------------+-----+----+-----+-----------+
    |angulo_V_32_reg_821    |   64|   0|   64|          0|
    |angulo_V_reg_852       |   64|   0|   64|          0|
    |ap_CS_fsm              |   13|   0|   13|          0|
    |icmp_ln967_reg_897     |    1|   0|    1|          0|
    |icmp_ln970_reg_903     |    1|   0|    1|          0|
    |icmp_ln974_reg_909     |    1|   0|    1|          0|
    |out_sin_V_14_reg_934   |   50|   0|   50|          0|
    |p_Result_s_reg_858     |    1|   0|    1|          0|
    |r_V_reg_874            |  121|   0|  121|          0|
    |ret_V_reg_879          |   25|   0|   25|          0|
    |theta_abs_V_reg_864    |   64|   0|   64|          0|
    |theta_aux_V_2_reg_827  |   64|   0|   64|          0|
    |tmp_5_reg_847          |    1|   0|    1|          0|
    |trunc_ln831_reg_889    |    9|   0|    9|          0|
    |trunc_ln851_reg_884    |   96|   0|   96|          0|
    +-----------------------+-----+----+-----+-----------+
    |Total                  |  575|   0|  575|          0|
    +-----------------------+-----+----+-----+-----------+



================================================================
== Interface
================================================================
* Summary: 
+-----------+-----+-----+------------+--------------+--------------+
| RTL Ports | Dir | Bits|  Protocol  | Source Object|    C Type    |
+-----------+-----+-----+------------+--------------+--------------+
|ap_clk     |   in|    1|  ap_ctrl_hs|      cos_2000|  return value|
|ap_rst     |   in|    1|  ap_ctrl_hs|      cos_2000|  return value|
|ap_start   |   in|    1|  ap_ctrl_hs|      cos_2000|  return value|
|ap_done    |  out|    1|  ap_ctrl_hs|      cos_2000|  return value|
|ap_idle    |  out|    1|  ap_ctrl_hs|      cos_2000|  return value|
|ap_ready   |  out|    1|  ap_ctrl_hs|      cos_2000|  return value|
|ap_return  |  out|   50|  ap_ctrl_hs|      cos_2000|  return value|
|theta_in   |   in|   64|     ap_none|      theta_in|        scalar|
+-----------+-----+-----+------------+--------------+--------------+

