

================================================================
== Vitis HLS Report for 'INV_LUT'
================================================================
* Date:           Wed Jul  1 18:21:13 2026

* Version:        2020.2 (Build 3064766 on Wed Nov 18 09:12:45 MST 2020)
* Project:        PLL2026
* Solution:       solution1 (Vivado IP Flow Target)
* Product family: artix7
* Target device:  xc7a200t-fbg676-2


================================================================
== Performance Estimates
================================================================
+ Timing: 
    * Summary: 
    +--------+----------+----------+------------+
    |  Clock |  Target  | Estimated| Uncertainty|
    +--------+----------+----------+------------+
    |ap_clk  |  10.00 ns|  7.132 ns|     2.70 ns|
    +--------+----------+----------+------------+

+ Latency: 
    * Summary: 
    +---------+---------+----------+----------+-----+-----+---------+
    |  Latency (cycles) |  Latency (absolute) |  Interval | Pipeline|
    |   min   |   max   |    min   |    max   | min | max |   Type  |
    +---------+---------+----------+----------+-----+-----+---------+
    |        ?|        ?|         ?|         ?|    ?|    ?|     none|
    +---------+---------+----------+----------+-----+-----+---------+

    + Detail: 
        * Instance: 
        N/A

        * Loop: 
        +--------------------+---------+---------+----------+-----------+-----------+------+----------+
        |                    |  Latency (cycles) | Iteration|  Initiation Interval  | Trip |          |
        |      Loop Name     |   min   |   max   |  Latency |  achieved |   target  | Count| Pipelined|
        +--------------------+---------+---------+----------+-----------+-----------+------+----------+
        |- VITIS_LOOP_926_1  |        ?|        ?|         2|          2|          1|     ?|       yes|
        +--------------------+---------+---------+----------+-----------+-----------+------+----------+



================================================================
== Utilization Estimates
================================================================
* Summary: 
+-----------------+---------+-----+--------+--------+-----+
|       Name      | BRAM_18K| DSP |   FF   |   LUT  | URAM|
+-----------------+---------+-----+--------+--------+-----+
|DSP              |        -|    -|       -|       -|    -|
|Expression       |        -|    -|       0|    1775|    -|
|FIFO             |        -|    -|       -|       -|    -|
|Instance         |        -|    4|     441|     256|    -|
|Memory           |        6|    -|       0|       0|    -|
|Multiplexer      |        -|    -|       -|     126|    -|
|Register         |        -|    -|     784|       -|    -|
+-----------------+---------+-----+--------+--------+-----+
|Total            |        6|    4|    1225|    2157|    0|
+-----------------+---------+-----+--------+--------+-----+
|Available        |      730|  740|  269200|  134600|    0|
+-----------------+---------+-----+--------+--------+-----+
|Utilization (%)  |       ~0|   ~0|      ~0|       1|    0|
+-----------------+---------+-----+--------+--------+-----+

+ Detail: 
    * Instance: 
    +--------------------------------+-----------------------------+---------+----+-----+-----+-----+
    |            Instance            |            Module           | BRAM_18K| DSP|  FF | LUT | URAM|
    +--------------------------------+-----------------------------+---------+----+-----+-----+-----+
    |dcmp_64ns_64ns_1_2_no_dsp_1_U7  |dcmp_64ns_64ns_1_2_no_dsp_1  |        0|   0|    0|    0|    0|
    |mul_63s_64s_112_5_1_U8          |mul_63s_64s_112_5_1          |        0|   4|  441|  256|    0|
    +--------------------------------+-----------------------------+---------+----+-----+-----+-----+
    |Total                           |                             |        0|   4|  441|  256|    0|
    +--------------------------------+-----------------------------+---------+----+-----+-----+-----+

    * DSP: 
    N/A

    * Memory: 
    +------------------+------------------------+---------+---+----+-----+------+-----+------+-------------+
    |      Memory      |         Module         | BRAM_18K| FF| LUT| URAM| Words| Bits| Banks| W*Bits*Banks|
    +------------------+------------------------+---------+---+----+-----+------+-----+------+-------------+
    |table_m_V_1_U     |INV_LUT_table_m_V_1     |        2|  0|   0|    0|   115|   63|     1|         7245|
    |table_mark_V_1_U  |INV_LUT_table_mark_V_1  |        2|  0|   0|    0|   116|   58|     1|         6728|
    |table_n_V_1_U     |INV_LUT_table_n_V_1     |        2|  0|   0|    0|   115|   56|     1|         6440|
    +------------------+------------------------+---------+---+----+-----+------+-----+------+-------------+
    |Total             |                        |        6|  0|   0|    0|   346|  177|     3|        20413|
    +------------------+------------------------+---------+---+----+-----+------+-----+------+-------------+

    * FIFO: 
    N/A

    * Expression: 
    +-----------------------------+----------+----+---+-----+------------+------------+
    |        Variable Name        | Operation| DSP| FF| LUT | Bitwidth P0| Bitwidth P1|
    +-----------------------------+----------+----+---+-----+------------+------------+
    |add_ln908_fu_352_p2          |         +|   0|  0|   39|          32|           7|
    |add_ln915_fu_446_p2          |         +|   0|  0|   11|          11|          11|
    |half_list_fu_527_p2          |         +|   0|  0|   39|          32|          32|
    |lsb_index_fu_243_p2          |         +|   0|  0|   39|          32|           7|
    |m_3_fu_391_p2                |         +|   0|  0|   71|          64|          64|
    |ret_V_fu_590_p2              |         +|   0|  0|  119|         112|         112|
    |sub_ln894_fu_229_p2          |         -|   0|  0|   39|           7|          32|
    |sub_ln897_fu_264_p2          |         -|   0|  0|   14|           5|           7|
    |sub_ln909_fu_339_p2          |         -|   0|  0|   39|           6|          32|
    |sub_ln915_fu_441_p2          |         -|   0|  0|   11|           5|          11|
    |sub_ln926_fu_491_p2          |         -|   0|  0|   39|          32|          32|
    |tmp_V_fu_193_p2              |         -|   0|  0|   71|           1|          64|
    |and_ln1506_fu_485_p2         |       and|   0|  0|    2|           1|           1|
    |and_ln899_1_fu_333_p2        |       and|   0|  0|    2|           1|           1|
    |and_ln899_fu_295_p2          |       and|   0|  0|   64|          64|          64|
    |icmp_ln1494_fu_542_p2        |      icmp|   0|  0|   29|          64|          64|
    |icmp_ln1506_1_fu_425_p2      |      icmp|   0|  0|   24|          52|           1|
    |icmp_ln1506_fu_471_p2        |      icmp|   0|  0|   11|          11|           2|
    |icmp_ln885_fu_179_p2         |      icmp|   0|  0|   29|          64|           1|
    |icmp_ln896_fu_258_p2         |      icmp|   0|  0|   17|          31|           1|
    |icmp_ln899_fu_300_p2         |      icmp|   0|  0|   29|          64|           1|
    |icmp_ln908_fu_327_p2         |      icmp|   0|  0|   18|          32|           1|
    |icmp_ln926_fu_507_p2         |      icmp|   0|  0|   17|          31|           1|
    |lshr_ln897_fu_273_p2         |      lshr|   0|  0|  182|           2|          64|
    |lshr_ln908_fu_376_p2         |      lshr|   0|  0|  182|          64|          64|
    |or_ln1506_fu_481_p2          |        or|   0|  0|    2|           1|           1|
    |or_ln899_1_fu_289_p2         |        or|   0|  0|   64|          64|          64|
    |intervalo_begin_6_fu_547_p3  |    select|   0|  0|   32|           1|          32|
    |intervalo_end_4_fu_554_p3    |    select|   0|  0|   32|           1|          32|
    |m_2_fu_381_p3                |    select|   0|  0|   64|           1|          64|
    |select_ln893_fu_434_p3       |    select|   0|  0|   10|           1|          10|
    |select_ln896_fu_344_p3       |    select|   0|  0|    2|           1|           1|
    |select_ln908_fu_357_p3       |    select|   0|  0|    2|           1|           1|
    |tmp_V_2_fu_199_p3            |    select|   0|  0|   64|           1|          64|
    |shl_ln899_fu_283_p2          |       shl|   0|  0|  182|           1|          64|
    |shl_ln909_fu_368_p2          |       shl|   0|  0|  182|          64|          64|
    |xor_ln899_fu_314_p2          |       xor|   0|  0|    2|           1|           2|
    +-----------------------------+----------+----+---+-----+------------+------------+
    |Total                        |          |   0|  0| 1775|         958|        1076|
    +-----------------------------+----------+----+---+-----+------------+------------+

    * Multiplexer: 
    +------------------------------+----+-----------+-----+-----------+
    |             Name             | LUT| Input Size| Bits| Total Bits|
    +------------------------------+----+-----------+-----+-----------+
    |ap_NS_fsm                     |  81|         17|    1|         17|
    |ap_phi_mux_y_V_phi_fu_167_p4  |   9|          2|   64|        128|
    |ap_return                     |   9|          2|   64|        128|
    |intervalo_begin_reg_139       |   9|          2|   32|         64|
    |intervalo_end_reg_151         |   9|          2|   32|         64|
    |y_V_reg_163                   |   9|          2|   64|        128|
    +------------------------------+----+-----------+-----+-----------+
    |Total                         | 126|         27|  257|        529|
    +------------------------------+----+-----------+-----+-----------+

    * Register: 
    +-------------------------+-----+----+-----+-----------+
    |           Name          |  FF | LUT| Bits| Const Bits|
    +-------------------------+-----+----+-----+-----------+
    |add_ln908_reg_656        |   32|   0|   32|          0|
    |and_ln1506_reg_696       |    1|   0|    1|          0|
    |ap_CS_fsm                |   16|   0|   16|          0|
    |ap_return_preg           |   64|   0|   64|          0|
    |half_list_reg_703        |   32|   0|   32|          0|
    |icmp_ln1506_1_reg_676    |    1|   0|    1|          0|
    |icmp_ln1506_reg_686      |    1|   0|    1|          0|
    |icmp_ln885_reg_612       |    1|   0|    1|          0|
    |icmp_ln908_reg_646       |    1|   0|    1|          0|
    |intervalo_begin_reg_139  |   32|   0|   32|          0|
    |intervalo_end_reg_151    |   32|   0|   32|          0|
    |m_reg_666                |   63|   0|   63|          0|
    |p_Result_6_reg_616       |    1|   0|    1|          0|
    |p_Result_9_reg_681       |   64|   0|   64|          0|
    |p_Result_s_reg_671       |    1|   0|    1|          0|
    |r_V_39_reg_754           |  112|   0|  112|          0|
    |r_V_reg_734              |   63|   0|   63|          0|
    |rhs_reg_739              |   56|   0|   56|          0|
    |select_ln908_reg_661     |    1|   0|    1|          0|
    |sub_ln894_reg_629        |   32|   0|   32|          0|
    |sub_ln909_reg_651        |   32|   0|   32|          0|
    |tmp_V_2_reg_621          |   64|   0|   64|          0|
    |trunc_ln893_reg_641      |   11|   0|   11|          0|
    |trunc_ln897_reg_636      |    7|   0|    7|          0|
    |y_V_reg_163              |   64|   0|   64|          0|
    +-------------------------+-----+----+-----+-----------+
    |Total                    |  784|   0|  784|          0|
    +-------------------------+-----+----+-----+-----------+



================================================================
== Interface
================================================================
* Summary: 
+-----------+-----+-----+------------+--------------+--------------+
| RTL Ports | Dir | Bits|  Protocol  | Source Object|    C Type    |
+-----------+-----+-----+------------+--------------+--------------+
|ap_clk     |   in|    1|  ap_ctrl_hs|       INV_LUT|  return value|
|ap_rst     |   in|    1|  ap_ctrl_hs|       INV_LUT|  return value|
|ap_start   |   in|    1|  ap_ctrl_hs|       INV_LUT|  return value|
|ap_done    |  out|    1|  ap_ctrl_hs|       INV_LUT|  return value|
|ap_idle    |  out|    1|  ap_ctrl_hs|       INV_LUT|  return value|
|ap_ready   |  out|    1|  ap_ctrl_hs|       INV_LUT|  return value|
|ap_return  |  out|   64|  ap_ctrl_hs|       INV_LUT|  return value|
|x          |   in|   64|     ap_none|             x|        scalar|
+-----------+-----+-----+------------+--------------+--------------+

