

================================================================
== Vitis HLS Report for 'PLL2026_x64'
================================================================
* Date:           Fri Jul 10 13:31:15 2026

* Version:        2020.2 (Build 3064766 on Wed Nov 18 09:12:45 MST 2020)
* Project:        PLL2026
* Solution:       solution1 (Vivado IP Flow Target)
* Product family: artix7
* Target device:  xc7a200t-fbg676-2


================================================================
== Performance Estimates
================================================================
+ Timing: 
    * Summary: 
    +--------+----------+----------+------------+
    |  Clock |  Target  | Estimated| Uncertainty|
    +--------+----------+----------+------------+
    |ap_clk  |  10.00 ns|  7.300 ns|     2.70 ns|
    +--------+----------+----------+------------+

+ Latency: 
    * Summary: 
    +---------+---------+----------+----------+-----+-----+---------+
    |  Latency (cycles) |  Latency (absolute) |  Interval | Pipeline|
    |   min   |   max   |    min   |    max   | min | max |   Type  |
    +---------+---------+----------+----------+-----+-----+---------+
    |        ?|        ?|         ?|         ?|    ?|    ?|     none|
    +---------+---------+----------+----------+-----+-----+---------+

    + Detail: 
        * Instance: 
        +----------------------------+-----------------+---------+---------+----------+----------+-----+-----+---------+
        |                            |                 |  Latency (cycles) |  Latency (absolute) |  Interval | Pipeline|
        |          Instance          |      Module     |   min   |   max   |    min   |    max   | min | max |   Type  |
        +----------------------------+-----------------+---------+---------+----------+----------+-----+-----+---------+
        |grp_ATAN2_LUT_fu_769        |ATAN2_LUT        |        ?|        ?|         ?|         ?|    ?|    ?|     none|
        |grp_cos_2000_fu_787         |cos_2000         |       12|       12|  0.120 us|  0.120 us|   12|   12|     none|
        |grp_cos_2000_fu_794         |cos_2000         |       12|       12|  0.120 us|  0.120 us|   12|   12|     none|
        |grp_ATAN_LUT_signed_fu_801  |ATAN_LUT_signed  |        ?|        ?|         ?|         ?|    ?|    ?|     none|
        |grp_sin_2000_fu_812         |sin_2000         |       11|       11|  0.110 us|  0.110 us|   11|   11|     none|
        |grp_INV_LUT_fu_819          |INV_LUT          |        ?|        ?|         ?|         ?|    ?|    ?|     none|
        +----------------------------+-----------------+---------+---------+----------+----------+-----+-----+---------+

        * Loop: 
        +---------------------+---------+---------+----------+-----------+-----------+------+----------+
        |                     |  Latency (cycles) | Iteration|  Initiation Interval  | Trip |          |
        |      Loop Name      |   min   |   max   |  Latency |  achieved |   target  | Count| Pipelined|
        +---------------------+---------+---------+----------+-----------+-----------+------+----------+
        |- VITIS_LOOP_1018_1  |        ?|        ?|         2|          2|          1|     ?|       yes|
        |- VITIS_LOOP_1018_1  |        ?|        ?|         2|          2|          1|     ?|       yes|
        +---------------------+---------+---------+----------+-----------+-----------+------+----------+



================================================================
== Utilization Estimates
================================================================
* Summary: 
+-----------------+---------+-----+--------+--------+-----+
|       Name      | BRAM_18K| DSP |   FF   |   LUT  | URAM|
+-----------------+---------+-----+--------+--------+-----+
|DSP              |        -|    -|       -|       -|    -|
|Expression       |        -|    -|       0|    4131|    -|
|FIFO             |        -|    -|       -|       -|    -|
|Instance         |       36|  100|   18026|   19768|    -|
|Memory           |        6|    -|       0|       0|    -|
|Multiplexer      |        -|    -|       -|     752|    -|
|Register         |        -|    -|    7321|       -|    -|
+-----------------+---------+-----+--------+--------+-----+
|Total            |       42|  100|   25347|   24651|    0|
+-----------------+---------+-----+--------+--------+-----+
|Available        |      730|  740|  269200|  134600|    0|
+-----------------+---------+-----+--------+--------+-----+
|Utilization (%)  |        5|   13|       9|      18|    0|
+-----------------+---------+-----+--------+--------+-----+

+ Detail: 
    * Instance: 
    +----------------------------+-----------------------+---------+----+------+------+-----+
    |          Instance          |         Module        | BRAM_18K| DSP|  FF  |  LUT | URAM|
    +----------------------------+-----------------------+---------+----+------+------+-----+
    |grp_ATAN2_LUT_fu_769        |ATAN2_LUT              |        6|   2|  1506|  2061|    0|
    |grp_ATAN_LUT_signed_fu_801  |ATAN_LUT_signed        |        6|   0|   788|   968|    0|
    |grp_INV_LUT_fu_819          |INV_LUT                |        6|   4|   908|   686|    0|
    |grp_cos_2000_fu_787         |cos_2000               |        6|   4|  1016|  3495|    0|
    |grp_cos_2000_fu_794         |cos_2000               |        6|   4|  1016|  3495|    0|
    |mul_113s_49ns_160_5_1_U32   |mul_113s_49ns_160_5_1  |        0|   4|   441|   256|    0|
    |mul_48ns_64ns_110_5_1_U57   |mul_48ns_64ns_110_5_1  |        0|   2|   441|   256|    0|
    |mul_48ns_64ns_111_5_1_U58   |mul_48ns_64ns_111_5_1  |        0|   2|   441|   256|    0|
    |mul_49ns_64ns_110_5_1_U52   |mul_49ns_64ns_110_5_1  |        0|   2|   441|   256|    0|
    |mul_49ns_64ns_112_5_1_U45   |mul_49ns_64ns_112_5_1  |        0|   2|   441|   256|    0|
    |mul_50s_64s_112_5_1_U36     |mul_50s_64s_112_5_1    |        0|   2|   441|   256|    0|
    |mul_50s_64s_112_5_1_U46     |mul_50s_64s_112_5_1    |        0|   2|   441|   256|    0|
    |mul_50s_64s_112_5_1_U50     |mul_50s_64s_112_5_1    |        0|   2|   441|   256|    0|
    |mul_50s_64s_112_5_1_U51     |mul_50s_64s_112_5_1    |        0|   2|   441|   256|    0|
    |mul_64s_32ns_95_5_1_U42     |mul_64s_32ns_95_5_1    |        0|   2|   441|   256|    0|
    |mul_64s_50s_112_5_1_U34     |mul_64s_50s_112_5_1    |        0|   2|   441|   256|    0|
    |mul_64s_50s_112_5_1_U35     |mul_64s_50s_112_5_1    |        0|   2|   441|   256|    0|
    |mul_64s_50s_112_5_1_U37     |mul_64s_50s_112_5_1    |        0|   2|   441|   256|    0|
    |mul_64s_50s_112_5_1_U38     |mul_64s_50s_112_5_1    |        0|   2|   441|   256|    0|
    |mul_64s_50s_112_5_1_U39     |mul_64s_50s_112_5_1    |        0|   2|   441|   256|    0|
    |mul_64s_50s_112_5_1_U47     |mul_64s_50s_112_5_1    |        0|   2|   441|   256|    0|
    |mul_64s_54ns_112_5_1_U41    |mul_64s_54ns_112_5_1   |        0|   4|   441|   256|    0|
    |mul_64s_64ns_112_5_1_U55    |mul_64s_64ns_112_5_1   |        0|   4|   441|   256|    0|
    |mul_64s_64ns_112_5_1_U56    |mul_64s_64ns_112_5_1   |        0|   4|   441|   256|    0|
    |mul_64s_64s_112_5_1_U43     |mul_64s_64s_112_5_1    |        0|   4|   441|   256|    0|
    |mul_64s_64s_112_5_1_U44     |mul_64s_64s_112_5_1    |        0|   4|   441|   256|    0|
    |mul_64s_64s_112_5_1_U53     |mul_64s_64s_112_5_1    |        0|   4|   441|   256|    0|
    |mul_64s_64s_112_5_1_U54     |mul_64s_64s_112_5_1    |        0|   4|   441|   256|    0|
    |mul_64s_90ns_153_5_1_U40    |mul_64s_90ns_153_5_1   |        0|   6|   441|   256|    0|
    |mul_65s_49ns_112_5_1_U33    |mul_65s_49ns_112_5_1   |        0|   2|   441|   256|    0|
    |mul_65s_91ns_155_5_1_U48    |mul_65s_91ns_155_5_1   |        0|   6|   441|   256|    0|
    |mul_65s_93ns_157_5_1_U49    |mul_65s_93ns_157_5_1   |        0|   6|   441|   256|    0|
    |grp_sin_2000_fu_812         |sin_2000               |        6|   4|   885|  2151|    0|
    +----------------------------+-----------------------+---------+----+------+------+-----+
    |Total                       |                       |       36| 100| 18026| 19768|    0|
    +----------------------------+-----------------------+---------+----+------+------+-----+

    * DSP: 
    N/A

    * Memory: 
    +----------------+--------------+---------+---+----+-----+------+-----+------+-------------+
    |     Memory     |    Module    | BRAM_18K| FF| LUT| URAM| Words| Bits| Banks| W*Bits*Banks|
    +----------------+--------------+---------+---+----+-----+------+-----+------+-------------+
    |table_m_V_U     |table_m_V     |        2|  0|   0|    0|    63|   49|     1|         3087|
    |table_mark_V_U  |table_mark_V  |        2|  0|   0|    0|    64|   63|     1|         4032|
    |table_n_V_U     |table_n_V     |        2|  0|   0|    0|    63|   55|     1|         3465|
    +----------------+--------------+---------+---+----+-----+------+-----+------+-------------+
    |Total           |              |        6|  0|   0|    0|   190|  167|     3|        10584|
    +----------------+--------------+---------+---+----+-----+------+-----+------+-------------+

    * FIFO: 
    N/A

    * Expression: 
    +----------------------------------+----------+----+---+-----+------------+------------+
    |           Variable Name          | Operation| DSP| FF| LUT | Bitwidth P0| Bitwidth P1|
    +----------------------------------+----------+----+---+-----+------------+------------+
    |add_ln703_2_fu_1380_p2            |         +|   0|  0|   71|          64|          45|
    |add_ln703_3_fu_1386_p2            |         +|   0|  0|   71|          64|          45|
    |add_ln703_4_fu_1755_p2            |         +|   0|  0|   71|          64|          64|
    |add_ln703_5_fu_1825_p2            |         +|   0|  0|   71|          64|          45|
    |add_ln703_6_fu_1868_p2            |         +|   0|  0|   71|          64|          45|
    |add_ln703_7_fu_1905_p2            |         +|   0|  0|   71|          64|          45|
    |add_ln703_fu_924_p2               |         +|   0|  0|   71|          64|          31|
    |half_list_1_fu_1968_p2            |         +|   0|  0|   39|          32|          32|
    |half_list_fu_1500_p2              |         +|   0|  0|   39|          32|          32|
    |r_V_27_fu_1196_p2                 |         +|   0|  0|   71|          64|          64|
    |ret_V_10_fu_1156_p2               |         +|   0|  0|  119|         112|         112|
    |ret_V_12_fu_1243_p2               |         +|   0|  0|  119|         112|         112|
    |ret_V_13_fu_1292_p2               |         +|   0|  0|  167|         160|         160|
    |ret_V_15_fu_1327_p2               |         +|   0|  0|  119|         112|         112|
    |ret_V_16_fu_1407_p2               |         +|   0|  0|  119|         112|         112|
    |ret_V_17_fu_1436_p2               |         +|   0|  0|  119|         112|         112|
    |ret_V_18_fu_1565_p2               |         +|   0|  0|  119|         112|         112|
    |ret_V_20_fu_1694_p2               |         +|   0|  0|  167|         160|         160|
    |ret_V_22_fu_1726_p2               |         +|   0|  0|  167|         160|         160|
    |ret_V_23_fu_2033_p2               |         +|   0|  0|  117|         110|         110|
    |ret_V_24_fu_1314_p2               |         +|   0|  0|   71|          64|          57|
    |ret_V_7_fu_1096_p2                |         +|   0|  0|  119|         112|         112|
    |ret_V_fu_944_p2                   |         +|   0|  0|   72|          65|          65|
    |r_V_29_fu_1663_p2                 |         -|   0|  0|  119|           1|         112|
    |ret_V_11_fu_1215_p2               |         -|   0|  0|  119|         112|         112|
    |ret_V_19_fu_1586_p2               |         -|   0|  0|   72|          65|          65|
    |ret_V_21_fu_1632_p2               |         -|   0|  0|   72|          65|          65|
    |ret_V_5_fu_974_p2                 |         -|   0|  0|  120|         113|         113|
    |ret_V_6_fu_980_p2                 |         -|   0|  0|   72|          65|          65|
    |ret_V_8_fu_1116_p2                |         -|   0|  0|  119|         112|         112|
    |ret_V_9_fu_1136_p2                |         -|   0|  0|  119|         112|         112|
    |sub_ln1018_1_fu_1932_p2           |         -|   0|  0|   39|          32|          32|
    |sub_ln1018_fu_1464_p2             |         -|   0|  0|   39|          32|          32|
    |sub_ln703_4_fu_1852_p2            |         -|   0|  0|   71|           1|          64|
    |sub_ln703_fu_1180_p2              |         -|   0|  0|   71|          64|          64|
    |y_V_2_fu_1858_p2                  |         -|   0|  0|   71|           1|          64|
    |ap_block_state51_on_subcall_done  |       and|   0|  0|    2|           1|           1|
    |ap_condition_966                  |       and|   0|  0|    2|           1|           1|
    |icmp_ln1018_1_fu_1948_p2          |      icmp|   0|  0|   17|          31|           1|
    |icmp_ln1018_fu_1480_p2            |      icmp|   0|  0|   17|          31|           1|
    |icmp_ln1494_10_fu_1592_p2         |      icmp|   0|  0|   29|          64|          45|
    |icmp_ln1494_11_fu_1820_p2         |      icmp|   0|  0|   29|          64|          58|
    |icmp_ln1494_12_fu_1863_p2         |      icmp|   0|  0|   29|          64|          62|
    |icmp_ln1494_13_fu_1900_p2         |      icmp|   0|  0|   29|          64|          62|
    |icmp_ln1494_14_fu_1983_p2         |      icmp|   0|  0|   29|          64|          64|
    |icmp_ln1494_fu_1515_p2            |      icmp|   0|  0|   29|          64|          64|
    |icmp_ln1495_fu_918_p2             |      icmp|   0|  0|   29|          64|          63|
    |icmp_ln1496_fu_1348_p2            |      icmp|   0|  0|   29|          64|          51|
    |ap_block_state44_on_subcall_done  |        or|   0|  0|    2|           1|           1|
    |ap_block_state6_on_subcall_done   |        or|   0|  0|    2|           1|           1|
    |intervalo_begin_1_fu_1520_p3      |    select|   0|  0|   32|           1|          32|
    |intervalo_begin_2_fu_1988_p3      |    select|   0|  0|   32|           1|          32|
    |intervalo_end_1_fu_1527_p3        |    select|   0|  0|   32|           1|          32|
    |intervalo_end_3_fu_1995_p3        |    select|   0|  0|   32|           1|          32|
    |r_V_24_fu_1742_p3                 |    select|   0|  0|   64|           1|          64|
    |select_ln1496_fu_1423_p3          |    select|   0|  0|   64|           1|          64|
    |select_ln259_fu_1759_p3           |    select|   0|  0|   64|           1|          64|
    |select_ln312_fu_1873_p3           |    select|   0|  0|   64|           1|          46|
    |valor_V_1_fu_1910_p3              |    select|   0|  0|   64|           1|          46|
    |x_V_1_fu_1830_p3                  |    select|   0|  0|   64|           1|          42|
    |xor_ln870_fu_850_p2               |       xor|   0|  0|    2|           1|           1|
    +----------------------------------+----------+----+---+-----+------------+------------+
    |Total                             |          |   0|  0| 4131|        3443|        3886|
    +----------------------------------+----------+----+---+-----+------------+------------+

    * Multiplexer: 
    +----------------------------------------------+-----+-----------+-----+-----------+
    |                     Name                     | LUT | Input Size| Bits| Total Bits|
    +----------------------------------------------+-----+-----------+-----+-----------+
    |Amp_vneg_V_loc_0_reg_669                      |    9|          2|   64|        128|
    |amp_vPos_V_loc_0_reg_709                      |    9|          2|   64|        128|
    |ap_NS_fsm                                     |  279|         65|    1|         65|
    |ap_phi_mux_Amp_vneg_V_loc_0_phi_fu_672_p4     |    9|          2|   64|        128|
    |ap_phi_mux_amp_vPos_V_loc_0_phi_fu_712_p4     |    9|          2|   64|        128|
    |ap_phi_mux_delta_V_loc_0_phi_fu_662_p4        |    9|          2|   64|        128|
    |ap_phi_mux_in_atan_aux_V_loc_0_phi_fu_752_p4  |    9|          2|   64|        128|
    |ap_phi_mux_in_inv_aux_V_loc_0_phi_fu_742_p4   |    9|          2|   64|        128|
    |ap_phi_mux_in_sqrt_aux_V_loc_0_phi_fu_762_p4  |    9|          2|   64|        128|
    |ap_phi_mux_theta1_V_loc_0_phi_fu_642_p4       |    9|          2|   64|        128|
    |ap_phi_mux_v1_d_limpo_V_loc_0_phi_fu_702_p4   |    9|          2|   64|        128|
    |ap_phi_mux_v2_d_limpo_V_loc_0_phi_fu_732_p4   |    9|          2|   64|        128|
    |ap_phi_mux_v2_q_limpo_V_loc_0_phi_fu_722_p4   |    9|          2|   64|        128|
    |ap_phi_mux_v_alfa_V_loc_0_phi_fu_682_p4       |    9|          2|   64|        128|
    |ap_phi_mux_v_beta_V_loc_0_phi_fu_692_p4       |    9|          2|   64|        128|
    |ap_phi_mux_wi_V_loc_0_phi_fu_652_p4           |    9|          2|   64|        128|
    |ap_phi_mux_y_V_6_phi_fu_632_p4                |    9|          2|   62|        124|
    |ap_sig_allocacmp_out_sqrt_aux_V_load          |    9|          2|   62|        124|
    |delta_V_loc_0_reg_659                         |    9|          2|   64|        128|
    |grp_INV_LUT_fu_819_ap_start                   |    9|          2|    1|          2|
    |grp_INV_LUT_fu_819_x                          |   17|          4|   64|        256|
    |grp_cos_2000_fu_787_theta_in                  |   13|          3|   64|        192|
    |grp_fu_2690_ce                                |    9|          2|    1|          2|
    |grp_fu_2694_ce                                |    9|          2|    1|          2|
    |grp_fu_2698_ce                                |    9|          2|    1|          2|
    |grp_fu_2702_ce                                |    9|          2|    1|          2|
    |grp_fu_2706_ce                                |    9|          2|    1|          2|
    |grp_fu_2710_ce                                |    9|          2|    1|          2|
    |grp_sin_2000_fu_812_theta_in                  |   17|          4|   64|        256|
    |in_atan_aux_V_loc_0_reg_749                   |    9|          2|   64|        128|
    |in_inv_aux_V_loc_0_reg_739                    |    9|          2|   64|        128|
    |in_sqrt_aux_V_loc_0_reg_759                   |    9|          2|   64|        128|
    |intervalo_begin_3_reg_604                     |    9|          2|   32|         64|
    |intervalo_begin_reg_560                       |    9|          2|   32|         64|
    |intervalo_end_2_reg_616                       |    9|          2|   32|         64|
    |intervalo_end_reg_572                         |    9|          2|   32|         64|
    |table_m_V_address0                            |   13|          3|    6|         18|
    |table_mark_V_address0                         |   13|          3|    6|         18|
    |table_n_V_address0                            |   13|          3|    6|         18|
    |theta1_V_loc_0_reg_639                        |    9|          2|   64|        128|
    |time_V_loc_0_reg_550                          |    9|          2|   64|        128|
    |v1_d_limpo_V_loc_0_reg_699                    |    9|          2|   64|        128|
    |v2_d_limpo_V_loc_0_reg_729                    |    9|          2|   64|        128|
    |v2_q_limpo_V_loc_0_reg_719                    |    9|          2|   64|        128|
    |v_alfa_V_loc_0_reg_679                        |    9|          2|   64|        128|
    |v_beta_V_loc_0_reg_689                        |    9|          2|   64|        128|
    |wi_V_loc_0_reg_649                            |    9|          2|   64|        128|
    |y_V_4_reg_595                                 |    9|          2|   64|        128|
    |y_V_6_reg_628                                 |    9|          2|   62|        124|
    |y_V_7_reg_584                                 |    9|          2|   64|        128|
    +----------------------------------------------+-----+-----------+-----+-----------+
    |Total                                         |  752|        171| 2388|       5177|
    +----------------------------------------------+-----+-----------+-----+-----------+

    * Register: 
    +-----------------------------------------+-----+----+-----+-----------+
    |                   Name                  |  FF | LUT| Bits| Const Bits|
    +-----------------------------------------+-----+----+-----+-----------+
    |Amp_vneg_V                               |   64|   0|   64|          0|
    |Amp_vneg_V_loc_0_reg_669                 |   64|   0|   64|          0|
    |Amp_vneg_raw_base_V                      |   64|   0|   64|          0|
    |add_ln703_2_reg_2419                     |   64|   0|   64|          0|
    |add_ln703_3_reg_2424                     |   64|   0|   64|          0|
    |amp_vPos_V                               |   64|   0|   64|          0|
    |amp_vPos_V_loc_0_reg_709                 |   64|   0|   64|          0|
    |ap_CS_fsm                                |   64|   0|   64|          0|
    |aux_sinc_V                               |    1|   0|    1|          0|
    |delta_V                                  |   64|   0|   64|          0|
    |delta_V_loc_0_reg_659                    |   64|   0|   64|          0|
    |grp_ATAN2_LUT_fu_769_ap_start_reg        |    1|   0|    1|          0|
    |grp_ATAN_LUT_signed_fu_801_ap_start_reg  |    1|   0|    1|          0|
    |grp_INV_LUT_fu_819_ap_start_reg          |    1|   0|    1|          0|
    |grp_cos_2000_fu_787_ap_start_reg         |    1|   0|    1|          0|
    |grp_cos_2000_fu_794_ap_start_reg         |    1|   0|    1|          0|
    |grp_sin_2000_fu_812_ap_start_reg         |    1|   0|    1|          0|
    |half_list_1_reg_2644                     |   32|   0|   32|          0|
    |half_list_reg_2462                       |   32|   0|   32|          0|
    |icmp_ln1494_10_reg_2518                  |    1|   0|    1|          0|
    |icmp_ln1496_reg_2392                     |    1|   0|    1|          0|
    |in_atan_aux_V                            |   64|   0|   64|          0|
    |in_atan_aux_V_loc_0_reg_749              |   64|   0|   64|          0|
    |in_inv_aux_V                             |   64|   0|   64|          0|
    |in_inv_aux_V_loc_0_reg_739               |   64|   0|   64|          0|
    |in_sqrt_aux_V                            |   64|   0|   64|          0|
    |in_sqrt_aux_V_loc_0_reg_759              |   64|   0|   64|          0|
    |intervalo_begin_3_reg_604                |   32|   0|   32|          0|
    |intervalo_begin_reg_560                  |   32|   0|   32|          0|
    |intervalo_end_2_reg_616                  |   32|   0|   32|          0|
    |intervalo_end_reg_572                    |   32|   0|   32|          0|
    |lhs_V_12_reg_2444                        |   64|   0|   64|          0|
    |lhs_V_2_reg_2313                         |   64|   0|   64|          0|
    |lhs_V_4_reg_2318                         |   64|   0|   64|          0|
    |mul_ln1118_reg_2545                      |  112|   0|  112|          0|
    |out_atan_aux_V                           |   64|   0|   64|          0|
    |out_inv_aux_V                            |   64|   0|   64|          0|
    |out_sqrt_aux_V                           |   62|   0|   62|          0|
    |pll_alfa_V                               |   64|   0|   64|          0|
    |pll_beta_V                               |   64|   0|   64|          0|
    |r_V_11_reg_2337                          |  112|   0|  112|          0|
    |r_V_12_reg_2242                          |   50|   0|   50|          0|
    |r_V_13_reg_2342                          |  112|   0|  112|          0|
    |r_V_14_reg_2371                          |  153|   0|  153|          0|
    |r_V_15_reg_2382                          |  112|   0|  112|          0|
    |r_V_16_reg_2414                          |   95|   0|   95|          0|
    |r_V_17_reg_2429                          |  112|   0|  112|          0|
    |r_V_18_reg_2354                          |   64|   0|   64|          0|
    |r_V_19_reg_2434                          |  112|   0|  112|          0|
    |r_V_1_reg_2347                           |   64|   0|   64|          0|
    |r_V_21_reg_2503                          |  112|   0|  112|          0|
    |r_V_22_reg_2550                          |  155|   0|  155|          0|
    |r_V_23_reg_2561                          |  157|   0|  157|          0|
    |r_V_24_reg_2566                          |   64|   0|   64|          0|
    |r_V_27_reg_2329                          |   64|   0|   64|          0|
    |r_V_31_reg_2685                          |  110|   0|  110|          0|
    |r_V_33_reg_2289                          |  112|   0|  112|          0|
    |r_V_34_reg_2295                          |  112|   0|  112|          0|
    |r_V_35_reg_2301                          |  112|   0|  112|          0|
    |r_V_36_reg_2307                          |  112|   0|  112|          0|
    |reg_830                                  |   50|   0|   50|          0|
    |reg_834                                  |   50|   0|   50|          0|
    |reg_838                                  |   49|   0|   49|          0|
    |reg_842                                  |   55|   0|   55|          0|
    |ret_V_19_reg_2513                        |   65|   0|   65|          0|
    |ret_V_21_reg_2535                        |   65|   0|   65|          0|
    |ret_V_5_reg_2201                         |   66|   0|  113|         47|
    |ret_V_6_reg_2206                         |   65|   0|   65|          0|
    |rhs_3_reg_2376                           |   64|   0|   64|          0|
    |select_ln1496_reg_2439                   |   64|   0|   64|          0|
    |select_ln259_reg_2572                    |   64|   0|   64|          0|
    |select_ln312_reg_2619                    |   64|   0|   64|          0|
    |sext_ln1115_1_reg_2260                   |  112|   0|  112|          0|
    |sext_ln1115_reg_2247                     |  112|   0|  112|          0|
    |shl_ln708_reg_2221                       |   63|   0|   64|          1|
    |sub_ln703_4_reg_2604                     |   64|   0|   64|          0|
    |sub_ln703_reg_2323                       |   64|   0|   64|          0|
    |theta1_V                                 |   64|   0|   64|          0|
    |theta1_V_loc_0_reg_639                   |   64|   0|   64|          0|
    |time_V                                   |   64|   0|   64|          0|
    |time_V_loc_0_reg_550                     |   64|   0|   64|          0|
    |tmp_10_reg_2637                          |    1|   0|    1|          0|
    |tmp_9_reg_2600                           |    1|   0|    1|          0|
    |tmp_reg_2455                             |    1|   0|    1|          0|
    |trunc_ln708_1_reg_2236                   |   64|   0|   64|          0|
    |trunc_ln708_4_reg_2555                   |   64|   0|   64|          0|
    |trunc_ln708_9_reg_2387                   |   64|   0|   64|          0|
    |trunc_ln_reg_2229                        |   64|   0|   64|          0|
    |v1_d_V                                   |   64|   0|   64|          0|
    |v1_d_comp_V                              |   64|   0|   64|          0|
    |v1_d_limpo_V                             |   64|   0|   64|          0|
    |v1_d_limpo_V_loc_0_reg_699               |   64|   0|   64|          0|
    |v1_q_V                                   |   64|   0|   64|          0|
    |v1_q_comp_V                              |   64|   0|   64|          0|
    |v1_q_limpo_V                             |   64|   0|   64|          0|
    |v2_d_V                                   |   64|   0|   64|          0|
    |v2_d_limpo_V                             |   64|   0|   64|          0|
    |v2_d_limpo_V_loc_0_reg_729               |   64|   0|   64|          0|
    |v2_q_V                                   |   64|   0|   64|          0|
    |v2_q_limpo_V                             |   64|   0|   64|          0|
    |v2_q_limpo_V_loc_0_reg_719               |   64|   0|   64|          0|
    |v_alfa_V                                 |   64|   0|   64|          0|
    |v_alfa_V_loc_0_reg_679                   |   64|   0|   64|          0|
    |v_beta_V                                 |   64|   0|   64|          0|
    |v_beta_V_loc_0_reg_689                   |   64|   0|   64|          0|
    |valor_V_1_reg_2630                       |   64|   0|   64|          0|
    |valor_V_reg_2449                         |   64|   0|   64|          0|
    |w_V                                      |   64|   0|   64|          0|
    |wi_V                                     |   64|   0|   64|          0|
    |wi_V_loc_0_reg_649                       |   64|   0|   64|          0|
    |x_V_1_reg_2594                           |   64|   0|   64|          0|
    |xor_ln870_reg_2119                       |    1|   0|    1|          0|
    |y_V_4_reg_595                            |   64|   0|   64|          0|
    |y_V_6_reg_628                            |   62|   0|   62|          0|
    |y_V_7_reg_584                            |   64|   0|   64|          0|
    |y_aux_V_reg_2625                         |   64|   0|   64|          0|
    +-----------------------------------------+-----+----+-----+-----------+
    |Total                                    | 7321|   0| 7369|         48|
    +-----------------------------------------+-----+----+-----+-----------+



================================================================
== Interface
================================================================
* Summary: 
+------------------------------+-----+-----+------------+-----------------------+--------------+
|           RTL Ports          | Dir | Bits|  Protocol  |     Source Object     |    C Type    |
+------------------------------+-----+-----+------------+-----------------------+--------------+
|ap_clk                        |   in|    1|  ap_ctrl_hs|            PLL2026_x64|  return value|
|ap_rst                        |   in|    1|  ap_ctrl_hs|            PLL2026_x64|  return value|
|ap_start                      |   in|    1|  ap_ctrl_hs|            PLL2026_x64|  return value|
|ap_done                       |  out|    1|  ap_ctrl_hs|            PLL2026_x64|  return value|
|ap_idle                       |  out|    1|  ap_ctrl_hs|            PLL2026_x64|  return value|
|ap_ready                      |  out|    1|  ap_ctrl_hs|            PLL2026_x64|  return value|
|sinc                          |   in|    1|     ap_none|                   sinc|        scalar|
|EN1                           |   in|    1|     ap_none|                    EN1|        scalar|
|EN2                           |   in|    1|     ap_none|                    EN2|        scalar|
|EN3                           |   in|    1|     ap_none|                    EN3|        scalar|
|EN4                           |   in|    1|     ap_none|                    EN4|        scalar|
|EN5                           |   in|    1|     ap_none|                    EN5|        scalar|
|EN6                           |   in|    1|     ap_none|                    EN6|        scalar|
|vin_a                         |   in|   64|     ap_none|                  vin_a|        scalar|
|vin_b                         |   in|   64|     ap_none|                  vin_b|        scalar|
|vin_c                         |   in|   64|     ap_none|                  vin_c|        scalar|
|in_1                          |   in|   64|     ap_none|                   in_1|        scalar|
|in_2                          |   in|   64|     ap_none|                   in_2|        scalar|
|in_3                          |   in|   64|     ap_none|                   in_3|        scalar|
|w_out                         |  out|   64|      ap_vld|                  w_out|       pointer|
|w_out_ap_vld                  |  out|    1|      ap_vld|                  w_out|       pointer|
|wi_out                        |  out|   64|      ap_vld|                 wi_out|       pointer|
|wi_out_ap_vld                 |  out|    1|      ap_vld|                 wi_out|       pointer|
|theta_out                     |  out|   64|      ap_vld|              theta_out|       pointer|
|theta_out_ap_vld              |  out|    1|      ap_vld|              theta_out|       pointer|
|pll_alpha_out                 |  out|   64|      ap_vld|          pll_alpha_out|       pointer|
|pll_alpha_out_ap_vld          |  out|    1|      ap_vld|          pll_alpha_out|       pointer|
|pll_beta_out                  |  out|   64|      ap_vld|           pll_beta_out|       pointer|
|pll_beta_out_ap_vld           |  out|    1|      ap_vld|           pll_beta_out|       pointer|
|amp_vPos_out                  |  out|   64|      ap_vld|           amp_vPos_out|       pointer|
|amp_vPos_out_ap_vld           |  out|    1|      ap_vld|           amp_vPos_out|       pointer|
|Amp_vneg_out                  |  out|   64|      ap_vld|           Amp_vneg_out|       pointer|
|Amp_vneg_out_ap_vld           |  out|    1|      ap_vld|           Amp_vneg_out|       pointer|
|delta_out                     |  out|   64|      ap_vld|              delta_out|       pointer|
|delta_out_ap_vld              |  out|    1|      ap_vld|              delta_out|       pointer|
|v_alfa_in                     |  out|   64|      ap_vld|              v_alfa_in|       pointer|
|v_alfa_in_ap_vld              |  out|    1|      ap_vld|              v_alfa_in|       pointer|
|v_beta_in                     |  out|   64|      ap_vld|              v_beta_in|       pointer|
|v_beta_in_ap_vld              |  out|    1|      ap_vld|              v_beta_in|       pointer|
|Amp_vneg_raw_base_out         |  out|   64|      ap_vld|  Amp_vneg_raw_base_out|       pointer|
|Amp_vneg_raw_base_out_ap_vld  |  out|    1|      ap_vld|  Amp_vneg_raw_base_out|       pointer|
|q_inv_d_out                   |  out|   64|      ap_vld|            q_inv_d_out|       pointer|
|q_inv_d_out_ap_vld            |  out|    1|      ap_vld|            q_inv_d_out|       pointer|
|v2_d_limpo_out                |  out|   64|      ap_vld|         v2_d_limpo_out|       pointer|
|v2_d_limpo_out_ap_vld         |  out|    1|      ap_vld|         v2_d_limpo_out|       pointer|
|v2_q_limpo_out                |  out|   64|      ap_vld|         v2_q_limpo_out|       pointer|
|v2_q_limpo_out_ap_vld         |  out|    1|      ap_vld|         v2_q_limpo_out|       pointer|
|v1_d_limpo_out                |  out|   64|      ap_vld|         v1_d_limpo_out|       pointer|
|v1_d_limpo_out_ap_vld         |  out|    1|      ap_vld|         v1_d_limpo_out|       pointer|
|v1_q_limpo_out                |  out|   64|      ap_vld|         v1_q_limpo_out|       pointer|
|v1_q_limpo_out_ap_vld         |  out|    1|      ap_vld|         v1_q_limpo_out|       pointer|
|v1_d_out                      |  out|   64|      ap_vld|               v1_d_out|       pointer|
|v1_d_out_ap_vld               |  out|    1|      ap_vld|               v1_d_out|       pointer|
|v1_q_out                      |  out|   64|      ap_vld|               v1_q_out|       pointer|
|v1_q_out_ap_vld               |  out|    1|      ap_vld|               v1_q_out|       pointer|
|v2_d_out                      |  out|   64|      ap_vld|               v2_d_out|       pointer|
|v2_d_out_ap_vld               |  out|    1|      ap_vld|               v2_d_out|       pointer|
|v2_q_out                      |  out|   64|      ap_vld|               v2_q_out|       pointer|
|v2_q_out_ap_vld               |  out|    1|      ap_vld|               v2_q_out|       pointer|
|in_inv                        |  out|   64|      ap_vld|                 in_inv|       pointer|
|in_inv_ap_vld                 |  out|    1|      ap_vld|                 in_inv|       pointer|
|out_inv                       |  out|   64|      ap_vld|                out_inv|       pointer|
|out_inv_ap_vld                |  out|    1|      ap_vld|                out_inv|       pointer|
|in_atan                       |  out|   64|      ap_vld|                in_atan|       pointer|
|in_atan_ap_vld                |  out|    1|      ap_vld|                in_atan|       pointer|
|out_atan                      |  out|   64|      ap_vld|               out_atan|       pointer|
|out_atan_ap_vld               |  out|    1|      ap_vld|               out_atan|       pointer|
|in_sqrt                       |  out|   64|      ap_vld|                in_sqrt|       pointer|
|in_sqrt_ap_vld                |  out|    1|      ap_vld|                in_sqrt|       pointer|
|out_sqrt                      |  out|   64|      ap_vld|               out_sqrt|       pointer|
|out_sqrt_ap_vld               |  out|    1|      ap_vld|               out_sqrt|       pointer|
+------------------------------+-----+-----+------------+-----------------------+--------------+

