

================================================================
== Vitis HLS Report for 'ATAN_LUT'
================================================================
* Date:           Wed Jul 22 15:27:23 2026

* Version:        2020.2 (Build 3064766 on Wed Nov 18 09:12:45 MST 2020)
* Project:        PLL2026
* Solution:       solution1 (Vivado IP Flow Target)
* Product family: artix7
* Target device:  xc7a200t-fbg676-2


================================================================
== Performance Estimates
================================================================
+ Timing: 
    * Summary: 
    +--------+----------+----------+------------+
    |  Clock |  Target  | Estimated| Uncertainty|
    +--------+----------+----------+------------+
    |ap_clk  |  10.00 ns|  7.132 ns|     2.70 ns|
    +--------+----------+----------+------------+

+ Latency: 
    * Summary: 
    +---------+---------+----------+----------+-----+-----+---------+
    |  Latency (cycles) |  Latency (absolute) |  Interval | Pipeline|
    |   min   |   max   |    min   |    max   | min | max |   Type  |
    +---------+---------+----------+----------+-----+-----+---------+
    |        ?|        ?|         ?|         ?|    ?|    ?|     none|
    +---------+---------+----------+----------+-----+-----+---------+

    + Detail: 
        * Instance: 
        N/A

        * Loop: 
        +---------------------+---------+---------+----------+-----------+-----------+------+----------+
        |                     |  Latency (cycles) | Iteration|  Initiation Interval  | Trip |          |
        |      Loop Name      |   min   |   max   |  Latency |  achieved |   target  | Count| Pipelined|
        +---------------------+---------+---------+----------+-----------+-----------+------+----------+
        |- VITIS_LOOP_1024_1  |        ?|        ?|         2|          2|          1|     ?|       yes|
        +---------------------+---------+---------+----------+-----------+-----------+------+----------+

============================================================
+ Verbose Summary: Synthesis Manager
============================================================
InlineROM: 1
ExposeGlobal: 0
============================================================
+ Verbose Summary: CDFG Model
============================================================
IsTopModel: 0
ResetActiveHigh: 1
IsCombinational: 0
IsDatapathOnly: 0
HasWiredReturn: 1
HasMFsm: 0
HasVarLatency: 1
IsPipeline: 0
IsRtlPipelined: 0
IsInstanceOverlapped: 0
IsDontTouch: 0
HasImplIP: 0
IsGatedGlobalClock: 0

+ Individual pipeline summary: 
  * Pipeline-0: initiation interval (II) = 2, depth = 2


============================================================
+ Verbose Summary: Schedule
============================================================
* Number of FSM states : 11
* Pipeline : 1
  Pipeline-0 : II = 2, D = 2, States = { 2 3 }
* Dataflow Pipeline: 0

* FSM state transitions: 
1 --> 2 
2 --> 4 3 
3 --> 2 
4 --> 5 
5 --> 6 
6 --> 7 
7 --> 8 
8 --> 9 
9 --> 10 
10 --> 11 
11 --> 

* FSM state operations: 

State 1 <SV = 0> <Delay = 1.32>
ST_1 : Operation 12 [1/1] (0.00ns)   --->   "%x_read = read i64 @_ssdm_op_Read.ap_auto.i64, i64 %x" [../../C-Codes/Fixed_x64/PLL2026_x64.cpp:1015]   --->   Operation 12 'read' 'x_read' <Predicate = true> <Delay = 0.00>
ST_1 : Operation 13 [1/1] (1.32ns)   --->   "%br_ln1024 = br void" [../../C-Codes/Fixed_x64/PLL2026_x64.cpp:1024]   --->   Operation 13 'br' 'br_ln1024' <Predicate = true> <Delay = 1.32>

State 2 <SV = 1> <Delay = 7.13>
ST_2 : Operation 14 [1/1] (0.00ns)   --->   "%intervalo_begin = phi i32 0, void %_ZN13ap_fixed_baseILi129ELi33ELb1EL9ap_q_mode5EL9ap_o_mode3ELi0EEC2ILi128ELi32ELb1ELS0_5ELS1_3ELi0EEERKS_IXT_EXT0_EXT1_EXT2_EXT3_EXT4_EE.exit.i, i32 %intervalo_begin_10, void"   --->   Operation 14 'phi' 'intervalo_begin' <Predicate = true> <Delay = 0.00>
ST_2 : Operation 15 [1/1] (0.00ns)   --->   "%intervalo_end = phi i32 31, void %_ZN13ap_fixed_baseILi129ELi33ELb1EL9ap_q_mode5EL9ap_o_mode3ELi0EEC2ILi128ELi32ELb1ELS0_5ELS1_3ELi0EEERKS_IXT_EXT0_EXT1_EXT2_EXT3_EXT4_EE.exit.i, i32 %intervalo_end_8, void"   --->   Operation 15 'phi' 'intervalo_end' <Predicate = true> <Delay = 0.00>
ST_2 : Operation 16 [1/1] (0.00ns)   --->   "%specpipeline_ln0 = specpipeline void @_ssdm_op_SpecPipeline, i32 4294967295, i32 0, i32 1, i32 0, void @p_str"   --->   Operation 16 'specpipeline' 'specpipeline_ln0' <Predicate = true> <Delay = 0.00>
ST_2 : Operation 17 [1/1] (2.18ns)   --->   "%sub_ln1024 = sub i32 %intervalo_end, i32 %intervalo_begin" [../../C-Codes/Fixed_x64/PLL2026_x64.cpp:1024]   --->   Operation 17 'sub' 'sub_ln1024' <Predicate = true> <Delay = 2.18> <CoreInst = "Adder">   --->   Core 1 'Adder' <Latency = 0> <II = 1> <Delay = 4.17> <FuncUnit> <Opcode : 'add' 'sub'> <InPorts = 2> <OutPorts = 1>
ST_2 : Operation 18 [1/1] (0.00ns)   --->   "%tmp = partselect i31 @_ssdm_op_PartSelect.i31.i32.i32.i32, i32 %sub_ln1024, i32 1, i32 31" [../../C-Codes/Fixed_x64/PLL2026_x64.cpp:1024]   --->   Operation 18 'partselect' 'tmp' <Predicate = true> <Delay = 0.00>
ST_2 : Operation 19 [1/1] (2.10ns)   --->   "%icmp_ln1024 = icmp_sgt  i31 %tmp, i31 0" [../../C-Codes/Fixed_x64/PLL2026_x64.cpp:1024]   --->   Operation 19 'icmp' 'icmp_ln1024' <Predicate = true> <Delay = 2.10> <CoreInst = "Cmp">   --->   Core 9 'Cmp' <Latency = 0> <II = 1> <Delay = 2.34> <FuncUnit> <Opcode : 'icmp'> <InPorts = 2> <OutPorts = 1>
ST_2 : Operation 20 [1/1] (0.00ns)   --->   "%br_ln1024 = br i1 %icmp_ln1024, void %_Z13busca_binariaP8ap_fixedILi64ELi16EL9ap_q_mode5EL9ap_o_mode3ELi0EEiS2_.exit, void" [../../C-Codes/Fixed_x64/PLL2026_x64.cpp:1024]   --->   Operation 20 'br' 'br_ln1024' <Predicate = true> <Delay = 0.00>
ST_2 : Operation 21 [1/1] (0.00ns)   --->   "%div1_i = partselect i31 @_ssdm_op_PartSelect.i31.i32.i32.i32, i32 %sub_ln1024, i32 1, i32 31" [../../C-Codes/Fixed_x64/PLL2026_x64.cpp:1024]   --->   Operation 21 'partselect' 'div1_i' <Predicate = (icmp_ln1024)> <Delay = 0.00>
ST_2 : Operation 22 [1/1] (0.00ns)   --->   "%div1_i_cast = zext i31 %div1_i" [../../C-Codes/Fixed_x64/PLL2026_x64.cpp:1024]   --->   Operation 22 'zext' 'div1_i_cast' <Predicate = (icmp_ln1024)> <Delay = 0.00>
ST_2 : Operation 23 [1/1] (2.18ns)   --->   "%half_list = add i32 %div1_i_cast, i32 %intervalo_begin" [../../C-Codes/Fixed_x64/PLL2026_x64.cpp:1027]   --->   Operation 23 'add' 'half_list' <Predicate = (icmp_ln1024)> <Delay = 2.18> <CoreInst = "Adder">   --->   Core 1 'Adder' <Latency = 0> <II = 1> <Delay = 4.17> <FuncUnit> <Opcode : 'add' 'sub'> <InPorts = 2> <OutPorts = 1>
ST_2 : Operation 24 [1/1] (0.00ns)   --->   "%zext_ln1029 = zext i32 %half_list" [../../C-Codes/Fixed_x64/PLL2026_x64.cpp:1029]   --->   Operation 24 'zext' 'zext_ln1029' <Predicate = (icmp_ln1024)> <Delay = 0.00>
ST_2 : Operation 25 [1/1] (0.00ns)   --->   "%table_mark_V_2_addr = getelementptr i59 %table_mark_V_2, i64 0, i64 %zext_ln1029"   --->   Operation 25 'getelementptr' 'table_mark_V_2_addr' <Predicate = (icmp_ln1024)> <Delay = 0.00>
ST_2 : Operation 26 [2/2] (2.77ns)   --->   "%table_mark_V_2_load = load i5 %table_mark_V_2_addr"   --->   Operation 26 'load' 'table_mark_V_2_load' <Predicate = (icmp_ln1024)> <Delay = 2.77> <CoreInst = "ROM">   --->   Core 95 'ROM' <Latency = 1> <II = 1> <Delay = 2.77> <Storage> <Opcode : 'load'> <Ports = 0> <Width = 59> <Depth = 32> <ROM>

State 3 <SV = 2> <Delay = 5.88>
ST_3 : Operation 27 [1/1] (0.00ns)   --->   "%specloopname_ln0 = specloopname void @_ssdm_op_SpecLoopName, void @empty_0"   --->   Operation 27 'specloopname' 'specloopname_ln0' <Predicate = true> <Delay = 0.00>
ST_3 : Operation 28 [1/2] (2.77ns)   --->   "%table_mark_V_2_load = load i5 %table_mark_V_2_addr"   --->   Operation 28 'load' 'table_mark_V_2_load' <Predicate = true> <Delay = 2.77> <CoreInst = "ROM">   --->   Core 95 'ROM' <Latency = 1> <II = 1> <Delay = 2.77> <Storage> <Opcode : 'load'> <Ports = 0> <Width = 59> <Depth = 32> <ROM>
ST_3 : Operation 29 [1/1] (0.00ns)   --->   "%sext_ln1494 = sext i59 %table_mark_V_2_load"   --->   Operation 29 'sext' 'sext_ln1494' <Predicate = true> <Delay = 0.00>
ST_3 : Operation 30 [1/1] (0.00ns)   --->   "%zext_ln1494 = zext i63 %sext_ln1494"   --->   Operation 30 'zext' 'zext_ln1494' <Predicate = true> <Delay = 0.00>
ST_3 : Operation 31 [1/1] (2.34ns)   --->   "%icmp_ln1494 = icmp_slt  i64 %zext_ln1494, i64 %x_read"   --->   Operation 31 'icmp' 'icmp_ln1494' <Predicate = true> <Delay = 2.34> <CoreInst = "Cmp">   --->   Core 9 'Cmp' <Latency = 0> <II = 1> <Delay = 2.34> <FuncUnit> <Opcode : 'icmp'> <InPorts = 2> <OutPorts = 1>
ST_3 : Operation 32 [1/1] (0.77ns)   --->   "%intervalo_begin_10 = select i1 %icmp_ln1494, i32 %half_list, i32 %intervalo_begin" [../../C-Codes/Fixed_x64/PLL2026_x64.cpp:1031]   --->   Operation 32 'select' 'intervalo_begin_10' <Predicate = true> <Delay = 0.77> <CoreInst = "Sel">   --->   Core 73 'Sel' <Latency = 0> <II = 1> <Delay = 0.77> <FuncUnit> <Opcode : 'select'> <InPorts = 3> <OutPorts = 1>
ST_3 : Operation 33 [1/1] (0.77ns)   --->   "%intervalo_end_8 = select i1 %icmp_ln1494, i32 %intervalo_end, i32 %half_list" [../../C-Codes/Fixed_x64/PLL2026_x64.cpp:1031]   --->   Operation 33 'select' 'intervalo_end_8' <Predicate = true> <Delay = 0.77> <CoreInst = "Sel">   --->   Core 73 'Sel' <Latency = 0> <II = 1> <Delay = 0.77> <FuncUnit> <Opcode : 'select'> <InPorts = 3> <OutPorts = 1>
ST_3 : Operation 34 [1/1] (0.00ns)   --->   "%br_ln1024 = br void" [../../C-Codes/Fixed_x64/PLL2026_x64.cpp:1024]   --->   Operation 34 'br' 'br_ln1024' <Predicate = true> <Delay = 0.00>

State 4 <SV = 2> <Delay = 2.77>
ST_4 : Operation 35 [1/1] (0.00ns)   --->   "%zext_ln1398 = zext i32 %intervalo_begin" [../../C-Codes/Fixed_x64/PLL2026_x64.cpp:1398]   --->   Operation 35 'zext' 'zext_ln1398' <Predicate = true> <Delay = 0.00>
ST_4 : Operation 36 [1/1] (0.00ns)   --->   "%table_m_V_2_addr = getelementptr i48 %table_m_V_2, i64 0, i64 %zext_ln1398"   --->   Operation 36 'getelementptr' 'table_m_V_2_addr' <Predicate = true> <Delay = 0.00>
ST_4 : Operation 37 [2/2] (2.77ns)   --->   "%r_V = load i5 %table_m_V_2_addr"   --->   Operation 37 'load' 'r_V' <Predicate = true> <Delay = 2.77> <CoreInst = "ROM">   --->   Core 95 'ROM' <Latency = 1> <II = 1> <Delay = 2.77> <Storage> <Opcode : 'load'> <Ports = 0> <Width = 48> <Depth = 31> <ROM>
ST_4 : Operation 38 [1/1] (0.00ns)   --->   "%table_n_V_2_addr = getelementptr i49 %table_n_V_2, i64 0, i64 %zext_ln1398"   --->   Operation 38 'getelementptr' 'table_n_V_2_addr' <Predicate = true> <Delay = 0.00>
ST_4 : Operation 39 [2/2] (2.77ns)   --->   "%rhs = load i5 %table_n_V_2_addr"   --->   Operation 39 'load' 'rhs' <Predicate = true> <Delay = 2.77> <CoreInst = "ROM">   --->   Core 95 'ROM' <Latency = 1> <II = 1> <Delay = 2.77> <Storage> <Opcode : 'load'> <Ports = 0> <Width = 49> <Depth = 31> <ROM>

State 5 <SV = 3> <Delay = 2.77>
ST_5 : Operation 40 [1/2] (2.77ns)   --->   "%r_V = load i5 %table_m_V_2_addr"   --->   Operation 40 'load' 'r_V' <Predicate = true> <Delay = 2.77> <CoreInst = "ROM">   --->   Core 95 'ROM' <Latency = 1> <II = 1> <Delay = 2.77> <Storage> <Opcode : 'load'> <Ports = 0> <Width = 48> <Depth = 31> <ROM>
ST_5 : Operation 41 [1/2] (2.77ns)   --->   "%rhs = load i5 %table_n_V_2_addr"   --->   Operation 41 'load' 'rhs' <Predicate = true> <Delay = 2.77> <CoreInst = "ROM">   --->   Core 95 'ROM' <Latency = 1> <II = 1> <Delay = 2.77> <Storage> <Opcode : 'load'> <Ports = 0> <Width = 49> <Depth = 31> <ROM>

State 6 <SV = 4> <Delay = 5.71>
ST_6 : Operation 42 [1/1] (0.00ns)   --->   "%zext_ln1115 = zext i48 %r_V"   --->   Operation 42 'zext' 'zext_ln1115' <Predicate = true> <Delay = 0.00>
ST_6 : Operation 43 [1/1] (0.00ns)   --->   "%sext_ln1118 = sext i64 %x_read"   --->   Operation 43 'sext' 'sext_ln1118' <Predicate = true> <Delay = 0.00>
ST_6 : Operation 44 [5/5] (5.71ns)   --->   "%r_V_41 = mul i112 %zext_ln1115, i112 %sext_ln1118"   --->   Operation 44 'mul' 'r_V_41' <Predicate = true> <Delay = 5.71> <CoreInst = "Multiplier">   --->   Core 3 'Multiplier' <Latency = 4> <II = 1> <Delay = 5.71> <FuncUnit> <Opcode : 'mul'> <InPorts = 2> <OutPorts = 1>

State 7 <SV = 5> <Delay = 5.71>
ST_7 : Operation 45 [4/5] (5.71ns)   --->   "%r_V_41 = mul i112 %zext_ln1115, i112 %sext_ln1118"   --->   Operation 45 'mul' 'r_V_41' <Predicate = true> <Delay = 5.71> <CoreInst = "Multiplier">   --->   Core 3 'Multiplier' <Latency = 4> <II = 1> <Delay = 5.71> <FuncUnit> <Opcode : 'mul'> <InPorts = 2> <OutPorts = 1>

State 8 <SV = 6> <Delay = 5.71>
ST_8 : Operation 46 [3/5] (5.71ns)   --->   "%r_V_41 = mul i112 %zext_ln1115, i112 %sext_ln1118"   --->   Operation 46 'mul' 'r_V_41' <Predicate = true> <Delay = 5.71> <CoreInst = "Multiplier">   --->   Core 3 'Multiplier' <Latency = 4> <II = 1> <Delay = 5.71> <FuncUnit> <Opcode : 'mul'> <InPorts = 2> <OutPorts = 1>

State 9 <SV = 7> <Delay = 5.71>
ST_9 : Operation 47 [2/5] (5.71ns)   --->   "%r_V_41 = mul i112 %zext_ln1115, i112 %sext_ln1118"   --->   Operation 47 'mul' 'r_V_41' <Predicate = true> <Delay = 5.71> <CoreInst = "Multiplier">   --->   Core 3 'Multiplier' <Latency = 4> <II = 1> <Delay = 5.71> <FuncUnit> <Opcode : 'mul'> <InPorts = 2> <OutPorts = 1>

State 10 <SV = 8> <Delay = 5.71>
ST_10 : Operation 48 [1/5] (5.71ns)   --->   "%r_V_41 = mul i112 %zext_ln1115, i112 %sext_ln1118"   --->   Operation 48 'mul' 'r_V_41' <Predicate = true> <Delay = 5.71> <CoreInst = "Multiplier">   --->   Core 3 'Multiplier' <Latency = 4> <II = 1> <Delay = 5.71> <FuncUnit> <Opcode : 'mul'> <InPorts = 2> <OutPorts = 1>

State 11 <SV = 9> <Delay = 4.17>
ST_11 : Operation 49 [1/1] (0.00ns)   --->   "%rhs_15 = bitconcatenate i97 @_ssdm_op_BitConcatenate.i97.i49.i48, i49 %rhs, i48 0"   --->   Operation 49 'bitconcatenate' 'rhs_15' <Predicate = true> <Delay = 0.00>
ST_11 : Operation 50 [1/1] (0.00ns)   --->   "%zext_ln1192 = zext i97 %rhs_15"   --->   Operation 50 'zext' 'zext_ln1192' <Predicate = true> <Delay = 0.00>
ST_11 : Operation 51 [1/1] (4.17ns)   --->   "%ret_V = add i112 %zext_ln1192, i112 %r_V_41"   --->   Operation 51 'add' 'ret_V' <Predicate = true> <Delay = 4.17> <CoreInst = "Adder">   --->   Core 1 'Adder' <Latency = 0> <II = 1> <Delay = 4.17> <FuncUnit> <Opcode : 'add' 'sub'> <InPorts = 2> <OutPorts = 1>
ST_11 : Operation 52 [1/1] (0.00ns)   --->   "%y_V = partselect i64 @_ssdm_op_PartSelect.i64.i112.i32.i32, i112 %ret_V, i32 48, i32 111"   --->   Operation 52 'partselect' 'y_V' <Predicate = true> <Delay = 0.00>
ST_11 : Operation 53 [1/1] (0.00ns)   --->   "%ret_ln1401 = ret i64 %y_V" [../../C-Codes/Fixed_x64/PLL2026_x64.cpp:1401]   --->   Operation 53 'ret' 'ret_ln1401' <Predicate = true> <Delay = 0.00>


============================================================
+ Verbose Summary: Timing violations
============================================================
Target clock period: 10ns, clock uncertainty: 2.7ns.

 <State 1>: 1.32ns
The critical path consists of the following:
	multiplexor before 'phi' operation ('intervalo_begin') with incoming values : ('intervalo_begin', ../../C-Codes/Fixed_x64/PLL2026_x64.cpp:1031) [11]  (1.32 ns)

 <State 2>: 7.13ns
The critical path consists of the following:
	'phi' operation ('intervalo_begin') with incoming values : ('intervalo_begin', ../../C-Codes/Fixed_x64/PLL2026_x64.cpp:1031) [11]  (0 ns)
	'sub' operation ('sub_ln1024', ../../C-Codes/Fixed_x64/PLL2026_x64.cpp:1024) [14]  (2.18 ns)
	'add' operation ('half_list', ../../C-Codes/Fixed_x64/PLL2026_x64.cpp:1027) [22]  (2.18 ns)
	'getelementptr' operation ('table_mark_V_2_addr') [24]  (0 ns)
	'load' operation ('table_mark_V_2_load') on array 'table_mark_V_2' [25]  (2.77 ns)

 <State 3>: 5.89ns
The critical path consists of the following:
	'load' operation ('table_mark_V_2_load') on array 'table_mark_V_2' [25]  (2.77 ns)
	'icmp' operation ('icmp_ln1494') [28]  (2.34 ns)
	'select' operation ('intervalo_begin', ../../C-Codes/Fixed_x64/PLL2026_x64.cpp:1031) [29]  (0.773 ns)

 <State 4>: 2.77ns
The critical path consists of the following:
	'getelementptr' operation ('table_m_V_2_addr') [34]  (0 ns)
	'load' operation ('r.V') on array 'table_m_V_2' [35]  (2.77 ns)

 <State 5>: 2.77ns
The critical path consists of the following:
	'load' operation ('r.V') on array 'table_m_V_2' [35]  (2.77 ns)

 <State 6>: 5.72ns
The critical path consists of the following:
	'mul' operation ('r.V') [38]  (5.72 ns)

 <State 7>: 5.72ns
The critical path consists of the following:
	'mul' operation ('r.V') [38]  (5.72 ns)

 <State 8>: 5.72ns
The critical path consists of the following:
	'mul' operation ('r.V') [38]  (5.72 ns)

 <State 9>: 5.72ns
The critical path consists of the following:
	'mul' operation ('r.V') [38]  (5.72 ns)

 <State 10>: 5.72ns
The critical path consists of the following:
	'mul' operation ('r.V') [38]  (5.72 ns)

 <State 11>: 4.17ns
The critical path consists of the following:
	'add' operation ('ret.V') [43]  (4.17 ns)


============================================================
+ Verbose Summary: Binding
============================================================
N/A
* FSMD analyzer results:
  - Output states:
 - Input state : 
  - Chain level:
	State 1
	State 2
	State 3
	State 4
	State 5
	State 6
	State 7
	State 8
	State 9
	State 10
	State 11


============================================================
+ Verbose Summary: Datapath Resource usage 
============================================================
N/A
