

================================================================
== Vitis HLS Report for 'ATAN2_LUT'
================================================================
* Date:           Wed Jul 22 15:27:23 2026

* Version:        2020.2 (Build 3064766 on Wed Nov 18 09:12:45 MST 2020)
* Project:        PLL2026
* Solution:       solution1 (Vivado IP Flow Target)
* Product family: artix7
* Target device:  xc7a200t-fbg676-2


================================================================
== Performance Estimates
================================================================
+ Timing: 
    * Summary: 
    +--------+----------+----------+------------+
    |  Clock |  Target  | Estimated| Uncertainty|
    +--------+----------+----------+------------+
    |ap_clk  |  10.00 ns|  7.171 ns|     2.70 ns|
    +--------+----------+----------+------------+

+ Latency: 
    * Summary: 
    +---------+---------+----------+----------+-----+-----+---------+
    |  Latency (cycles) |  Latency (absolute) |  Interval | Pipeline|
    |   min   |   max   |    min   |    max   | min | max |   Type  |
    +---------+---------+----------+----------+-----+-----+---------+
    |        ?|        ?|         ?|         ?|    ?|    ?|     none|
    +---------+---------+----------+----------+-----+-----+---------+

    + Detail: 
        * Instance: 
        N/A

        * Loop: 
        N/A

============================================================
+ Verbose Summary: Synthesis Manager
============================================================
InlineROM: 1
ExposeGlobal: 0
============================================================
+ Verbose Summary: CDFG Model
============================================================
IsTopModel: 0
ResetActiveHigh: 1
IsCombinational: 0
IsDatapathOnly: 0
HasWiredReturn: 1
HasMFsm: 0
HasVarLatency: 1
IsPipeline: 0
IsRtlPipelined: 0
IsInstanceOverlapped: 0
IsDontTouch: 0
HasImplIP: 0
IsGatedGlobalClock: 0


============================================================
+ Verbose Summary: Schedule
============================================================
* Number of FSM states : 36
* Pipeline : 0
* Dataflow Pipeline: 0

* FSM state transitions: 
1 --> 20 2 11 
2 --> 3 
3 --> 4 
4 --> 5 
5 --> 6 
6 --> 7 
7 --> 8 
8 --> 9 
9 --> 10 
10 --> 29 
11 --> 12 
12 --> 13 
13 --> 14 
14 --> 15 
15 --> 16 
16 --> 17 
17 --> 18 
18 --> 19 
19 --> 29 
20 --> 21 
21 --> 22 30 
22 --> 23 
23 --> 24 
24 --> 25 
25 --> 26 
26 --> 27 
27 --> 28 
28 --> 29 
29 --> 36 
30 --> 31 
31 --> 32 
32 --> 33 
33 --> 34 
34 --> 35 
35 --> 29 
36 --> 

* FSM state operations: 

State 1 <SV = 0> <Delay = 2.99>
ST_1 : Operation 37 [1/1] (0.00ns)   --->   "%xq_read = read i64 @_ssdm_op_Read.ap_auto.i64, i64 %xq"   --->   Operation 37 'read' 'xq_read' <Predicate = true> <Delay = 0.00>
ST_1 : Operation 38 [1/1] (0.00ns)   --->   "%xd_read = read i64 @_ssdm_op_Read.ap_auto.i64, i64 %xd"   --->   Operation 38 'read' 'xd_read' <Predicate = true> <Delay = 0.00>
ST_1 : Operation 39 [1/1] (2.34ns)   --->   "%icmp_ln1494 = icmp_sgt  i64 %xd_read, i64 0"   --->   Operation 39 'icmp' 'icmp_ln1494' <Predicate = true> <Delay = 2.34> <CoreInst = "Cmp">   --->   Core 9 'Cmp' <Latency = 0> <II = 1> <Delay = 2.34> <FuncUnit> <Opcode : 'icmp'> <InPorts = 2> <OutPorts = 1>
ST_1 : Operation 40 [1/1] (2.34ns)   --->   "%icmp_ln1494_15 = icmp_sgt  i64 %xq_read, i64 0"   --->   Operation 40 'icmp' 'icmp_ln1494_15' <Predicate = true> <Delay = 2.34> <CoreInst = "Cmp">   --->   Core 9 'Cmp' <Latency = 0> <II = 1> <Delay = 2.34> <FuncUnit> <Opcode : 'icmp'> <InPorts = 2> <OutPorts = 1>
ST_1 : Operation 41 [1/1] (0.00ns)   --->   "%br_ln1447 = br i1 %icmp_ln1494, void %_ZN8ap_fixedILi64ELi16EL9ap_q_mode5EL9ap_o_mode3ELi0EEC2Ei.exit224, void %_ZN8ap_fixedILi64ELi16EL9ap_q_mode5EL9ap_o_mode3ELi0EEC2Ei.exit30" [../../C-Codes/Fixed_x64/PLL2026_x64.cpp:1447]   --->   Operation 41 'br' 'br_ln1447' <Predicate = true> <Delay = 0.00>
ST_1 : Operation 42 [1/1] (2.99ns)   --->   "%sub_ln703 = sub i64 0, i64 %xd_read"   --->   Operation 42 'sub' 'sub_ln703' <Predicate = (!icmp_ln1494)> <Delay = 2.99> <CoreInst = "Adder">   --->   Core 1 'Adder' <Latency = 0> <II = 1> <Delay = 2.99> <FuncUnit> <Opcode : 'add' 'sub'> <InPorts = 2> <OutPorts = 1>
ST_1 : Operation 43 [1/1] (0.00ns)   --->   "%br_ln1489 = br i1 %icmp_ln1494_15, void %_ZNK13ap_fixed_baseILi64ELi16ELb1EL9ap_q_mode5EL9ap_o_mode3ELi0EEngEv.exit93, void %_ZNK13ap_fixed_baseILi64ELi16ELb1EL9ap_q_mode5EL9ap_o_mode3ELi0EEngEv.exit208" [../../C-Codes/Fixed_x64/PLL2026_x64.cpp:1489]   --->   Operation 43 'br' 'br_ln1489' <Predicate = (!icmp_ln1494)> <Delay = 0.00>

State 2 <SV = 1> <Delay = 5.01>
ST_2 : Operation 44 [2/2] (5.01ns)   --->   "%xd_inv_V_2 = call i64 @INV_LUT, i64 %sub_ln703, i58 %table_mark_V_1, i63 %table_m_V_1, i56 %table_n_V_1" [../../C-Codes/Fixed_x64/PLL2026_x64.cpp:1521]   --->   Operation 44 'call' 'xd_inv_V_2' <Predicate = true> <Delay = 5.01> <CoreType = "Generic">   --->   Core 0 '' <Latency = 0> <II = 1> <Delay = 1.00> <Generic> <Opcode : >

State 3 <SV = 2> <Delay = 5.49>
ST_3 : Operation 45 [1/1] (2.99ns)   --->   "%xq_aux_V = sub i64 0, i64 %xq_read"   --->   Operation 45 'sub' 'xq_aux_V' <Predicate = true> <Delay = 2.99> <CoreInst = "Adder">   --->   Core 1 'Adder' <Latency = 0> <II = 1> <Delay = 2.99> <FuncUnit> <Opcode : 'add' 'sub'> <InPorts = 2> <OutPorts = 1>
ST_3 : Operation 46 [1/2] (5.49ns)   --->   "%xd_inv_V_2 = call i64 @INV_LUT, i64 %sub_ln703, i58 %table_mark_V_1, i63 %table_m_V_1, i56 %table_n_V_1" [../../C-Codes/Fixed_x64/PLL2026_x64.cpp:1521]   --->   Operation 46 'call' 'xd_inv_V_2' <Predicate = true> <Delay = 5.49> <CoreType = "Generic">   --->   Core 0 '' <Latency = 0> <II = 1> <Delay = 1.00> <Generic> <Opcode : >

State 4 <SV = 3> <Delay = 5.71>
ST_4 : Operation 47 [1/1] (0.00ns)   --->   "%sext_ln1115 = sext i64 %xq_aux_V"   --->   Operation 47 'sext' 'sext_ln1115' <Predicate = true> <Delay = 0.00>
ST_4 : Operation 48 [1/1] (0.00ns)   --->   "%sext_ln1118_15 = sext i64 %xd_inv_V_2"   --->   Operation 48 'sext' 'sext_ln1118_15' <Predicate = true> <Delay = 0.00>
ST_4 : Operation 49 [5/5] (5.71ns)   --->   "%r_V_45 = mul i112 %sext_ln1118_15, i112 %sext_ln1115"   --->   Operation 49 'mul' 'r_V_45' <Predicate = true> <Delay = 5.71> <CoreInst = "Multiplier">   --->   Core 3 'Multiplier' <Latency = 4> <II = 1> <Delay = 5.71> <FuncUnit> <Opcode : 'mul'> <InPorts = 2> <OutPorts = 1>

State 5 <SV = 4> <Delay = 5.71>
ST_5 : Operation 50 [4/5] (5.71ns)   --->   "%r_V_45 = mul i112 %sext_ln1118_15, i112 %sext_ln1115"   --->   Operation 50 'mul' 'r_V_45' <Predicate = true> <Delay = 5.71> <CoreInst = "Multiplier">   --->   Core 3 'Multiplier' <Latency = 4> <II = 1> <Delay = 5.71> <FuncUnit> <Opcode : 'mul'> <InPorts = 2> <OutPorts = 1>

State 6 <SV = 5> <Delay = 5.71>
ST_6 : Operation 51 [3/5] (5.71ns)   --->   "%r_V_45 = mul i112 %sext_ln1118_15, i112 %sext_ln1115"   --->   Operation 51 'mul' 'r_V_45' <Predicate = true> <Delay = 5.71> <CoreInst = "Multiplier">   --->   Core 3 'Multiplier' <Latency = 4> <II = 1> <Delay = 5.71> <FuncUnit> <Opcode : 'mul'> <InPorts = 2> <OutPorts = 1>

State 7 <SV = 6> <Delay = 5.71>
ST_7 : Operation 52 [2/5] (5.71ns)   --->   "%r_V_45 = mul i112 %sext_ln1118_15, i112 %sext_ln1115"   --->   Operation 52 'mul' 'r_V_45' <Predicate = true> <Delay = 5.71> <CoreInst = "Multiplier">   --->   Core 3 'Multiplier' <Latency = 4> <II = 1> <Delay = 5.71> <FuncUnit> <Opcode : 'mul'> <InPorts = 2> <OutPorts = 1>

State 8 <SV = 7> <Delay = 7.09>
ST_8 : Operation 53 [1/5] (5.71ns)   --->   "%r_V_45 = mul i112 %sext_ln1118_15, i112 %sext_ln1115"   --->   Operation 53 'mul' 'r_V_45' <Predicate = true> <Delay = 5.71> <CoreInst = "Multiplier">   --->   Core 3 'Multiplier' <Latency = 4> <II = 1> <Delay = 5.71> <FuncUnit> <Opcode : 'mul'> <InPorts = 2> <OutPorts = 1>
ST_8 : Operation 54 [1/1] (0.00ns)   --->   "%trunc_ln708_1 = partselect i64 @_ssdm_op_PartSelect.i64.i112.i32.i32, i112 %r_V_45, i32 48, i32 111"   --->   Operation 54 'partselect' 'trunc_ln708_1' <Predicate = true> <Delay = 0.00>
ST_8 : Operation 55 [2/2] (1.37ns)   --->   "%op_V_2 = call i64 @ATAN_LUT, i64 %trunc_ln708_1, i59 %table_mark_V_2, i48 %table_m_V_2, i49 %table_n_V_2" [../../C-Codes/Fixed_x64/PLL2026_x64.cpp:1523]   --->   Operation 55 'call' 'op_V_2' <Predicate = true> <Delay = 1.37> <CoreType = "Generic">   --->   Core 0 '' <Latency = 0> <II = 1> <Delay = 1.00> <Generic> <Opcode : >

State 9 <SV = 8> <Delay = 4.17>
ST_9 : Operation 56 [1/2] (4.17ns)   --->   "%op_V_2 = call i64 @ATAN_LUT, i64 %trunc_ln708_1, i59 %table_mark_V_2, i48 %table_m_V_2, i49 %table_n_V_2" [../../C-Codes/Fixed_x64/PLL2026_x64.cpp:1523]   --->   Operation 56 'call' 'op_V_2' <Predicate = true> <Delay = 4.17> <CoreType = "Generic">   --->   Core 0 '' <Latency = 0> <II = 1> <Delay = 1.00> <Generic> <Opcode : >

State 10 <SV = 9> <Delay = 2.99>
ST_10 : Operation 57 [1/1] (2.99ns)   --->   "%add_ln703 = add i64 %op_V_2, i64 884279719003555"   --->   Operation 57 'add' 'add_ln703' <Predicate = true> <Delay = 2.99> <CoreInst = "Adder">   --->   Core 1 'Adder' <Latency = 0> <II = 1> <Delay = 2.99> <FuncUnit> <Opcode : 'add' 'sub'> <InPorts = 2> <OutPorts = 1>
ST_10 : Operation 58 [1/1] (1.37ns)   --->   "%br_ln0 = br void %ap_fixed_base.exit331_ifconv"   --->   Operation 58 'br' 'br_ln0' <Predicate = true> <Delay = 1.37>

State 11 <SV = 1> <Delay = 5.01>
ST_11 : Operation 59 [2/2] (5.01ns)   --->   "%xd_inv_V_1 = call i64 @INV_LUT, i64 %sub_ln703, i58 %table_mark_V_1, i63 %table_m_V_1, i56 %table_n_V_1" [../../C-Codes/Fixed_x64/PLL2026_x64.cpp:1502]   --->   Operation 59 'call' 'xd_inv_V_1' <Predicate = true> <Delay = 5.01> <CoreType = "Generic">   --->   Core 0 '' <Latency = 0> <II = 1> <Delay = 1.00> <Generic> <Opcode : >

State 12 <SV = 2> <Delay = 5.49>
ST_12 : Operation 60 [1/2] (5.49ns)   --->   "%xd_inv_V_1 = call i64 @INV_LUT, i64 %sub_ln703, i58 %table_mark_V_1, i63 %table_m_V_1, i56 %table_n_V_1" [../../C-Codes/Fixed_x64/PLL2026_x64.cpp:1502]   --->   Operation 60 'call' 'xd_inv_V_1' <Predicate = true> <Delay = 5.49> <CoreType = "Generic">   --->   Core 0 '' <Latency = 0> <II = 1> <Delay = 1.00> <Generic> <Opcode : >

State 13 <SV = 3> <Delay = 5.71>
ST_13 : Operation 61 [1/1] (0.00ns)   --->   "%zext_ln1115_3 = zext i64 %xq_read"   --->   Operation 61 'zext' 'zext_ln1115_3' <Predicate = true> <Delay = 0.00>
ST_13 : Operation 62 [1/1] (0.00ns)   --->   "%sext_ln1118_14 = sext i64 %xd_inv_V_1"   --->   Operation 62 'sext' 'sext_ln1118_14' <Predicate = true> <Delay = 0.00>
ST_13 : Operation 63 [5/5] (5.71ns)   --->   "%r_V_43 = mul i112 %sext_ln1118_14, i112 %zext_ln1115_3"   --->   Operation 63 'mul' 'r_V_43' <Predicate = true> <Delay = 5.71> <CoreInst = "Multiplier">   --->   Core 3 'Multiplier' <Latency = 4> <II = 1> <Delay = 5.71> <FuncUnit> <Opcode : 'mul'> <InPorts = 2> <OutPorts = 1>

State 14 <SV = 4> <Delay = 5.71>
ST_14 : Operation 64 [4/5] (5.71ns)   --->   "%r_V_43 = mul i112 %sext_ln1118_14, i112 %zext_ln1115_3"   --->   Operation 64 'mul' 'r_V_43' <Predicate = true> <Delay = 5.71> <CoreInst = "Multiplier">   --->   Core 3 'Multiplier' <Latency = 4> <II = 1> <Delay = 5.71> <FuncUnit> <Opcode : 'mul'> <InPorts = 2> <OutPorts = 1>

State 15 <SV = 5> <Delay = 5.71>
ST_15 : Operation 65 [3/5] (5.71ns)   --->   "%r_V_43 = mul i112 %sext_ln1118_14, i112 %zext_ln1115_3"   --->   Operation 65 'mul' 'r_V_43' <Predicate = true> <Delay = 5.71> <CoreInst = "Multiplier">   --->   Core 3 'Multiplier' <Latency = 4> <II = 1> <Delay = 5.71> <FuncUnit> <Opcode : 'mul'> <InPorts = 2> <OutPorts = 1>

State 16 <SV = 6> <Delay = 5.71>
ST_16 : Operation 66 [2/5] (5.71ns)   --->   "%r_V_43 = mul i112 %sext_ln1118_14, i112 %zext_ln1115_3"   --->   Operation 66 'mul' 'r_V_43' <Predicate = true> <Delay = 5.71> <CoreInst = "Multiplier">   --->   Core 3 'Multiplier' <Latency = 4> <II = 1> <Delay = 5.71> <FuncUnit> <Opcode : 'mul'> <InPorts = 2> <OutPorts = 1>

State 17 <SV = 7> <Delay = 7.09>
ST_17 : Operation 67 [1/5] (5.71ns)   --->   "%r_V_43 = mul i112 %sext_ln1118_14, i112 %zext_ln1115_3"   --->   Operation 67 'mul' 'r_V_43' <Predicate = true> <Delay = 5.71> <CoreInst = "Multiplier">   --->   Core 3 'Multiplier' <Latency = 4> <II = 1> <Delay = 5.71> <FuncUnit> <Opcode : 'mul'> <InPorts = 2> <OutPorts = 1>
ST_17 : Operation 68 [1/1] (0.00ns)   --->   "%trunc_ln708_9 = partselect i64 @_ssdm_op_PartSelect.i64.i112.i32.i32, i112 %r_V_43, i32 48, i32 111"   --->   Operation 68 'partselect' 'trunc_ln708_9' <Predicate = true> <Delay = 0.00>
ST_17 : Operation 69 [2/2] (1.37ns)   --->   "%op_V_1 = call i64 @ATAN_LUT, i64 %trunc_ln708_9, i59 %table_mark_V_2, i48 %table_m_V_2, i49 %table_n_V_2" [../../C-Codes/Fixed_x64/PLL2026_x64.cpp:1504]   --->   Operation 69 'call' 'op_V_1' <Predicate = true> <Delay = 1.37> <CoreType = "Generic">   --->   Core 0 '' <Latency = 0> <II = 1> <Delay = 1.00> <Generic> <Opcode : >

State 18 <SV = 8> <Delay = 4.17>
ST_18 : Operation 70 [1/2] (4.17ns)   --->   "%op_V_1 = call i64 @ATAN_LUT, i64 %trunc_ln708_9, i59 %table_mark_V_2, i48 %table_m_V_2, i49 %table_n_V_2" [../../C-Codes/Fixed_x64/PLL2026_x64.cpp:1504]   --->   Operation 70 'call' 'op_V_1' <Predicate = true> <Delay = 4.17> <CoreType = "Generic">   --->   Core 0 '' <Latency = 0> <II = 1> <Delay = 1.00> <Generic> <Opcode : >

State 19 <SV = 9> <Delay = 2.99>
ST_19 : Operation 71 [1/1] (2.99ns)   --->   "%sub_ln703_4 = sub i64 18445859793990548061, i64 %op_V_1"   --->   Operation 71 'sub' 'sub_ln703_4' <Predicate = true> <Delay = 2.99> <CoreInst = "Adder">   --->   Core 1 'Adder' <Latency = 0> <II = 1> <Delay = 2.99> <FuncUnit> <Opcode : 'add' 'sub'> <InPorts = 2> <OutPorts = 1>
ST_19 : Operation 72 [1/1] (1.37ns)   --->   "%br_ln1506 = br void %ap_fixed_base.exit331_ifconv" [../../C-Codes/Fixed_x64/PLL2026_x64.cpp:1506]   --->   Operation 72 'br' 'br_ln1506' <Predicate = true> <Delay = 1.37>

State 20 <SV = 1> <Delay = 5.01>
ST_20 : Operation 73 [2/2] (5.01ns)   --->   "%xd_inv_V = call i64 @INV_LUT, i64 %xd_read, i58 %table_mark_V_1, i63 %table_m_V_1, i56 %table_n_V_1" [../../C-Codes/Fixed_x64/PLL2026_x64.cpp:1459]   --->   Operation 73 'call' 'xd_inv_V' <Predicate = true> <Delay = 5.01> <CoreType = "Generic">   --->   Core 0 '' <Latency = 0> <II = 1> <Delay = 1.00> <Generic> <Opcode : >

State 21 <SV = 2> <Delay = 5.49>
ST_21 : Operation 74 [1/2] (5.49ns)   --->   "%xd_inv_V = call i64 @INV_LUT, i64 %xd_read, i58 %table_mark_V_1, i63 %table_m_V_1, i56 %table_n_V_1" [../../C-Codes/Fixed_x64/PLL2026_x64.cpp:1459]   --->   Operation 74 'call' 'xd_inv_V' <Predicate = true> <Delay = 5.49> <CoreType = "Generic">   --->   Core 0 '' <Latency = 0> <II = 1> <Delay = 1.00> <Generic> <Opcode : >
ST_21 : Operation 75 [1/1] (0.00ns)   --->   "%br_ln1449 = br i1 %icmp_ln1494_15, void %_ZNK13ap_fixed_baseILi64ELi16ELb1EL9ap_q_mode5EL9ap_o_mode3ELi0EEngEv.exit160, void %_ZN8ap_fixedILi64ELi16EL9ap_q_mode5EL9ap_o_mode3ELi0EEC2ILi128ELi32ELb1ELS0_5ELS1_3ELi0EEERK13ap_fixed_baseIXT_EXT0_EXT1_EXT2_EXT3_EXT4_EE.exit147" [../../C-Codes/Fixed_x64/PLL2026_x64.cpp:1449]   --->   Operation 75 'br' 'br_ln1449' <Predicate = true> <Delay = 0.00>

State 22 <SV = 3> <Delay = 5.71>
ST_22 : Operation 76 [1/1] (0.00ns)   --->   "%sext_ln1118_12 = sext i64 %xq_read"   --->   Operation 76 'sext' 'sext_ln1118_12' <Predicate = true> <Delay = 0.00>
ST_22 : Operation 77 [1/1] (0.00ns)   --->   "%sext_ln1118_13 = sext i64 %xd_inv_V"   --->   Operation 77 'sext' 'sext_ln1118_13' <Predicate = true> <Delay = 0.00>
ST_22 : Operation 78 [5/5] (5.71ns)   --->   "%mul_ln1118 = mul i112 %sext_ln1118_12, i112 %sext_ln1118_13"   --->   Operation 78 'mul' 'mul_ln1118' <Predicate = true> <Delay = 5.71> <CoreInst = "Multiplier">   --->   Core 3 'Multiplier' <Latency = 4> <II = 1> <Delay = 5.71> <FuncUnit> <Opcode : 'mul'> <InPorts = 2> <OutPorts = 1>

State 23 <SV = 4> <Delay = 5.71>
ST_23 : Operation 79 [4/5] (5.71ns)   --->   "%mul_ln1118 = mul i112 %sext_ln1118_12, i112 %sext_ln1118_13"   --->   Operation 79 'mul' 'mul_ln1118' <Predicate = true> <Delay = 5.71> <CoreInst = "Multiplier">   --->   Core 3 'Multiplier' <Latency = 4> <II = 1> <Delay = 5.71> <FuncUnit> <Opcode : 'mul'> <InPorts = 2> <OutPorts = 1>

State 24 <SV = 5> <Delay = 5.71>
ST_24 : Operation 80 [3/5] (5.71ns)   --->   "%mul_ln1118 = mul i112 %sext_ln1118_12, i112 %sext_ln1118_13"   --->   Operation 80 'mul' 'mul_ln1118' <Predicate = true> <Delay = 5.71> <CoreInst = "Multiplier">   --->   Core 3 'Multiplier' <Latency = 4> <II = 1> <Delay = 5.71> <FuncUnit> <Opcode : 'mul'> <InPorts = 2> <OutPorts = 1>

State 25 <SV = 6> <Delay = 5.71>
ST_25 : Operation 81 [2/5] (5.71ns)   --->   "%mul_ln1118 = mul i112 %sext_ln1118_12, i112 %sext_ln1118_13"   --->   Operation 81 'mul' 'mul_ln1118' <Predicate = true> <Delay = 5.71> <CoreInst = "Multiplier">   --->   Core 3 'Multiplier' <Latency = 4> <II = 1> <Delay = 5.71> <FuncUnit> <Opcode : 'mul'> <InPorts = 2> <OutPorts = 1>

State 26 <SV = 7> <Delay = 5.71>
ST_26 : Operation 82 [1/5] (5.71ns)   --->   "%mul_ln1118 = mul i112 %sext_ln1118_12, i112 %sext_ln1118_13"   --->   Operation 82 'mul' 'mul_ln1118' <Predicate = true> <Delay = 5.71> <CoreInst = "Multiplier">   --->   Core 3 'Multiplier' <Latency = 4> <II = 1> <Delay = 5.71> <FuncUnit> <Opcode : 'mul'> <InPorts = 2> <OutPorts = 1>

State 27 <SV = 8> <Delay = 5.54>
ST_27 : Operation 83 [1/1] (4.17ns)   --->   "%r_V_42 = sub i112 0, i112 %mul_ln1118"   --->   Operation 83 'sub' 'r_V_42' <Predicate = true> <Delay = 4.17> <CoreInst = "Adder">   --->   Core 1 'Adder' <Latency = 0> <II = 1> <Delay = 2.99> <FuncUnit> <Opcode : 'add' 'sub'> <InPorts = 2> <OutPorts = 1>
ST_27 : Operation 84 [1/1] (0.00ns)   --->   "%trunc_ln708_s = partselect i64 @_ssdm_op_PartSelect.i64.i112.i32.i32, i112 %r_V_42, i32 48, i32 111"   --->   Operation 84 'partselect' 'trunc_ln708_s' <Predicate = true> <Delay = 0.00>
ST_27 : Operation 85 [2/2] (1.37ns)   --->   "%op_V = call i64 @ATAN_LUT, i64 %trunc_ln708_s, i59 %table_mark_V_2, i48 %table_m_V_2, i49 %table_n_V_2" [../../C-Codes/Fixed_x64/PLL2026_x64.cpp:1478]   --->   Operation 85 'call' 'op_V' <Predicate = true> <Delay = 1.37> <CoreType = "Generic">   --->   Core 0 '' <Latency = 0> <II = 1> <Delay = 1.00> <Generic> <Opcode : >

State 28 <SV = 9> <Delay = 7.17>
ST_28 : Operation 86 [1/2] (4.17ns)   --->   "%op_V = call i64 @ATAN_LUT, i64 %trunc_ln708_s, i59 %table_mark_V_2, i48 %table_m_V_2, i49 %table_n_V_2" [../../C-Codes/Fixed_x64/PLL2026_x64.cpp:1478]   --->   Operation 86 'call' 'op_V' <Predicate = true> <Delay = 4.17> <CoreType = "Generic">   --->   Core 0 '' <Latency = 0> <II = 1> <Delay = 1.00> <Generic> <Opcode : >
ST_28 : Operation 87 [1/1] (2.99ns)   --->   "%sub_ln703_3 = sub i64 0, i64 %op_V"   --->   Operation 87 'sub' 'sub_ln703_3' <Predicate = true> <Delay = 2.99> <CoreInst = "Adder">   --->   Core 1 'Adder' <Latency = 0> <II = 1> <Delay = 2.99> <FuncUnit> <Opcode : 'add' 'sub'> <InPorts = 2> <OutPorts = 1>

State 29 <SV = 10> <Delay = 4.51>
ST_29 : Operation 88 [1/1] (1.37ns)   --->   "%br_ln0 = br void %ap_fixed_base.exit331_ifconv"   --->   Operation 88 'br' 'br_ln0' <Predicate = (icmp_ln1494 & !icmp_ln1494_15)> <Delay = 1.37>
ST_29 : Operation 89 [1/1] (0.00ns)   --->   "%y = phi i64 %ref_tmp6, void %_ZN8ap_fixedILi64ELi16EL9ap_q_mode5EL9ap_o_mode3ELi0EEC2ILi128ELi32ELb1ELS0_5ELS1_3ELi0EEERK13ap_fixed_baseIXT_EXT0_EXT1_EXT2_EXT3_EXT4_EE.exit147, i64 %sub_ln703_3, void %_ZNK13ap_fixed_baseILi64ELi16ELb1EL9ap_q_mode5EL9ap_o_mode3ELi0EEngEv.exit160, i64 %sub_ln703_4, void %_ZNK13ap_fixed_baseILi64ELi16ELb1EL9ap_q_mode5EL9ap_o_mode3ELi0EEngEv.exit208, i64 %add_ln703, void %_ZNK13ap_fixed_baseILi64ELi16ELb1EL9ap_q_mode5EL9ap_o_mode3ELi0EEngEv.exit93" [../../C-Codes/Fixed_x64/PLL2026_x64.cpp:1461]   --->   Operation 89 'phi' 'y' <Predicate = true> <Delay = 0.00>
ST_29 : Operation 90 [1/1] (2.34ns)   --->   "%icmp_ln1494_16 = icmp_sgt  i64 %y, i64 5305678314021330"   --->   Operation 90 'icmp' 'icmp_ln1494_16' <Predicate = true> <Delay = 2.34> <CoreInst = "Cmp">   --->   Core 9 'Cmp' <Latency = 0> <II = 1> <Delay = 2.34> <FuncUnit> <Opcode : 'icmp'> <InPorts = 2> <OutPorts = 1>
ST_29 : Operation 91 [1/1] (2.34ns)   --->   "%icmp_ln1494_17 = icmp_sgt  i64 %y, i64 3537118876014220"   --->   Operation 91 'icmp' 'icmp_ln1494_17' <Predicate = true> <Delay = 2.34> <CoreInst = "Cmp">   --->   Core 9 'Cmp' <Latency = 0> <II = 1> <Delay = 2.34> <FuncUnit> <Opcode : 'icmp'> <InPorts = 2> <OutPorts = 1>
ST_29 : Operation 92 [1/1] (2.34ns)   --->   "%icmp_ln1495 = icmp_slt  i64 %y, i64 5305678314021330"   --->   Operation 92 'icmp' 'icmp_ln1495' <Predicate = true> <Delay = 2.34> <CoreInst = "Cmp">   --->   Core 9 'Cmp' <Latency = 0> <II = 1> <Delay = 2.34> <FuncUnit> <Opcode : 'icmp'> <InPorts = 2> <OutPorts = 1>
ST_29 : Operation 93 [1/1] (0.80ns)   --->   "%and_ln405 = and i1 %icmp_ln1494_17, i1 %icmp_ln1495" [../../C-Codes/Fixed_x64/PLL2026_x64.cpp:405]   --->   Operation 93 'and' 'and_ln405' <Predicate = true> <Delay = 0.80> <CoreInst = "LogicGate">   --->   Core 74 'LogicGate' <Latency = 0> <II = 1> <Delay = 0.80> <FuncUnit> <Opcode : 'and' 'or' 'xor'> <InPorts = 2> <OutPorts = 1>
ST_29 : Operation 94 [1/1] (2.34ns)   --->   "%icmp_ln1494_18 = icmp_sgt  i64 %y, i64 1768559438007110"   --->   Operation 94 'icmp' 'icmp_ln1494_18' <Predicate = true> <Delay = 2.34> <CoreInst = "Cmp">   --->   Core 9 'Cmp' <Latency = 0> <II = 1> <Delay = 2.34> <FuncUnit> <Opcode : 'icmp'> <InPorts = 2> <OutPorts = 1>
ST_29 : Operation 95 [1/1] (2.34ns)   --->   "%icmp_ln1495_11 = icmp_slt  i64 %y, i64 3537118876014220"   --->   Operation 95 'icmp' 'icmp_ln1495_11' <Predicate = true> <Delay = 2.34> <CoreInst = "Cmp">   --->   Core 9 'Cmp' <Latency = 0> <II = 1> <Delay = 2.34> <FuncUnit> <Opcode : 'icmp'> <InPorts = 2> <OutPorts = 1>
ST_29 : Operation 96 [1/1] (0.80ns)   --->   "%and_ln408 = and i1 %icmp_ln1494_18, i1 %icmp_ln1495_11" [../../C-Codes/Fixed_x64/PLL2026_x64.cpp:408]   --->   Operation 96 'and' 'and_ln408' <Predicate = true> <Delay = 0.80> <CoreInst = "LogicGate">   --->   Core 74 'LogicGate' <Latency = 0> <II = 1> <Delay = 0.80> <FuncUnit> <Opcode : 'and' 'or' 'xor'> <InPorts = 2> <OutPorts = 1>
ST_29 : Operation 97 [1/1] (2.34ns)   --->   "%icmp_ln1494_19 = icmp_sgt  i64 %y, i64 18444975514271544506"   --->   Operation 97 'icmp' 'icmp_ln1494_19' <Predicate = true> <Delay = 2.34> <CoreInst = "Cmp">   --->   Core 9 'Cmp' <Latency = 0> <II = 1> <Delay = 2.34> <FuncUnit> <Opcode : 'icmp'> <InPorts = 2> <OutPorts = 1>
ST_29 : Operation 98 [1/1] (0.00ns)   --->   "%tmp = bitselect i1 @_ssdm_op_BitSelect.i1.i64.i32, i64 %y, i32 63"   --->   Operation 98 'bitselect' 'tmp' <Predicate = true> <Delay = 0.00>
ST_29 : Operation 99 [1/1] (0.80ns)   --->   "%and_ln411 = and i1 %icmp_ln1494_19, i1 %tmp" [../../C-Codes/Fixed_x64/PLL2026_x64.cpp:411]   --->   Operation 99 'and' 'and_ln411' <Predicate = true> <Delay = 0.80> <CoreInst = "LogicGate">   --->   Core 74 'LogicGate' <Latency = 0> <II = 1> <Delay = 0.80> <FuncUnit> <Opcode : 'and' 'or' 'xor'> <InPorts = 2> <OutPorts = 1>
ST_29 : Operation 100 [1/1] (2.34ns)   --->   "%icmp_ln1494_20 = icmp_sgt  i64 %y, i64 18443206954833537396"   --->   Operation 100 'icmp' 'icmp_ln1494_20' <Predicate = true> <Delay = 2.34> <CoreInst = "Cmp">   --->   Core 9 'Cmp' <Latency = 0> <II = 1> <Delay = 2.34> <FuncUnit> <Opcode : 'icmp'> <InPorts = 2> <OutPorts = 1>
ST_29 : Operation 101 [1/1] (2.34ns)   --->   "%icmp_ln1495_12 = icmp_slt  i64 %y, i64 18444975514271544506"   --->   Operation 101 'icmp' 'icmp_ln1495_12' <Predicate = true> <Delay = 2.34> <CoreInst = "Cmp">   --->   Core 9 'Cmp' <Latency = 0> <II = 1> <Delay = 2.34> <FuncUnit> <Opcode : 'icmp'> <InPorts = 2> <OutPorts = 1>

State 30 <SV = 3> <Delay = 5.71>
ST_30 : Operation 102 [1/1] (0.00ns)   --->   "%zext_ln1115 = zext i64 %xq_read"   --->   Operation 102 'zext' 'zext_ln1115' <Predicate = true> <Delay = 0.00>
ST_30 : Operation 103 [1/1] (0.00ns)   --->   "%sext_ln1118 = sext i64 %xd_inv_V"   --->   Operation 103 'sext' 'sext_ln1118' <Predicate = true> <Delay = 0.00>
ST_30 : Operation 104 [5/5] (5.71ns)   --->   "%r_V = mul i112 %sext_ln1118, i112 %zext_ln1115"   --->   Operation 104 'mul' 'r_V' <Predicate = true> <Delay = 5.71> <CoreInst = "Multiplier">   --->   Core 3 'Multiplier' <Latency = 4> <II = 1> <Delay = 5.71> <FuncUnit> <Opcode : 'mul'> <InPorts = 2> <OutPorts = 1>

State 31 <SV = 4> <Delay = 5.71>
ST_31 : Operation 105 [4/5] (5.71ns)   --->   "%r_V = mul i112 %sext_ln1118, i112 %zext_ln1115"   --->   Operation 105 'mul' 'r_V' <Predicate = true> <Delay = 5.71> <CoreInst = "Multiplier">   --->   Core 3 'Multiplier' <Latency = 4> <II = 1> <Delay = 5.71> <FuncUnit> <Opcode : 'mul'> <InPorts = 2> <OutPorts = 1>

State 32 <SV = 5> <Delay = 5.71>
ST_32 : Operation 106 [3/5] (5.71ns)   --->   "%r_V = mul i112 %sext_ln1118, i112 %zext_ln1115"   --->   Operation 106 'mul' 'r_V' <Predicate = true> <Delay = 5.71> <CoreInst = "Multiplier">   --->   Core 3 'Multiplier' <Latency = 4> <II = 1> <Delay = 5.71> <FuncUnit> <Opcode : 'mul'> <InPorts = 2> <OutPorts = 1>

State 33 <SV = 6> <Delay = 5.71>
ST_33 : Operation 107 [2/5] (5.71ns)   --->   "%r_V = mul i112 %sext_ln1118, i112 %zext_ln1115"   --->   Operation 107 'mul' 'r_V' <Predicate = true> <Delay = 5.71> <CoreInst = "Multiplier">   --->   Core 3 'Multiplier' <Latency = 4> <II = 1> <Delay = 5.71> <FuncUnit> <Opcode : 'mul'> <InPorts = 2> <OutPorts = 1>

State 34 <SV = 7> <Delay = 7.09>
ST_34 : Operation 108 [1/5] (5.71ns)   --->   "%r_V = mul i112 %sext_ln1118, i112 %zext_ln1115"   --->   Operation 108 'mul' 'r_V' <Predicate = true> <Delay = 5.71> <CoreInst = "Multiplier">   --->   Core 3 'Multiplier' <Latency = 4> <II = 1> <Delay = 5.71> <FuncUnit> <Opcode : 'mul'> <InPorts = 2> <OutPorts = 1>
ST_34 : Operation 109 [1/1] (0.00ns)   --->   "%trunc_ln = partselect i64 @_ssdm_op_PartSelect.i64.i112.i32.i32, i112 %r_V, i32 48, i32 111"   --->   Operation 109 'partselect' 'trunc_ln' <Predicate = true> <Delay = 0.00>
ST_34 : Operation 110 [2/2] (1.37ns)   --->   "%ref_tmp6 = call i64 @ATAN_LUT, i64 %trunc_ln, i59 %table_mark_V_2, i48 %table_m_V_2, i49 %table_n_V_2" [../../C-Codes/Fixed_x64/PLL2026_x64.cpp:1461]   --->   Operation 110 'call' 'ref_tmp6' <Predicate = true> <Delay = 1.37> <CoreType = "Generic">   --->   Core 0 '' <Latency = 0> <II = 1> <Delay = 1.00> <Generic> <Opcode : >

State 35 <SV = 8> <Delay = 4.17>
ST_35 : Operation 111 [1/2] (4.17ns)   --->   "%ref_tmp6 = call i64 @ATAN_LUT, i64 %trunc_ln, i59 %table_mark_V_2, i48 %table_m_V_2, i49 %table_n_V_2" [../../C-Codes/Fixed_x64/PLL2026_x64.cpp:1461]   --->   Operation 111 'call' 'ref_tmp6' <Predicate = true> <Delay = 4.17> <CoreType = "Generic">   --->   Core 0 '' <Latency = 0> <II = 1> <Delay = 1.00> <Generic> <Opcode : >
ST_35 : Operation 112 [1/1] (1.37ns)   --->   "%br_ln1463 = br void %ap_fixed_base.exit331_ifconv" [../../C-Codes/Fixed_x64/PLL2026_x64.cpp:1463]   --->   Operation 112 'br' 'br_ln1463' <Predicate = true> <Delay = 1.37>

State 36 <SV = 11> <Delay = 7.02>
ST_36 : Operation 113 [1/1] (2.34ns)   --->   "%icmp_ln1495_13 = icmp_slt  i64 %y, i64 18443206954833537396"   --->   Operation 113 'icmp' 'icmp_ln1495_13' <Predicate = true> <Delay = 2.34> <CoreInst = "Cmp">   --->   Core 9 'Cmp' <Latency = 0> <II = 1> <Delay = 2.34> <FuncUnit> <Opcode : 'icmp'> <InPorts = 2> <OutPorts = 1>
ST_36 : Operation 114 [1/1] (0.00ns) (grouped into LUT with out node or_ln414_3)   --->   "%xor_ln1494 = xor i1 %icmp_ln1494_16, i1 1"   --->   Operation 114 'xor' 'xor_ln1494' <Predicate = true> <Delay = 0.00> <CoreInst = "LogicGate">   --->   Core 74 'LogicGate' <Latency = 0> <II = 1> <Delay = 0.80> <FuncUnit> <Opcode : 'and' 'or' 'xor'> <InPorts = 2> <OutPorts = 1>
ST_36 : Operation 115 [1/1] (0.00ns) (grouped into LUT with out node or_ln414_3)   --->   "%and_ln405_5 = and i1 %and_ln405, i1 %xor_ln1494" [../../C-Codes/Fixed_x64/PLL2026_x64.cpp:405]   --->   Operation 115 'and' 'and_ln405_5' <Predicate = true> <Delay = 0.00> <CoreInst = "LogicGate">   --->   Core 74 'LogicGate' <Latency = 0> <II = 1> <Delay = 0.80> <FuncUnit> <Opcode : 'and' 'or' 'xor'> <InPorts = 2> <OutPorts = 1>
ST_36 : Operation 116 [1/1] (0.80ns)   --->   "%or_ln405 = or i1 %icmp_ln1494_16, i1 %and_ln405" [../../C-Codes/Fixed_x64/PLL2026_x64.cpp:405]   --->   Operation 116 'or' 'or_ln405' <Predicate = true> <Delay = 0.80> <CoreInst = "LogicGate">   --->   Core 74 'LogicGate' <Latency = 0> <II = 1> <Delay = 0.80> <FuncUnit> <Opcode : 'and' 'or' 'xor'> <InPorts = 2> <OutPorts = 1>
ST_36 : Operation 117 [1/1] (0.00ns) (grouped into LUT with out node and_ln408_5)   --->   "%xor_ln405 = xor i1 %or_ln405, i1 1" [../../C-Codes/Fixed_x64/PLL2026_x64.cpp:405]   --->   Operation 117 'xor' 'xor_ln405' <Predicate = true> <Delay = 0.00> <CoreInst = "LogicGate">   --->   Core 74 'LogicGate' <Latency = 0> <II = 1> <Delay = 0.80> <FuncUnit> <Opcode : 'and' 'or' 'xor'> <InPorts = 2> <OutPorts = 1>
ST_36 : Operation 118 [1/1] (0.80ns) (out node of the LUT)   --->   "%and_ln408_5 = and i1 %and_ln408, i1 %xor_ln405" [../../C-Codes/Fixed_x64/PLL2026_x64.cpp:408]   --->   Operation 118 'and' 'and_ln408_5' <Predicate = true> <Delay = 0.80> <CoreInst = "LogicGate">   --->   Core 74 'LogicGate' <Latency = 0> <II = 1> <Delay = 0.80> <FuncUnit> <Opcode : 'and' 'or' 'xor'> <InPorts = 2> <OutPorts = 1>
ST_36 : Operation 119 [1/1] (0.80ns)   --->   "%or_ln408 = or i1 %or_ln405, i1 %and_ln408" [../../C-Codes/Fixed_x64/PLL2026_x64.cpp:408]   --->   Operation 119 'or' 'or_ln408' <Predicate = true> <Delay = 0.80> <CoreInst = "LogicGate">   --->   Core 74 'LogicGate' <Latency = 0> <II = 1> <Delay = 0.80> <FuncUnit> <Opcode : 'and' 'or' 'xor'> <InPorts = 2> <OutPorts = 1>
ST_36 : Operation 120 [1/1] (0.00ns) (grouped into LUT with out node or_ln414)   --->   "%xor_ln408 = xor i1 %or_ln408, i1 1" [../../C-Codes/Fixed_x64/PLL2026_x64.cpp:408]   --->   Operation 120 'xor' 'xor_ln408' <Predicate = true> <Delay = 0.00> <CoreInst = "LogicGate">   --->   Core 74 'LogicGate' <Latency = 0> <II = 1> <Delay = 0.80> <FuncUnit> <Opcode : 'and' 'or' 'xor'> <InPorts = 2> <OutPorts = 1>
ST_36 : Operation 121 [1/1] (0.00ns) (grouped into LUT with out node or_ln414)   --->   "%and_ln411_5 = and i1 %and_ln411, i1 %xor_ln408" [../../C-Codes/Fixed_x64/PLL2026_x64.cpp:411]   --->   Operation 121 'and' 'and_ln411_5' <Predicate = true> <Delay = 0.00> <CoreInst = "LogicGate">   --->   Core 74 'LogicGate' <Latency = 0> <II = 1> <Delay = 0.80> <FuncUnit> <Opcode : 'and' 'or' 'xor'> <InPorts = 2> <OutPorts = 1>
ST_36 : Operation 122 [1/1] (0.00ns) (grouped into LUT with out node and_ln414_5)   --->   "%or_ln411 = or i1 %or_ln408, i1 %and_ln411" [../../C-Codes/Fixed_x64/PLL2026_x64.cpp:411]   --->   Operation 122 'or' 'or_ln411' <Predicate = true> <Delay = 0.00> <CoreInst = "LogicGate">   --->   Core 74 'LogicGate' <Latency = 0> <II = 1> <Delay = 0.80> <FuncUnit> <Opcode : 'and' 'or' 'xor'> <InPorts = 2> <OutPorts = 1>
ST_36 : Operation 123 [1/1] (0.00ns) (grouped into LUT with out node and_ln414_5)   --->   "%xor_ln411 = xor i1 %or_ln411, i1 1" [../../C-Codes/Fixed_x64/PLL2026_x64.cpp:411]   --->   Operation 123 'xor' 'xor_ln411' <Predicate = true> <Delay = 0.00> <CoreInst = "LogicGate">   --->   Core 74 'LogicGate' <Latency = 0> <II = 1> <Delay = 0.80> <FuncUnit> <Opcode : 'and' 'or' 'xor'> <InPorts = 2> <OutPorts = 1>
ST_36 : Operation 124 [1/1] (0.00ns) (grouped into LUT with out node and_ln414_5)   --->   "%and_ln414 = and i1 %icmp_ln1495_12, i1 %xor_ln411" [../../C-Codes/Fixed_x64/PLL2026_x64.cpp:414]   --->   Operation 124 'and' 'and_ln414' <Predicate = true> <Delay = 0.00> <CoreInst = "LogicGate">   --->   Core 74 'LogicGate' <Latency = 0> <II = 1> <Delay = 0.80> <FuncUnit> <Opcode : 'and' 'or' 'xor'> <InPorts = 2> <OutPorts = 1>
ST_36 : Operation 125 [1/1] (0.80ns) (out node of the LUT)   --->   "%and_ln414_5 = and i1 %and_ln414, i1 %icmp_ln1494_20" [../../C-Codes/Fixed_x64/PLL2026_x64.cpp:414]   --->   Operation 125 'and' 'and_ln414_5' <Predicate = true> <Delay = 0.80> <CoreInst = "LogicGate">   --->   Core 74 'LogicGate' <Latency = 0> <II = 1> <Delay = 0.80> <FuncUnit> <Opcode : 'and' 'or' 'xor'> <InPorts = 2> <OutPorts = 1>
ST_36 : Operation 126 [1/1] (0.00ns) (grouped into LUT with out node add_ln414_1)   --->   "%select_ln414 = select i1 %and_ln414_5, i53 3537118876014220, i53 1768559438007110" [../../C-Codes/Fixed_x64/PLL2026_x64.cpp:414]   --->   Operation 126 'select' 'select_ln414' <Predicate = true> <Delay = 0.00> <CoreInst = "Sel">   --->   Core 73 'Sel' <Latency = 0> <II = 1> <Delay = 0.83> <FuncUnit> <Opcode : 'select'> <InPorts = 3> <OutPorts = 1>
ST_36 : Operation 127 [1/1] (0.80ns) (out node of the LUT)   --->   "%or_ln414 = or i1 %and_ln414_5, i1 %and_ln411_5" [../../C-Codes/Fixed_x64/PLL2026_x64.cpp:414]   --->   Operation 127 'or' 'or_ln414' <Predicate = true> <Delay = 0.80> <CoreInst = "LogicGate">   --->   Core 74 'LogicGate' <Latency = 0> <II = 1> <Delay = 0.80> <FuncUnit> <Opcode : 'and' 'or' 'xor'> <InPorts = 2> <OutPorts = 1>
ST_36 : Operation 128 [1/1] (0.00ns) (grouped into LUT with out node add_ln414_1)   --->   "%select_ln414_1 = select i1 %and_ln408_5, i53 7238639816733882, i53 5470080378726772" [../../C-Codes/Fixed_x64/PLL2026_x64.cpp:414]   --->   Operation 128 'select' 'select_ln414_1' <Predicate = true> <Delay = 0.00> <CoreInst = "Sel">   --->   Core 73 'Sel' <Latency = 0> <II = 1> <Delay = 0.83> <FuncUnit> <Opcode : 'select'> <InPorts = 3> <OutPorts = 1>
ST_36 : Operation 129 [1/1] (0.00ns) (grouped into LUT with out node or_ln414_3)   --->   "%or_ln414_1 = or i1 %and_ln408_5, i1 %and_ln405_5" [../../C-Codes/Fixed_x64/PLL2026_x64.cpp:414]   --->   Operation 129 'or' 'or_ln414_1' <Predicate = true> <Delay = 0.00> <CoreInst = "LogicGate">   --->   Core 74 'LogicGate' <Latency = 0> <II = 1> <Delay = 0.80> <FuncUnit> <Opcode : 'and' 'or' 'xor'> <InPorts = 2> <OutPorts = 1>
ST_36 : Operation 130 [1/1] (0.00ns) (grouped into LUT with out node add_ln414)   --->   "%select_ln414_2 = select i1 %icmp_ln1494_16, i64 18441438395395530286, i64 5305678314021330" [../../C-Codes/Fixed_x64/PLL2026_x64.cpp:414]   --->   Operation 130 'select' 'select_ln414_2' <Predicate = true> <Delay = 0.00> <CoreInst = "Sel">   --->   Core 73 'Sel' <Latency = 0> <II = 1> <Delay = 0.83> <FuncUnit> <Opcode : 'select'> <InPorts = 3> <OutPorts = 1>
ST_36 : Operation 131 [1/1] (2.99ns) (out node of the LUT)   --->   "%add_ln414 = add i64 %y, i64 %select_ln414_2" [../../C-Codes/Fixed_x64/PLL2026_x64.cpp:414]   --->   Operation 131 'add' 'add_ln414' <Predicate = true> <Delay = 2.99> <CoreInst = "Adder">   --->   Core 1 'Adder' <Latency = 0> <II = 1> <Delay = 2.99> <FuncUnit> <Opcode : 'add' 'sub'> <InPorts = 2> <OutPorts = 1>
ST_36 : Operation 132 [1/1] (0.00ns) (grouped into LUT with out node angulo_V)   --->   "%or_ln414_2 = or i1 %icmp_ln1494_16, i1 %icmp_ln1495_13" [../../C-Codes/Fixed_x64/PLL2026_x64.cpp:414]   --->   Operation 132 'or' 'or_ln414_2' <Predicate = true> <Delay = 0.00> <CoreInst = "LogicGate">   --->   Core 74 'LogicGate' <Latency = 0> <II = 1> <Delay = 0.80> <FuncUnit> <Opcode : 'and' 'or' 'xor'> <InPorts = 2> <OutPorts = 1>
ST_36 : Operation 133 [1/1] (0.00ns) (grouped into LUT with out node add_ln414_1)   --->   "%select_ln414_3 = select i1 %or_ln414, i53 %select_ln414, i53 %select_ln414_1" [../../C-Codes/Fixed_x64/PLL2026_x64.cpp:414]   --->   Operation 133 'select' 'select_ln414_3' <Predicate = true> <Delay = 0.00> <CoreInst = "Sel">   --->   Core 73 'Sel' <Latency = 0> <II = 1> <Delay = 0.83> <FuncUnit> <Opcode : 'select'> <InPorts = 3> <OutPorts = 1>
ST_36 : Operation 134 [1/1] (0.00ns) (grouped into LUT with out node add_ln414_1)   --->   "%sext_ln414 = sext i53 %select_ln414_3" [../../C-Codes/Fixed_x64/PLL2026_x64.cpp:414]   --->   Operation 134 'sext' 'sext_ln414' <Predicate = true> <Delay = 0.00>
ST_36 : Operation 135 [1/1] (2.99ns) (out node of the LUT)   --->   "%add_ln414_1 = add i64 %y, i64 %sext_ln414" [../../C-Codes/Fixed_x64/PLL2026_x64.cpp:414]   --->   Operation 135 'add' 'add_ln414_1' <Predicate = true> <Delay = 2.99> <CoreInst = "Adder">   --->   Core 1 'Adder' <Latency = 0> <II = 1> <Delay = 2.99> <FuncUnit> <Opcode : 'add' 'sub'> <InPorts = 2> <OutPorts = 1>
ST_36 : Operation 136 [1/1] (0.80ns) (out node of the LUT)   --->   "%or_ln414_3 = or i1 %or_ln414, i1 %or_ln414_1" [../../C-Codes/Fixed_x64/PLL2026_x64.cpp:414]   --->   Operation 136 'or' 'or_ln414_3' <Predicate = true> <Delay = 0.80> <CoreInst = "LogicGate">   --->   Core 74 'LogicGate' <Latency = 0> <II = 1> <Delay = 0.80> <FuncUnit> <Opcode : 'and' 'or' 'xor'> <InPorts = 2> <OutPorts = 1>
ST_36 : Operation 137 [1/1] (0.00ns) (grouped into LUT with out node angulo_V)   --->   "%select_ln414_4 = select i1 %or_ln414_2, i64 %add_ln414, i64 %y" [../../C-Codes/Fixed_x64/PLL2026_x64.cpp:414]   --->   Operation 137 'select' 'select_ln414_4' <Predicate = true> <Delay = 0.00> <CoreInst = "Sel">   --->   Core 73 'Sel' <Latency = 0> <II = 1> <Delay = 0.83> <FuncUnit> <Opcode : 'select'> <InPorts = 3> <OutPorts = 1>
ST_36 : Operation 138 [1/1] (0.83ns) (out node of the LUT)   --->   "%angulo_V = select i1 %or_ln414_3, i64 %add_ln414_1, i64 %select_ln414_4" [../../C-Codes/Fixed_x64/PLL2026_x64.cpp:414]   --->   Operation 138 'select' 'angulo_V' <Predicate = true> <Delay = 0.83> <CoreInst = "Sel">   --->   Core 73 'Sel' <Latency = 0> <II = 1> <Delay = 0.83> <FuncUnit> <Opcode : 'select'> <InPorts = 3> <OutPorts = 1>
ST_36 : Operation 139 [1/1] (0.00ns)   --->   "%ret_ln1533 = ret i64 %angulo_V" [../../C-Codes/Fixed_x64/PLL2026_x64.cpp:1533]   --->   Operation 139 'ret' 'ret_ln1533' <Predicate = true> <Delay = 0.00>


============================================================
+ Verbose Summary: Timing violations
============================================================
Target clock period: 10ns, clock uncertainty: 2.7ns.

 <State 1>: 3ns
The critical path consists of the following:
	wire read on port 'xd' [16]  (0 ns)
	'sub' operation ('sub_ln703') [21]  (3 ns)

 <State 2>: 5.01ns
The critical path consists of the following:
	'call' operation ('xd_inv.V', ../../C-Codes/Fixed_x64/PLL2026_x64.cpp:1521) to 'INV_LUT' [25]  (5.01 ns)

 <State 3>: 5.5ns
The critical path consists of the following:
	'call' operation ('xd_inv.V', ../../C-Codes/Fixed_x64/PLL2026_x64.cpp:1521) to 'INV_LUT' [25]  (5.5 ns)

 <State 4>: 5.72ns
The critical path consists of the following:
	'mul' operation ('r.V') [28]  (5.72 ns)

 <State 5>: 5.72ns
The critical path consists of the following:
	'mul' operation ('r.V') [28]  (5.72 ns)

 <State 6>: 5.72ns
The critical path consists of the following:
	'mul' operation ('r.V') [28]  (5.72 ns)

 <State 7>: 5.72ns
The critical path consists of the following:
	'mul' operation ('r.V') [28]  (5.72 ns)

 <State 8>: 7.09ns
The critical path consists of the following:
	'mul' operation ('r.V') [28]  (5.72 ns)
	'call' operation ('op_V_2', ../../C-Codes/Fixed_x64/PLL2026_x64.cpp:1523) to 'ATAN_LUT' [30]  (1.37 ns)

 <State 9>: 4.17ns
The critical path consists of the following:
	'call' operation ('op_V_2', ../../C-Codes/Fixed_x64/PLL2026_x64.cpp:1523) to 'ATAN_LUT' [30]  (4.17 ns)

 <State 10>: 3ns
The critical path consists of the following:
	'add' operation ('add_ln703') [31]  (3 ns)

 <State 11>: 5.01ns
The critical path consists of the following:
	'call' operation ('xd_inv.V', ../../C-Codes/Fixed_x64/PLL2026_x64.cpp:1502) to 'INV_LUT' [34]  (5.01 ns)

 <State 12>: 5.5ns
The critical path consists of the following:
	'call' operation ('xd_inv.V', ../../C-Codes/Fixed_x64/PLL2026_x64.cpp:1502) to 'INV_LUT' [34]  (5.5 ns)

 <State 13>: 5.72ns
The critical path consists of the following:
	'mul' operation ('r.V') [37]  (5.72 ns)

 <State 14>: 5.72ns
The critical path consists of the following:
	'mul' operation ('r.V') [37]  (5.72 ns)

 <State 15>: 5.72ns
The critical path consists of the following:
	'mul' operation ('r.V') [37]  (5.72 ns)

 <State 16>: 5.72ns
The critical path consists of the following:
	'mul' operation ('r.V') [37]  (5.72 ns)

 <State 17>: 7.09ns
The critical path consists of the following:
	'mul' operation ('r.V') [37]  (5.72 ns)
	'call' operation ('op_V_1', ../../C-Codes/Fixed_x64/PLL2026_x64.cpp:1504) to 'ATAN_LUT' [39]  (1.37 ns)

 <State 18>: 4.17ns
The critical path consists of the following:
	'call' operation ('op_V_1', ../../C-Codes/Fixed_x64/PLL2026_x64.cpp:1504) to 'ATAN_LUT' [39]  (4.17 ns)

 <State 19>: 3ns
The critical path consists of the following:
	'sub' operation ('sub_ln703_4') [40]  (3 ns)

 <State 20>: 5.01ns
The critical path consists of the following:
	'call' operation ('xd_inv.V', ../../C-Codes/Fixed_x64/PLL2026_x64.cpp:1459) to 'INV_LUT' [43]  (5.01 ns)

 <State 21>: 5.5ns
The critical path consists of the following:
	'call' operation ('xd_inv.V', ../../C-Codes/Fixed_x64/PLL2026_x64.cpp:1459) to 'INV_LUT' [43]  (5.5 ns)

 <State 22>: 5.72ns
The critical path consists of the following:
	'mul' operation ('mul_ln1118') [48]  (5.72 ns)

 <State 23>: 5.72ns
The critical path consists of the following:
	'mul' operation ('mul_ln1118') [48]  (5.72 ns)

 <State 24>: 5.72ns
The critical path consists of the following:
	'mul' operation ('mul_ln1118') [48]  (5.72 ns)

 <State 25>: 5.72ns
The critical path consists of the following:
	'mul' operation ('mul_ln1118') [48]  (5.72 ns)

 <State 26>: 5.72ns
The critical path consists of the following:
	'mul' operation ('mul_ln1118') [48]  (5.72 ns)

 <State 27>: 5.55ns
The critical path consists of the following:
	'sub' operation ('r.V') [49]  (4.17 ns)
	'call' operation ('op_V', ../../C-Codes/Fixed_x64/PLL2026_x64.cpp:1478) to 'ATAN_LUT' [51]  (1.37 ns)

 <State 28>: 7.17ns
The critical path consists of the following:
	'call' operation ('op_V', ../../C-Codes/Fixed_x64/PLL2026_x64.cpp:1478) to 'ATAN_LUT' [51]  (4.17 ns)
	'sub' operation ('sub_ln703_3') [52]  (3 ns)

 <State 29>: 4.52ns
The critical path consists of the following:
	multiplexor before 'phi' operation ('y', ../../C-Codes/Fixed_x64/PLL2026_x64.cpp:1461) with incoming values : ('add_ln703') ('sub_ln703_4') ('sub_ln703_3') ('ref_tmp6', ../../C-Codes/Fixed_x64/PLL2026_x64.cpp:1461) [62]  (1.37 ns)
	'phi' operation ('y', ../../C-Codes/Fixed_x64/PLL2026_x64.cpp:1461) with incoming values : ('add_ln703') ('sub_ln703_4') ('sub_ln703_3') ('ref_tmp6', ../../C-Codes/Fixed_x64/PLL2026_x64.cpp:1461) [62]  (0 ns)
	'icmp' operation ('icmp_ln1494_17') [64]  (2.34 ns)
	'and' operation ('and_ln405', ../../C-Codes/Fixed_x64/PLL2026_x64.cpp:405) [66]  (0.8 ns)

 <State 30>: 5.72ns
The critical path consists of the following:
	'mul' operation ('r.V') [57]  (5.72 ns)

 <State 31>: 5.72ns
The critical path consists of the following:
	'mul' operation ('r.V') [57]  (5.72 ns)

 <State 32>: 5.72ns
The critical path consists of the following:
	'mul' operation ('r.V') [57]  (5.72 ns)

 <State 33>: 5.72ns
The critical path consists of the following:
	'mul' operation ('r.V') [57]  (5.72 ns)

 <State 34>: 7.09ns
The critical path consists of the following:
	'mul' operation ('r.V') [57]  (5.72 ns)
	'call' operation ('ref_tmp6', ../../C-Codes/Fixed_x64/PLL2026_x64.cpp:1461) to 'ATAN_LUT' [59]  (1.37 ns)

 <State 35>: 4.17ns
The critical path consists of the following:
	'call' operation ('ref_tmp6', ../../C-Codes/Fixed_x64/PLL2026_x64.cpp:1461) to 'ATAN_LUT' [59]  (4.17 ns)

 <State 36>: 7.03ns
The critical path consists of the following:
	'or' operation ('or_ln405', ../../C-Codes/Fixed_x64/PLL2026_x64.cpp:405) [78]  (0.8 ns)
	'or' operation ('or_ln408', ../../C-Codes/Fixed_x64/PLL2026_x64.cpp:408) [81]  (0.8 ns)
	'or' operation ('or_ln411', ../../C-Codes/Fixed_x64/PLL2026_x64.cpp:411) [84]  (0 ns)
	'xor' operation ('xor_ln411', ../../C-Codes/Fixed_x64/PLL2026_x64.cpp:411) [85]  (0 ns)
	'and' operation ('and_ln414', ../../C-Codes/Fixed_x64/PLL2026_x64.cpp:414) [86]  (0 ns)
	'and' operation ('and_ln414_5', ../../C-Codes/Fixed_x64/PLL2026_x64.cpp:414) [87]  (0.8 ns)
	'or' operation ('or_ln414', ../../C-Codes/Fixed_x64/PLL2026_x64.cpp:414) [89]  (0.8 ns)
	'select' operation ('select_ln414_3', ../../C-Codes/Fixed_x64/PLL2026_x64.cpp:414) [95]  (0 ns)
	'add' operation ('add_ln414_1', ../../C-Codes/Fixed_x64/PLL2026_x64.cpp:414) [97]  (3 ns)
	'select' operation ('angulo.V', ../../C-Codes/Fixed_x64/PLL2026_x64.cpp:414) [100]  (0.831 ns)


============================================================
+ Verbose Summary: Binding
============================================================
N/A
* FSMD analyzer results:
  - Output states:
 - Input state : 
  - Chain level:
	State 1
	State 2
	State 3
	State 4
	State 5
	State 6
	State 7
	State 8
	State 9
	State 10
	State 11
	State 12
	State 13
	State 14
	State 15
	State 16
	State 17
	State 18
	State 19
	State 20
	State 21
	State 22
	State 23
	State 24
	State 25
	State 26
	State 27
	State 28
	State 29
	State 30
	State 31
	State 32
	State 33
	State 34
	State 35
	State 36


============================================================
+ Verbose Summary: Datapath Resource usage 
============================================================
N/A
