INFO-FLOW: Workspace C:/Users/cleit/OneDrive/Documents/GitHub/PLL-2024/AC701/H/PLL2026/solution1 opened at Wed Jun 10 15:52:34 -0300 2026
Execute     ap_set_clock -name default -period 10 -default=false 
INFO: [SYN 201-201] Setting up clock 'default' with a period of 10ns.
Execute     import_lib C:/Xilinx/Vitis_HLS/2020.2/common/technology/xilinx/artix7/artix7 
Execute       source C:/Xilinx/Vitis_HLS/2020.2/common/technology/xilinx/interface/xilinx_interface.hlp 
Execute         source C:/Xilinx/Vitis_HLS/2020.2/common/technology/xilinx/interface/maxi.hlp 
Execute         source C:/Xilinx/Vitis_HLS/2020.2/common/technology/xilinx/interface/saxilite.hlp 
Execute       source C:/Xilinx/Vitis_HLS/2020.2/common/technology/xilinx/DSP48/dsp48.hlp 
Execute     ap_family_info -name artix7 -data parts 
DBG:HLSDevice: Trying to load device library: C:/Xilinx/Vitis_HLS/2020.2\lib\win64.o\librdi_hlsvwrap.dll
DBG:HLSDevice: first parts/arch.xml in RDI_DATADIR: C:/Xilinx/Vivado/2020.2/data/parts/arch.xml
Command     ap_family_info done; 0.25 sec.
Execute     ap_part_info -name xc7a12ticsg325-1L -data info 
Execute     source C:/Xilinx/Vitis_HLS/2020.2/common/technology/xilinx/common/xilinx.gen 
Execute       source C:/Xilinx/Vitis_HLS/2020.2/common/technology/xilinx/interface/plb46.gen 
Execute       source C:/Xilinx/Vitis_HLS/2020.2/common/technology/xilinx/interface/axi4.gen 
Execute       source C:/Xilinx/Vitis_HLS/2020.2/common/technology/xilinx/interface/nativeAXI4.gen 
Execute         source C:/Xilinx/Vitis_HLS/2020.2/common/technology/xilinx/interface/saxilite.gen 
Execute         source C:/Xilinx/Vitis_HLS/2020.2/common/technology/xilinx/interface/maxi.gen 
Execute       source C:/Xilinx/Vitis_HLS/2020.2/common/technology/xilinx/scripts/xilinxcoregen.gen 
Execute       source C:/Xilinx/Vitis_HLS/2020.2/common/technology/xilinx/interface/XilEDKCoreGen.gen 
Execute       source C:/Xilinx/Vitis_HLS/2020.2/common/technology/xilinx/ip/dds_compiler.gen 
Execute       source C:/Xilinx/Vitis_HLS/2020.2/common/technology/xilinx/ip/util.gen 
Execute       source C:/Xilinx/Vitis_HLS/2020.2/common/technology/xilinx/ip/xfft.gen 
Execute       source C:/Xilinx/Vitis_HLS/2020.2/common/technology/xilinx/ip/xfir.gen 
Execute       source C:/Xilinx/Vitis_HLS/2020.2/common/technology/xilinx/DSP48/dsp48.gen 
Execute     import_lib C:/Xilinx/Vitis_HLS/2020.2/common/technology/xilinx/artix7/artix7_fpv6 
Execute       source C:/Xilinx/Vitis_HLS/2020.2/common/technology/xilinx/interface/xilinx_interface.hlp 
Execute         source C:/Xilinx/Vitis_HLS/2020.2/common/technology/xilinx/interface/maxi.hlp 
Execute         source C:/Xilinx/Vitis_HLS/2020.2/common/technology/xilinx/interface/saxilite.hlp 
Execute       source C:/Xilinx/Vitis_HLS/2020.2/common/technology/xilinx/DSP48/dsp48.hlp 
Execute     source C:/Xilinx/Vitis_HLS/2020.2/common/technology/xilinx/common/xilinx.gen 
Execute       source C:/Xilinx/Vitis_HLS/2020.2/common/technology/xilinx/interface/plb46.gen 
Execute       source C:/Xilinx/Vitis_HLS/2020.2/common/technology/xilinx/interface/axi4.gen 
Execute       source C:/Xilinx/Vitis_HLS/2020.2/common/technology/xilinx/interface/nativeAXI4.gen 
Execute         source C:/Xilinx/Vitis_HLS/2020.2/common/technology/xilinx/interface/saxilite.gen 
Execute         source C:/Xilinx/Vitis_HLS/2020.2/common/technology/xilinx/interface/maxi.gen 
Execute       source C:/Xilinx/Vitis_HLS/2020.2/common/technology/xilinx/scripts/xilinxcoregen.gen 
Execute       source C:/Xilinx/Vitis_HLS/2020.2/common/technology/xilinx/interface/XilEDKCoreGen.gen 
Execute       source C:/Xilinx/Vitis_HLS/2020.2/common/technology/xilinx/ip/dds_compiler.gen 
Execute       source C:/Xilinx/Vitis_HLS/2020.2/common/technology/xilinx/ip/util.gen 
Execute       source C:/Xilinx/Vitis_HLS/2020.2/common/technology/xilinx/ip/xfft.gen 
Execute       source C:/Xilinx/Vitis_HLS/2020.2/common/technology/xilinx/ip/xfir.gen 
Execute       source C:/Xilinx/Vitis_HLS/2020.2/common/technology/xilinx/DSP48/dsp48.gen 
Execute     import_lib C:/Xilinx/Vitis_HLS/2020.2/common/technology/xilinx/artix7/artix7 
Execute       source C:/Xilinx/Vitis_HLS/2020.2/common/technology/xilinx/interface/xilinx_interface.hlp 
Execute         source C:/Xilinx/Vitis_HLS/2020.2/common/technology/xilinx/interface/maxi.hlp 
Execute         source C:/Xilinx/Vitis_HLS/2020.2/common/technology/xilinx/interface/saxilite.hlp 
Execute       source C:/Xilinx/Vitis_HLS/2020.2/common/technology/xilinx/DSP48/dsp48.hlp 
Execute     ap_family_info -name artix7 -data parts 
Execute     ap_part_info -name xc7a12ticsg325-1L -data info 
Execute     source C:/Xilinx/Vitis_HLS/2020.2/common/technology/xilinx/common/xilinx.gen 
Execute       source C:/Xilinx/Vitis_HLS/2020.2/common/technology/xilinx/interface/plb46.gen 
Execute       source C:/Xilinx/Vitis_HLS/2020.2/common/technology/xilinx/interface/axi4.gen 
Execute       source C:/Xilinx/Vitis_HLS/2020.2/common/technology/xilinx/interface/nativeAXI4.gen 
Execute         source C:/Xilinx/Vitis_HLS/2020.2/common/technology/xilinx/interface/saxilite.gen 
Execute         source C:/Xilinx/Vitis_HLS/2020.2/common/technology/xilinx/interface/maxi.gen 
Execute       source C:/Xilinx/Vitis_HLS/2020.2/common/technology/xilinx/scripts/xilinxcoregen.gen 
Execute       source C:/Xilinx/Vitis_HLS/2020.2/common/technology/xilinx/interface/XilEDKCoreGen.gen 
Execute       source C:/Xilinx/Vitis_HLS/2020.2/common/technology/xilinx/ip/dds_compiler.gen 
Execute       source C:/Xilinx/Vitis_HLS/2020.2/common/technology/xilinx/ip/util.gen 
Execute       source C:/Xilinx/Vitis_HLS/2020.2/common/technology/xilinx/ip/xfft.gen 
Execute       source C:/Xilinx/Vitis_HLS/2020.2/common/technology/xilinx/ip/xfir.gen 
Execute       source C:/Xilinx/Vitis_HLS/2020.2/common/technology/xilinx/DSP48/dsp48.gen 
Execute     set_part xc7a200t-fbg676-2 
INFO-FLOW: DBG:set_part: XILINX_VIVADO=C:/Xilinx/Vivado/2020.2
INFO-FLOW: DBG:set_part: RDI_DATADIR=C:/Xilinx/Vivado/2020.2/data;C:/Xilinx/Vitis_HLS/2020.2/data
Execute       ap_part_info -name xc7a200t-fbg676-2 -data single -quiet 
Execute       ap_part_info -name xc7a200t-fbg676-2 -data info 
Execute       add_library xilinx/artix7/artix7:xc7a200t:-fbg676:-2 
Execute         get_default_platform 
Execute         open_platform DefaultPlatform 
Execute         ap_part_info -data single -name xc7a200t-fbg676-2 
Execute         ap_part_info -name xc7a200t-fbg676-2 -data resources 
Execute         config_chip_info -resource {SLICE 33650} {LUT 134600} {FF 269200} {DSP 740} {BRAM 730} {URAM 0} 
Execute         ap_part_info -name xc7a200t-fbg676-2 -data info 
Execute         config_chip_info -speed medium 
Execute         ap_part_info -name xc7a200t-fbg676-2 -data info 
Execute         config_library_info -library artix7_medium 
Execute         config_library_info -family artix7 
Execute         config_library_info -part xc7a200t:-fbg676:-2 
Execute         import_lib C:/Xilinx/Vitis_HLS/2020.2/common/technology/xilinx/artix7/artix7 
Execute           source C:/Xilinx/Vitis_HLS/2020.2/common/technology/xilinx/interface/xilinx_interface.hlp 
Execute             source C:/Xilinx/Vitis_HLS/2020.2/common/technology/xilinx/interface/maxi.hlp 
Execute             source C:/Xilinx/Vitis_HLS/2020.2/common/technology/xilinx/interface/saxilite.hlp 
Execute           source C:/Xilinx/Vitis_HLS/2020.2/common/technology/xilinx/DSP48/dsp48.hlp 
Execute           source C:/Xilinx/Vitis_HLS/2020.2/common/technology/xilinx/DSP48/artix7_dsp48e1.hlp 
Execute         ap_family_info -name artix7 -data parts 
Execute         ap_part_info -name xc7a12ticsg325-1L -data info 
Execute         source C:/Xilinx/Vitis_HLS/2020.2/common/technology/xilinx/common/xilinx.gen 
Execute           source C:/Xilinx/Vitis_HLS/2020.2/common/technology/xilinx/interface/plb46.gen 
Execute           source C:/Xilinx/Vitis_HLS/2020.2/common/technology/xilinx/interface/axi4.gen 
Execute           source C:/Xilinx/Vitis_HLS/2020.2/common/technology/xilinx/interface/nativeAXI4.gen 
Execute             source C:/Xilinx/Vitis_HLS/2020.2/common/technology/xilinx/interface/saxilite.gen 
Execute             source C:/Xilinx/Vitis_HLS/2020.2/common/technology/xilinx/interface/maxi.gen 
Execute           source C:/Xilinx/Vitis_HLS/2020.2/common/technology/xilinx/scripts/xilinxcoregen.gen 
Execute           source C:/Xilinx/Vitis_HLS/2020.2/common/technology/xilinx/interface/XilEDKCoreGen.gen 
Execute           source C:/Xilinx/Vitis_HLS/2020.2/common/technology/xilinx/ip/dds_compiler.gen 
Execute           source C:/Xilinx/Vitis_HLS/2020.2/common/technology/xilinx/ip/util.gen 
Execute           source C:/Xilinx/Vitis_HLS/2020.2/common/technology/xilinx/ip/xfft.gen 
Execute           source C:/Xilinx/Vitis_HLS/2020.2/common/technology/xilinx/ip/xfir.gen 
Execute           source C:/Xilinx/Vitis_HLS/2020.2/common/technology/xilinx/DSP48/dsp48.gen 
Command       add_library done; 0.124 sec.
INFO: [HLS 200-10] Setting target device to 'xc7a200t-fbg676-2'
Execute       ap_part_info -name xc7a200t-fbg676-2 -data info 
Execute       config_compile -quiet -complex-mul-dsp=0 
Command     set_part done; 0.133 sec.
Execute     ap_part_info -data single -name xc7a200t-fbg676-2 
Execute     ap_part_info -name xc7a200t-fbg676-2 -data resources 
Execute     config_chip_info -resource {SLICE 33650} {LUT 134600} {FF 269200} {DSP 740} {BRAM 730} {URAM 0} 
Execute     ap_part_info -name xc7a200t-fbg676-2 -data info 
Execute     config_chip_info -speed medium 
Execute     send_msg_by_id INFO @200-1505@%s%s  vivado 
INFO: [HLS 200-1505] Using flow_target 'vivado'
Execute     get_config_interface -m_axi_latency 
Execute     get_config_interface -m_axi_alignment_byte_size 
Execute     get_config_interface -m_axi_max_widen_bitwidth 
Execute     get_config_interface -default_interface 
Execute     get_config_interface -m_axi_offset 
Execute     get_config_rtl -register_reset_num 
Command   open_solution done; 0.715 sec.
Execute   set_part xc7a200tfbg676-2 
INFO: [HLS 200-1510] Running: set_part xc7a200tfbg676-2 
INFO-FLOW: DBG:set_part: XILINX_VIVADO=C:/Xilinx/Vivado/2020.2
INFO-FLOW: DBG:set_part: RDI_DATADIR=C:/Xilinx/Vivado/2020.2/data;C:/Xilinx/Vitis_HLS/2020.2/data
Execute     ap_part_info -name xc7a200tfbg676-2 -data single -quiet 
Execute     ap_part_info -name xc7a200tfbg676-2 -data info 
Execute     add_library xilinx/artix7/artix7:xc7a200t:-fbg676:-2 
Execute       get_default_platform 
Execute       open_platform DefaultPlatform 
Execute       ap_part_info -data single -name xc7a200t-fbg676-2 
Execute       ap_part_info -name xc7a200t-fbg676-2 -data resources 
Execute       config_chip_info -resource {SLICE 33650} {LUT 134600} {FF 269200} {DSP 740} {BRAM 730} {URAM 0} 
Execute       ap_part_info -name xc7a200t-fbg676-2 -data info 
Execute       config_chip_info -speed medium 
Execute       ap_part_info -name xc7a200t-fbg676-2 -data info 
Execute       config_library_info -library artix7_medium 
Execute       config_library_info -family artix7 
Execute       config_library_info -part xc7a200t:-fbg676:-2 
Execute       import_lib C:/Xilinx/Vitis_HLS/2020.2/common/technology/xilinx/artix7/artix7 
Execute         source C:/Xilinx/Vitis_HLS/2020.2/common/technology/xilinx/interface/xilinx_interface.hlp 
Execute           source C:/Xilinx/Vitis_HLS/2020.2/common/technology/xilinx/interface/maxi.hlp 
Execute           source C:/Xilinx/Vitis_HLS/2020.2/common/technology/xilinx/interface/saxilite.hlp 
Execute         source C:/Xilinx/Vitis_HLS/2020.2/common/technology/xilinx/DSP48/dsp48.hlp 
Execute         source C:/Xilinx/Vitis_HLS/2020.2/common/technology/xilinx/DSP48/artix7_dsp48e1.hlp 
Execute       ap_family_info -name artix7 -data parts 
Execute       ap_part_info -name xc7a12ticsg325-1L -data info 
Execute       source C:/Xilinx/Vitis_HLS/2020.2/common/technology/xilinx/common/xilinx.gen 
Execute         source C:/Xilinx/Vitis_HLS/2020.2/common/technology/xilinx/interface/plb46.gen 
Execute         source C:/Xilinx/Vitis_HLS/2020.2/common/technology/xilinx/interface/axi4.gen 
Execute         source C:/Xilinx/Vitis_HLS/2020.2/common/technology/xilinx/interface/nativeAXI4.gen 
Execute           source C:/Xilinx/Vitis_HLS/2020.2/common/technology/xilinx/interface/saxilite.gen 
Execute           source C:/Xilinx/Vitis_HLS/2020.2/common/technology/xilinx/interface/maxi.gen 
Execute         source C:/Xilinx/Vitis_HLS/2020.2/common/technology/xilinx/scripts/xilinxcoregen.gen 
Execute         source C:/Xilinx/Vitis_HLS/2020.2/common/technology/xilinx/interface/XilEDKCoreGen.gen 
Execute         source C:/Xilinx/Vitis_HLS/2020.2/common/technology/xilinx/ip/dds_compiler.gen 
Execute         source C:/Xilinx/Vitis_HLS/2020.2/common/technology/xilinx/ip/util.gen 
Execute         source C:/Xilinx/Vitis_HLS/2020.2/common/technology/xilinx/ip/xfft.gen 
Execute         source C:/Xilinx/Vitis_HLS/2020.2/common/technology/xilinx/ip/xfir.gen 
Execute         source C:/Xilinx/Vitis_HLS/2020.2/common/technology/xilinx/DSP48/dsp48.gen 
Execute     ap_part_info -name xc7a200t-fbg676-2 -data info 
Execute     config_compile -quiet -complex-mul-dsp=0 
Command   set_part done; 0.104 sec.
Execute   create_clock -period 10 -name default 
INFO: [HLS 200-1510] Running: create_clock -period 10 -name default 
Execute   csynth_design 
INFO: [HLS 200-1510] Running: csynth_design 
Execute     get_config_compile -effort 
Execute     get_config_compile -enable_clang39 
Execute     get_config_compile -g 
Execute     get_config_compile -ng 
Execute     get_config_compile -opt_fp 
Execute     get_config_compile -skip_cdt 
Execute     get_config_compile -skip_syncheck 
Execute     get_config_compile -skip_transform 
Execute     get_config_compile -keep_printf 
Execute     elaborate -effort=medium -skip_syncheck=0 -keep_printf=0 -skip_cdt=0 -skip_transform=0 -ng=0 -g=0 -opt_fp=0 -from_csynth_design=1 
INFO: [HLS 200-111] Finished File checks and directory preparation: CPU user time: 0 seconds. CPU system time: 0 seconds. Elapsed time: 0.032 seconds; current allocated memory: 865.411 MB.
INFO: [HLS 200-10] Analyzing design file '../../C-Codes/Fixed_x64/PLL2026_x64.cpp' ... 
INFO-FLOW: Compiling one TU...
Execute       get_config_compile -pragma_strict_mode 
INFO-FLOW: Handling ../../C-Codes/Fixed_x64/PLL2026_x64.cpp as C++
Execute       ap_part_info -name xc7a200t-fbg676-2 -data info 
INFO-FLOW: Running: GCC PP 39
INFO-FLOW: Source preprocessing
Execute       ap_eval exec -ignorestderr C:/Xilinx/Vitis_HLS/2020.2/win64/tools/clang-3.9-csynth/bin/clang ../../C-Codes/Fixed_x64/PLL2026_x64.cpp -foptimization-record-file=C:/Users/cleit/OneDrive/Documents/GitHub/PLL-2024/AC701/H/PLL2026/solution1/.autopilot/db/clang.PLL2026_x64.cpp.diag.yml -mllvm -pass-remarks-missed=reflow|pasta|unroll -mllvm -pass-remarks=reflow|pasta|unroll|inline -fno-limit-debug-info --sysroot C:/Xilinx/Vitis_HLS/2020.2/tps/mingw/6.2.0/win64.o/nt -fhls -fno-exceptions -E -fno-math-errno -c -emit-llvm -mllvm -disable-llvm-optzns -Werror=implicit-function-declaration -Werror=implicit-hls-streams -Werror=return-type -Wpragmas -Wunused-parameter -fno-threadsafe-statics -fno-use-cxa-atexit -std=gnu++14 -target fpga64-xilinx-mingw32 -fno-threadsafe-statics -fno-use-cxa-atexit -I C:/Xilinx/Vitis_HLS/2020.2/common/technology/autopilot/39 -D__VITIS_HLS__ -DAESL_SYN -D__SYNTHESIS__ -D__HLS_SYN__ -I C:/Xilinx/Vitis_HLS/2020.2/common/technology/autopilot -I C:/Xilinx/Vitis_HLS/2020.2/common/technology/autopilot/ap_sysc -include etc/autopilot_ssdm_op.h -D__DSP48E1__ -o C:/Users/cleit/OneDrive/Documents/GitHub/PLL-2024/AC701/H/PLL2026/solution1/.autopilot/db/PLL2026_x64.pp.0.cpp > C:/Users/cleit/OneDrive/Documents/GitHub/PLL-2024/AC701/H/PLL2026/solution1/.autopilot/db/clang.PLL2026_x64.cpp.out.log 2> C:/Users/cleit/OneDrive/Documents/GitHub/PLL-2024/AC701/H/PLL2026/solution1/.autopilot/db/clang.PLL2026_x64.cpp.err.log 
Command       ap_eval done; 0.24 sec.
INFO-FLOW: Done: GCC PP 39 time: 0.2 seconds per iteration
Execute       set_directive_top PLL2026_x64 -name=PLL2026_x64 
INFO-FLOW: Setting directive 'TOP' name=PLL2026_x64 
INFO-FLOW: Setting directive 'TOP' name=PLL2026_x64 
Execute       source C:/Xilinx/Vitis_HLS/2020.2/tps/tcl/tcllib1.11.1/yaml/huddle.tcl 
Execute       source C:/Xilinx/Vitis_HLS/2020.2/tps/tcl/tcllib1.11.1/yaml/json2huddle.tcl 
Execute         source C:/Xilinx/Vitis_HLS/2020.2/tps/tcl/tcllib1.11.1/try/try.tcl 
INFO-FLOW: Setting directive 'TOP' name=PLL2026_x64 
Execute       list_core -type functional_unit 
Execute       clang_tidy xilinx-systemc-detector C:/Users/cleit/OneDrive/Documents/GitHub/PLL-2024/AC701/H/PLL2026/solution1/.autopilot/db/PLL2026_x64.pp.0.cpp std=gnu++14 -target fpga  -directive=C:/Users/cleit/OneDrive/Documents/GitHub/PLL-2024/AC701/H/PLL2026/solution1/.autopilot/db/.systemc_flag 
INFO-FLOW: exec C:/Xilinx/Vitis_HLS/2020.2/win64/tools/clang-3.9-csynth/bin/clang-tidy -header-filter=.* --checks=-*,xilinx-systemc-detector -import-directive=C:/Users/cleit/OneDrive/Documents/GitHub/PLL-2024/AC701/H/PLL2026/solution1/.autopilot/db/.systemc_flag -fix-errors C:/Users/cleit/OneDrive/Documents/GitHub/PLL-2024/AC701/H/PLL2026/solution1/.autopilot/db/PLL2026_x64.pp.0.cpp -- -std=gnu++14 -target fpga -fhls -ferror-limit=0
Command       clang_tidy done; 2.514 sec.
INFO-FLOW: Running: clang-tidy CDT preprocess 39
Execute       clang_tidy xilinx-directive2pragma C:/Users/cleit/OneDrive/Documents/GitHub/PLL-2024/AC701/H/PLL2026/solution1/.autopilot/db/PLL2026_x64.pp.0.cpp std=gnu++14 -target fpga  -directive=C:/Users/cleit/OneDrive/Documents/GitHub/PLL-2024/AC701/H/PLL2026/solution1/.autopilot/db/all.directive.json 
INFO-FLOW: exec C:/Xilinx/Vitis_HLS/2020.2/win64/tools/clang-3.9-csynth/bin/clang-tidy -header-filter=.* --checks=-*,xilinx-directive2pragma -import-directive=C:/Users/cleit/OneDrive/Documents/GitHub/PLL-2024/AC701/H/PLL2026/solution1/.autopilot/db/all.directive.json -fix-errors C:/Users/cleit/OneDrive/Documents/GitHub/PLL-2024/AC701/H/PLL2026/solution1/.autopilot/db/PLL2026_x64.pp.0.cpp -- -std=gnu++14 -target fpga -fhls -ferror-limit=0
Command       clang_tidy done; 2.688 sec.
Execute       clang_tidy xilinx-constantarray-param,xilinx-remove-assert C:/Users/cleit/OneDrive/Documents/GitHub/PLL-2024/AC701/H/PLL2026/solution1/.autopilot/db/PLL2026_x64.pp.0.cpp std=gnu++14 -target fpga  
INFO-FLOW: exec C:/Xilinx/Vitis_HLS/2020.2/win64/tools/clang-3.9-csynth/bin/clang-tidy -header-filter=.* --checks=-*,xilinx-constantarray-param,xilinx-remove-assert -fix-errors C:/Users/cleit/OneDrive/Documents/GitHub/PLL-2024/AC701/H/PLL2026/solution1/.autopilot/db/PLL2026_x64.pp.0.cpp -- -std=gnu++14 -target fpga -fhls -ferror-limit=0
Command       clang_tidy done; 2.79 sec.
INFO-FLOW: Done: clang-tidy CDT preprocess 39 time: 5.5 seconds per iteration
INFO-FLOW: Calling xilinx-label-all-loops ... 
Execute       clang_tidy -errorcheck xilinx-label-all-loops,xilinx-top-parameters,xilinx-array-stream-check,xilinx-warn-mayneed-no-ctor-attribute C:/Users/cleit/OneDrive/Documents/GitHub/PLL-2024/AC701/H/PLL2026/solution1/.autopilot/db/PLL2026_x64.pp.0.cpp std=gnu++14 -target fpga  
Execute         ap_eval exec -ignorestderr C:/Xilinx/Vitis_HLS/2020.2/win64/tools/clang-3.9-csynth/bin/clang-tidy -export-fixes=C:/Users/cleit/OneDrive/Documents/GitHub/PLL-2024/AC701/H/PLL2026/solution1/.autopilot/db/clang-tidy.PLL2026_x64.pp.0.cpp.diag.yml -header-filter=.* --checks=-*,xilinx-label-all-loops,xilinx-top-parameters,xilinx-array-stream-check,xilinx-warn-mayneed-no-ctor-attribute -fix-errors C:/Users/cleit/OneDrive/Documents/GitHub/PLL-2024/AC701/H/PLL2026/solution1/.autopilot/db/PLL2026_x64.pp.0.cpp -- -std=gnu++14 -target fpga -fhls -ferror-limit=0 > C:/Users/cleit/OneDrive/Documents/GitHub/PLL-2024/AC701/H/PLL2026/solution1/.autopilot/db/clang-tidy.PLL2026_x64.pp.0.cpp.out.log 2> C:/Users/cleit/OneDrive/Documents/GitHub/PLL-2024/AC701/H/PLL2026/solution1/.autopilot/db/clang-tidy.PLL2026_x64.pp.0.cpp.err.log 
Command         ap_eval done; 4.158 sec.
Execute         source C:/Xilinx/Vitis_HLS/2020.2/tps/tcl/tcllib1.11.1/yaml/yaml.tcl 
Execute           source C:/Xilinx/Vitis_HLS/2020.2/tps/tcl/tcllib1.11.1/cmdline/cmdline.tcl 
Command       clang_tidy done; 4.401 sec.
Execute       get_config_dataflow -strict_mode 
Execute       ap_eval exec -ignorestderr C:/Xilinx/Vitis_HLS/2020.2/win64/tools/clang-3.9-csynth/bin/xilinx-dataflow-lawyer -export-fixes=C:/Users/cleit/OneDrive/Documents/GitHub/PLL-2024/AC701/H/PLL2026/solution1/.autopilot/db/xilinx-dataflow-lawyer.PLL2026_x64.pp.0.cpp.diag.yml C:/Users/cleit/OneDrive/Documents/GitHub/PLL-2024/AC701/H/PLL2026/solution1/.autopilot/db/PLL2026_x64.pp.0.cpp -- -std=gnu++14 -target fpga -fhls -ferror-limit=0 -fstrict-dataflow > C:/Users/cleit/OneDrive/Documents/GitHub/PLL-2024/AC701/H/PLL2026/solution1/.autopilot/db/xilinx-dataflow-lawyer.PLL2026_x64.pp.0.cpp.out.log 2> C:/Users/cleit/OneDrive/Documents/GitHub/PLL-2024/AC701/H/PLL2026/solution1/.autopilot/db/xilinx-dataflow-lawyer.PLL2026_x64.pp.0.cpp.err.log 
Command       ap_eval done; 2.398 sec.
Execute       ap_part_info -name xc7a200t-fbg676-2 -data info 
INFO-FLOW: compiling source code to llvm bc
Execute       ap_eval exec -ignorestderr C:/Xilinx/Vitis_HLS/2020.2/win64/tools/clang-3.9-csynth/bin/clang -foptimization-record-file=C:/Users/cleit/OneDrive/Documents/GitHub/PLL-2024/AC701/H/PLL2026/solution1/.autopilot/db/clang.PLL2026_x64.pp.0.cpp.diag.yml -mllvm -pass-remarks-missed=reflow|pasta|unroll -mllvm -pass-remarks=reflow|pasta|unroll|inline -fno-limit-debug-info -fhls -flto -fno-exceptions -Wno-error=c++11-narrowing C:/Users/cleit/OneDrive/Documents/GitHub/PLL-2024/AC701/H/PLL2026/solution1/.autopilot/db/PLL2026_x64.pp.0.cpp -fno-math-errno -c -emit-llvm -mllvm -disable-llvm-optzns -Werror=implicit-function-declaration -Werror=implicit-hls-streams -Werror=return-type -Wpragmas -Wunused-parameter -fno-threadsafe-statics -fno-use-cxa-atexit -std=gnu++14 -target fpga64-xilinx-linux-gnu -D__VITIS_HLS__ -DAESL_SYN -D__SYNTHESIS__ -D__HLS_SYN__ -I C:/Xilinx/Vitis_HLS/2020.2/common/technology/autopilot -I C:/Xilinx/Vitis_HLS/2020.2/common/technology/autopilot/ap_sysc -include etc/autopilot_ssdm_op.h -D__DSP48E1__ -g -o C:/Users/cleit/OneDrive/Documents/GitHub/PLL-2024/AC701/H/PLL2026/solution1/.autopilot/db/PLL2026_x64.bc > C:/Users/cleit/OneDrive/Documents/GitHub/PLL-2024/AC701/H/PLL2026/solution1/.autopilot/db/clang.PLL2026_x64.pp.0.cpp.out.log 2> C:/Users/cleit/OneDrive/Documents/GitHub/PLL-2024/AC701/H/PLL2026/solution1/.autopilot/db/clang.PLL2026_x64.pp.0.cpp.err.log 
Command       ap_eval done; error code: 1; 2.618 sec.
WARNING: [HLS 207-5510] 'Resource pragma' is deprecated, and it will be removed in future release. It is suggested to replace it with 'bind_op/bind_storage pragma'.: C:/Xilinx/Vitis_HLS/2020.2/common/technology/autopilot/hls_hotbm_apfixed.h:117:9
WARNING: [HLS 207-5510] 'Resource pragma' is deprecated, and it will be removed in future release. It is suggested to replace it with 'bind_op/bind_storage pragma'.: C:/Xilinx/Vitis_HLS/2020.2/common/technology/autopilot/hls_hotbm_apfixed.h:118:9
WARNING: [HLS 207-5510] 'Resource pragma' is deprecated, and it will be removed in future release. It is suggested to replace it with 'bind_op/bind_storage pragma'.: C:/Xilinx/Vitis_HLS/2020.2/common/technology/autopilot/hls_hotbm_apfixed.h:119:9
WARNING: [HLS 207-5510] 'Resource pragma' is deprecated, and it will be removed in future release. It is suggested to replace it with 'bind_op/bind_storage pragma'.: C:/Xilinx/Vitis_HLS/2020.2/common/technology/autopilot/hls_hotbm_apfixed.h:120:9
WARNING: [HLS 207-5510] 'Resource pragma' is deprecated, and it will be removed in future release. It is suggested to replace it with 'bind_op/bind_storage pragma'.: C:/Xilinx/Vitis_HLS/2020.2/common/technology/autopilot/hls_hotbm_apfixed.h:121:9
WARNING: [HLS 207-5510] 'Resource pragma' is deprecated, and it will be removed in future release. It is suggested to replace it with 'bind_op/bind_storage pragma'.: C:/Xilinx/Vitis_HLS/2020.2/common/technology/autopilot/hls_hotbm_apfixed.h:151:9
WARNING: [HLS 207-5510] 'Resource pragma' is deprecated, and it will be removed in future release. It is suggested to replace it with 'bind_op/bind_storage pragma'.: C:/Xilinx/Vitis_HLS/2020.2/common/technology/autopilot/hls_hotbm_apfixed.h:152:9
WARNING: [HLS 207-5510] 'Resource pragma' is deprecated, and it will be removed in future release. It is suggested to replace it with 'bind_op/bind_storage pragma'.: C:/Xilinx/Vitis_HLS/2020.2/common/technology/autopilot/hls_hotbm_apfixed.h:153:9
WARNING: [HLS 207-5510] 'Resource pragma' is deprecated, and it will be removed in future release. It is suggested to replace it with 'bind_op/bind_storage pragma'.: C:/Xilinx/Vitis_HLS/2020.2/common/technology/autopilot/hls_hotbm_apfixed.h:154:9
WARNING: [HLS 207-5510] 'Resource pragma' is deprecated, and it will be removed in future release. It is suggested to replace it with 'bind_op/bind_storage pragma'.: C:/Xilinx/Vitis_HLS/2020.2/common/technology/autopilot/hls_hotbm_apfixed.h:155:9
WARNING: [HLS 207-5510] 'Resource pragma' is deprecated, and it will be removed in future release. It is suggested to replace it with 'bind_op/bind_storage pragma'.: C:/Xilinx/Vitis_HLS/2020.2/common/technology/autopilot/hls_hotbm_apfixed.h:156:9
WARNING: [HLS 207-5510] 'Resource pragma' is deprecated, and it will be removed in future release. It is suggested to replace it with 'bind_op/bind_storage pragma'.: C:/Xilinx/Vitis_HLS/2020.2/common/technology/autopilot/hls_hotbm_apfixed.h:157:9
WARNING: [HLS 207-5510] 'Resource pragma' is deprecated, and it will be removed in future release. It is suggested to replace it with 'bind_op/bind_storage pragma'.: C:/Xilinx/Vitis_HLS/2020.2/common/technology/autopilot/hls_hotbm_apfixed.h:158:9
WARNING: [HLS 207-5510] 'Resource pragma' is deprecated, and it will be removed in future release. It is suggested to replace it with 'bind_op/bind_storage pragma'.: C:/Xilinx/Vitis_HLS/2020.2/common/technology/autopilot/hls_hotbm_apfixed.h:159:9
WARNING: [HLS 207-5510] 'Resource pragma' is deprecated, and it will be removed in future release. It is suggested to replace it with 'bind_op/bind_storage pragma'.: C:/Xilinx/Vitis_HLS/2020.2/common/technology/autopilot/hls_hotbm_apfixed.h:160:9
WARNING: [HLS 207-5510] 'Resource pragma' is deprecated, and it will be removed in future release. It is suggested to replace it with 'bind_op/bind_storage pragma'.: C:/Xilinx/Vitis_HLS/2020.2/common/technology/autopilot/hls_hotbm_apfixed.h:210:9
WARNING: [HLS 207-5510] 'Resource pragma' is deprecated, and it will be removed in future release. It is suggested to replace it with 'bind_op/bind_storage pragma'.: C:/Xilinx/Vitis_HLS/2020.2/common/technology/autopilot/hls_hotbm_apfixed.h:211:9
WARNING: [HLS 207-5510] 'Resource pragma' is deprecated, and it will be removed in future release. It is suggested to replace it with 'bind_op/bind_storage pragma'.: C:/Xilinx/Vitis_HLS/2020.2/common/technology/autopilot/hls_hotbm_apfixed.h:212:9
WARNING: [HLS 207-5510] 'Resource pragma' is deprecated, and it will be removed in future release. It is suggested to replace it with 'bind_op/bind_storage pragma'.: C:/Xilinx/Vitis_HLS/2020.2/common/technology/autopilot/hls_hotbm_apfixed.h:239:9
WARNING: [HLS 207-5510] 'Resource pragma' is deprecated, and it will be removed in future release. It is suggested to replace it with 'bind_op/bind_storage pragma'.: C:/Xilinx/Vitis_HLS/2020.2/common/technology/autopilot/hls_hotbm_apfixed.h:240:9
WARNING: [HLS 207-5510] 'Resource pragma' is deprecated, and it will be removed in future release. It is suggested to replace it with 'bind_op/bind_storage pragma'.: C:/Xilinx/Vitis_HLS/2020.2/common/technology/autopilot/hls_hotbm_apfixed.h:241:9
WARNING: [HLS 207-5510] 'Resource pragma' is deprecated, and it will be removed in future release. It is suggested to replace it with 'bind_op/bind_storage pragma'.: C:/Xilinx/Vitis_HLS/2020.2/common/technology/autopilot/hls_hotbm_apfixed.h:242:9
WARNING: [HLS 207-5510] 'Resource pragma' is deprecated, and it will be removed in future release. It is suggested to replace it with 'bind_op/bind_storage pragma'.: C:/Xilinx/Vitis_HLS/2020.2/common/technology/autopilot/hls_hotbm_apfixed.h:243:9
WARNING: [HLS 207-5510] 'Resource pragma' is deprecated, and it will be removed in future release. It is suggested to replace it with 'bind_op/bind_storage pragma'.: C:/Xilinx/Vitis_HLS/2020.2/common/technology/autopilot/hls_hotbm_apfixed.h:244:9
WARNING: [HLS 207-5510] 'Resource pragma' is deprecated, and it will be removed in future release. It is suggested to replace it with 'bind_op/bind_storage pragma'.: C:/Xilinx/Vitis_HLS/2020.2/common/technology/autopilot/hls_hotbm_apfixed.h:280:9
WARNING: [HLS 207-5510] 'Resource pragma' is deprecated, and it will be removed in future release. It is suggested to replace it with 'bind_op/bind_storage pragma'.: C:/Xilinx/Vitis_HLS/2020.2/common/technology/autopilot/hls_hotbm_apfixed.h:281:9
ERROR: [HLS 207-3320] use of overloaded operator '*' is ambiguous (with operand types 'double' and 'typename RType<64, 16, true>::plus' (aka 'ap_fixed<65, 17>')): ../../C-Codes/Fixed_x64/PLL2026_x64.cpp:103:59
INFO: [HLS 207-4367] candidate function [with _AP_W = 65, _AP_I = 17, _AP_S = true, _AP_Q = AP_TRN, _AP_O = AP_WRAP, _AP_N = 0]: C:/Xilinx/Vitis_HLS/2020.2/common/technology/autopilot\ap_fixed_base.h:2215:2061
INFO: [HLS 207-4367] candidate function [with _AP_W = 65, _AP_I = 17, _AP_S = true, _AP_Q = AP_TRN, _AP_O = AP_WRAP, _AP_N = 0]: C:/Xilinx/Vitis_HLS/2020.2/common/technology/autopilot\ap_fixed_base.h:2216:2160
INFO: [HLS 207-4367] candidate function [with _AP_W = 65, _AP_I = 17, _AP_S = true, _AP_Q = AP_TRN, _AP_O = AP_WRAP, _AP_N = 0]: C:/Xilinx/Vitis_HLS/2020.2/common/technology/autopilot\ap_fixed_base.h:2217:2085
INFO: [HLS 207-4367] candidate function [with _AP_W = 65, _AP_I = 17, _AP_S = true, _AP_Q = AP_TRN, _AP_O = AP_WRAP, _AP_N = 0]: C:/Xilinx/Vitis_HLS/2020.2/common/technology/autopilot\ap_fixed_base.h:2218:2106
INFO: [HLS 207-4367] candidate function [with _AP_W = 65, _AP_I = 17, _AP_S = true, _AP_Q = AP_TRN, _AP_O = AP_WRAP, _AP_N = 0]: C:/Xilinx/Vitis_HLS/2020.2/common/technology/autopilot\ap_fixed_base.h:2219:2341
INFO: [HLS 207-4367] candidate function [with _AP_W = 65, _AP_I = 17, _AP_S = true, _AP_Q = AP_TRN, _AP_O = AP_WRAP, _AP_N = 0]: C:/Xilinx/Vitis_HLS/2020.2/common/technology/autopilot\ap_fixed_base.h:2220:2397
INFO: [HLS 207-4367] candidate function [with _AP_W = 65, _AP_I = 17, _AP_S = true, _AP_Q = AP_TRN, _AP_O = AP_WRAP, _AP_N = 0]: C:/Xilinx/Vitis_HLS/2020.2/common/technology/autopilot\ap_fixed_base.h:2221:2287
INFO: [HLS 207-4367] candidate function [with _AP_W = 65, _AP_I = 17, _AP_S = true, _AP_Q = AP_TRN, _AP_O = AP_WRAP, _AP_N = 0]: C:/Xilinx/Vitis_HLS/2020.2/common/technology/autopilot\ap_fixed_base.h:2222:2343
INFO: [HLS 207-4367] candidate function [with _AP_W = 65, _AP_I = 17, _AP_S = true, _AP_Q = AP_TRN, _AP_O = AP_WRAP, _AP_N = 0]: C:/Xilinx/Vitis_HLS/2020.2/common/technology/autopilot\ap_fixed_base.h:2223:2314
INFO: [HLS 207-4367] candidate function [with _AP_W = 65, _AP_I = 17, _AP_S = true, _AP_Q = AP_TRN, _AP_O = AP_WRAP, _AP_N = 0]: C:/Xilinx/Vitis_HLS/2020.2/common/technology/autopilot\ap_fixed_base.h:2224:2370
INFO: [HLS 207-4367] candidate function [with _AP_W = 65, _AP_I = 17, _AP_S = true, _AP_Q = AP_TRN, _AP_O = AP_WRAP, _AP_N = 0]: C:/Xilinx/Vitis_HLS/2020.2/common/technology/autopilot\ap_fixed_base.h:2225:2422
INFO: [HLS 207-4367] candidate function [with _AP_W = 65, _AP_I = 17, _AP_S = true, _AP_Q = AP_TRN, _AP_O = AP_WRAP, _AP_N = 0]: C:/Xilinx/Vitis_HLS/2020.2/common/technology/autopilot\ap_fixed_base.h:2226:2433
INFO: [HLS 207-4365] built-in candidate operator*(double, float): ../../C-Codes/Fixed_x64/PLL2026_x64.cpp:103:59
INFO: [HLS 207-4365] built-in candidate operator*(double, double): ../../C-Codes/Fixed_x64/PLL2026_x64.cpp:103:59
INFO: [HLS 207-4365] built-in candidate operator*(double, long double): ../../C-Codes/Fixed_x64/PLL2026_x64.cpp:103:59
INFO: [HLS 207-4365] built-in candidate operator*(double, __float128): ../../C-Codes/Fixed_x64/PLL2026_x64.cpp:103:59
INFO: [HLS 207-4365] built-in candidate operator*(double, int): ../../C-Codes/Fixed_x64/PLL2026_x64.cpp:103:59
INFO: [HLS 207-4365] built-in candidate operator*(double, long): ../../C-Codes/Fixed_x64/PLL2026_x64.cpp:103:59
INFO: [HLS 207-4365] built-in candidate operator*(double, long long): ../../C-Codes/Fixed_x64/PLL2026_x64.cpp:103:59
INFO: [HLS 207-4365] built-in candidate operator*(double, __int128): ../../C-Codes/Fixed_x64/PLL2026_x64.cpp:103:59
INFO: [HLS 207-4365] built-in candidate operator*(double, unsigned int): ../../C-Codes/Fixed_x64/PLL2026_x64.cpp:103:59
INFO: [HLS 207-4365] built-in candidate operator*(double, unsigned long): ../../C-Codes/Fixed_x64/PLL2026_x64.cpp:103:59
INFO: [HLS 207-4365] built-in candidate operator*(double, unsigned long long): ../../C-Codes/Fixed_x64/PLL2026_x64.cpp:103:59
INFO: [HLS 207-4365] built-in candidate operator*(double, unsigned __int128): ../../C-Codes/Fixed_x64/PLL2026_x64.cpp:103:59
INFO: [HLS 207-4365] built-in candidate operator*(float, float): ../../C-Codes/Fixed_x64/PLL2026_x64.cpp:103:59
INFO: [HLS 207-4365] built-in candidate operator*(float, double): ../../C-Codes/Fixed_x64/PLL2026_x64.cpp:103:59
INFO: [HLS 207-4365] built-in candidate operator*(float, long double): ../../C-Codes/Fixed_x64/PLL2026_x64.cpp:103:59
INFO: [HLS 207-4365] built-in candidate operator*(float, __float128): ../../C-Codes/Fixed_x64/PLL2026_x64.cpp:103:59
INFO: [HLS 207-4365] built-in candidate operator*(float, int): ../../C-Codes/Fixed_x64/PLL2026_x64.cpp:103:59
INFO: [HLS 207-4365] built-in candidate operator*(float, long): ../../C-Codes/Fixed_x64/PLL2026_x64.cpp:103:59
INFO: [HLS 207-4365] built-in candidate operator*(float, long long): ../../C-Codes/Fixed_x64/PLL2026_x64.cpp:103:59
INFO: [HLS 207-4365] built-in candidate operator*(float, __int128): ../../C-Codes/Fixed_x64/PLL2026_x64.cpp:103:59
INFO: [HLS 207-4365] built-in candidate operator*(float, unsigned int): ../../C-Codes/Fixed_x64/PLL2026_x64.cpp:103:59
INFO: [HLS 207-4365] built-in candidate operator*(float, unsigned long): ../../C-Codes/Fixed_x64/PLL2026_x64.cpp:103:59
INFO: [HLS 207-4365] built-in candidate operator*(float, unsigned long long): ../../C-Codes/Fixed_x64/PLL2026_x64.cpp:103:59
INFO: [HLS 207-4365] built-in candidate operator*(float, unsigned __int128): ../../C-Codes/Fixed_x64/PLL2026_x64.cpp:103:59
INFO: [HLS 207-4365] built-in candidate operator*(long double, float): ../../C-Codes/Fixed_x64/PLL2026_x64.cpp:103:59
INFO: [HLS 207-4365] built-in candidate operator*(long double, double): ../../C-Codes/Fixed_x64/PLL2026_x64.cpp:103:59
INFO: [HLS 207-4365] built-in candidate operator*(long double, long double): ../../C-Codes/Fixed_x64/PLL2026_x64.cpp:103:59
INFO: [HLS 207-4365] built-in candidate operator*(long double, __float128): ../../C-Codes/Fixed_x64/PLL2026_x64.cpp:103:59
INFO: [HLS 207-4365] built-in candidate operator*(long double, int): ../../C-Codes/Fixed_x64/PLL2026_x64.cpp:103:59
INFO: [HLS 207-4365] built-in candidate operator*(long double, long): ../../C-Codes/Fixed_x64/PLL2026_x64.cpp:103:59
INFO: [HLS 207-4365] built-in candidate operator*(long double, long long): ../../C-Codes/Fixed_x64/PLL2026_x64.cpp:103:59
INFO: [HLS 207-4365] built-in candidate operator*(long double, __int128): ../../C-Codes/Fixed_x64/PLL2026_x64.cpp:103:59
INFO: [HLS 207-4365] built-in candidate operator*(long double, unsigned int): ../../C-Codes/Fixed_x64/PLL2026_x64.cpp:103:59
INFO: [HLS 207-4365] built-in candidate operator*(long double, unsigned long): ../../C-Codes/Fixed_x64/PLL2026_x64.cpp:103:59
INFO: [HLS 207-4365] built-in candidate operator*(long double, unsigned long long): ../../C-Codes/Fixed_x64/PLL2026_x64.cpp:103:59
INFO: [HLS 207-4365] built-in candidate operator*(long double, unsigned __int128): ../../C-Codes/Fixed_x64/PLL2026_x64.cpp:103:59
INFO: [HLS 207-4365] built-in candidate operator*(__float128, float): ../../C-Codes/Fixed_x64/PLL2026_x64.cpp:103:59
INFO: [HLS 207-4365] built-in candidate operator*(__float128, double): ../../C-Codes/Fixed_x64/PLL2026_x64.cpp:103:59
INFO: [HLS 207-4365] built-in candidate operator*(__float128, long double): ../../C-Codes/Fixed_x64/PLL2026_x64.cpp:103:59
INFO: [HLS 207-4365] built-in candidate operator*(__float128, __float128): ../../C-Codes/Fixed_x64/PLL2026_x64.cpp:103:59
INFO: [HLS 207-4365] built-in candidate operator*(__float128, int): ../../C-Codes/Fixed_x64/PLL2026_x64.cpp:103:59
INFO: [HLS 207-4365] built-in candidate operator*(__float128, long): ../../C-Codes/Fixed_x64/PLL2026_x64.cpp:103:59
INFO: [HLS 207-4365] built-in candidate operator*(__float128, long long): ../../C-Codes/Fixed_x64/PLL2026_x64.cpp:103:59
INFO: [HLS 207-4365] built-in candidate operator*(__float128, __int128): ../../C-Codes/Fixed_x64/PLL2026_x64.cpp:103:59
INFO: [HLS 207-4365] built-in candidate operator*(__float128, unsigned int): ../../C-Codes/Fixed_x64/PLL2026_x64.cpp:103:59
INFO: [HLS 207-4365] built-in candidate operator*(__float128, unsigned long): ../../C-Codes/Fixed_x64/PLL2026_x64.cpp:103:59
INFO: [HLS 207-4365] built-in candidate operator*(__float128, unsigned long long): ../../C-Codes/Fixed_x64/PLL2026_x64.cpp:103:59
INFO: [HLS 207-4365] built-in candidate operator*(__float128, unsigned __int128): ../../C-Codes/Fixed_x64/PLL2026_x64.cpp:103:59
INFO: [HLS 207-4365] built-in candidate operator*(int, float): ../../C-Codes/Fixed_x64/PLL2026_x64.cpp:103:59
INFO: [HLS 207-4365] built-in candidate operator*(int, double): ../../C-Codes/Fixed_x64/PLL2026_x64.cpp:103:59
INFO: [HLS 207-4365] built-in candidate operator*(int, long double): ../../C-Codes/Fixed_x64/PLL2026_x64.cpp:103:59
INFO: [HLS 207-4365] built-in candidate operator*(int, __float128): ../../C-Codes/Fixed_x64/PLL2026_x64.cpp:103:59
INFO: [HLS 207-4365] built-in candidate operator*(int, int): ../../C-Codes/Fixed_x64/PLL2026_x64.cpp:103:59
INFO: [HLS 207-4365] built-in candidate operator*(int, long): ../../C-Codes/Fixed_x64/PLL2026_x64.cpp:103:59
INFO: [HLS 207-4365] built-in candidate operator*(int, long long): ../../C-Codes/Fixed_x64/PLL2026_x64.cpp:103:59
INFO: [HLS 207-4365] built-in candidate operator*(int, __int128): ../../C-Codes/Fixed_x64/PLL2026_x64.cpp:103:59
INFO: [HLS 207-4365] built-in candidate operator*(int, unsigned int): ../../C-Codes/Fixed_x64/PLL2026_x64.cpp:103:59
INFO: [HLS 207-4365] built-in candidate operator*(int, unsigned long): ../../C-Codes/Fixed_x64/PLL2026_x64.cpp:103:59
INFO: [HLS 207-4365] built-in candidate operator*(int, unsigned long long): ../../C-Codes/Fixed_x64/PLL2026_x64.cpp:103:59
INFO: [HLS 207-4365] built-in candidate operator*(int, unsigned __int128): ../../C-Codes/Fixed_x64/PLL2026_x64.cpp:103:59
INFO: [HLS 207-4365] built-in candidate operator*(long, float): ../../C-Codes/Fixed_x64/PLL2026_x64.cpp:103:59
INFO: [HLS 207-4365] built-in candidate operator*(long, double): ../../C-Codes/Fixed_x64/PLL2026_x64.cpp:103:59
INFO: [HLS 207-4365] built-in candidate operator*(long, long double): ../../C-Codes/Fixed_x64/PLL2026_x64.cpp:103:59
INFO: [HLS 207-4365] built-in candidate operator*(long, __float128): ../../C-Codes/Fixed_x64/PLL2026_x64.cpp:103:59
INFO: [HLS 207-4365] built-in candidate operator*(long, int): ../../C-Codes/Fixed_x64/PLL2026_x64.cpp:103:59
INFO: [HLS 207-4365] built-in candidate operator*(long, long): ../../C-Codes/Fixed_x64/PLL2026_x64.cpp:103:59
INFO: [HLS 207-4365] built-in candidate operator*(long, long long): ../../C-Codes/Fixed_x64/PLL2026_x64.cpp:103:59
INFO: [HLS 207-4365] built-in candidate operator*(long, __int128): ../../C-Codes/Fixed_x64/PLL2026_x64.cpp:103:59
INFO: [HLS 207-4365] built-in candidate operator*(long, unsigned int): ../../C-Codes/Fixed_x64/PLL2026_x64.cpp:103:59
INFO: [HLS 207-4365] built-in candidate operator*(long, unsigned long): ../../C-Codes/Fixed_x64/PLL2026_x64.cpp:103:59
INFO: [HLS 207-4365] built-in candidate operator*(long, unsigned long long): ../../C-Codes/Fixed_x64/PLL2026_x64.cpp:103:59
INFO: [HLS 207-4365] built-in candidate operator*(long, unsigned __int128): ../../C-Codes/Fixed_x64/PLL2026_x64.cpp:103:59
INFO: [HLS 207-4365] built-in candidate operator*(long long, float): ../../C-Codes/Fixed_x64/PLL2026_x64.cpp:103:59
INFO: [HLS 207-4365] built-in candidate operator*(long long, double): ../../C-Codes/Fixed_x64/PLL2026_x64.cpp:103:59
INFO: [HLS 207-4365] built-in candidate operator*(long long, long double): ../../C-Codes/Fixed_x64/PLL2026_x64.cpp:103:59
INFO: [HLS 207-4365] built-in candidate operator*(long long, __float128): ../../C-Codes/Fixed_x64/PLL2026_x64.cpp:103:59
INFO: [HLS 207-4365] built-in candidate operator*(long long, int): ../../C-Codes/Fixed_x64/PLL2026_x64.cpp:103:59
INFO: [HLS 207-4365] built-in candidate operator*(long long, long): ../../C-Codes/Fixed_x64/PLL2026_x64.cpp:103:59
INFO: [HLS 207-4365] built-in candidate operator*(long long, long long): ../../C-Codes/Fixed_x64/PLL2026_x64.cpp:103:59
INFO: [HLS 207-4365] built-in candidate operator*(long long, __int128): ../../C-Codes/Fixed_x64/PLL2026_x64.cpp:103:59
INFO: [HLS 207-4365] built-in candidate operator*(long long, unsigned int): ../../C-Codes/Fixed_x64/PLL2026_x64.cpp:103:59
INFO: [HLS 207-4365] built-in candidate operator*(long long, unsigned long): ../../C-Codes/Fixed_x64/PLL2026_x64.cpp:103:59
INFO: [HLS 207-4365] built-in candidate operator*(long long, unsigned long long): ../../C-Codes/Fixed_x64/PLL2026_x64.cpp:103:59
INFO: [HLS 207-4365] built-in candidate operator*(long long, unsigned __int128): ../../C-Codes/Fixed_x64/PLL2026_x64.cpp:103:59
INFO: [HLS 207-4365] built-in candidate operator*(__int128, float): ../../C-Codes/Fixed_x64/PLL2026_x64.cpp:103:59
INFO: [HLS 207-4365] built-in candidate operator*(__int128, double): ../../C-Codes/Fixed_x64/PLL2026_x64.cpp:103:59
INFO: [HLS 207-4365] built-in candidate operator*(__int128, long double): ../../C-Codes/Fixed_x64/PLL2026_x64.cpp:103:59
INFO: [HLS 207-4365] built-in candidate operator*(__int128, __float128): ../../C-Codes/Fixed_x64/PLL2026_x64.cpp:103:59
INFO: [HLS 207-4365] built-in candidate operator*(__int128, int): ../../C-Codes/Fixed_x64/PLL2026_x64.cpp:103:59
INFO: [HLS 207-4365] built-in candidate operator*(__int128, long): ../../C-Codes/Fixed_x64/PLL2026_x64.cpp:103:59
INFO: [HLS 207-4365] built-in candidate operator*(__int128, long long): ../../C-Codes/Fixed_x64/PLL2026_x64.cpp:103:59
INFO: [HLS 207-4365] built-in candidate operator*(__int128, __int128): ../../C-Codes/Fixed_x64/PLL2026_x64.cpp:103:59
INFO: [HLS 207-4365] built-in candidate operator*(__int128, unsigned int): ../../C-Codes/Fixed_x64/PLL2026_x64.cpp:103:59
INFO: [HLS 207-4365] built-in candidate operator*(__int128, unsigned long): ../../C-Codes/Fixed_x64/PLL2026_x64.cpp:103:59
INFO: [HLS 207-4365] built-in candidate operator*(__int128, unsigned long long): ../../C-Codes/Fixed_x64/PLL2026_x64.cpp:103:59
INFO: [HLS 207-4365] built-in candidate operator*(__int128, unsigned __int128): ../../C-Codes/Fixed_x64/PLL2026_x64.cpp:103:59
INFO: [HLS 207-4365] built-in candidate operator*(unsigned int, float): ../../C-Codes/Fixed_x64/PLL2026_x64.cpp:103:59
INFO: [HLS 207-4365] built-in candidate operator*(unsigned int, double): ../../C-Codes/Fixed_x64/PLL2026_x64.cpp:103:59
INFO: [HLS 207-4365] built-in candidate operator*(unsigned int, long double): ../../C-Codes/Fixed_x64/PLL2026_x64.cpp:103:59
INFO: [HLS 207-4365] built-in candidate operator*(unsigned int, __float128): ../../C-Codes/Fixed_x64/PLL2026_x64.cpp:103:59
INFO: [HLS 207-4365] built-in candidate operator*(unsigned int, int): ../../C-Codes/Fixed_x64/PLL2026_x64.cpp:103:59
INFO: [HLS 207-4365] built-in candidate operator*(unsigned int, long): ../../C-Codes/Fixed_x64/PLL2026_x64.cpp:103:59
INFO: [HLS 207-4365] built-in candidate operator*(unsigned int, long long): ../../C-Codes/Fixed_x64/PLL2026_x64.cpp:103:59
INFO: [HLS 207-4365] built-in candidate operator*(unsigned int, __int128): ../../C-Codes/Fixed_x64/PLL2026_x64.cpp:103:59
INFO: [HLS 207-4365] built-in candidate operator*(unsigned int, unsigned int): ../../C-Codes/Fixed_x64/PLL2026_x64.cpp:103:59
INFO: [HLS 207-4365] built-in candidate operator*(unsigned int, unsigned long): ../../C-Codes/Fixed_x64/PLL2026_x64.cpp:103:59
INFO: [HLS 207-4365] built-in candidate operator*(unsigned int, unsigned long long): ../../C-Codes/Fixed_x64/PLL2026_x64.cpp:103:59
INFO: [HLS 207-4365] built-in candidate operator*(unsigned int, unsigned __int128): ../../C-Codes/Fixed_x64/PLL2026_x64.cpp:103:59
INFO: [HLS 207-4365] built-in candidate operator*(unsigned long, float): ../../C-Codes/Fixed_x64/PLL2026_x64.cpp:103:59
INFO: [HLS 207-4365] built-in candidate operator*(unsigned long, double): ../../C-Codes/Fixed_x64/PLL2026_x64.cpp:103:59
INFO: [HLS 207-4365] built-in candidate operator*(unsigned long, long double): ../../C-Codes/Fixed_x64/PLL2026_x64.cpp:103:59
INFO: [HLS 207-4365] built-in candidate operator*(unsigned long, __float128): ../../C-Codes/Fixed_x64/PLL2026_x64.cpp:103:59
INFO: [HLS 207-4365] built-in candidate operator*(unsigned long, int): ../../C-Codes/Fixed_x64/PLL2026_x64.cpp:103:59
INFO: [HLS 207-4365] built-in candidate operator*(unsigned long, long): ../../C-Codes/Fixed_x64/PLL2026_x64.cpp:103:59
INFO: [HLS 207-4365] built-in candidate operator*(unsigned long, long long): ../../C-Codes/Fixed_x64/PLL2026_x64.cpp:103:59
INFO: [HLS 207-4365] built-in candidate operator*(unsigned long, __int128): ../../C-Codes/Fixed_x64/PLL2026_x64.cpp:103:59
INFO: [HLS 207-4365] built-in candidate operator*(unsigned long, unsigned int): ../../C-Codes/Fixed_x64/PLL2026_x64.cpp:103:59
INFO: [HLS 207-4365] built-in candidate operator*(unsigned long, unsigned long): ../../C-Codes/Fixed_x64/PLL2026_x64.cpp:103:59
INFO: [HLS 207-4365] built-in candidate operator*(unsigned long, unsigned long long): ../../C-Codes/Fixed_x64/PLL2026_x64.cpp:103:59
INFO: [HLS 207-4365] built-in candidate operator*(unsigned long, unsigned __int128): ../../C-Codes/Fixed_x64/PLL2026_x64.cpp:103:59
INFO: [HLS 207-4365] built-in candidate operator*(unsigned long long, float): ../../C-Codes/Fixed_x64/PLL2026_x64.cpp:103:59
INFO: [HLS 207-4365] built-in candidate operator*(unsigned long long, double): ../../C-Codes/Fixed_x64/PLL2026_x64.cpp:103:59
INFO: [HLS 207-4365] built-in candidate operator*(unsigned long long, long double): ../../C-Codes/Fixed_x64/PLL2026_x64.cpp:103:59
INFO: [HLS 207-4365] built-in candidate operator*(unsigned long long, __float128): ../../C-Codes/Fixed_x64/PLL2026_x64.cpp:103:59
INFO: [HLS 207-4365] built-in candidate operator*(unsigned long long, int): ../../C-Codes/Fixed_x64/PLL2026_x64.cpp:103:59
INFO: [HLS 207-4365] built-in candidate operator*(unsigned long long, long): ../../C-Codes/Fixed_x64/PLL2026_x64.cpp:103:59
INFO: [HLS 207-4365] built-in candidate operator*(unsigned long long, long long): ../../C-Codes/Fixed_x64/PLL2026_x64.cpp:103:59
INFO: [HLS 207-4365] built-in candidate operator*(unsigned long long, __int128): ../../C-Codes/Fixed_x64/PLL2026_x64.cpp:103:59
INFO: [HLS 207-4365] built-in candidate operator*(unsigned long long, unsigned int): ../../C-Codes/Fixed_x64/PLL2026_x64.cpp:103:59
INFO: [HLS 207-4365] built-in candidate operator*(unsigned long long, unsigned long): ../../C-Codes/Fixed_x64/PLL2026_x64.cpp:103:59
INFO: [HLS 207-4365] built-in candidate operator*(unsigned long long, unsigned long long): ../../C-Codes/Fixed_x64/PLL2026_x64.cpp:103:59
INFO: [HLS 207-4365] built-in candidate operator*(unsigned long long, unsigned __int128): ../../C-Codes/Fixed_x64/PLL2026_x64.cpp:103:59
INFO: [HLS 207-4365] built-in candidate operator*(unsigned __int128, float): ../../C-Codes/Fixed_x64/PLL2026_x64.cpp:103:59
INFO: [HLS 207-4365] built-in candidate operator*(unsigned __int128, double): ../../C-Codes/Fixed_x64/PLL2026_x64.cpp:103:59
INFO: [HLS 207-4365] built-in candidate operator*(unsigned __int128, long double): ../../C-Codes/Fixed_x64/PLL2026_x64.cpp:103:59
INFO: [HLS 207-4365] built-in candidate operator*(unsigned __int128, __float128): ../../C-Codes/Fixed_x64/PLL2026_x64.cpp:103:59
INFO: [HLS 207-4365] built-in candidate operator*(unsigned __int128, int): ../../C-Codes/Fixed_x64/PLL2026_x64.cpp:103:59
INFO: [HLS 207-4365] built-in candidate operator*(unsigned __int128, long): ../../C-Codes/Fixed_x64/PLL2026_x64.cpp:103:59
INFO: [HLS 207-4365] built-in candidate operator*(unsigned __int128, long long): ../../C-Codes/Fixed_x64/PLL2026_x64.cpp:103:59
INFO: [HLS 207-4365] built-in candidate operator*(unsigned __int128, __int128): ../../C-Codes/Fixed_x64/PLL2026_x64.cpp:103:59
INFO: [HLS 207-4365] built-in candidate operator*(unsigned __int128, unsigned int): ../../C-Codes/Fixed_x64/PLL2026_x64.cpp:103:59
INFO: [HLS 207-4365] built-in candidate operator*(unsigned __int128, unsigned long): ../../C-Codes/Fixed_x64/PLL2026_x64.cpp:103:59
INFO: [HLS 207-4365] built-in candidate operator*(unsigned __int128, unsigned long long): ../../C-Codes/Fixed_x64/PLL2026_x64.cpp:103:59
INFO: [HLS 207-4365] built-in candidate operator*(unsigned __int128, unsigned __int128): ../../C-Codes/Fixed_x64/PLL2026_x64.cpp:103:59
ERROR: [HLS 207-3320] use of overloaded operator '+' is ambiguous (with operand types 'data_t' (aka 'ap_fixed<64, 16, AP_TRN, AP_WRAP>') and 'double'): ../../C-Codes/Fixed_x64/PLL2026_x64.cpp:149:59
INFO: [HLS 207-4367] candidate function [with _AP_W = 64, _AP_I = 16, _AP_S = true, _AP_Q = AP_TRN, _AP_O = AP_WRAP, _AP_N = 0]: C:/Xilinx/Vitis_HLS/2020.2/common/technology/autopilot\ap_fixed_base.h:2215:214
INFO: [HLS 207-4367] candidate function [with _AP_W = 64, _AP_I = 16, _AP_S = true, _AP_Q = AP_TRN, _AP_O = AP_WRAP, _AP_N = 0]: C:/Xilinx/Vitis_HLS/2020.2/common/technology/autopilot\ap_fixed_base.h:2216:223
INFO: [HLS 207-4367] candidate function [with _AP_W = 64, _AP_I = 16, _AP_S = true, _AP_Q = AP_TRN, _AP_O = AP_WRAP, _AP_N = 0]: C:/Xilinx/Vitis_HLS/2020.2/common/technology/autopilot\ap_fixed_base.h:2217:213
INFO: [HLS 207-4367] candidate function [with _AP_W = 64, _AP_I = 16, _AP_S = true, _AP_Q = AP_TRN, _AP_O = AP_WRAP, _AP_N = 0]: C:/Xilinx/Vitis_HLS/2020.2/common/technology/autopilot\ap_fixed_base.h:2218:214
INFO: [HLS 207-4367] candidate function [with _AP_W = 64, _AP_I = 16, _AP_S = true, _AP_Q = AP_TRN, _AP_O = AP_WRAP, _AP_N = 0]: C:/Xilinx/Vitis_HLS/2020.2/common/technology/autopilot\ap_fixed_base.h:2219:239
INFO: [HLS 207-4367] candidate function [with _AP_W = 64, _AP_I = 16, _AP_S = true, _AP_Q = AP_TRN, _AP_O = AP_WRAP, _AP_N = 0]: C:/Xilinx/Vitis_HLS/2020.2/common/technology/autopilot\ap_fixed_base.h:2220:240
INFO: [HLS 207-4367] candidate function [with _AP_W = 64, _AP_I = 16, _AP_S = true, _AP_Q = AP_TRN, _AP_O = AP_WRAP, _AP_N = 0]: C:/Xilinx/Vitis_HLS/2020.2/common/technology/autopilot\ap_fixed_base.h:2221:235
INFO: [HLS 207-4367] candidate function [with _AP_W = 64, _AP_I = 16, _AP_S = true, _AP_Q = AP_TRN, _AP_O = AP_WRAP, _AP_N = 0]: C:/Xilinx/Vitis_HLS/2020.2/common/technology/autopilot\ap_fixed_base.h:2222:236
INFO: [HLS 207-4367] candidate function [with _AP_W = 64, _AP_I = 16, _AP_S = true, _AP_Q = AP_TRN, _AP_O = AP_WRAP, _AP_N = 0]: C:/Xilinx/Vitis_HLS/2020.2/common/technology/autopilot\ap_fixed_base.h:2223:237
INFO: [HLS 207-4367] candidate function [with _AP_W = 64, _AP_I = 16, _AP_S = true, _AP_Q = AP_TRN, _AP_O = AP_WRAP, _AP_N = 0]: C:/Xilinx/Vitis_HLS/2020.2/common/technology/autopilot\ap_fixed_base.h:2224:238
INFO: [HLS 207-4367] candidate function [with _AP_W = 64, _AP_I = 16, _AP_S = true, _AP_Q = AP_TRN, _AP_O = AP_WRAP, _AP_N = 0]: C:/Xilinx/Vitis_HLS/2020.2/common/technology/autopilot\ap_fixed_base.h:2225:245
INFO: [HLS 207-4367] candidate function [with _AP_W = 64, _AP_I = 16, _AP_S = true, _AP_Q = AP_TRN, _AP_O = AP_WRAP, _AP_N = 0]: C:/Xilinx/Vitis_HLS/2020.2/common/technology/autopilot\ap_fixed_base.h:2226:246
INFO: [HLS 207-4365] built-in candidate operator+(float, double): ../../C-Codes/Fixed_x64/PLL2026_x64.cpp:149:59
INFO: [HLS 207-4365] built-in candidate operator+(double, double): ../../C-Codes/Fixed_x64/PLL2026_x64.cpp:149:59
INFO: [HLS 207-4365] built-in candidate operator+(long double, double): ../../C-Codes/Fixed_x64/PLL2026_x64.cpp:149:59
INFO: [HLS 207-4365] built-in candidate operator+(__float128, double): ../../C-Codes/Fixed_x64/PLL2026_x64.cpp:149:59
INFO: [HLS 207-4365] built-in candidate operator+(int, double): ../../C-Codes/Fixed_x64/PLL2026_x64.cpp:149:59
INFO: [HLS 207-4365] built-in candidate operator+(long, double): ../../C-Codes/Fixed_x64/PLL2026_x64.cpp:149:59
INFO: [HLS 207-4365] built-in candidate operator+(long long, double): ../../C-Codes/Fixed_x64/PLL2026_x64.cpp:149:59
INFO: [HLS 207-4365] built-in candidate operator+(__int128, double): ../../C-Codes/Fixed_x64/PLL2026_x64.cpp:149:59
INFO: [HLS 207-4365] built-in candidate operator+(unsigned int, double): ../../C-Codes/Fixed_x64/PLL2026_x64.cpp:149:59
INFO: [HLS 207-4365] built-in candidate operator+(unsigned long, double): ../../C-Codes/Fixed_x64/PLL2026_x64.cpp:149:59
INFO: [HLS 207-4365] built-in candidate operator+(unsigned long long, double): ../../C-Codes/Fixed_x64/PLL2026_x64.cpp:149:59
INFO: [HLS 207-4365] built-in candidate operator+(unsigned __int128, double): ../../C-Codes/Fixed_x64/PLL2026_x64.cpp:149:59
INFO: [HLS 207-4365] built-in candidate operator+(float, float): ../../C-Codes/Fixed_x64/PLL2026_x64.cpp:149:59
INFO: [HLS 207-4365] built-in candidate operator+(float, long double): ../../C-Codes/Fixed_x64/PLL2026_x64.cpp:149:59
INFO: [HLS 207-4365] built-in candidate operator+(float, __float128): ../../C-Codes/Fixed_x64/PLL2026_x64.cpp:149:59
INFO: [HLS 207-4365] built-in candidate operator+(float, int): ../../C-Codes/Fixed_x64/PLL2026_x64.cpp:149:59
INFO: [HLS 207-4365] built-in candidate operator+(float, long): ../../C-Codes/Fixed_x64/PLL2026_x64.cpp:149:59
INFO: [HLS 207-4365] built-in candidate operator+(float, long long): ../../C-Codes/Fixed_x64/PLL2026_x64.cpp:149:59
INFO: [HLS 207-4365] built-in candidate operator+(float, __int128): ../../C-Codes/Fixed_x64/PLL2026_x64.cpp:149:59
INFO: [HLS 207-4365] built-in candidate operator+(float, unsigned int): ../../C-Codes/Fixed_x64/PLL2026_x64.cpp:149:59
INFO: [HLS 207-4365] built-in candidate operator+(float, unsigned long): ../../C-Codes/Fixed_x64/PLL2026_x64.cpp:149:59
INFO: [HLS 207-4365] built-in candidate operator+(float, unsigned long long): ../../C-Codes/Fixed_x64/PLL2026_x64.cpp:149:59
INFO: [HLS 207-4365] built-in candidate operator+(float, unsigned __int128): ../../C-Codes/Fixed_x64/PLL2026_x64.cpp:149:59
INFO: [HLS 207-4365] built-in candidate operator+(double, float): ../../C-Codes/Fixed_x64/PLL2026_x64.cpp:149:59
INFO: [HLS 207-4365] built-in candidate operator+(double, long double): ../../C-Codes/Fixed_x64/PLL2026_x64.cpp:149:59
INFO: [HLS 207-4365] built-in candidate operator+(double, __float128): ../../C-Codes/Fixed_x64/PLL2026_x64.cpp:149:59
INFO: [HLS 207-4365] built-in candidate operator+(double, int): ../../C-Codes/Fixed_x64/PLL2026_x64.cpp:149:59
INFO: [HLS 207-4365] built-in candidate operator+(double, long): ../../C-Codes/Fixed_x64/PLL2026_x64.cpp:149:59
INFO: [HLS 207-4365] built-in candidate operator+(double, long long): ../../C-Codes/Fixed_x64/PLL2026_x64.cpp:149:59
INFO: [HLS 207-4365] built-in candidate operator+(double, __int128): ../../C-Codes/Fixed_x64/PLL2026_x64.cpp:149:59
INFO: [HLS 207-4365] built-in candidate operator+(double, unsigned int): ../../C-Codes/Fixed_x64/PLL2026_x64.cpp:149:59
INFO: [HLS 207-4365] built-in candidate operator+(double, unsigned long): ../../C-Codes/Fixed_x64/PLL2026_x64.cpp:149:59
INFO: [HLS 207-4365] built-in candidate operator+(double, unsigned long long): ../../C-Codes/Fixed_x64/PLL2026_x64.cpp:149:59
INFO: [HLS 207-4365] built-in candidate operator+(double, unsigned __int128): ../../C-Codes/Fixed_x64/PLL2026_x64.cpp:149:59
INFO: [HLS 207-4365] built-in candidate operator+(long double, float): ../../C-Codes/Fixed_x64/PLL2026_x64.cpp:149:59
INFO: [HLS 207-4365] built-in candidate operator+(long double, long double): ../../C-Codes/Fixed_x64/PLL2026_x64.cpp:149:59
INFO: [HLS 207-4365] built-in candidate operator+(long double, __float128): ../../C-Codes/Fixed_x64/PLL2026_x64.cpp:149:59
INFO: [HLS 207-4365] built-in candidate operator+(long double, int): ../../C-Codes/Fixed_x64/PLL2026_x64.cpp:149:59
INFO: [HLS 207-4365] built-in candidate operator+(long double, long): ../../C-Codes/Fixed_x64/PLL2026_x64.cpp:149:59
INFO: [HLS 207-4365] built-in candidate operator+(long double, long long): ../../C-Codes/Fixed_x64/PLL2026_x64.cpp:149:59
INFO: [HLS 207-4365] built-in candidate operator+(long double, __int128): ../../C-Codes/Fixed_x64/PLL2026_x64.cpp:149:59
INFO: [HLS 207-4365] built-in candidate operator+(long double, unsigned int): ../../C-Codes/Fixed_x64/PLL2026_x64.cpp:149:59
INFO: [HLS 207-4365] built-in candidate operator+(long double, unsigned long): ../../C-Codes/Fixed_x64/PLL2026_x64.cpp:149:59
INFO: [HLS 207-4365] built-in candidate operator+(long double, unsigned long long): ../../C-Codes/Fixed_x64/PLL2026_x64.cpp:149:59
INFO: [HLS 207-4365] built-in candidate operator+(long double, unsigned __int128): ../../C-Codes/Fixed_x64/PLL2026_x64.cpp:149:59
INFO: [HLS 207-4365] built-in candidate operator+(__float128, float): ../../C-Codes/Fixed_x64/PLL2026_x64.cpp:149:59
INFO: [HLS 207-4365] built-in candidate operator+(__float128, long double): ../../C-Codes/Fixed_x64/PLL2026_x64.cpp:149:59
INFO: [HLS 207-4365] built-in candidate operator+(__float128, __float128): ../../C-Codes/Fixed_x64/PLL2026_x64.cpp:149:59
INFO: [HLS 207-4365] built-in candidate operator+(__float128, int): ../../C-Codes/Fixed_x64/PLL2026_x64.cpp:149:59
INFO: [HLS 207-4365] built-in candidate operator+(__float128, long): ../../C-Codes/Fixed_x64/PLL2026_x64.cpp:149:59
INFO: [HLS 207-4365] built-in candidate operator+(__float128, long long): ../../C-Codes/Fixed_x64/PLL2026_x64.cpp:149:59
INFO: [HLS 207-4365] built-in candidate operator+(__float128, __int128): ../../C-Codes/Fixed_x64/PLL2026_x64.cpp:149:59
INFO: [HLS 207-4365] built-in candidate operator+(__float128, unsigned int): ../../C-Codes/Fixed_x64/PLL2026_x64.cpp:149:59
INFO: [HLS 207-4365] built-in candidate operator+(__float128, unsigned long): ../../C-Codes/Fixed_x64/PLL2026_x64.cpp:149:59
INFO: [HLS 207-4365] built-in candidate operator+(__float128, unsigned long long): ../../C-Codes/Fixed_x64/PLL2026_x64.cpp:149:59
INFO: [HLS 207-4365] built-in candidate operator+(__float128, unsigned __int128): ../../C-Codes/Fixed_x64/PLL2026_x64.cpp:149:59
INFO: [HLS 207-4365] built-in candidate operator+(int, float): ../../C-Codes/Fixed_x64/PLL2026_x64.cpp:149:59
INFO: [HLS 207-4365] built-in candidate operator+(int, long double): ../../C-Codes/Fixed_x64/PLL2026_x64.cpp:149:59
INFO: [HLS 207-4365] built-in candidate operator+(int, __float128): ../../C-Codes/Fixed_x64/PLL2026_x64.cpp:149:59
INFO: [HLS 207-4365] built-in candidate operator+(int, int): ../../C-Codes/Fixed_x64/PLL2026_x64.cpp:149:59
INFO: [HLS 207-4365] built-in candidate operator+(int, long): ../../C-Codes/Fixed_x64/PLL2026_x64.cpp:149:59
INFO: [HLS 207-4365] built-in candidate operator+(int, long long): ../../C-Codes/Fixed_x64/PLL2026_x64.cpp:149:59
INFO: [HLS 207-4365] built-in candidate operator+(int, __int128): ../../C-Codes/Fixed_x64/PLL2026_x64.cpp:149:59
INFO: [HLS 207-4365] built-in candidate operator+(int, unsigned int): ../../C-Codes/Fixed_x64/PLL2026_x64.cpp:149:59
INFO: [HLS 207-4365] built-in candidate operator+(int, unsigned long): ../../C-Codes/Fixed_x64/PLL2026_x64.cpp:149:59
INFO: [HLS 207-4365] built-in candidate operator+(int, unsigned long long): ../../C-Codes/Fixed_x64/PLL2026_x64.cpp:149:59
INFO: [HLS 207-4365] built-in candidate operator+(int, unsigned __int128): ../../C-Codes/Fixed_x64/PLL2026_x64.cpp:149:59
INFO: [HLS 207-4365] built-in candidate operator+(long, float): ../../C-Codes/Fixed_x64/PLL2026_x64.cpp:149:59
INFO: [HLS 207-4365] built-in candidate operator+(long, long double): ../../C-Codes/Fixed_x64/PLL2026_x64.cpp:149:59
INFO: [HLS 207-4365] built-in candidate operator+(long, __float128): ../../C-Codes/Fixed_x64/PLL2026_x64.cpp:149:59
INFO: [HLS 207-4365] built-in candidate operator+(long, int): ../../C-Codes/Fixed_x64/PLL2026_x64.cpp:149:59
INFO: [HLS 207-4365] built-in candidate operator+(long, long): ../../C-Codes/Fixed_x64/PLL2026_x64.cpp:149:59
INFO: [HLS 207-4365] built-in candidate operator+(long, long long): ../../C-Codes/Fixed_x64/PLL2026_x64.cpp:149:59
INFO: [HLS 207-4365] built-in candidate operator+(long, __int128): ../../C-Codes/Fixed_x64/PLL2026_x64.cpp:149:59
INFO: [HLS 207-4365] built-in candidate operator+(long, unsigned int): ../../C-Codes/Fixed_x64/PLL2026_x64.cpp:149:59
INFO: [HLS 207-4365] built-in candidate operator+(long, unsigned long): ../../C-Codes/Fixed_x64/PLL2026_x64.cpp:149:59
INFO: [HLS 207-4365] built-in candidate operator+(long, unsigned long long): ../../C-Codes/Fixed_x64/PLL2026_x64.cpp:149:59
INFO: [HLS 207-4365] built-in candidate operator+(long, unsigned __int128): ../../C-Codes/Fixed_x64/PLL2026_x64.cpp:149:59
INFO: [HLS 207-4365] built-in candidate operator+(long long, float): ../../C-Codes/Fixed_x64/PLL2026_x64.cpp:149:59
INFO: [HLS 207-4365] built-in candidate operator+(long long, long double): ../../C-Codes/Fixed_x64/PLL2026_x64.cpp:149:59
INFO: [HLS 207-4365] built-in candidate operator+(long long, __float128): ../../C-Codes/Fixed_x64/PLL2026_x64.cpp:149:59
INFO: [HLS 207-4365] built-in candidate operator+(long long, int): ../../C-Codes/Fixed_x64/PLL2026_x64.cpp:149:59
INFO: [HLS 207-4365] built-in candidate operator+(long long, long): ../../C-Codes/Fixed_x64/PLL2026_x64.cpp:149:59
INFO: [HLS 207-4365] built-in candidate operator+(long long, long long): ../../C-Codes/Fixed_x64/PLL2026_x64.cpp:149:59
INFO: [HLS 207-4365] built-in candidate operator+(long long, __int128): ../../C-Codes/Fixed_x64/PLL2026_x64.cpp:149:59
INFO: [HLS 207-4365] built-in candidate operator+(long long, unsigned int): ../../C-Codes/Fixed_x64/PLL2026_x64.cpp:149:59
INFO: [HLS 207-4365] built-in candidate operator+(long long, unsigned long): ../../C-Codes/Fixed_x64/PLL2026_x64.cpp:149:59
INFO: [HLS 207-4365] built-in candidate operator+(long long, unsigned long long): ../../C-Codes/Fixed_x64/PLL2026_x64.cpp:149:59
INFO: [HLS 207-4365] built-in candidate operator+(long long, unsigned __int128): ../../C-Codes/Fixed_x64/PLL2026_x64.cpp:149:59
INFO: [HLS 207-4365] built-in candidate operator+(__int128, float): ../../C-Codes/Fixed_x64/PLL2026_x64.cpp:149:59
INFO: [HLS 207-4365] built-in candidate operator+(__int128, long double): ../../C-Codes/Fixed_x64/PLL2026_x64.cpp:149:59
INFO: [HLS 207-4365] built-in candidate operator+(__int128, __float128): ../../C-Codes/Fixed_x64/PLL2026_x64.cpp:149:59
INFO: [HLS 207-4365] built-in candidate operator+(__int128, int): ../../C-Codes/Fixed_x64/PLL2026_x64.cpp:149:59
INFO: [HLS 207-4365] built-in candidate operator+(__int128, long): ../../C-Codes/Fixed_x64/PLL2026_x64.cpp:149:59
INFO: [HLS 207-4365] built-in candidate operator+(__int128, long long): ../../C-Codes/Fixed_x64/PLL2026_x64.cpp:149:59
INFO: [HLS 207-4365] built-in candidate operator+(__int128, __int128): ../../C-Codes/Fixed_x64/PLL2026_x64.cpp:149:59
INFO: [HLS 207-4365] built-in candidate operator+(__int128, unsigned int): ../../C-Codes/Fixed_x64/PLL2026_x64.cpp:149:59
INFO: [HLS 207-4365] built-in candidate operator+(__int128, unsigned long): ../../C-Codes/Fixed_x64/PLL2026_x64.cpp:149:59
INFO: [HLS 207-4365] built-in candidate operator+(__int128, unsigned long long): ../../C-Codes/Fixed_x64/PLL2026_x64.cpp:149:59
INFO: [HLS 207-4365] built-in candidate operator+(__int128, unsigned __int128): ../../C-Codes/Fixed_x64/PLL2026_x64.cpp:149:59
INFO: [HLS 207-4365] built-in candidate operator+(unsigned int, float): ../../C-Codes/Fixed_x64/PLL2026_x64.cpp:149:59
INFO: [HLS 207-4365] built-in candidate operator+(unsigned int, long double): ../../C-Codes/Fixed_x64/PLL2026_x64.cpp:149:59
INFO: [HLS 207-4365] built-in candidate operator+(unsigned int, __float128): ../../C-Codes/Fixed_x64/PLL2026_x64.cpp:149:59
INFO: [HLS 207-4365] built-in candidate operator+(unsigned int, int): ../../C-Codes/Fixed_x64/PLL2026_x64.cpp:149:59
INFO: [HLS 207-4365] built-in candidate operator+(unsigned int, long): ../../C-Codes/Fixed_x64/PLL2026_x64.cpp:149:59
INFO: [HLS 207-4365] built-in candidate operator+(unsigned int, long long): ../../C-Codes/Fixed_x64/PLL2026_x64.cpp:149:59
INFO: [HLS 207-4365] built-in candidate operator+(unsigned int, __int128): ../../C-Codes/Fixed_x64/PLL2026_x64.cpp:149:59
INFO: [HLS 207-4365] built-in candidate operator+(unsigned int, unsigned int): ../../C-Codes/Fixed_x64/PLL2026_x64.cpp:149:59
INFO: [HLS 207-4365] built-in candidate operator+(unsigned int, unsigned long): ../../C-Codes/Fixed_x64/PLL2026_x64.cpp:149:59
INFO: [HLS 207-4365] built-in candidate operator+(unsigned int, unsigned long long): ../../C-Codes/Fixed_x64/PLL2026_x64.cpp:149:59
INFO: [HLS 207-4365] built-in candidate operator+(unsigned int, unsigned __int128): ../../C-Codes/Fixed_x64/PLL2026_x64.cpp:149:59
INFO: [HLS 207-4365] built-in candidate operator+(unsigned long, float): ../../C-Codes/Fixed_x64/PLL2026_x64.cpp:149:59
INFO: [HLS 207-4365] built-in candidate operator+(unsigned long, long double): ../../C-Codes/Fixed_x64/PLL2026_x64.cpp:149:59
INFO: [HLS 207-4365] built-in candidate operator+(unsigned long, __float128): ../../C-Codes/Fixed_x64/PLL2026_x64.cpp:149:59
INFO: [HLS 207-4365] built-in candidate operator+(unsigned long, int): ../../C-Codes/Fixed_x64/PLL2026_x64.cpp:149:59
INFO: [HLS 207-4365] built-in candidate operator+(unsigned long, long): ../../C-Codes/Fixed_x64/PLL2026_x64.cpp:149:59
INFO: [HLS 207-4365] built-in candidate operator+(unsigned long, long long): ../../C-Codes/Fixed_x64/PLL2026_x64.cpp:149:59
INFO: [HLS 207-4365] built-in candidate operator+(unsigned long, __int128): ../../C-Codes/Fixed_x64/PLL2026_x64.cpp:149:59
INFO: [HLS 207-4365] built-in candidate operator+(unsigned long, unsigned int): ../../C-Codes/Fixed_x64/PLL2026_x64.cpp:149:59
INFO: [HLS 207-4365] built-in candidate operator+(unsigned long, unsigned long): ../../C-Codes/Fixed_x64/PLL2026_x64.cpp:149:59
INFO: [HLS 207-4365] built-in candidate operator+(unsigned long, unsigned long long): ../../C-Codes/Fixed_x64/PLL2026_x64.cpp:149:59
INFO: [HLS 207-4365] built-in candidate operator+(unsigned long, unsigned __int128): ../../C-Codes/Fixed_x64/PLL2026_x64.cpp:149:59
INFO: [HLS 207-4365] built-in candidate operator+(unsigned long long, float): ../../C-Codes/Fixed_x64/PLL2026_x64.cpp:149:59
INFO: [HLS 207-4365] built-in candidate operator+(unsigned long long, long double): ../../C-Codes/Fixed_x64/PLL2026_x64.cpp:149:59
INFO: [HLS 207-4365] built-in candidate operator+(unsigned long long, __float128): ../../C-Codes/Fixed_x64/PLL2026_x64.cpp:149:59
INFO: [HLS 207-4365] built-in candidate operator+(unsigned long long, int): ../../C-Codes/Fixed_x64/PLL2026_x64.cpp:149:59
INFO: [HLS 207-4365] built-in candidate operator+(unsigned long long, long): ../../C-Codes/Fixed_x64/PLL2026_x64.cpp:149:59
INFO: [HLS 207-4365] built-in candidate operator+(unsigned long long, long long): ../../C-Codes/Fixed_x64/PLL2026_x64.cpp:149:59
INFO: [HLS 207-4365] built-in candidate operator+(unsigned long long, __int128): ../../C-Codes/Fixed_x64/PLL2026_x64.cpp:149:59
INFO: [HLS 207-4365] built-in candidate operator+(unsigned long long, unsigned int): ../../C-Codes/Fixed_x64/PLL2026_x64.cpp:149:59
INFO: [HLS 207-4365] built-in candidate operator+(unsigned long long, unsigned long): ../../C-Codes/Fixed_x64/PLL2026_x64.cpp:149:59
INFO: [HLS 207-4365] built-in candidate operator+(unsigned long long, unsigned long long): ../../C-Codes/Fixed_x64/PLL2026_x64.cpp:149:59
INFO: [HLS 207-4365] built-in candidate operator+(unsigned long long, unsigned __int128): ../../C-Codes/Fixed_x64/PLL2026_x64.cpp:149:59
INFO: [HLS 207-4365] built-in candidate operator+(unsigned __int128, float): ../../C-Codes/Fixed_x64/PLL2026_x64.cpp:149:59
INFO: [HLS 207-4365] built-in candidate operator+(unsigned __int128, long double): ../../C-Codes/Fixed_x64/PLL2026_x64.cpp:149:59
INFO: [HLS 207-4365] built-in candidate operator+(unsigned __int128, __float128): ../../C-Codes/Fixed_x64/PLL2026_x64.cpp:149:59
INFO: [HLS 207-4365] built-in candidate operator+(unsigned __int128, int): ../../C-Codes/Fixed_x64/PLL2026_x64.cpp:149:59
INFO: [HLS 207-4365] built-in candidate operator+(unsigned __int128, long): ../../C-Codes/Fixed_x64/PLL2026_x64.cpp:149:59
INFO: [HLS 207-4365] built-in candidate operator+(unsigned __int128, long long): ../../C-Codes/Fixed_x64/PLL2026_x64.cpp:149:59
INFO: [HLS 207-4365] built-in candidate operator+(unsigned __int128, __int128): ../../C-Codes/Fixed_x64/PLL2026_x64.cpp:149:59
INFO: [HLS 207-4365] built-in candidate operator+(unsigned __int128, unsigned int): ../../C-Codes/Fixed_x64/PLL2026_x64.cpp:149:59
INFO: [HLS 207-4365] built-in candidate operator+(unsigned __int128, unsigned long): ../../C-Codes/Fixed_x64/PLL2026_x64.cpp:149:59
INFO: [HLS 207-4365] built-in candidate operator+(unsigned __int128, unsigned long long): ../../C-Codes/Fixed_x64/PLL2026_x64.cpp:149:59
INFO: [HLS 207-4365] built-in candidate operator+(unsigned __int128, unsigned __int128): ../../C-Codes/Fixed_x64/PLL2026_x64.cpp:149:59
WARNING: [HLS 207-5177] shift count is negative: C:/Xilinx/Vitis_HLS/2020.2/common/technology/autopilot\ap_fixed_base.h:838:13
INFO: [HLS 207-4521] in instantiation of member function 'ap_fixed_base<128, 32, true, AP_TRN, AP_WRAP, 0>::to_ap_int_base' requested here: C:/Xilinx/Vitis_HLS/2020.2/common/technology/autopilot\ap_fixed_base.h:869:69
INFO: [HLS 207-4521] in instantiation of member function 'ap_fixed_base<128, 32, true, AP_TRN, AP_WRAP, 0>::to_int' requested here: C:/Xilinx/Vitis_HLS/2020.2/common/technology/autopilot\ap_fixed_base.h:1042:71
INFO: [HLS 207-4521] in instantiation of member function 'ap_fixed_base<128, 32, true, AP_TRN, AP_WRAP, 0>::operator int' requested here: ../../C-Codes/Fixed_x64/PLL2026_x64.cpp:793:17
Command     elaborate done; error code: 2; 24.034 sec.
Command   csynth_design done; error code: 2; 24.06 sec.
INFO: [HLS 200-111] Finished Command csynth_design CPU user time: 3 seconds. CPU system time: 0 seconds. Elapsed time: 24.073 seconds; current allocated memory: 91.502 MB.
Command ap_source done; error code: 1; 24.945 sec.
Execute cleanup_all 
