

================================================================
== Vitis HLS Report for 'INV_LUT'
================================================================
* Date:           Wed Jul  1 18:21:08 2026

* Version:        2020.2 (Build 3064766 on Wed Nov 18 09:12:45 MST 2020)
* Project:        PLL2026
* Solution:       solution1 (Vivado IP Flow Target)
* Product family: artix7
* Target device:  xc7a200t-fbg676-2


================================================================
== Performance Estimates
================================================================
+ Timing: 
    * Summary: 
    +--------+----------+----------+------------+
    |  Clock |  Target  | Estimated| Uncertainty|
    +--------+----------+----------+------------+
    |ap_clk  |  10.00 ns|  7.132 ns|     2.70 ns|
    +--------+----------+----------+------------+

+ Latency: 
    * Summary: 
    +---------+---------+----------+----------+-----+-----+---------+
    |  Latency (cycles) |  Latency (absolute) |  Interval | Pipeline|
    |   min   |   max   |    min   |    max   | min | max |   Type  |
    +---------+---------+----------+----------+-----+-----+---------+
    |        ?|        ?|         ?|         ?|    ?|    ?|     none|
    +---------+---------+----------+----------+-----+-----+---------+

    + Detail: 
        * Instance: 
        N/A

        * Loop: 
        +--------------------+---------+---------+----------+-----------+-----------+------+----------+
        |                    |  Latency (cycles) | Iteration|  Initiation Interval  | Trip |          |
        |      Loop Name     |   min   |   max   |  Latency |  achieved |   target  | Count| Pipelined|
        +--------------------+---------+---------+----------+-----------+-----------+------+----------+
        |- VITIS_LOOP_926_1  |        ?|        ?|         2|          2|          1|     ?|       yes|
        +--------------------+---------+---------+----------+-----------+-----------+------+----------+

============================================================
+ Verbose Summary: Synthesis Manager
============================================================
InlineROM: 1
ExposeGlobal: 0
============================================================
+ Verbose Summary: CDFG Model
============================================================
IsTopModel: 0
ResetActiveHigh: 1
IsCombinational: 0
IsDatapathOnly: 0
HasWiredReturn: 1
HasMFsm: 0
HasVarLatency: 1
IsPipeline: 0
IsRtlPipelined: 0
IsInstanceOverlapped: 0
IsDontTouch: 0
HasImplIP: 0
IsGatedGlobalClock: 0

+ Individual pipeline summary: 
  * Pipeline-0: initiation interval (II) = 2, depth = 2


============================================================
+ Verbose Summary: Schedule
============================================================
* Number of FSM states : 16
* Pipeline : 1
  Pipeline-0 : II = 2, D = 2, States = { 7 8 }
* Dataflow Pipeline: 0

* FSM state transitions: 
1 --> 2 6 
2 --> 3 
3 --> 4 
4 --> 5 
5 --> 6 
6 --> 7 16 
7 --> 9 8 
8 --> 7 
9 --> 10 
10 --> 11 
11 --> 12 
12 --> 13 
13 --> 14 
14 --> 15 
15 --> 16 
16 --> 

* FSM state operations: 

State 1 <SV = 0> <Delay = 6.00>
ST_1 : Operation 17 [1/1] (0.00ns)   --->   "%x_read = read i64 @_ssdm_op_Read.ap_auto.i64, i64 %x" [../../C-Codes/Fixed_x64/PLL2026_x64.cpp:917]   --->   Operation 17 'read' 'x_read' <Predicate = true> <Delay = 0.00>
ST_1 : Operation 18 [1/1] (2.34ns)   --->   "%icmp_ln885 = icmp_eq  i64 %x_read, i64 0"   --->   Operation 18 'icmp' 'icmp_ln885' <Predicate = true> <Delay = 2.34> <CoreInst = "Cmp">   --->   Core 9 'Cmp' <Latency = 0> <II = 1> <Delay = 2.34> <FuncUnit> <Opcode : 'icmp'> <InPorts = 2> <OutPorts = 1>
ST_1 : Operation 19 [1/1] (0.00ns)   --->   "%br_ln885 = br i1 %icmp_ln885, void %_ifconv, void %_ZN8ap_fixedILi64ELi16EL9ap_q_mode5EL9ap_o_mode3ELi0EEC2Ei.exit"   --->   Operation 19 'br' 'br_ln885' <Predicate = true> <Delay = 0.00>
ST_1 : Operation 20 [1/1] (0.00ns)   --->   "%p_Result_6 = bitselect i1 @_ssdm_op_BitSelect.i1.i64.i32, i64 %x_read, i32 63"   --->   Operation 20 'bitselect' 'p_Result_6' <Predicate = (!icmp_ln885)> <Delay = 0.00>
ST_1 : Operation 21 [1/1] (2.99ns)   --->   "%tmp_V = sub i64 0, i64 %x_read"   --->   Operation 21 'sub' 'tmp_V' <Predicate = (!icmp_ln885)> <Delay = 2.99> <CoreInst = "Adder">   --->   Core 1 'Adder' <Latency = 0> <II = 1> <Delay = 4.17> <FuncUnit> <Opcode : 'add' 'sub'> <InPorts = 2> <OutPorts = 1>
ST_1 : Operation 22 [1/1] (0.83ns)   --->   "%tmp_V_2 = select i1 %p_Result_6, i64 %tmp_V, i64 %x_read"   --->   Operation 22 'select' 'tmp_V_2' <Predicate = (!icmp_ln885)> <Delay = 0.83> <CoreInst = "Sel">   --->   Core 73 'Sel' <Latency = 0> <II = 1> <Delay = 0.83> <FuncUnit> <Opcode : 'select'> <InPorts = 3> <OutPorts = 1>
ST_1 : Operation 23 [1/1] (0.00ns)   --->   "%p_Result_7 = partselect i64 @_ssdm_op_PartSelect.i64.i64.i32.i32, i64 %tmp_V_2, i32 63, i32 0"   --->   Operation 23 'partselect' 'p_Result_7' <Predicate = (!icmp_ln885)> <Delay = 0.00>
ST_1 : Operation 24 [1/1] (0.00ns)   --->   "%tmp = cttz i64 @llvm.cttz.i64, i64 %p_Result_7, i1 1"   --->   Operation 24 'cttz' 'tmp' <Predicate = (!icmp_ln885)> <Delay = 0.00>
ST_1 : Operation 25 [1/1] (0.00ns)   --->   "%l = trunc i64 %tmp"   --->   Operation 25 'trunc' 'l' <Predicate = (!icmp_ln885)> <Delay = 0.00>
ST_1 : Operation 26 [1/1] (2.18ns)   --->   "%sub_ln894 = sub i32 64, i32 %l"   --->   Operation 26 'sub' 'sub_ln894' <Predicate = (!icmp_ln885)> <Delay = 2.18> <CoreInst = "Adder">   --->   Core 1 'Adder' <Latency = 0> <II = 1> <Delay = 4.17> <FuncUnit> <Opcode : 'add' 'sub'> <InPorts = 2> <OutPorts = 1>
ST_1 : Operation 27 [1/1] (0.00ns)   --->   "%trunc_ln897 = trunc i32 %sub_ln894"   --->   Operation 27 'trunc' 'trunc_ln897' <Predicate = (!icmp_ln885)> <Delay = 0.00>
ST_1 : Operation 28 [1/1] (0.00ns)   --->   "%trunc_ln893 = trunc i64 %tmp"   --->   Operation 28 'trunc' 'trunc_ln893' <Predicate = (!icmp_ln885)> <Delay = 0.00>

State 2 <SV = 1> <Delay = 6.30>
ST_2 : Operation 29 [1/1] (2.18ns)   --->   "%lsb_index = add i32 %sub_ln894, i32 4294967243"   --->   Operation 29 'add' 'lsb_index' <Predicate = true> <Delay = 2.18> <CoreInst = "Adder">   --->   Core 1 'Adder' <Latency = 0> <II = 1> <Delay = 4.17> <FuncUnit> <Opcode : 'add' 'sub'> <InPorts = 2> <OutPorts = 1>
ST_2 : Operation 30 [1/1] (0.00ns)   --->   "%tmp_14 = partselect i31 @_ssdm_op_PartSelect.i31.i32.i32.i32, i32 %lsb_index, i32 1, i32 31"   --->   Operation 30 'partselect' 'tmp_14' <Predicate = true> <Delay = 0.00>
ST_2 : Operation 31 [1/1] (2.10ns)   --->   "%icmp_ln896 = icmp_sgt  i31 %tmp_14, i31 0"   --->   Operation 31 'icmp' 'icmp_ln896' <Predicate = true> <Delay = 2.10> <CoreInst = "Cmp">   --->   Core 9 'Cmp' <Latency = 0> <II = 1> <Delay = 2.34> <FuncUnit> <Opcode : 'icmp'> <InPorts = 2> <OutPorts = 1>
ST_2 : Operation 32 [1/1] (1.66ns)   --->   "%sub_ln897 = sub i7 118, i7 %trunc_ln897"   --->   Operation 32 'sub' 'sub_ln897' <Predicate = true> <Delay = 1.66> <CoreInst = "Adder">   --->   Core 1 'Adder' <Latency = 0> <II = 1> <Delay = 4.17> <FuncUnit> <Opcode : 'add' 'sub'> <InPorts = 2> <OutPorts = 1>
ST_2 : Operation 33 [1/1] (0.00ns) (grouped into LUT with out node icmp_ln899)   --->   "%zext_ln897 = zext i7 %sub_ln897"   --->   Operation 33 'zext' 'zext_ln897' <Predicate = true> <Delay = 0.00>
ST_2 : Operation 34 [1/1] (0.00ns) (grouped into LUT with out node icmp_ln899)   --->   "%lshr_ln897 = lshr i64 18446744073709551615, i64 %zext_ln897"   --->   Operation 34 'lshr' 'lshr_ln897' <Predicate = true> <Delay = 0.00> <CoreInst = "Shifter">   --->   Core 75 'Shifter' <Latency = 0> <II = 1> <Delay = 3.47> <FuncUnit> <Opcode : 'shl' 'lshr' 'ashr'> <InPorts = 2> <OutPorts = 1>
ST_2 : Operation 35 [1/1] (0.00ns) (grouped into LUT with out node icmp_ln899)   --->   "%zext_ln899 = zext i32 %lsb_index"   --->   Operation 35 'zext' 'zext_ln899' <Predicate = true> <Delay = 0.00>
ST_2 : Operation 36 [1/1] (0.00ns) (grouped into LUT with out node icmp_ln899)   --->   "%shl_ln899 = shl i64 1, i64 %zext_ln899"   --->   Operation 36 'shl' 'shl_ln899' <Predicate = true> <Delay = 0.00> <CoreInst = "Shifter">   --->   Core 75 'Shifter' <Latency = 0> <II = 1> <Delay = 3.47> <FuncUnit> <Opcode : 'shl' 'lshr' 'ashr'> <InPorts = 2> <OutPorts = 1>
ST_2 : Operation 37 [1/1] (0.00ns) (grouped into LUT with out node icmp_ln899)   --->   "%or_ln899_1 = or i64 %lshr_ln897, i64 %shl_ln899"   --->   Operation 37 'or' 'or_ln899_1' <Predicate = true> <Delay = 0.00> <CoreInst = "LogicGate">   --->   Core 74 'LogicGate' <Latency = 0> <II = 1> <Delay = 0.80> <FuncUnit> <Opcode : 'and' 'or' 'xor'> <InPorts = 2> <OutPorts = 1>
ST_2 : Operation 38 [1/1] (0.00ns) (grouped into LUT with out node icmp_ln899)   --->   "%and_ln899 = and i64 %tmp_V_2, i64 %or_ln899_1"   --->   Operation 38 'and' 'and_ln899' <Predicate = true> <Delay = 0.00> <CoreInst = "LogicGate">   --->   Core 74 'LogicGate' <Latency = 0> <II = 1> <Delay = 0.80> <FuncUnit> <Opcode : 'and' 'or' 'xor'> <InPorts = 2> <OutPorts = 1>
ST_2 : Operation 39 [1/1] (3.30ns) (out node of the LUT)   --->   "%icmp_ln899 = icmp_ne  i64 %and_ln899, i64 0"   --->   Operation 39 'icmp' 'icmp_ln899' <Predicate = true> <Delay = 3.30> <CoreInst = "Cmp">   --->   Core 9 'Cmp' <Latency = 0> <II = 1> <Delay = 2.34> <FuncUnit> <Opcode : 'icmp'> <InPorts = 2> <OutPorts = 1>
ST_2 : Operation 40 [1/1] (0.00ns) (grouped into LUT with out node select_ln908)   --->   "%tmp_15 = bitselect i1 @_ssdm_op_BitSelect.i1.i32.i32, i32 %lsb_index, i32 31"   --->   Operation 40 'bitselect' 'tmp_15' <Predicate = true> <Delay = 0.00>
ST_2 : Operation 41 [1/1] (0.00ns) (grouped into LUT with out node select_ln908)   --->   "%xor_ln899 = xor i1 %tmp_15, i1 1"   --->   Operation 41 'xor' 'xor_ln899' <Predicate = true> <Delay = 0.00> <CoreInst = "LogicGate">   --->   Core 74 'LogicGate' <Latency = 0> <II = 1> <Delay = 0.80> <FuncUnit> <Opcode : 'and' 'or' 'xor'> <InPorts = 2> <OutPorts = 1>
ST_2 : Operation 42 [1/1] (0.00ns)   --->   "%p_Result_8 = bitselect i1 @_ssdm_op_BitSelect.i1.i64.i32, i64 %tmp_V_2, i32 %lsb_index"   --->   Operation 42 'bitselect' 'p_Result_8' <Predicate = true> <Delay = 0.00>
ST_2 : Operation 43 [1/1] (2.11ns)   --->   "%icmp_ln908 = icmp_sgt  i32 %lsb_index, i32 0"   --->   Operation 43 'icmp' 'icmp_ln908' <Predicate = true> <Delay = 2.11> <CoreInst = "Cmp">   --->   Core 9 'Cmp' <Latency = 0> <II = 1> <Delay = 2.34> <FuncUnit> <Opcode : 'icmp'> <InPorts = 2> <OutPorts = 1>
ST_2 : Operation 44 [1/1] (0.00ns) (grouped into LUT with out node select_ln908)   --->   "%and_ln899_1 = and i1 %p_Result_8, i1 %xor_ln899"   --->   Operation 44 'and' 'and_ln899_1' <Predicate = true> <Delay = 0.00> <CoreInst = "LogicGate">   --->   Core 74 'LogicGate' <Latency = 0> <II = 1> <Delay = 0.80> <FuncUnit> <Opcode : 'and' 'or' 'xor'> <InPorts = 2> <OutPorts = 1>
ST_2 : Operation 45 [1/1] (2.18ns)   --->   "%sub_ln909 = sub i32 54, i32 %sub_ln894"   --->   Operation 45 'sub' 'sub_ln909' <Predicate = true> <Delay = 2.18> <CoreInst = "Adder">   --->   Core 1 'Adder' <Latency = 0> <II = 1> <Delay = 4.17> <FuncUnit> <Opcode : 'add' 'sub'> <InPorts = 2> <OutPorts = 1>
ST_2 : Operation 46 [1/1] (0.00ns) (grouped into LUT with out node select_ln908)   --->   "%select_ln896 = select i1 %icmp_ln896, i1 %icmp_ln899, i1 %p_Result_8"   --->   Operation 46 'select' 'select_ln896' <Predicate = true> <Delay = 0.00> <CoreInst = "Sel">   --->   Core 73 'Sel' <Latency = 0> <II = 1> <Delay = 0.83> <FuncUnit> <Opcode : 'select'> <InPorts = 3> <OutPorts = 1>
ST_2 : Operation 47 [1/1] (2.18ns)   --->   "%add_ln908 = add i32 %sub_ln894, i32 4294967242"   --->   Operation 47 'add' 'add_ln908' <Predicate = true> <Delay = 2.18> <CoreInst = "Adder">   --->   Core 1 'Adder' <Latency = 0> <II = 1> <Delay = 4.17> <FuncUnit> <Opcode : 'add' 'sub'> <InPorts = 2> <OutPorts = 1>
ST_2 : Operation 48 [1/1] (0.81ns) (out node of the LUT)   --->   "%select_ln908 = select i1 %icmp_ln908, i1 %select_ln896, i1 %and_ln899_1"   --->   Operation 48 'select' 'select_ln908' <Predicate = true> <Delay = 0.81> <CoreInst = "Sel">   --->   Core 73 'Sel' <Latency = 0> <II = 1> <Delay = 0.83> <FuncUnit> <Opcode : 'select'> <InPorts = 3> <OutPorts = 1>

State 3 <SV = 2> <Delay = 5.82>
ST_3 : Operation 49 [1/1] (0.00ns) (grouped into LUT with out node m_3)   --->   "%zext_ln909 = zext i32 %sub_ln909"   --->   Operation 49 'zext' 'zext_ln909' <Predicate = (!icmp_ln908)> <Delay = 0.00>
ST_3 : Operation 50 [1/1] (0.00ns) (grouped into LUT with out node m_3)   --->   "%shl_ln909 = shl i64 %tmp_V_2, i64 %zext_ln909"   --->   Operation 50 'shl' 'shl_ln909' <Predicate = (!icmp_ln908)> <Delay = 0.00> <CoreInst = "Shifter">   --->   Core 75 'Shifter' <Latency = 0> <II = 1> <Delay = 3.47> <FuncUnit> <Opcode : 'shl' 'lshr' 'ashr'> <InPorts = 2> <OutPorts = 1>
ST_3 : Operation 51 [1/1] (0.00ns) (grouped into LUT with out node m_3)   --->   "%zext_ln908 = zext i32 %add_ln908"   --->   Operation 51 'zext' 'zext_ln908' <Predicate = (icmp_ln908)> <Delay = 0.00>
ST_3 : Operation 52 [1/1] (0.00ns) (grouped into LUT with out node m_3)   --->   "%lshr_ln908 = lshr i64 %tmp_V_2, i64 %zext_ln908"   --->   Operation 52 'lshr' 'lshr_ln908' <Predicate = (icmp_ln908)> <Delay = 0.00> <CoreInst = "Shifter">   --->   Core 75 'Shifter' <Latency = 0> <II = 1> <Delay = 3.47> <FuncUnit> <Opcode : 'shl' 'lshr' 'ashr'> <InPorts = 2> <OutPorts = 1>
ST_3 : Operation 53 [1/1] (0.00ns) (grouped into LUT with out node m_3)   --->   "%m_2 = select i1 %icmp_ln908, i64 %lshr_ln908, i64 %shl_ln909"   --->   Operation 53 'select' 'm_2' <Predicate = true> <Delay = 0.00> <CoreInst = "Sel">   --->   Core 73 'Sel' <Latency = 0> <II = 1> <Delay = 0.83> <FuncUnit> <Opcode : 'select'> <InPorts = 3> <OutPorts = 1>
ST_3 : Operation 54 [1/1] (0.00ns) (grouped into LUT with out node m_3)   --->   "%zext_ln911 = zext i1 %select_ln908"   --->   Operation 54 'zext' 'zext_ln911' <Predicate = true> <Delay = 0.00>
ST_3 : Operation 55 [1/1] (3.47ns) (out node of the LUT)   --->   "%m_3 = add i64 %m_2, i64 %zext_ln911"   --->   Operation 55 'add' 'm_3' <Predicate = true> <Delay = 3.47> <CoreInst = "Adder">   --->   Core 1 'Adder' <Latency = 0> <II = 1> <Delay = 4.17> <FuncUnit> <Opcode : 'add' 'sub'> <InPorts = 2> <OutPorts = 1>
ST_3 : Operation 56 [1/1] (0.00ns)   --->   "%m = partselect i63 @_ssdm_op_PartSelect.i63.i64.i32.i32, i64 %m_3, i32 1, i32 63"   --->   Operation 56 'partselect' 'm' <Predicate = true> <Delay = 0.00>
ST_3 : Operation 57 [1/1] (0.00ns)   --->   "%p_Result_s = bitselect i1 @_ssdm_op_BitSelect.i1.i64.i32, i64 %m_3, i32 54"   --->   Operation 57 'bitselect' 'p_Result_s' <Predicate = true> <Delay = 0.00>
ST_3 : Operation 58 [1/1] (0.00ns)   --->   "%trunc_ln2 = partselect i52 @_ssdm_op_PartSelect.i52.i64.i32.i32, i64 %m_3, i32 1, i32 52"   --->   Operation 58 'partselect' 'trunc_ln2' <Predicate = true> <Delay = 0.00>
ST_3 : Operation 59 [1/1] (2.34ns)   --->   "%icmp_ln1506_1 = icmp_eq  i52 %trunc_ln2, i52 0"   --->   Operation 59 'icmp' 'icmp_ln1506_1' <Predicate = true> <Delay = 2.34> <CoreInst = "Cmp">   --->   Core 9 'Cmp' <Latency = 0> <II = 1> <Delay = 2.34> <FuncUnit> <Opcode : 'icmp'> <InPorts = 2> <OutPorts = 1>

State 4 <SV = 3> <Delay = 5.48>
ST_4 : Operation 60 [1/1] (0.00ns)   --->   "%zext_ln912 = zext i63 %m"   --->   Operation 60 'zext' 'zext_ln912' <Predicate = true> <Delay = 0.00>
ST_4 : Operation 61 [1/1] (0.83ns)   --->   "%select_ln893 = select i1 %p_Result_s, i11 1023, i11 1022"   --->   Operation 61 'select' 'select_ln893' <Predicate = true> <Delay = 0.83> <CoreInst = "Sel">   --->   Core 73 'Sel' <Latency = 0> <II = 1> <Delay = 0.83> <FuncUnit> <Opcode : 'select'> <InPorts = 3> <OutPorts = 1>
ST_4 : Operation 62 [1/1] (0.00ns) (grouped into TernaryAdder)   --->   "%sub_ln915 = sub i11 16, i11 %trunc_ln893"   --->   Operation 62 'sub' 'sub_ln915' <Predicate = true> <Delay = 0.00> <CoreInst = "TAddSub">   --->   Core 10 'TAddSub' <Latency = 0> <II = 1> <Delay = 1.56> <IPBlock> <Opcode : 'add' 'sub'> <InPorts = 3> <OutPorts = 1> <Sync>
ST_4 : Operation 63 [1/1] (3.13ns) (root node of TernaryAdder)   --->   "%add_ln915 = add i11 %sub_ln915, i11 %select_ln893"   --->   Operation 63 'add' 'add_ln915' <Predicate = true> <Delay = 3.13> <CoreInst = "TAddSub">   --->   Core 10 'TAddSub' <Latency = 0> <II = 1> <Delay = 1.56> <IPBlock> <Opcode : 'add' 'sub'> <InPorts = 3> <OutPorts = 1> <Sync>
ST_4 : Operation 64 [1/1] (0.00ns)   --->   "%tmp_1 = bitconcatenate i12 @_ssdm_op_BitConcatenate.i12.i1.i11, i1 %p_Result_6, i11 %add_ln915"   --->   Operation 64 'bitconcatenate' 'tmp_1' <Predicate = true> <Delay = 0.00>
ST_4 : Operation 65 [1/1] (0.00ns)   --->   "%p_Result_9 = partset i64 @_ssdm_op_PartSet.i64.i64.i12.i32.i32, i64 %zext_ln912, i12 %tmp_1, i32 52, i32 63"   --->   Operation 65 'partset' 'p_Result_9' <Predicate = true> <Delay = 0.00>
ST_4 : Operation 66 [1/1] (1.52ns)   --->   "%icmp_ln1506 = icmp_ne  i11 %add_ln915, i11 2047"   --->   Operation 66 'icmp' 'icmp_ln1506' <Predicate = true> <Delay = 1.52> <CoreInst = "Cmp">   --->   Core 9 'Cmp' <Latency = 0> <II = 1> <Delay = 2.34> <FuncUnit> <Opcode : 'icmp'> <InPorts = 2> <OutPorts = 1>

State 5 <SV = 4> <Delay = 4.48>
ST_5 : Operation 67 [1/1] (0.00ns)   --->   "%bitcast_ln734 = bitcast i64 %p_Result_9"   --->   Operation 67 'bitcast' 'bitcast_ln734' <Predicate = true> <Delay = 0.00>
ST_5 : Operation 68 [2/2] (4.48ns)   --->   "%tmp_2 = fcmp_olt  i64 %bitcast_ln734, i64 0.01"   --->   Operation 68 'dcmp' 'tmp_2' <Predicate = true> <Delay = 4.48> <CoreInst = "DCompare">   --->   Core 38 'DCompare' <Latency = 1> <II = 1> <Delay = 4.48> <FuncUnit> <Opcode : 'dcmp'> <InPorts = 2> <OutPorts = 1>

State 6 <SV = 5> <Delay = 5.28>
ST_6 : Operation 69 [1/1] (0.00ns) (grouped into LUT with out node and_ln1506)   --->   "%or_ln1506 = or i1 %icmp_ln1506_1, i1 %icmp_ln1506"   --->   Operation 69 'or' 'or_ln1506' <Predicate = (!icmp_ln885)> <Delay = 0.00> <CoreInst = "LogicGate">   --->   Core 74 'LogicGate' <Latency = 0> <II = 1> <Delay = 0.80> <FuncUnit> <Opcode : 'and' 'or' 'xor'> <InPorts = 2> <OutPorts = 1>
ST_6 : Operation 70 [1/2] (4.48ns)   --->   "%tmp_2 = fcmp_olt  i64 %bitcast_ln734, i64 0.01"   --->   Operation 70 'dcmp' 'tmp_2' <Predicate = (!icmp_ln885)> <Delay = 4.48> <CoreInst = "DCompare">   --->   Core 38 'DCompare' <Latency = 1> <II = 1> <Delay = 4.48> <FuncUnit> <Opcode : 'dcmp'> <InPorts = 2> <OutPorts = 1>
ST_6 : Operation 71 [1/1] (0.80ns) (out node of the LUT)   --->   "%and_ln1506 = and i1 %or_ln1506, i1 %tmp_2"   --->   Operation 71 'and' 'and_ln1506' <Predicate = (!icmp_ln885)> <Delay = 0.80> <CoreInst = "LogicGate">   --->   Core 74 'LogicGate' <Latency = 0> <II = 1> <Delay = 0.80> <FuncUnit> <Opcode : 'and' 'or' 'xor'> <InPorts = 2> <OutPorts = 1>
ST_6 : Operation 72 [1/1] (0.00ns)   --->   "%br_ln1701 = br i1 %and_ln1506, void %_ZN13ap_fixed_baseILi129ELi33ELb1EL9ap_q_mode5EL9ap_o_mode3ELi0EEC2ILi128ELi32ELb1ELS0_5ELS1_3ELi0EEERKS_IXT_EXT0_EXT1_EXT2_EXT3_EXT4_EE.exit.i.preheader, void %_ZN8ap_fixedILi64ELi16EL9ap_q_mode5EL9ap_o_mode3ELi0EEC2Ei.exit" [../../C-Codes/Fixed_x64/PLL2026_x64.cpp:1701]   --->   Operation 72 'br' 'br_ln1701' <Predicate = (!icmp_ln885)> <Delay = 0.00>
ST_6 : Operation 73 [1/1] (1.32ns)   --->   "%br_ln0 = br void %_ZN13ap_fixed_baseILi129ELi33ELb1EL9ap_q_mode5EL9ap_o_mode3ELi0EEC2ILi128ELi32ELb1ELS0_5ELS1_3ELi0EEERKS_IXT_EXT0_EXT1_EXT2_EXT3_EXT4_EE.exit.i"   --->   Operation 73 'br' 'br_ln0' <Predicate = (!icmp_ln885 & !and_ln1506)> <Delay = 1.32>
ST_6 : Operation 74 [1/1] (1.32ns)   --->   "%br_ln1705 = br void" [../../C-Codes/Fixed_x64/PLL2026_x64.cpp:1705]   --->   Operation 74 'br' 'br_ln1705' <Predicate = (and_ln1506) | (icmp_ln885)> <Delay = 1.32>

State 7 <SV = 6> <Delay = 7.13>
ST_7 : Operation 75 [1/1] (0.00ns)   --->   "%intervalo_begin = phi i32 %intervalo_begin_6, void, i32 0, void %_ZN13ap_fixed_baseILi129ELi33ELb1EL9ap_q_mode5EL9ap_o_mode3ELi0EEC2ILi128ELi32ELb1ELS0_5ELS1_3ELi0EEERKS_IXT_EXT0_EXT1_EXT2_EXT3_EXT4_EE.exit.i.preheader"   --->   Operation 75 'phi' 'intervalo_begin' <Predicate = true> <Delay = 0.00>
ST_7 : Operation 76 [1/1] (0.00ns)   --->   "%intervalo_end = phi i32 %intervalo_end_4, void, i32 115, void %_ZN13ap_fixed_baseILi129ELi33ELb1EL9ap_q_mode5EL9ap_o_mode3ELi0EEC2ILi128ELi32ELb1ELS0_5ELS1_3ELi0EEERKS_IXT_EXT0_EXT1_EXT2_EXT3_EXT4_EE.exit.i.preheader"   --->   Operation 76 'phi' 'intervalo_end' <Predicate = true> <Delay = 0.00>
ST_7 : Operation 77 [1/1] (0.00ns)   --->   "%specpipeline_ln0 = specpipeline void @_ssdm_op_SpecPipeline, i32 4294967295, i32 0, i32 1, i32 0, void @p_str"   --->   Operation 77 'specpipeline' 'specpipeline_ln0' <Predicate = true> <Delay = 0.00>
ST_7 : Operation 78 [1/1] (2.18ns)   --->   "%sub_ln926 = sub i32 %intervalo_end, i32 %intervalo_begin" [../../C-Codes/Fixed_x64/PLL2026_x64.cpp:926]   --->   Operation 78 'sub' 'sub_ln926' <Predicate = true> <Delay = 2.18> <CoreInst = "Adder">   --->   Core 1 'Adder' <Latency = 0> <II = 1> <Delay = 4.17> <FuncUnit> <Opcode : 'add' 'sub'> <InPorts = 2> <OutPorts = 1>
ST_7 : Operation 79 [1/1] (0.00ns)   --->   "%tmp_17 = partselect i31 @_ssdm_op_PartSelect.i31.i32.i32.i32, i32 %sub_ln926, i32 1, i32 31" [../../C-Codes/Fixed_x64/PLL2026_x64.cpp:926]   --->   Operation 79 'partselect' 'tmp_17' <Predicate = true> <Delay = 0.00>
ST_7 : Operation 80 [1/1] (2.10ns)   --->   "%icmp_ln926 = icmp_sgt  i31 %tmp_17, i31 0" [../../C-Codes/Fixed_x64/PLL2026_x64.cpp:926]   --->   Operation 80 'icmp' 'icmp_ln926' <Predicate = true> <Delay = 2.10> <CoreInst = "Cmp">   --->   Core 9 'Cmp' <Latency = 0> <II = 1> <Delay = 2.34> <FuncUnit> <Opcode : 'icmp'> <InPorts = 2> <OutPorts = 1>
ST_7 : Operation 81 [1/1] (0.00ns)   --->   "%br_ln926 = br i1 %icmp_ln926, void %_Z13busca_binariaP8ap_fixedILi64ELi16EL9ap_q_mode5EL9ap_o_mode3ELi0EEiS2_.exit, void" [../../C-Codes/Fixed_x64/PLL2026_x64.cpp:926]   --->   Operation 81 'br' 'br_ln926' <Predicate = true> <Delay = 0.00>
ST_7 : Operation 82 [1/1] (0.00ns)   --->   "%div1_i = partselect i31 @_ssdm_op_PartSelect.i31.i32.i32.i32, i32 %sub_ln926, i32 1, i32 31" [../../C-Codes/Fixed_x64/PLL2026_x64.cpp:926]   --->   Operation 82 'partselect' 'div1_i' <Predicate = (icmp_ln926)> <Delay = 0.00>
ST_7 : Operation 83 [1/1] (0.00ns)   --->   "%div1_i_cast = zext i31 %div1_i" [../../C-Codes/Fixed_x64/PLL2026_x64.cpp:926]   --->   Operation 83 'zext' 'div1_i_cast' <Predicate = (icmp_ln926)> <Delay = 0.00>
ST_7 : Operation 84 [1/1] (2.18ns)   --->   "%half_list = add i32 %div1_i_cast, i32 %intervalo_begin" [../../C-Codes/Fixed_x64/PLL2026_x64.cpp:929]   --->   Operation 84 'add' 'half_list' <Predicate = (icmp_ln926)> <Delay = 2.18> <CoreInst = "Adder">   --->   Core 1 'Adder' <Latency = 0> <II = 1> <Delay = 4.17> <FuncUnit> <Opcode : 'add' 'sub'> <InPorts = 2> <OutPorts = 1>
ST_7 : Operation 85 [1/1] (0.00ns)   --->   "%zext_ln931 = zext i32 %half_list" [../../C-Codes/Fixed_x64/PLL2026_x64.cpp:931]   --->   Operation 85 'zext' 'zext_ln931' <Predicate = (icmp_ln926)> <Delay = 0.00>
ST_7 : Operation 86 [1/1] (0.00ns)   --->   "%table_mark_V_1_addr = getelementptr i58 %table_mark_V_1, i64 0, i64 %zext_ln931"   --->   Operation 86 'getelementptr' 'table_mark_V_1_addr' <Predicate = (icmp_ln926)> <Delay = 0.00>
ST_7 : Operation 87 [2/2] (2.77ns)   --->   "%table_mark_V_1_load = load i7 %table_mark_V_1_addr"   --->   Operation 87 'load' 'table_mark_V_1_load' <Predicate = (icmp_ln926)> <Delay = 2.77> <CoreInst = "ROM">   --->   Core 95 'ROM' <Latency = 1> <II = 1> <Delay = 2.77> <Storage> <Opcode : 'load'> <Ports = 0> <Width = 58> <Depth = 116> <ROM>

State 8 <SV = 7> <Delay = 5.88>
ST_8 : Operation 88 [1/1] (0.00ns)   --->   "%specloopname_ln0 = specloopname void @_ssdm_op_SpecLoopName, void @empty_0"   --->   Operation 88 'specloopname' 'specloopname_ln0' <Predicate = true> <Delay = 0.00>
ST_8 : Operation 89 [1/2] (2.77ns)   --->   "%table_mark_V_1_load = load i7 %table_mark_V_1_addr"   --->   Operation 89 'load' 'table_mark_V_1_load' <Predicate = true> <Delay = 2.77> <CoreInst = "ROM">   --->   Core 95 'ROM' <Latency = 1> <II = 1> <Delay = 2.77> <Storage> <Opcode : 'load'> <Ports = 0> <Width = 58> <Depth = 116> <ROM>
ST_8 : Operation 90 [1/1] (0.00ns)   --->   "%zext_ln1494 = zext i58 %table_mark_V_1_load"   --->   Operation 90 'zext' 'zext_ln1494' <Predicate = true> <Delay = 0.00>
ST_8 : Operation 91 [1/1] (2.34ns)   --->   "%icmp_ln1494 = icmp_slt  i64 %zext_ln1494, i64 %x_read"   --->   Operation 91 'icmp' 'icmp_ln1494' <Predicate = true> <Delay = 2.34> <CoreInst = "Cmp">   --->   Core 9 'Cmp' <Latency = 0> <II = 1> <Delay = 2.34> <FuncUnit> <Opcode : 'icmp'> <InPorts = 2> <OutPorts = 1>
ST_8 : Operation 92 [1/1] (0.77ns)   --->   "%intervalo_begin_6 = select i1 %icmp_ln1494, i32 %half_list, i32 %intervalo_begin" [../../C-Codes/Fixed_x64/PLL2026_x64.cpp:933]   --->   Operation 92 'select' 'intervalo_begin_6' <Predicate = true> <Delay = 0.77> <CoreInst = "Sel">   --->   Core 73 'Sel' <Latency = 0> <II = 1> <Delay = 0.83> <FuncUnit> <Opcode : 'select'> <InPorts = 3> <OutPorts = 1>
ST_8 : Operation 93 [1/1] (0.77ns)   --->   "%intervalo_end_4 = select i1 %icmp_ln1494, i32 %intervalo_end, i32 %half_list" [../../C-Codes/Fixed_x64/PLL2026_x64.cpp:933]   --->   Operation 93 'select' 'intervalo_end_4' <Predicate = true> <Delay = 0.77> <CoreInst = "Sel">   --->   Core 73 'Sel' <Latency = 0> <II = 1> <Delay = 0.83> <FuncUnit> <Opcode : 'select'> <InPorts = 3> <OutPorts = 1>
ST_8 : Operation 94 [1/1] (0.00ns)   --->   "%br_ln926 = br void %_ZN13ap_fixed_baseILi129ELi33ELb1EL9ap_q_mode5EL9ap_o_mode3ELi0EEC2ILi128ELi32ELb1ELS0_5ELS1_3ELi0EEERKS_IXT_EXT0_EXT1_EXT2_EXT3_EXT4_EE.exit.i" [../../C-Codes/Fixed_x64/PLL2026_x64.cpp:926]   --->   Operation 94 'br' 'br_ln926' <Predicate = true> <Delay = 0.00>

State 9 <SV = 7> <Delay = 2.77>
ST_9 : Operation 95 [1/1] (0.00ns)   --->   "%zext_ln1709 = zext i32 %intervalo_begin" [../../C-Codes/Fixed_x64/PLL2026_x64.cpp:1709]   --->   Operation 95 'zext' 'zext_ln1709' <Predicate = true> <Delay = 0.00>
ST_9 : Operation 96 [1/1] (0.00ns)   --->   "%table_m_V_1_addr = getelementptr i63 %table_m_V_1, i64 0, i64 %zext_ln1709"   --->   Operation 96 'getelementptr' 'table_m_V_1_addr' <Predicate = true> <Delay = 0.00>
ST_9 : Operation 97 [2/2] (2.77ns)   --->   "%r_V = load i7 %table_m_V_1_addr"   --->   Operation 97 'load' 'r_V' <Predicate = true> <Delay = 2.77> <CoreInst = "ROM">   --->   Core 95 'ROM' <Latency = 1> <II = 1> <Delay = 2.77> <Storage> <Opcode : 'load'> <Ports = 0> <Width = 63> <Depth = 115> <ROM>
ST_9 : Operation 98 [1/1] (0.00ns)   --->   "%table_n_V_1_addr = getelementptr i56 %table_n_V_1, i64 0, i64 %zext_ln1709"   --->   Operation 98 'getelementptr' 'table_n_V_1_addr' <Predicate = true> <Delay = 0.00>
ST_9 : Operation 99 [2/2] (2.77ns)   --->   "%rhs = load i7 %table_n_V_1_addr"   --->   Operation 99 'load' 'rhs' <Predicate = true> <Delay = 2.77> <CoreInst = "ROM">   --->   Core 95 'ROM' <Latency = 1> <II = 1> <Delay = 2.77> <Storage> <Opcode : 'load'> <Ports = 0> <Width = 56> <Depth = 115> <ROM>

State 10 <SV = 8> <Delay = 2.77>
ST_10 : Operation 100 [1/2] (2.77ns)   --->   "%r_V = load i7 %table_m_V_1_addr"   --->   Operation 100 'load' 'r_V' <Predicate = true> <Delay = 2.77> <CoreInst = "ROM">   --->   Core 95 'ROM' <Latency = 1> <II = 1> <Delay = 2.77> <Storage> <Opcode : 'load'> <Ports = 0> <Width = 63> <Depth = 115> <ROM>
ST_10 : Operation 101 [1/2] (2.77ns)   --->   "%rhs = load i7 %table_n_V_1_addr"   --->   Operation 101 'load' 'rhs' <Predicate = true> <Delay = 2.77> <CoreInst = "ROM">   --->   Core 95 'ROM' <Latency = 1> <II = 1> <Delay = 2.77> <Storage> <Opcode : 'load'> <Ports = 0> <Width = 56> <Depth = 115> <ROM>

State 11 <SV = 9> <Delay = 5.71>
ST_11 : Operation 102 [1/1] (0.00ns)   --->   "%sext_ln1115 = sext i63 %r_V"   --->   Operation 102 'sext' 'sext_ln1115' <Predicate = true> <Delay = 0.00>
ST_11 : Operation 103 [1/1] (0.00ns)   --->   "%sext_ln1118 = sext i64 %x_read"   --->   Operation 103 'sext' 'sext_ln1118' <Predicate = true> <Delay = 0.00>
ST_11 : Operation 104 [5/5] (5.71ns)   --->   "%r_V_39 = mul i112 %sext_ln1115, i112 %sext_ln1118"   --->   Operation 104 'mul' 'r_V_39' <Predicate = true> <Delay = 5.71> <CoreInst = "Multiplier">   --->   Core 3 'Multiplier' <Latency = 4> <II = 1> <Delay = 5.71> <FuncUnit> <Opcode : 'mul'> <InPorts = 2> <OutPorts = 1>

State 12 <SV = 10> <Delay = 5.71>
ST_12 : Operation 105 [4/5] (5.71ns)   --->   "%r_V_39 = mul i112 %sext_ln1115, i112 %sext_ln1118"   --->   Operation 105 'mul' 'r_V_39' <Predicate = true> <Delay = 5.71> <CoreInst = "Multiplier">   --->   Core 3 'Multiplier' <Latency = 4> <II = 1> <Delay = 5.71> <FuncUnit> <Opcode : 'mul'> <InPorts = 2> <OutPorts = 1>

State 13 <SV = 11> <Delay = 5.71>
ST_13 : Operation 106 [3/5] (5.71ns)   --->   "%r_V_39 = mul i112 %sext_ln1115, i112 %sext_ln1118"   --->   Operation 106 'mul' 'r_V_39' <Predicate = true> <Delay = 5.71> <CoreInst = "Multiplier">   --->   Core 3 'Multiplier' <Latency = 4> <II = 1> <Delay = 5.71> <FuncUnit> <Opcode : 'mul'> <InPorts = 2> <OutPorts = 1>

State 14 <SV = 12> <Delay = 5.71>
ST_14 : Operation 107 [2/5] (5.71ns)   --->   "%r_V_39 = mul i112 %sext_ln1115, i112 %sext_ln1118"   --->   Operation 107 'mul' 'r_V_39' <Predicate = true> <Delay = 5.71> <CoreInst = "Multiplier">   --->   Core 3 'Multiplier' <Latency = 4> <II = 1> <Delay = 5.71> <FuncUnit> <Opcode : 'mul'> <InPorts = 2> <OutPorts = 1>

State 15 <SV = 13> <Delay = 5.71>
ST_15 : Operation 108 [1/5] (5.71ns)   --->   "%r_V_39 = mul i112 %sext_ln1115, i112 %sext_ln1118"   --->   Operation 108 'mul' 'r_V_39' <Predicate = true> <Delay = 5.71> <CoreInst = "Multiplier">   --->   Core 3 'Multiplier' <Latency = 4> <II = 1> <Delay = 5.71> <FuncUnit> <Opcode : 'mul'> <InPorts = 2> <OutPorts = 1>

State 16 <SV = 14> <Delay = 5.49>
ST_16 : Operation 109 [1/1] (0.00ns)   --->   "%rhs_11 = bitconcatenate i104 @_ssdm_op_BitConcatenate.i104.i56.i48, i56 %rhs, i48 0"   --->   Operation 109 'bitconcatenate' 'rhs_11' <Predicate = (!icmp_ln885 & !and_ln1506)> <Delay = 0.00>
ST_16 : Operation 110 [1/1] (0.00ns)   --->   "%zext_ln1192 = zext i104 %rhs_11"   --->   Operation 110 'zext' 'zext_ln1192' <Predicate = (!icmp_ln885 & !and_ln1506)> <Delay = 0.00>
ST_16 : Operation 111 [1/1] (4.17ns)   --->   "%ret_V = add i112 %zext_ln1192, i112 %r_V_39"   --->   Operation 111 'add' 'ret_V' <Predicate = (!icmp_ln885 & !and_ln1506)> <Delay = 4.17> <CoreInst = "Adder">   --->   Core 1 'Adder' <Latency = 0> <II = 1> <Delay = 4.17> <FuncUnit> <Opcode : 'add' 'sub'> <InPorts = 2> <OutPorts = 1>
ST_16 : Operation 112 [1/1] (0.00ns)   --->   "%trunc_ln3 = partselect i64 @_ssdm_op_PartSelect.i64.i112.i32.i32, i112 %ret_V, i32 48, i32 111"   --->   Operation 112 'partselect' 'trunc_ln3' <Predicate = (!icmp_ln885 & !and_ln1506)> <Delay = 0.00>
ST_16 : Operation 113 [1/1] (1.32ns)   --->   "%br_ln0 = br void"   --->   Operation 113 'br' 'br_ln0' <Predicate = (!icmp_ln885 & !and_ln1506)> <Delay = 1.32>
ST_16 : Operation 114 [1/1] (0.00ns)   --->   "%y_V = phi i64 900719925474099200, void %_ZN8ap_fixedILi64ELi16EL9ap_q_mode5EL9ap_o_mode3ELi0EEC2Ei.exit, i64 %trunc_ln3, void %_Z13busca_binariaP8ap_fixedILi64ELi16EL9ap_q_mode5EL9ap_o_mode3ELi0EEiS2_.exit"   --->   Operation 114 'phi' 'y_V' <Predicate = true> <Delay = 0.00>
ST_16 : Operation 115 [1/1] (0.00ns)   --->   "%ret_ln1714 = ret i64 %y_V" [../../C-Codes/Fixed_x64/PLL2026_x64.cpp:1714]   --->   Operation 115 'ret' 'ret_ln1714' <Predicate = true> <Delay = 0.00>


============================================================
+ Verbose Summary: Timing violations
============================================================
Target clock period: 10ns, clock uncertainty: 2.7ns.

 <State 1>: 6.01ns
The critical path consists of the following:
	wire read on port 'x' (../../C-Codes/Fixed_x64/PLL2026_x64.cpp:917) [8]  (0 ns)
	'sub' operation ('tmp.V') [13]  (3 ns)
	'select' operation ('tmp.V') [14]  (0.831 ns)
	'cttz' operation ('tmp') [16]  (0 ns)
	'sub' operation ('sub_ln894') [18]  (2.18 ns)

 <State 2>: 6.3ns
The critical path consists of the following:
	'add' operation ('lsb_index') [19]  (2.18 ns)
	'shl' operation ('shl_ln899') [27]  (0 ns)
	'or' operation ('or_ln899_1') [28]  (0 ns)
	'and' operation ('and_ln899') [29]  (0 ns)
	'icmp' operation ('icmp_ln899') [30]  (3.31 ns)
	'select' operation ('select_ln896') [39]  (0 ns)
	'select' operation ('select_ln908') [43]  (0.813 ns)

 <State 3>: 5.82ns
The critical path consists of the following:
	'shl' operation ('shl_ln909') [38]  (0 ns)
	'select' operation ('m') [44]  (0 ns)
	'add' operation ('m') [46]  (3.48 ns)
	'icmp' operation ('icmp_ln1506_1') [59]  (2.35 ns)

 <State 4>: 5.48ns
The critical path consists of the following:
	'select' operation ('select_ln893') [50]  (0.83 ns)
	'add' operation ('add_ln915') [53]  (3.13 ns)
	'icmp' operation ('icmp_ln1506') [58]  (1.52 ns)

 <State 5>: 4.48ns
The critical path consists of the following:
	'dcmp' operation ('tmp_2') [61]  (4.48 ns)

 <State 6>: 5.28ns
The critical path consists of the following:
	'dcmp' operation ('tmp_2') [61]  (4.48 ns)
	'and' operation ('and_ln1506') [62]  (0.8 ns)

 <State 7>: 7.13ns
The critical path consists of the following:
	'phi' operation ('intervalo_begin') with incoming values : ('intervalo_begin', ../../C-Codes/Fixed_x64/PLL2026_x64.cpp:933) [67]  (0 ns)
	'sub' operation ('sub_ln926', ../../C-Codes/Fixed_x64/PLL2026_x64.cpp:926) [70]  (2.18 ns)
	'add' operation ('half_list', ../../C-Codes/Fixed_x64/PLL2026_x64.cpp:929) [78]  (2.18 ns)
	'getelementptr' operation ('table_mark_V_1_addr') [80]  (0 ns)
	'load' operation ('table_mark_V_1_load') on array 'table_mark_V_1' [81]  (2.77 ns)

 <State 8>: 5.89ns
The critical path consists of the following:
	'load' operation ('table_mark_V_1_load') on array 'table_mark_V_1' [81]  (2.77 ns)
	'icmp' operation ('icmp_ln1494') [83]  (2.34 ns)
	'select' operation ('intervalo_begin', ../../C-Codes/Fixed_x64/PLL2026_x64.cpp:933) [84]  (0.773 ns)

 <State 9>: 2.77ns
The critical path consists of the following:
	'getelementptr' operation ('table_m_V_1_addr') [89]  (0 ns)
	'load' operation ('r.V') on array 'table_m_V_1' [90]  (2.77 ns)

 <State 10>: 2.77ns
The critical path consists of the following:
	'load' operation ('r.V') on array 'table_m_V_1' [90]  (2.77 ns)

 <State 11>: 5.72ns
The critical path consists of the following:
	'mul' operation ('r.V') [93]  (5.72 ns)

 <State 12>: 5.72ns
The critical path consists of the following:
	'mul' operation ('r.V') [93]  (5.72 ns)

 <State 13>: 5.72ns
The critical path consists of the following:
	'mul' operation ('r.V') [93]  (5.72 ns)

 <State 14>: 5.72ns
The critical path consists of the following:
	'mul' operation ('r.V') [93]  (5.72 ns)

 <State 15>: 5.72ns
The critical path consists of the following:
	'mul' operation ('r.V') [93]  (5.72 ns)

 <State 16>: 5.5ns
The critical path consists of the following:
	'add' operation ('ret.V') [98]  (4.17 ns)
	multiplexor before 'phi' operation ('y.V') with incoming values : ('trunc_ln3') [104]  (1.32 ns)
	'phi' operation ('y.V') with incoming values : ('trunc_ln3') [104]  (0 ns)


============================================================
+ Verbose Summary: Binding
============================================================
N/A
* FSMD analyzer results:
  - Output states:
 - Input state : 
  - Chain level:
	State 1
	State 2
	State 3
	State 4
	State 5
	State 6
	State 7
	State 8
	State 9
	State 10
	State 11
	State 12
	State 13
	State 14
	State 15
	State 16


============================================================
+ Verbose Summary: Datapath Resource usage 
============================================================
N/A
