INFO: [VRFC 10-2263] Analyzing Verilog file "C:/Users/cleit/OneDrive/Documents/GitHub/PLL-2024/AC701/prj_pll_2026/prj_pll_2026.ip_user_files/bd/design_1/ipshared/5cd3/solution1/impl/verilog/sin_gen_varAmp2_3phi_x64_sin_2000_table_r.v" into library xil_defaultlib
INFO: [VRFC 10-311] analyzing module sin_gen_varAmp2_3phi_x64_sin_2000_table_r_rom
INFO: [VRFC 10-311] analyzing module sin_gen_varAmp2_3phi_x64_sin_2000_table_r
INFO: [VRFC 10-2263] Analyzing Verilog file "C:/Users/cleit/OneDrive/Documents/GitHub/PLL-2024/AC701/prj_pll_2026/prj_pll_2026.ip_user_files/bd/design_1/ipshared/5cd3/solution1/impl/verilog/sin_gen_varAmp2_3phi_x64_sin_2000.v" into library xil_defaultlib
INFO: [VRFC 10-311] analyzing module sin_gen_varAmp2_3phi_x64_sin_2000
INFO: [VRFC 10-2263] Analyzing Verilog file "C:/Users/cleit/OneDrive/Documents/GitHub/PLL-2024/AC701/prj_pll_2026/prj_pll_2026.ip_user_files/bd/design_1/ipshared/5cd3/solution1/impl/verilog/sin_gen_varAmp2_3phi_x64_mul_64s_58ns_121_5_1.v" into library xil_defaultlib
INFO: [VRFC 10-311] analyzing module sin_gen_varAmp2_3phi_x64_mul_64s_58ns_121_5_1_Multiplier_0
INFO: [VRFC 10-311] analyzing module sin_gen_varAmp2_3phi_x64_mul_64s_58ns_121_5_1
INFO: [VRFC 10-2263] Analyzing Verilog file "C:/Users/cleit/OneDrive/Documents/GitHub/PLL-2024/AC701/prj_pll_2026/prj_pll_2026.ip_user_files/bd/design_1/ipshared/5cd3/solution1/impl/verilog/sin_gen_varAmp2_3phi_x64_mul_64s_31ns_94_5_1.v" into library xil_defaultlib
INFO: [VRFC 10-311] analyzing module sin_gen_varAmp2_3phi_x64_mul_64s_31ns_94_5_1_Multiplier_1
INFO: [VRFC 10-311] analyzing module sin_gen_varAmp2_3phi_x64_mul_64s_31ns_94_5_1
INFO: [VRFC 10-2263] Analyzing Verilog file "C:/Users/cleit/OneDrive/Documents/GitHub/PLL-2024/AC701/prj_pll_2026/prj_pll_2026.ip_user_files/bd/design_1/ipshared/5cd3/solution1/impl/verilog/sin_gen_varAmp2_3phi_x64_mul_50s_64s_112_5_1.v" into library xil_defaultlib
INFO: [VRFC 10-311] analyzing module sin_gen_varAmp2_3phi_x64_mul_50s_64s_112_5_1_Multiplier_2
INFO: [VRFC 10-311] analyzing module sin_gen_varAmp2_3phi_x64_mul_50s_64s_112_5_1
INFO: [VRFC 10-2263] Analyzing Verilog file "C:/Users/cleit/OneDrive/Documents/GitHub/PLL-2024/AC701/prj_pll_2026/prj_pll_2026.ip_user_files/bd/design_1/ipshared/5cd3/solution1/impl/verilog/sin_gen_varAmp2_3phi_x64.v" into library xil_defaultlib
INFO: [VRFC 10-311] analyzing module sin_gen_varAmp2_3phi_x64
INFO: [VRFC 10-2263] Analyzing Verilog file "C:/Users/cleit/OneDrive/Documents/GitHub/PLL-2024/AC701/prj_pll_2026/prj_pll_2026.ip_user_files/bd/design_1/ip/design_1_sim_clk_gen_0_0/sim/design_1_sim_clk_gen_0_0.v" into library xil_defaultlib
INFO: [VRFC 10-311] analyzing module design_1_sim_clk_gen_0_0
INFO: [VRFC 10-2263] Analyzing Verilog file "C:/Users/cleit/OneDrive/Documents/GitHub/PLL-2024/AC701/prj_pll_2026/prj_pll_2026.ip_user_files/bd/design_1/ip/design_1_sim_clk_gen_1_0/sim/design_1_sim_clk_gen_1_0.v" into library xil_defaultlib
INFO: [VRFC 10-311] analyzing module design_1_sim_clk_gen_1_0
INFO: [VRFC 10-2263] Analyzing Verilog file "C:/Users/cleit/OneDrive/Documents/GitHub/PLL-2024/AC701/prj_pll_2026/prj_pll_2026.ip_user_files/bd/design_1/ip/design_1_xlconstant_0_0/sim/design_1_xlconstant_0_0.v" into library xil_defaultlib
INFO: [VRFC 10-311] analyzing module design_1_xlconstant_0_0
INFO: [VRFC 10-2263] Analyzing Verilog file "C:/Users/cleit/OneDrive/Documents/GitHub/PLL-2024/AC701/prj_pll_2026/prj_pll_2026.ip_user_files/bd/design_1/ip/design_1_xlconstant_1_0/sim/design_1_xlconstant_1_0.v" into library xil_defaultlib
INFO: [VRFC 10-311] analyzing module design_1_xlconstant_1_0
INFO: [VRFC 10-2263] Analyzing Verilog file "C:/Users/cleit/OneDrive/Documents/GitHub/PLL-2024/AC701/prj_pll_2026/prj_pll_2026.ip_user_files/bd/design_1/ip/design_1_xlconstant_2_0/sim/design_1_xlconstant_2_0.v" into library xil_defaultlib
INFO: [VRFC 10-311] analyzing module design_1_xlconstant_2_0
INFO: [VRFC 10-2263] Analyzing Verilog file "C:/Users/cleit/OneDrive/Documents/GitHub/PLL-2024/AC701/prj_pll_2026/prj_pll_2026.ip_user_files/bd/design_1/ip/design_1_xlconstant_0_1/sim/design_1_xlconstant_0_1.v" into library xil_defaultlib
INFO: [VRFC 10-311] analyzing module design_1_xlconstant_0_1
INFO: [VRFC 10-2263] Analyzing Verilog file "C:/Users/cleit/OneDrive/Documents/GitHub/PLL-2024/AC701/prj_pll_2026/prj_pll_2026.ip_user_files/bd/design_1/ip/design_1_xlconstant_3_0/sim/design_1_xlconstant_3_0.v" into library xil_defaultlib
INFO: [VRFC 10-311] analyzing module design_1_xlconstant_3_0
INFO: [VRFC 10-2263] Analyzing Verilog file "C:/Users/cleit/OneDrive/Documents/GitHub/PLL-2024/AC701/prj_pll_2026/prj_pll_2026.ip_user_files/bd/design_1/ip/design_1_xlconstant_3_1/sim/design_1_xlconstant_3_1.v" into library xil_defaultlib
INFO: [VRFC 10-311] analyzing module design_1_xlconstant_3_1
INFO: [VRFC 10-2263] Analyzing Verilog file "C:/Users/cleit/OneDrive/Documents/GitHub/PLL-2024/AC701/prj_pll_2026/prj_pll_2026.ip_user_files/bd/design_1/ip/design_1_xlconstant_5_1/sim/design_1_xlconstant_5_1.v" into library xil_defaultlib
INFO: [VRFC 10-311] analyzing module design_1_xlconstant_5_1
INFO: [VRFC 10-2263] Analyzing Verilog file "C:/Users/cleit/OneDrive/Documents/GitHub/PLL-2024/AC701/prj_pll_2026/prj_pll_2026.ip_user_files/bd/design_1/ip/design_1_xlconstant_5_2/sim/design_1_xlconstant_5_2.v" into library xil_defaultlib
INFO: [VRFC 10-311] analyzing module design_1_xlconstant_5_2
INFO: [VRFC 10-2263] Analyzing Verilog file "C:/Users/cleit/OneDrive/Documents/GitHub/PLL-2024/AC701/prj_pll_2026/prj_pll_2026.ip_user_files/bd/design_1/ip/design_1_xlconstant_8_0/sim/design_1_xlconstant_8_0.v" into library xil_defaultlib
INFO: [VRFC 10-311] analyzing module design_1_xlconstant_8_0
INFO: [VRFC 10-2263] Analyzing Verilog file "C:/Users/cleit/OneDrive/Documents/GitHub/PLL-2024/AC701/prj_pll_2026/prj_pll_2026.ip_user_files/bd/design_1/ip/design_1_xlconstant_9_0/sim/design_1_xlconstant_9_0.v" into library xil_defaultlib
INFO: [VRFC 10-311] analyzing module design_1_xlconstant_9_0
INFO: [VRFC 10-2263] Analyzing Verilog file "C:/Users/cleit/OneDrive/Documents/GitHub/PLL-2024/AC701/prj_pll_2026/prj_pll_2026.ip_user_files/bd/design_1/ip/design_1_xlconstant_10_0/sim/design_1_xlconstant_10_0.v" into library xil_defaultlib
INFO: [VRFC 10-311] analyzing module design_1_xlconstant_10_0
INFO: [VRFC 10-2263] Analyzing Verilog file "C:/Users/cleit/OneDrive/Documents/GitHub/PLL-2024/AC701/prj_pll_2026/prj_pll_2026.ip_user_files/bd/design_1/ip/design_1_xlconstant_10_1/sim/design_1_xlconstant_10_1.v" into library xil_defaultlib
INFO: [VRFC 10-311] analyzing module design_1_xlconstant_10_1
INFO: [VRFC 10-2263] Analyzing Verilog file "C:/Users/cleit/OneDrive/Documents/GitHub/PLL-2024/AC701/prj_pll_2026/prj_pll_2026.ip_user_files/bd/design_1/ipshared/8b51/solution1/impl/verilog/PLL2026_x64_sin_2000_table_V.v" into library xil_defaultlib
INFO: [VRFC 10-311] analyzing module PLL2026_x64_sin_2000_table_V_rom
INFO: [VRFC 10-311] analyzing module PLL2026_x64_sin_2000_table_V
INFO: [VRFC 10-2263] Analyzing Verilog file "C:/Users/cleit/OneDrive/Documents/GitHub/PLL-2024/AC701/prj_pll_2026/prj_pll_2026.ip_user_files/bd/design_1/ipshared/8b51/solution1/impl/verilog/PLL2026_x64_sin_2000.v" into library xil_defaultlib
INFO: [VRFC 10-311] analyzing module PLL2026_x64_sin_2000
INFO: [VRFC 10-2263] Analyzing Verilog file "C:/Users/cleit/OneDrive/Documents/GitHub/PLL-2024/AC701/prj_pll_2026/prj_pll_2026.ip_user_files/bd/design_1/ipshared/8b51/solution1/impl/verilog/PLL2026_x64_mul_65s_91ns_155_5_1.v" into library xil_defaultlib
INFO: [VRFC 10-311] analyzing module PLL2026_x64_mul_65s_91ns_155_5_1_Multiplier_15
INFO: [VRFC 10-311] analyzing module PLL2026_x64_mul_65s_91ns_155_5_1
INFO: [VRFC 10-2263] Analyzing Verilog file "C:/Users/cleit/OneDrive/Documents/GitHub/PLL-2024/AC701/prj_pll_2026/prj_pll_2026.ip_user_files/bd/design_1/ipshared/8b51/solution1/impl/verilog/PLL2026_x64_mul_65s_89ns_153_5_1.v" into library xil_defaultlib
INFO: [VRFC 10-311] analyzing module PLL2026_x64_mul_65s_89ns_153_5_1_Multiplier_14
INFO: [VRFC 10-311] analyzing module PLL2026_x64_mul_65s_89ns_153_5_1
INFO: [VRFC 10-2263] Analyzing Verilog file "C:/Users/cleit/OneDrive/Documents/GitHub/PLL-2024/AC701/prj_pll_2026/prj_pll_2026.ip_user_files/bd/design_1/ipshared/8b51/solution1/impl/verilog/PLL2026_x64_mul_65s_49ns_112_5_1.v" into library xil_defaultlib
INFO: [VRFC 10-311] analyzing module PLL2026_x64_mul_65s_49ns_112_5_1_Multiplier_6
INFO: [VRFC 10-311] analyzing module PLL2026_x64_mul_65s_49ns_112_5_1
INFO: [VRFC 10-2263] Analyzing Verilog file "C:/Users/cleit/OneDrive/Documents/GitHub/PLL-2024/AC701/prj_pll_2026/prj_pll_2026.ip_user_files/bd/design_1/ipshared/8b51/solution1/impl/verilog/PLL2026_x64_mul_64s_89ns_152_5_1.v" into library xil_defaultlib
INFO: [VRFC 10-311] analyzing module PLL2026_x64_mul_64s_89ns_152_5_1_Multiplier_9
INFO: [VRFC 10-311] analyzing module PLL2026_x64_mul_64s_89ns_152_5_1
INFO: [VRFC 10-2263] Analyzing Verilog file "C:/Users/cleit/OneDrive/Documents/GitHub/PLL-2024/AC701/prj_pll_2026/prj_pll_2026.ip_user_files/bd/design_1/ipshared/8b51/solution1/impl/verilog/PLL2026_x64_mul_64s_64s_112_5_1.v" into library xil_defaultlib
INFO: [VRFC 10-311] analyzing module PLL2026_x64_mul_64s_64s_112_5_1_Multiplier_13
INFO: [VRFC 10-311] analyzing module PLL2026_x64_mul_64s_64s_112_5_1
INFO: [VRFC 10-2263] Analyzing Verilog file "C:/Users/cleit/OneDrive/Documents/GitHub/PLL-2024/AC701/prj_pll_2026/prj_pll_2026.ip_user_files/bd/design_1/ipshared/8b51/solution1/impl/verilog/PLL2026_x64_mul_64s_58ns_121_5_1.v" into library xil_defaultlib
INFO: [VRFC 10-311] analyzing module PLL2026_x64_mul_64s_58ns_121_5_1_Multiplier_0
INFO: [VRFC 10-311] analyzing module PLL2026_x64_mul_64s_58ns_121_5_1
INFO: [VRFC 10-2263] Analyzing Verilog file "C:/Users/cleit/OneDrive/Documents/GitHub/PLL-2024/AC701/prj_pll_2026/prj_pll_2026.ip_user_files/bd/design_1/ipshared/8b51/solution1/impl/verilog/PLL2026_x64_mul_64s_54ns_112_5_1.v" into library xil_defaultlib
INFO: [VRFC 10-311] analyzing module PLL2026_x64_mul_64s_54ns_112_5_1_Multiplier_10
INFO: [VRFC 10-311] analyzing module PLL2026_x64_mul_64s_54ns_112_5_1
INFO: [VRFC 10-2263] Analyzing Verilog file "C:/Users/cleit/OneDrive/Documents/GitHub/PLL-2024/AC701/prj_pll_2026/prj_pll_2026.ip_user_files/bd/design_1/ipshared/8b51/solution1/impl/verilog/PLL2026_x64_mul_64s_50s_112_5_1.v" into library xil_defaultlib
INFO: [VRFC 10-311] analyzing module PLL2026_x64_mul_64s_50s_112_5_1_Multiplier_7
INFO: [VRFC 10-311] analyzing module PLL2026_x64_mul_64s_50s_112_5_1
INFO: [VRFC 10-2263] Analyzing Verilog file "C:/Users/cleit/OneDrive/Documents/GitHub/PLL-2024/AC701/prj_pll_2026/prj_pll_2026.ip_user_files/bd/design_1/ipshared/8b51/solution1/impl/verilog/PLL2026_x64_mul_64s_46ns_109_5_1.v" into library xil_defaultlib
INFO: [VRFC 10-311] analyzing module PLL2026_x64_mul_64s_46ns_109_5_1_Multiplier_12
INFO: [VRFC 10-311] analyzing module PLL2026_x64_mul_64s_46ns_109_5_1
INFO: [VRFC 10-2263] Analyzing Verilog file "C:/Users/cleit/OneDrive/Documents/GitHub/PLL-2024/AC701/prj_pll_2026/prj_pll_2026.ip_user_files/bd/design_1/ipshared/8b51/solution1/impl/verilog/PLL2026_x64_mul_64s_31ns_94_5_1.v" into library xil_defaultlib
INFO: [VRFC 10-311] analyzing module PLL2026_x64_mul_64s_31ns_94_5_1_Multiplier_11
INFO: [VRFC 10-311] analyzing module PLL2026_x64_mul_64s_31ns_94_5_1
INFO: [VRFC 10-2263] Analyzing Verilog file "C:/Users/cleit/OneDrive/Documents/GitHub/PLL-2024/AC701/prj_pll_2026/prj_pll_2026.ip_user_files/bd/design_1/ipshared/8b51/solution1/impl/verilog/PLL2026_x64_mul_63s_64ns_112_5_1.v" into library xil_defaultlib
INFO: [VRFC 10-311] analyzing module PLL2026_x64_mul_63s_64ns_112_5_1_Multiplier_1
INFO: [VRFC 10-311] analyzing module PLL2026_x64_mul_63s_64ns_112_5_1
INFO: [VRFC 10-2263] Analyzing Verilog file "C:/Users/cleit/OneDrive/Documents/GitHub/PLL-2024/AC701/prj_pll_2026/prj_pll_2026.ip_user_files/bd/design_1/ipshared/8b51/solution1/impl/verilog/PLL2026_x64_mul_50s_64s_112_5_1.v" into library xil_defaultlib
INFO: [VRFC 10-311] analyzing module PLL2026_x64_mul_50s_64s_112_5_1_Multiplier_8
INFO: [VRFC 10-311] analyzing module PLL2026_x64_mul_50s_64s_112_5_1
INFO: [VRFC 10-2263] Analyzing Verilog file "C:/Users/cleit/OneDrive/Documents/GitHub/PLL-2024/AC701/prj_pll_2026/prj_pll_2026.ip_user_files/bd/design_1/ipshared/8b51/solution1/impl/verilog/PLL2026_x64_mul_49ns_64ns_112_5_1.v" into library xil_defaultlib
INFO: [VRFC 10-311] analyzing module PLL2026_x64_mul_49ns_64ns_112_5_1_Multiplier_4
INFO: [VRFC 10-311] analyzing module PLL2026_x64_mul_49ns_64ns_112_5_1
INFO: [VRFC 10-2263] Analyzing Verilog file "C:/Users/cleit/OneDrive/Documents/GitHub/PLL-2024/AC701/prj_pll_2026/prj_pll_2026.ip_user_files/bd/design_1/ipshared/8b51/solution1/impl/verilog/PLL2026_x64_mul_48ns_64s_112_5_1.v" into library xil_defaultlib
INFO: [VRFC 10-311] analyzing module PLL2026_x64_mul_48ns_64s_112_5_1_Multiplier_3
INFO: [VRFC 10-311] analyzing module PLL2026_x64_mul_48ns_64s_112_5_1
INFO: [VRFC 10-2263] Analyzing Verilog file "C:/Users/cleit/OneDrive/Documents/GitHub/PLL-2024/AC701/prj_pll_2026/prj_pll_2026.ip_user_files/bd/design_1/ipshared/8b51/solution1/impl/verilog/PLL2026_x64_mul_48ns_64ns_111_5_1.v" into library xil_defaultlib
INFO: [VRFC 10-311] analyzing module PLL2026_x64_mul_48ns_64ns_111_5_1_Multiplier_2
INFO: [VRFC 10-311] analyzing module PLL2026_x64_mul_48ns_64ns_111_5_1
INFO: [VRFC 10-2263] Analyzing Verilog file "C:/Users/cleit/OneDrive/Documents/GitHub/PLL-2024/AC701/prj_pll_2026/prj_pll_2026.ip_user_files/bd/design_1/ipshared/8b51/solution1/impl/verilog/PLL2026_x64_mul_113s_49ns_160_5_1.v" into library xil_defaultlib
INFO: [VRFC 10-311] analyzing module PLL2026_x64_mul_113s_49ns_160_5_1_Multiplier_5
INFO: [VRFC 10-311] analyzing module PLL2026_x64_mul_113s_49ns_160_5_1
INFO: [VRFC 10-2263] Analyzing Verilog file "C:/Users/cleit/OneDrive/Documents/GitHub/PLL-2024/AC701/prj_pll_2026/prj_pll_2026.ip_user_files/bd/design_1/ipshared/8b51/solution1/impl/verilog/PLL2026_x64_cos_2000.v" into library xil_defaultlib
INFO: [VRFC 10-311] analyzing module PLL2026_x64_cos_2000
INFO: [VRFC 10-2263] Analyzing Verilog file "C:/Users/cleit/OneDrive/Documents/GitHub/PLL-2024/AC701/prj_pll_2026/prj_pll_2026.ip_user_files/bd/design_1/ipshared/8b51/solution1/impl/verilog/PLL2026_x64_SQRT_LUT_table_n_V.v" into library xil_defaultlib
INFO: [VRFC 10-311] analyzing module PLL2026_x64_SQRT_LUT_table_n_V_rom
INFO: [VRFC 10-311] analyzing module PLL2026_x64_SQRT_LUT_table_n_V
INFO: [VRFC 10-2263] Analyzing Verilog file "C:/Users/cleit/OneDrive/Documents/GitHub/PLL-2024/AC701/prj_pll_2026/prj_pll_2026.ip_user_files/bd/design_1/ipshared/8b51/solution1/impl/verilog/PLL2026_x64_SQRT_LUT_table_mark_V.v" into library xil_defaultlib
INFO: [VRFC 10-311] analyzing module PLL2026_x64_SQRT_LUT_table_mark_V_rom
INFO: [VRFC 10-311] analyzing module PLL2026_x64_SQRT_LUT_table_mark_V
INFO: [VRFC 10-2263] Analyzing Verilog file "C:/Users/cleit/OneDrive/Documents/GitHub/PLL-2024/AC701/prj_pll_2026/prj_pll_2026.ip_user_files/bd/design_1/ipshared/8b51/solution1/impl/verilog/PLL2026_x64_SQRT_LUT_table_m_V.v" into library xil_defaultlib
INFO: [VRFC 10-311] analyzing module PLL2026_x64_SQRT_LUT_table_m_V_rom
INFO: [VRFC 10-311] analyzing module PLL2026_x64_SQRT_LUT_table_m_V
INFO: [VRFC 10-2263] Analyzing Verilog file "C:/Users/cleit/OneDrive/Documents/GitHub/PLL-2024/AC701/prj_pll_2026/prj_pll_2026.ip_user_files/bd/design_1/ipshared/8b51/solution1/impl/verilog/PLL2026_x64_SQRT_LUT.v" into library xil_defaultlib
INFO: [VRFC 10-311] analyzing module PLL2026_x64_SQRT_LUT
INFO: [VRFC 10-2263] Analyzing Verilog file "C:/Users/cleit/OneDrive/Documents/GitHub/PLL-2024/AC701/prj_pll_2026/prj_pll_2026.ip_user_files/bd/design_1/ipshared/8b51/solution1/impl/verilog/PLL2026_x64_INV_LUT_table_n_V_1.v" into library xil_defaultlib
INFO: [VRFC 10-311] analyzing module PLL2026_x64_INV_LUT_table_n_V_1_rom
INFO: [VRFC 10-311] analyzing module PLL2026_x64_INV_LUT_table_n_V_1
INFO: [VRFC 10-2263] Analyzing Verilog file "C:/Users/cleit/OneDrive/Documents/GitHub/PLL-2024/AC701/prj_pll_2026/prj_pll_2026.ip_user_files/bd/design_1/ipshared/8b51/solution1/impl/verilog/PLL2026_x64_INV_LUT_table_mark_V_1.v" into library xil_defaultlib
INFO: [VRFC 10-311] analyzing module PLL2026_x64_INV_LUT_table_mark_V_1_rom
INFO: [VRFC 10-311] analyzing module PLL2026_x64_INV_LUT_table_mark_V_1
INFO: [VRFC 10-2263] Analyzing Verilog file "C:/Users/cleit/OneDrive/Documents/GitHub/PLL-2024/AC701/prj_pll_2026/prj_pll_2026.ip_user_files/bd/design_1/ipshared/8b51/solution1/impl/verilog/PLL2026_x64_INV_LUT_table_m_V_1.v" into library xil_defaultlib
INFO: [VRFC 10-311] analyzing module PLL2026_x64_INV_LUT_table_m_V_1_rom
INFO: [VRFC 10-311] analyzing module PLL2026_x64_INV_LUT_table_m_V_1
INFO: [VRFC 10-2263] Analyzing Verilog file "C:/Users/cleit/OneDrive/Documents/GitHub/PLL-2024/AC701/prj_pll_2026/prj_pll_2026.ip_user_files/bd/design_1/ipshared/8b51/solution1/impl/verilog/PLL2026_x64_INV_LUT.v" into library xil_defaultlib
INFO: [VRFC 10-311] analyzing module PLL2026_x64_INV_LUT
INFO: [VRFC 10-2263] Analyzing Verilog file "C:/Users/cleit/OneDrive/Documents/GitHub/PLL-2024/AC701/prj_pll_2026/prj_pll_2026.ip_user_files/bd/design_1/ipshared/8b51/solution1/impl/verilog/PLL2026_x64_ATAN_LUT_signed_table_n_V_2.v" into library xil_defaultlib
INFO: [VRFC 10-311] analyzing module PLL2026_x64_ATAN_LUT_signed_table_n_V_2_rom
INFO: [VRFC 10-311] analyzing module PLL2026_x64_ATAN_LUT_signed_table_n_V_2
INFO: [VRFC 10-2263] Analyzing Verilog file "C:/Users/cleit/OneDrive/Documents/GitHub/PLL-2024/AC701/prj_pll_2026/prj_pll_2026.ip_user_files/bd/design_1/ipshared/8b51/solution1/impl/verilog/PLL2026_x64_ATAN_LUT_signed_table_mark_V_2.v" into library xil_defaultlib
INFO: [VRFC 10-311] analyzing module PLL2026_x64_ATAN_LUT_signed_table_mark_V_2_rom
INFO: [VRFC 10-311] analyzing module PLL2026_x64_ATAN_LUT_signed_table_mark_V_2
INFO: [VRFC 10-2263] Analyzing Verilog file "C:/Users/cleit/OneDrive/Documents/GitHub/PLL-2024/AC701/prj_pll_2026/prj_pll_2026.ip_user_files/bd/design_1/ipshared/8b51/solution1/impl/verilog/PLL2026_x64_ATAN_LUT_signed_table_m_V_2.v" into library xil_defaultlib
INFO: [VRFC 10-311] analyzing module PLL2026_x64_ATAN_LUT_signed_table_m_V_2_rom
INFO: [VRFC 10-311] analyzing module PLL2026_x64_ATAN_LUT_signed_table_m_V_2
INFO: [VRFC 10-2263] Analyzing Verilog file "C:/Users/cleit/OneDrive/Documents/GitHub/PLL-2024/AC701/prj_pll_2026/prj_pll_2026.ip_user_files/bd/design_1/ipshared/8b51/solution1/impl/verilog/PLL2026_x64_ATAN_LUT_signed.v" into library xil_defaultlib
INFO: [VRFC 10-311] analyzing module PLL2026_x64_ATAN_LUT_signed
INFO: [VRFC 10-2263] Analyzing Verilog file "C:/Users/cleit/OneDrive/Documents/GitHub/PLL-2024/AC701/prj_pll_2026/prj_pll_2026.ip_user_files/bd/design_1/ipshared/8b51/solution1/impl/verilog/PLL2026_x64.v" into library xil_defaultlib
INFO: [VRFC 10-311] analyzing module PLL2026_x64
INFO: [VRFC 10-2263] Analyzing Verilog file "C:/Users/cleit/OneDrive/Documents/GitHub/PLL-2024/AC701/prj_pll_2026/prj_pll_2026.ip_user_files/bd/design_1/sim/design_1.v" into library xil_defaultlib
INFO: [VRFC 10-311] analyzing module design_1
INFO: [VRFC 10-2263] Analyzing Verilog file "C:/Users/cleit/OneDrive/Documents/GitHub/PLL-2024/AC701/prj_pll_2026/prj_pll_2026.gen/sources_1/bd/design_1/hdl/design_1_wrapper.v" into library xil_defaultlib
INFO: [VRFC 10-311] analyzing module design_1_wrapper
