INFO: [VRFC 10-2263] Analyzing Verilog file "C:/Users/cleit/OneDrive/Documents/GitHub/PLL-2024/AC701/prj_pll_2026b/prj_pll_2026b.ip_user_files/bd/design_1/ipshared/fe25/solution1/impl/verilog/sin_gen_varAmp2_3phi_x64_sin_2000_table_r.v" into library xil_defaultlib
INFO: [VRFC 10-311] analyzing module sin_gen_varAmp2_3phi_x64_sin_2000_table_r_rom
INFO: [VRFC 10-311] analyzing module sin_gen_varAmp2_3phi_x64_sin_2000_table_r
INFO: [VRFC 10-2263] Analyzing Verilog file "C:/Users/cleit/OneDrive/Documents/GitHub/PLL-2024/AC701/prj_pll_2026b/prj_pll_2026b.ip_user_files/bd/design_1/ipshared/fe25/solution1/impl/verilog/sin_gen_varAmp2_3phi_x64_sin_2000.v" into library xil_defaultlib
INFO: [VRFC 10-311] analyzing module sin_gen_varAmp2_3phi_x64_sin_2000
INFO: [VRFC 10-2263] Analyzing Verilog file "C:/Users/cleit/OneDrive/Documents/GitHub/PLL-2024/AC701/prj_pll_2026b/prj_pll_2026b.ip_user_files/bd/design_1/ipshared/fe25/solution1/impl/verilog/sin_gen_varAmp2_3phi_x64_mul_64s_58ns_121_5_1.v" into library xil_defaultlib
INFO: [VRFC 10-311] analyzing module sin_gen_varAmp2_3phi_x64_mul_64s_58ns_121_5_1_Multiplier_0
INFO: [VRFC 10-311] analyzing module sin_gen_varAmp2_3phi_x64_mul_64s_58ns_121_5_1
INFO: [VRFC 10-2263] Analyzing Verilog file "C:/Users/cleit/OneDrive/Documents/GitHub/PLL-2024/AC701/prj_pll_2026b/prj_pll_2026b.ip_user_files/bd/design_1/ipshared/fe25/solution1/impl/verilog/sin_gen_varAmp2_3phi_x64_mul_64s_52ns_112_5_1.v" into library xil_defaultlib
INFO: [VRFC 10-311] analyzing module sin_gen_varAmp2_3phi_x64_mul_64s_52ns_112_5_1_Multiplier_2
INFO: [VRFC 10-311] analyzing module sin_gen_varAmp2_3phi_x64_mul_64s_52ns_112_5_1
INFO: [VRFC 10-2263] Analyzing Verilog file "C:/Users/cleit/OneDrive/Documents/GitHub/PLL-2024/AC701/prj_pll_2026b/prj_pll_2026b.ip_user_files/bd/design_1/ipshared/fe25/solution1/impl/verilog/sin_gen_varAmp2_3phi_x64_mul_64s_35ns_98_5_1.v" into library xil_defaultlib
INFO: [VRFC 10-311] analyzing module sin_gen_varAmp2_3phi_x64_mul_64s_35ns_98_5_1_Multiplier_1
INFO: [VRFC 10-311] analyzing module sin_gen_varAmp2_3phi_x64_mul_64s_35ns_98_5_1
INFO: [VRFC 10-2263] Analyzing Verilog file "C:/Users/cleit/OneDrive/Documents/GitHub/PLL-2024/AC701/prj_pll_2026b/prj_pll_2026b.ip_user_files/bd/design_1/ipshared/fe25/solution1/impl/verilog/sin_gen_varAmp2_3phi_x64_mul_50s_64s_112_5_1.v" into library xil_defaultlib
INFO: [VRFC 10-311] analyzing module sin_gen_varAmp2_3phi_x64_mul_50s_64s_112_5_1_Multiplier_3
INFO: [VRFC 10-311] analyzing module sin_gen_varAmp2_3phi_x64_mul_50s_64s_112_5_1
INFO: [VRFC 10-2263] Analyzing Verilog file "C:/Users/cleit/OneDrive/Documents/GitHub/PLL-2024/AC701/prj_pll_2026b/prj_pll_2026b.ip_user_files/bd/design_1/ipshared/fe25/solution1/impl/verilog/sin_gen_varAmp2_3phi_x64.v" into library xil_defaultlib
INFO: [VRFC 10-311] analyzing module sin_gen_varAmp2_3phi_x64
INFO: [VRFC 10-2263] Analyzing Verilog file "C:/Users/cleit/OneDrive/Documents/GitHub/PLL-2024/AC701/prj_pll_2026b/prj_pll_2026b.ip_user_files/bd/design_1/ip/design_1_xlconstant_0_0/sim/design_1_xlconstant_0_0.v" into library xil_defaultlib
INFO: [VRFC 10-311] analyzing module design_1_xlconstant_0_0
INFO: [VRFC 10-2263] Analyzing Verilog file "C:/Users/cleit/OneDrive/Documents/GitHub/PLL-2024/AC701/prj_pll_2026b/prj_pll_2026b.ip_user_files/bd/design_1/ip/design_1_sim_clk_gen_0_0/sim/design_1_sim_clk_gen_0_0.v" into library xil_defaultlib
INFO: [VRFC 10-311] analyzing module design_1_sim_clk_gen_0_0
INFO: [VRFC 10-2263] Analyzing Verilog file "C:/Users/cleit/OneDrive/Documents/GitHub/PLL-2024/AC701/prj_pll_2026b/prj_pll_2026b.ip_user_files/bd/design_1/ip/design_1_sim_clk_gen_0_1/sim/design_1_sim_clk_gen_0_1.v" into library xil_defaultlib
INFO: [VRFC 10-311] analyzing module design_1_sim_clk_gen_0_1
INFO: [VRFC 10-2263] Analyzing Verilog file "C:/Users/cleit/OneDrive/Documents/GitHub/PLL-2024/AC701/prj_pll_2026b/prj_pll_2026b.ip_user_files/bd/design_1/ip/design_1_xlconstant_0_1/sim/design_1_xlconstant_0_1.v" into library xil_defaultlib
INFO: [VRFC 10-311] analyzing module design_1_xlconstant_0_1
INFO: [VRFC 10-2263] Analyzing Verilog file "C:/Users/cleit/OneDrive/Documents/GitHub/PLL-2024/AC701/prj_pll_2026b/prj_pll_2026b.ip_user_files/bd/design_1/ip/design_1_xlconstant_1_0/sim/design_1_xlconstant_1_0.v" into library xil_defaultlib
INFO: [VRFC 10-311] analyzing module design_1_xlconstant_1_0
INFO: [VRFC 10-2263] Analyzing Verilog file "C:/Users/cleit/OneDrive/Documents/GitHub/PLL-2024/AC701/prj_pll_2026b/prj_pll_2026b.ip_user_files/bd/design_1/ipshared/1502/solution1/impl/verilog/PLL2026_x64_table_n_V.v" into library xil_defaultlib
INFO: [VRFC 10-311] analyzing module PLL2026_x64_table_n_V_rom
INFO: [VRFC 10-311] analyzing module PLL2026_x64_table_n_V
INFO: [VRFC 10-2263] Analyzing Verilog file "C:/Users/cleit/OneDrive/Documents/GitHub/PLL-2024/AC701/prj_pll_2026b/prj_pll_2026b.ip_user_files/bd/design_1/ipshared/1502/solution1/impl/verilog/PLL2026_x64_table_mark_V.v" into library xil_defaultlib
INFO: [VRFC 10-311] analyzing module PLL2026_x64_table_mark_V_rom
INFO: [VRFC 10-311] analyzing module PLL2026_x64_table_mark_V
INFO: [VRFC 10-2263] Analyzing Verilog file "C:/Users/cleit/OneDrive/Documents/GitHub/PLL-2024/AC701/prj_pll_2026b/prj_pll_2026b.ip_user_files/bd/design_1/ipshared/1502/solution1/impl/verilog/PLL2026_x64_table_m_V.v" into library xil_defaultlib
INFO: [VRFC 10-311] analyzing module PLL2026_x64_table_m_V_rom
INFO: [VRFC 10-311] analyzing module PLL2026_x64_table_m_V
INFO: [VRFC 10-2263] Analyzing Verilog file "C:/Users/cleit/OneDrive/Documents/GitHub/PLL-2024/AC701/prj_pll_2026b/prj_pll_2026b.ip_user_files/bd/design_1/ipshared/1502/solution1/impl/verilog/PLL2026_x64_sin_2000_table_V.v" into library xil_defaultlib
INFO: [VRFC 10-311] analyzing module PLL2026_x64_sin_2000_table_V_rom
INFO: [VRFC 10-311] analyzing module PLL2026_x64_sin_2000_table_V
INFO: [VRFC 10-2263] Analyzing Verilog file "C:/Users/cleit/OneDrive/Documents/GitHub/PLL-2024/AC701/prj_pll_2026b/prj_pll_2026b.ip_user_files/bd/design_1/ipshared/1502/solution1/impl/verilog/PLL2026_x64_sin_2000.v" into library xil_defaultlib
INFO: [VRFC 10-311] analyzing module PLL2026_x64_sin_2000
INFO: [VRFC 10-2263] Analyzing Verilog file "C:/Users/cleit/OneDrive/Documents/GitHub/PLL-2024/AC701/prj_pll_2026b/prj_pll_2026b.ip_user_files/bd/design_1/ipshared/1502/solution1/impl/verilog/PLL2026_x64_mul_65s_93ns_157_5_1.v" into library xil_defaultlib
INFO: [VRFC 10-311] analyzing module PLL2026_x64_mul_65s_93ns_157_5_1_Multiplier_16
INFO: [VRFC 10-311] analyzing module PLL2026_x64_mul_65s_93ns_157_5_1
INFO: [VRFC 10-2263] Analyzing Verilog file "C:/Users/cleit/OneDrive/Documents/GitHub/PLL-2024/AC701/prj_pll_2026b/prj_pll_2026b.ip_user_files/bd/design_1/ipshared/1502/solution1/impl/verilog/PLL2026_x64_mul_65s_91ns_155_5_1.v" into library xil_defaultlib
INFO: [VRFC 10-311] analyzing module PLL2026_x64_mul_65s_91ns_155_5_1_Multiplier_15
INFO: [VRFC 10-311] analyzing module PLL2026_x64_mul_65s_91ns_155_5_1
INFO: [VRFC 10-2263] Analyzing Verilog file "C:/Users/cleit/OneDrive/Documents/GitHub/PLL-2024/AC701/prj_pll_2026b/prj_pll_2026b.ip_user_files/bd/design_1/ipshared/1502/solution1/impl/verilog/PLL2026_x64_mul_65s_49ns_112_5_1.v" into library xil_defaultlib
INFO: [VRFC 10-311] analyzing module PLL2026_x64_mul_65s_49ns_112_5_1_Multiplier_8
INFO: [VRFC 10-311] analyzing module PLL2026_x64_mul_65s_49ns_112_5_1
INFO: [VRFC 10-2263] Analyzing Verilog file "C:/Users/cleit/OneDrive/Documents/GitHub/PLL-2024/AC701/prj_pll_2026b/prj_pll_2026b.ip_user_files/bd/design_1/ipshared/1502/solution1/impl/verilog/PLL2026_x64_mul_64s_90ns_153_5_1.v" into library xil_defaultlib
INFO: [VRFC 10-311] analyzing module PLL2026_x64_mul_64s_90ns_153_5_1_Multiplier_11
INFO: [VRFC 10-311] analyzing module PLL2026_x64_mul_64s_90ns_153_5_1
INFO: [VRFC 10-2263] Analyzing Verilog file "C:/Users/cleit/OneDrive/Documents/GitHub/PLL-2024/AC701/prj_pll_2026b/prj_pll_2026b.ip_user_files/bd/design_1/ipshared/1502/solution1/impl/verilog/PLL2026_x64_mul_64s_64s_112_5_1.v" into library xil_defaultlib
INFO: [VRFC 10-311] analyzing module PLL2026_x64_mul_64s_64s_112_5_1_Multiplier_3
INFO: [VRFC 10-311] analyzing module PLL2026_x64_mul_64s_64s_112_5_1
INFO: [VRFC 10-2263] Analyzing Verilog file "C:/Users/cleit/OneDrive/Documents/GitHub/PLL-2024/AC701/prj_pll_2026b/prj_pll_2026b.ip_user_files/bd/design_1/ipshared/1502/solution1/impl/verilog/PLL2026_x64_mul_64s_64ns_112_5_1.v" into library xil_defaultlib
INFO: [VRFC 10-311] analyzing module PLL2026_x64_mul_64s_64ns_112_5_1_Multiplier_4
INFO: [VRFC 10-311] analyzing module PLL2026_x64_mul_64s_64ns_112_5_1
INFO: [VRFC 10-2263] Analyzing Verilog file "C:/Users/cleit/OneDrive/Documents/GitHub/PLL-2024/AC701/prj_pll_2026b/prj_pll_2026b.ip_user_files/bd/design_1/ipshared/1502/solution1/impl/verilog/PLL2026_x64_mul_64s_58ns_121_5_1.v" into library xil_defaultlib
INFO: [VRFC 10-311] analyzing module PLL2026_x64_mul_64s_58ns_121_5_1_Multiplier_0
INFO: [VRFC 10-311] analyzing module PLL2026_x64_mul_64s_58ns_121_5_1
INFO: [VRFC 10-2263] Analyzing Verilog file "C:/Users/cleit/OneDrive/Documents/GitHub/PLL-2024/AC701/prj_pll_2026b/prj_pll_2026b.ip_user_files/bd/design_1/ipshared/1502/solution1/impl/verilog/PLL2026_x64_mul_64s_54ns_112_5_1.v" into library xil_defaultlib
INFO: [VRFC 10-311] analyzing module PLL2026_x64_mul_64s_54ns_112_5_1_Multiplier_12
INFO: [VRFC 10-311] analyzing module PLL2026_x64_mul_64s_54ns_112_5_1
INFO: [VRFC 10-2263] Analyzing Verilog file "C:/Users/cleit/OneDrive/Documents/GitHub/PLL-2024/AC701/prj_pll_2026b/prj_pll_2026b.ip_user_files/bd/design_1/ipshared/1502/solution1/impl/verilog/PLL2026_x64_mul_64s_50s_112_5_1.v" into library xil_defaultlib
INFO: [VRFC 10-311] analyzing module PLL2026_x64_mul_64s_50s_112_5_1_Multiplier_9
INFO: [VRFC 10-311] analyzing module PLL2026_x64_mul_64s_50s_112_5_1
INFO: [VRFC 10-2263] Analyzing Verilog file "C:/Users/cleit/OneDrive/Documents/GitHub/PLL-2024/AC701/prj_pll_2026b/prj_pll_2026b.ip_user_files/bd/design_1/ipshared/1502/solution1/impl/verilog/PLL2026_x64_mul_64s_32ns_95_5_1.v" into library xil_defaultlib
INFO: [VRFC 10-311] analyzing module PLL2026_x64_mul_64s_32ns_95_5_1_Multiplier_13
INFO: [VRFC 10-311] analyzing module PLL2026_x64_mul_64s_32ns_95_5_1
INFO: [VRFC 10-2263] Analyzing Verilog file "C:/Users/cleit/OneDrive/Documents/GitHub/PLL-2024/AC701/prj_pll_2026b/prj_pll_2026b.ip_user_files/bd/design_1/ipshared/1502/solution1/impl/verilog/PLL2026_x64_mul_63s_64ns_112_5_1.v" into library xil_defaultlib
INFO: [VRFC 10-311] analyzing module PLL2026_x64_mul_63s_64ns_112_5_1_Multiplier_1
INFO: [VRFC 10-311] analyzing module PLL2026_x64_mul_63s_64ns_112_5_1
INFO: [VRFC 10-2263] Analyzing Verilog file "C:/Users/cleit/OneDrive/Documents/GitHub/PLL-2024/AC701/prj_pll_2026b/prj_pll_2026b.ip_user_files/bd/design_1/ipshared/1502/solution1/impl/verilog/PLL2026_x64_mul_50s_64s_112_5_1.v" into library xil_defaultlib
INFO: [VRFC 10-311] analyzing module PLL2026_x64_mul_50s_64s_112_5_1_Multiplier_10
INFO: [VRFC 10-311] analyzing module PLL2026_x64_mul_50s_64s_112_5_1
INFO: [VRFC 10-2263] Analyzing Verilog file "C:/Users/cleit/OneDrive/Documents/GitHub/PLL-2024/AC701/prj_pll_2026b/prj_pll_2026b.ip_user_files/bd/design_1/ipshared/1502/solution1/impl/verilog/PLL2026_x64_mul_49ns_64ns_112_5_1.v" into library xil_defaultlib
INFO: [VRFC 10-311] analyzing module PLL2026_x64_mul_49ns_64ns_112_5_1_Multiplier_14
INFO: [VRFC 10-311] analyzing module PLL2026_x64_mul_49ns_64ns_112_5_1
INFO: [VRFC 10-2263] Analyzing Verilog file "C:/Users/cleit/OneDrive/Documents/GitHub/PLL-2024/AC701/prj_pll_2026b/prj_pll_2026b.ip_user_files/bd/design_1/ipshared/1502/solution1/impl/verilog/PLL2026_x64_mul_49ns_64ns_110_5_1.v" into library xil_defaultlib
INFO: [VRFC 10-311] analyzing module PLL2026_x64_mul_49ns_64ns_110_5_1_Multiplier_17
INFO: [VRFC 10-311] analyzing module PLL2026_x64_mul_49ns_64ns_110_5_1
INFO: [VRFC 10-2263] Analyzing Verilog file "C:/Users/cleit/OneDrive/Documents/GitHub/PLL-2024/AC701/prj_pll_2026b/prj_pll_2026b.ip_user_files/bd/design_1/ipshared/1502/solution1/impl/verilog/PLL2026_x64_mul_48ns_64s_112_5_1.v" into library xil_defaultlib
INFO: [VRFC 10-311] analyzing module PLL2026_x64_mul_48ns_64s_112_5_1_Multiplier_2
INFO: [VRFC 10-311] analyzing module PLL2026_x64_mul_48ns_64s_112_5_1
INFO: [VRFC 10-2263] Analyzing Verilog file "C:/Users/cleit/OneDrive/Documents/GitHub/PLL-2024/AC701/prj_pll_2026b/prj_pll_2026b.ip_user_files/bd/design_1/ipshared/1502/solution1/impl/verilog/PLL2026_x64_mul_48ns_64ns_111_5_1.v" into library xil_defaultlib
INFO: [VRFC 10-311] analyzing module PLL2026_x64_mul_48ns_64ns_111_5_1_Multiplier_6
INFO: [VRFC 10-311] analyzing module PLL2026_x64_mul_48ns_64ns_111_5_1
INFO: [VRFC 10-2263] Analyzing Verilog file "C:/Users/cleit/OneDrive/Documents/GitHub/PLL-2024/AC701/prj_pll_2026b/prj_pll_2026b.ip_user_files/bd/design_1/ipshared/1502/solution1/impl/verilog/PLL2026_x64_mul_48ns_64ns_110_5_1.v" into library xil_defaultlib
INFO: [VRFC 10-311] analyzing module PLL2026_x64_mul_48ns_64ns_110_5_1_Multiplier_5
INFO: [VRFC 10-311] analyzing module PLL2026_x64_mul_48ns_64ns_110_5_1
INFO: [VRFC 10-2263] Analyzing Verilog file "C:/Users/cleit/OneDrive/Documents/GitHub/PLL-2024/AC701/prj_pll_2026b/prj_pll_2026b.ip_user_files/bd/design_1/ipshared/1502/solution1/impl/verilog/PLL2026_x64_mul_113s_49ns_160_5_1.v" into library xil_defaultlib
INFO: [VRFC 10-311] analyzing module PLL2026_x64_mul_113s_49ns_160_5_1_Multiplier_7
INFO: [VRFC 10-311] analyzing module PLL2026_x64_mul_113s_49ns_160_5_1
INFO: [VRFC 10-2263] Analyzing Verilog file "C:/Users/cleit/OneDrive/Documents/GitHub/PLL-2024/AC701/prj_pll_2026b/prj_pll_2026b.ip_user_files/bd/design_1/ipshared/1502/solution1/impl/verilog/PLL2026_x64_cos_2000.v" into library xil_defaultlib
INFO: [VRFC 10-311] analyzing module PLL2026_x64_cos_2000
INFO: [VRFC 10-2263] Analyzing Verilog file "C:/Users/cleit/OneDrive/Documents/GitHub/PLL-2024/AC701/prj_pll_2026b/prj_pll_2026b.ip_user_files/bd/design_1/ipshared/1502/solution1/impl/verilog/PLL2026_x64_INV_LUT_table_n_V_1.v" into library xil_defaultlib
INFO: [VRFC 10-311] analyzing module PLL2026_x64_INV_LUT_table_n_V_1_rom
INFO: [VRFC 10-311] analyzing module PLL2026_x64_INV_LUT_table_n_V_1
INFO: [VRFC 10-2263] Analyzing Verilog file "C:/Users/cleit/OneDrive/Documents/GitHub/PLL-2024/AC701/prj_pll_2026b/prj_pll_2026b.ip_user_files/bd/design_1/ipshared/1502/solution1/impl/verilog/PLL2026_x64_INV_LUT_table_mark_V_1.v" into library xil_defaultlib
INFO: [VRFC 10-311] analyzing module PLL2026_x64_INV_LUT_table_mark_V_1_rom
INFO: [VRFC 10-311] analyzing module PLL2026_x64_INV_LUT_table_mark_V_1
INFO: [VRFC 10-2263] Analyzing Verilog file "C:/Users/cleit/OneDrive/Documents/GitHub/PLL-2024/AC701/prj_pll_2026b/prj_pll_2026b.ip_user_files/bd/design_1/ipshared/1502/solution1/impl/verilog/PLL2026_x64_INV_LUT_table_m_V_1.v" into library xil_defaultlib
INFO: [VRFC 10-311] analyzing module PLL2026_x64_INV_LUT_table_m_V_1_rom
INFO: [VRFC 10-311] analyzing module PLL2026_x64_INV_LUT_table_m_V_1
INFO: [VRFC 10-2263] Analyzing Verilog file "C:/Users/cleit/OneDrive/Documents/GitHub/PLL-2024/AC701/prj_pll_2026b/prj_pll_2026b.ip_user_files/bd/design_1/ipshared/1502/solution1/impl/verilog/PLL2026_x64_INV_LUT.v" into library xil_defaultlib
INFO: [VRFC 10-311] analyzing module PLL2026_x64_INV_LUT
INFO: [VRFC 10-2263] Analyzing Verilog file "C:/Users/cleit/OneDrive/Documents/GitHub/PLL-2024/AC701/prj_pll_2026b/prj_pll_2026b.ip_user_files/bd/design_1/ipshared/1502/solution1/impl/verilog/PLL2026_x64_ATAN_LUT_table_n_V_2.v" into library xil_defaultlib
INFO: [VRFC 10-311] analyzing module PLL2026_x64_ATAN_LUT_table_n_V_2_rom
INFO: [VRFC 10-311] analyzing module PLL2026_x64_ATAN_LUT_table_n_V_2
INFO: [VRFC 10-2263] Analyzing Verilog file "C:/Users/cleit/OneDrive/Documents/GitHub/PLL-2024/AC701/prj_pll_2026b/prj_pll_2026b.ip_user_files/bd/design_1/ipshared/1502/solution1/impl/verilog/PLL2026_x64_ATAN_LUT_table_mark_V_2.v" into library xil_defaultlib
INFO: [VRFC 10-311] analyzing module PLL2026_x64_ATAN_LUT_table_mark_V_2_rom
INFO: [VRFC 10-311] analyzing module PLL2026_x64_ATAN_LUT_table_mark_V_2
INFO: [VRFC 10-2263] Analyzing Verilog file "C:/Users/cleit/OneDrive/Documents/GitHub/PLL-2024/AC701/prj_pll_2026b/prj_pll_2026b.ip_user_files/bd/design_1/ipshared/1502/solution1/impl/verilog/PLL2026_x64_ATAN_LUT_table_m_V_2.v" into library xil_defaultlib
INFO: [VRFC 10-311] analyzing module PLL2026_x64_ATAN_LUT_table_m_V_2_rom
INFO: [VRFC 10-311] analyzing module PLL2026_x64_ATAN_LUT_table_m_V_2
INFO: [VRFC 10-2263] Analyzing Verilog file "C:/Users/cleit/OneDrive/Documents/GitHub/PLL-2024/AC701/prj_pll_2026b/prj_pll_2026b.ip_user_files/bd/design_1/ipshared/1502/solution1/impl/verilog/PLL2026_x64_ATAN_LUT_signed.v" into library xil_defaultlib
INFO: [VRFC 10-311] analyzing module PLL2026_x64_ATAN_LUT_signed
INFO: [VRFC 10-2263] Analyzing Verilog file "C:/Users/cleit/OneDrive/Documents/GitHub/PLL-2024/AC701/prj_pll_2026b/prj_pll_2026b.ip_user_files/bd/design_1/ipshared/1502/solution1/impl/verilog/PLL2026_x64_ATAN_LUT.v" into library xil_defaultlib
INFO: [VRFC 10-311] analyzing module PLL2026_x64_ATAN_LUT
INFO: [VRFC 10-2263] Analyzing Verilog file "C:/Users/cleit/OneDrive/Documents/GitHub/PLL-2024/AC701/prj_pll_2026b/prj_pll_2026b.ip_user_files/bd/design_1/ipshared/1502/solution1/impl/verilog/PLL2026_x64_ATAN2_LUT.v" into library xil_defaultlib
INFO: [VRFC 10-311] analyzing module PLL2026_x64_ATAN2_LUT
INFO: [VRFC 10-2263] Analyzing Verilog file "C:/Users/cleit/OneDrive/Documents/GitHub/PLL-2024/AC701/prj_pll_2026b/prj_pll_2026b.ip_user_files/bd/design_1/ipshared/1502/solution1/impl/verilog/PLL2026_x64.v" into library xil_defaultlib
INFO: [VRFC 10-311] analyzing module PLL2026_x64
INFO: [VRFC 10-2263] Analyzing Verilog file "C:/Users/cleit/OneDrive/Documents/GitHub/PLL-2024/AC701/prj_pll_2026b/prj_pll_2026b.ip_user_files/bd/design_1/ip/design_1_xlconstant_1_1/sim/design_1_xlconstant_1_1.v" into library xil_defaultlib
INFO: [VRFC 10-311] analyzing module design_1_xlconstant_1_1
INFO: [VRFC 10-2263] Analyzing Verilog file "C:/Users/cleit/OneDrive/Documents/GitHub/PLL-2024/AC701/prj_pll_2026b/prj_pll_2026b.ip_user_files/bd/design_1/ip/design_1_xlconstant_1_2/sim/design_1_xlconstant_1_2.v" into library xil_defaultlib
INFO: [VRFC 10-311] analyzing module design_1_xlconstant_1_2
INFO: [VRFC 10-2263] Analyzing Verilog file "C:/Users/cleit/OneDrive/Documents/GitHub/PLL-2024/AC701/prj_pll_2026b/prj_pll_2026b.ip_user_files/bd/design_1/ip/design_1_xlconstant_1_3/sim/design_1_xlconstant_1_3.v" into library xil_defaultlib
INFO: [VRFC 10-311] analyzing module design_1_xlconstant_1_3
INFO: [VRFC 10-2263] Analyzing Verilog file "C:/Users/cleit/OneDrive/Documents/GitHub/PLL-2024/AC701/prj_pll_2026b/prj_pll_2026b.ip_user_files/bd/design_1/ip/design_1_sim_clk_gen_0_2/sim/design_1_sim_clk_gen_0_2.v" into library xil_defaultlib
INFO: [VRFC 10-311] analyzing module design_1_sim_clk_gen_0_2
INFO: [VRFC 10-2263] Analyzing Verilog file "C:/Users/cleit/OneDrive/Documents/GitHub/PLL-2024/AC701/prj_pll_2026b/prj_pll_2026b.ip_user_files/bd/design_1/ip/design_1_xlconstant_6_0/sim/design_1_xlconstant_6_0.v" into library xil_defaultlib
INFO: [VRFC 10-311] analyzing module design_1_xlconstant_6_0
INFO: [VRFC 10-2263] Analyzing Verilog file "C:/Users/cleit/OneDrive/Documents/GitHub/PLL-2024/AC701/prj_pll_2026b/prj_pll_2026b.ip_user_files/bd/design_1/ip/design_1_sim_clk_gen_2_0/sim/design_1_sim_clk_gen_2_0.v" into library xil_defaultlib
INFO: [VRFC 10-311] analyzing module design_1_sim_clk_gen_2_0
INFO: [VRFC 10-2263] Analyzing Verilog file "C:/Users/cleit/OneDrive/Documents/GitHub/PLL-2024/AC701/prj_pll_2026b/prj_pll_2026b.ip_user_files/bd/design_1/ip/design_1_xlconstant_6_1/sim/design_1_xlconstant_6_1.v" into library xil_defaultlib
INFO: [VRFC 10-311] analyzing module design_1_xlconstant_6_1
INFO: [VRFC 10-2263] Analyzing Verilog file "C:/Users/cleit/OneDrive/Documents/GitHub/PLL-2024/AC701/prj_pll_2026b/prj_pll_2026b.ip_user_files/bd/design_1/ip/design_1_xlconstant_6_2/sim/design_1_xlconstant_6_2.v" into library xil_defaultlib
INFO: [VRFC 10-311] analyzing module design_1_xlconstant_6_2
INFO: [VRFC 10-2263] Analyzing Verilog file "C:/Users/cleit/OneDrive/Documents/GitHub/PLL-2024/AC701/prj_pll_2026b/prj_pll_2026b.ip_user_files/bd/design_1/ip/design_1_xlconstant_6_3/sim/design_1_xlconstant_6_3.v" into library xil_defaultlib
INFO: [VRFC 10-311] analyzing module design_1_xlconstant_6_3
INFO: [VRFC 10-2263] Analyzing Verilog file "C:/Users/cleit/OneDrive/Documents/GitHub/PLL-2024/AC701/prj_pll_2026b/prj_pll_2026b.ip_user_files/bd/design_1/ip/design_1_xlconstant_6_4/sim/design_1_xlconstant_6_4.v" into library xil_defaultlib
INFO: [VRFC 10-311] analyzing module design_1_xlconstant_6_4
INFO: [VRFC 10-2263] Analyzing Verilog file "C:/Users/cleit/OneDrive/Documents/GitHub/PLL-2024/AC701/prj_pll_2026b/prj_pll_2026b.ip_user_files/bd/design_1/ip/design_1_xlconstant_6_5/sim/design_1_xlconstant_6_5.v" into library xil_defaultlib
INFO: [VRFC 10-311] analyzing module design_1_xlconstant_6_5
INFO: [VRFC 10-2263] Analyzing Verilog file "C:/Users/cleit/OneDrive/Documents/GitHub/PLL-2024/AC701/prj_pll_2026b/prj_pll_2026b.ip_user_files/bd/design_1/ip/design_1_xlconstant_6_6/sim/design_1_xlconstant_6_6.v" into library xil_defaultlib
INFO: [VRFC 10-311] analyzing module design_1_xlconstant_6_6
INFO: [VRFC 10-2263] Analyzing Verilog file "C:/Users/cleit/OneDrive/Documents/GitHub/PLL-2024/AC701/prj_pll_2026b/prj_pll_2026b.ip_user_files/bd/design_1/ip/design_1_xlconstant_2_0/sim/design_1_xlconstant_2_0.v" into library xil_defaultlib
INFO: [VRFC 10-311] analyzing module design_1_xlconstant_2_0
INFO: [VRFC 10-2263] Analyzing Verilog file "C:/Users/cleit/OneDrive/Documents/GitHub/PLL-2024/AC701/prj_pll_2026b/prj_pll_2026b.ip_user_files/bd/design_1/ip/design_1_xlconstant_13_0/sim/design_1_xlconstant_13_0.v" into library xil_defaultlib
INFO: [VRFC 10-311] analyzing module design_1_xlconstant_13_0
INFO: [VRFC 10-2263] Analyzing Verilog file "C:/Users/cleit/OneDrive/Documents/GitHub/PLL-2024/AC701/prj_pll_2026b/prj_pll_2026b.ip_user_files/bd/design_1/sim/design_1.v" into library xil_defaultlib
INFO: [VRFC 10-311] analyzing module design_1
INFO: [VRFC 10-2263] Analyzing Verilog file "C:/Users/cleit/OneDrive/Documents/GitHub/PLL-2024/AC701/prj_pll_2026b/prj_pll_2026b.gen/sources_1/bd/design_1/hdl/design_1_wrapper.v" into library xil_defaultlib
INFO: [VRFC 10-311] analyzing module design_1_wrapper
INFO: [VRFC 10-163] Analyzing VHDL file "C:/Users/cleit/OneDrive/Documents/GitHub/PLL-2024/AC701/prj_pll_2026b/prj_pll_2026b.ip_user_files/bd/design_1/ipshared/1502/solution1/syn/vhdl/PLL2026_x64_table_n_V.vhd" into library xil_defaultlib
INFO: [VRFC 10-3107] analyzing entity 'PLL2026_x64_table_n_V_rom'
INFO: [VRFC 10-3107] analyzing entity 'PLL2026_x64_table_n_V'
INFO: [VRFC 10-163] Analyzing VHDL file "C:/Users/cleit/OneDrive/Documents/GitHub/PLL-2024/AC701/prj_pll_2026b/prj_pll_2026b.ip_user_files/bd/design_1/ipshared/1502/solution1/syn/vhdl/PLL2026_x64_table_mark_V.vhd" into library xil_defaultlib
INFO: [VRFC 10-3107] analyzing entity 'PLL2026_x64_table_mark_V_rom'
INFO: [VRFC 10-3107] analyzing entity 'PLL2026_x64_table_mark_V'
INFO: [VRFC 10-163] Analyzing VHDL file "C:/Users/cleit/OneDrive/Documents/GitHub/PLL-2024/AC701/prj_pll_2026b/prj_pll_2026b.ip_user_files/bd/design_1/ipshared/1502/solution1/syn/vhdl/PLL2026_x64_table_m_V.vhd" into library xil_defaultlib
INFO: [VRFC 10-3107] analyzing entity 'PLL2026_x64_table_m_V_rom'
INFO: [VRFC 10-3107] analyzing entity 'PLL2026_x64_table_m_V'
INFO: [VRFC 10-163] Analyzing VHDL file "C:/Users/cleit/OneDrive/Documents/GitHub/PLL-2024/AC701/prj_pll_2026b/prj_pll_2026b.ip_user_files/bd/design_1/ipshared/1502/solution1/syn/vhdl/PLL2026_x64_sin_2000_table_V.vhd" into library xil_defaultlib
INFO: [VRFC 10-3107] analyzing entity 'PLL2026_x64_sin_2000_table_V_rom'
INFO: [VRFC 10-3107] analyzing entity 'PLL2026_x64_sin_2000_table_V'
INFO: [VRFC 10-163] Analyzing VHDL file "C:/Users/cleit/OneDrive/Documents/GitHub/PLL-2024/AC701/prj_pll_2026b/prj_pll_2026b.ip_user_files/bd/design_1/ipshared/1502/solution1/syn/vhdl/PLL2026_x64_sin_2000.vhd" into library xil_defaultlib
INFO: [VRFC 10-3107] analyzing entity 'PLL2026_x64_sin_2000'
INFO: [VRFC 10-163] Analyzing VHDL file "C:/Users/cleit/OneDrive/Documents/GitHub/PLL-2024/AC701/prj_pll_2026b/prj_pll_2026b.ip_user_files/bd/design_1/ipshared/1502/solution1/syn/vhdl/PLL2026_x64_mul_65s_93ns_157_5_1.vhd" into library xil_defaultlib
INFO: [VRFC 10-3107] analyzing entity 'PLL2026_x64_mul_65s_93ns_157_5_1_Multiplier_16'
INFO: [VRFC 10-3107] analyzing entity 'PLL2026_x64_mul_65s_93ns_157_5_1'
INFO: [VRFC 10-163] Analyzing VHDL file "C:/Users/cleit/OneDrive/Documents/GitHub/PLL-2024/AC701/prj_pll_2026b/prj_pll_2026b.ip_user_files/bd/design_1/ipshared/1502/solution1/syn/vhdl/PLL2026_x64_mul_65s_91ns_155_5_1.vhd" into library xil_defaultlib
INFO: [VRFC 10-3107] analyzing entity 'PLL2026_x64_mul_65s_91ns_155_5_1_Multiplier_15'
INFO: [VRFC 10-3107] analyzing entity 'PLL2026_x64_mul_65s_91ns_155_5_1'
INFO: [VRFC 10-163] Analyzing VHDL file "C:/Users/cleit/OneDrive/Documents/GitHub/PLL-2024/AC701/prj_pll_2026b/prj_pll_2026b.ip_user_files/bd/design_1/ipshared/1502/solution1/syn/vhdl/PLL2026_x64_mul_65s_49ns_112_5_1.vhd" into library xil_defaultlib
INFO: [VRFC 10-3107] analyzing entity 'PLL2026_x64_mul_65s_49ns_112_5_1_Multiplier_8'
INFO: [VRFC 10-3107] analyzing entity 'PLL2026_x64_mul_65s_49ns_112_5_1'
INFO: [VRFC 10-163] Analyzing VHDL file "C:/Users/cleit/OneDrive/Documents/GitHub/PLL-2024/AC701/prj_pll_2026b/prj_pll_2026b.ip_user_files/bd/design_1/ipshared/1502/solution1/syn/vhdl/PLL2026_x64_mul_64s_90ns_153_5_1.vhd" into library xil_defaultlib
INFO: [VRFC 10-3107] analyzing entity 'PLL2026_x64_mul_64s_90ns_153_5_1_Multiplier_11'
INFO: [VRFC 10-3107] analyzing entity 'PLL2026_x64_mul_64s_90ns_153_5_1'
INFO: [VRFC 10-163] Analyzing VHDL file "C:/Users/cleit/OneDrive/Documents/GitHub/PLL-2024/AC701/prj_pll_2026b/prj_pll_2026b.ip_user_files/bd/design_1/ipshared/1502/solution1/syn/vhdl/PLL2026_x64_mul_64s_64s_112_5_1.vhd" into library xil_defaultlib
INFO: [VRFC 10-3107] analyzing entity 'PLL2026_x64_mul_64s_64s_112_5_1_Multiplier_3'
INFO: [VRFC 10-3107] analyzing entity 'PLL2026_x64_mul_64s_64s_112_5_1'
INFO: [VRFC 10-163] Analyzing VHDL file "C:/Users/cleit/OneDrive/Documents/GitHub/PLL-2024/AC701/prj_pll_2026b/prj_pll_2026b.ip_user_files/bd/design_1/ipshared/1502/solution1/syn/vhdl/PLL2026_x64_mul_64s_64ns_112_5_1.vhd" into library xil_defaultlib
INFO: [VRFC 10-3107] analyzing entity 'PLL2026_x64_mul_64s_64ns_112_5_1_Multiplier_4'
INFO: [VRFC 10-3107] analyzing entity 'PLL2026_x64_mul_64s_64ns_112_5_1'
INFO: [VRFC 10-163] Analyzing VHDL file "C:/Users/cleit/OneDrive/Documents/GitHub/PLL-2024/AC701/prj_pll_2026b/prj_pll_2026b.ip_user_files/bd/design_1/ipshared/1502/solution1/syn/vhdl/PLL2026_x64_mul_64s_58ns_121_5_1.vhd" into library xil_defaultlib
INFO: [VRFC 10-3107] analyzing entity 'PLL2026_x64_mul_64s_58ns_121_5_1_Multiplier_0'
INFO: [VRFC 10-3107] analyzing entity 'PLL2026_x64_mul_64s_58ns_121_5_1'
INFO: [VRFC 10-163] Analyzing VHDL file "C:/Users/cleit/OneDrive/Documents/GitHub/PLL-2024/AC701/prj_pll_2026b/prj_pll_2026b.ip_user_files/bd/design_1/ipshared/1502/solution1/syn/vhdl/PLL2026_x64_mul_64s_54ns_112_5_1.vhd" into library xil_defaultlib
INFO: [VRFC 10-3107] analyzing entity 'PLL2026_x64_mul_64s_54ns_112_5_1_Multiplier_12'
INFO: [VRFC 10-3107] analyzing entity 'PLL2026_x64_mul_64s_54ns_112_5_1'
INFO: [VRFC 10-163] Analyzing VHDL file "C:/Users/cleit/OneDrive/Documents/GitHub/PLL-2024/AC701/prj_pll_2026b/prj_pll_2026b.ip_user_files/bd/design_1/ipshared/1502/solution1/syn/vhdl/PLL2026_x64_mul_64s_50s_112_5_1.vhd" into library xil_defaultlib
INFO: [VRFC 10-3107] analyzing entity 'PLL2026_x64_mul_64s_50s_112_5_1_Multiplier_9'
INFO: [VRFC 10-3107] analyzing entity 'PLL2026_x64_mul_64s_50s_112_5_1'
INFO: [VRFC 10-163] Analyzing VHDL file "C:/Users/cleit/OneDrive/Documents/GitHub/PLL-2024/AC701/prj_pll_2026b/prj_pll_2026b.ip_user_files/bd/design_1/ipshared/1502/solution1/syn/vhdl/PLL2026_x64_mul_64s_32ns_95_5_1.vhd" into library xil_defaultlib
INFO: [VRFC 10-3107] analyzing entity 'PLL2026_x64_mul_64s_32ns_95_5_1_Multiplier_13'
INFO: [VRFC 10-3107] analyzing entity 'PLL2026_x64_mul_64s_32ns_95_5_1'
INFO: [VRFC 10-163] Analyzing VHDL file "C:/Users/cleit/OneDrive/Documents/GitHub/PLL-2024/AC701/prj_pll_2026b/prj_pll_2026b.ip_user_files/bd/design_1/ipshared/1502/solution1/syn/vhdl/PLL2026_x64_mul_63s_64ns_112_5_1.vhd" into library xil_defaultlib
INFO: [VRFC 10-3107] analyzing entity 'PLL2026_x64_mul_63s_64ns_112_5_1_Multiplier_1'
INFO: [VRFC 10-3107] analyzing entity 'PLL2026_x64_mul_63s_64ns_112_5_1'
INFO: [VRFC 10-163] Analyzing VHDL file "C:/Users/cleit/OneDrive/Documents/GitHub/PLL-2024/AC701/prj_pll_2026b/prj_pll_2026b.ip_user_files/bd/design_1/ipshared/1502/solution1/syn/vhdl/PLL2026_x64_mul_50s_64s_112_5_1.vhd" into library xil_defaultlib
INFO: [VRFC 10-3107] analyzing entity 'PLL2026_x64_mul_50s_64s_112_5_1_Multiplier_10'
INFO: [VRFC 10-3107] analyzing entity 'PLL2026_x64_mul_50s_64s_112_5_1'
INFO: [VRFC 10-163] Analyzing VHDL file "C:/Users/cleit/OneDrive/Documents/GitHub/PLL-2024/AC701/prj_pll_2026b/prj_pll_2026b.ip_user_files/bd/design_1/ipshared/1502/solution1/syn/vhdl/PLL2026_x64_mul_49ns_64ns_112_5_1.vhd" into library xil_defaultlib
INFO: [VRFC 10-3107] analyzing entity 'PLL2026_x64_mul_49ns_64ns_112_5_1_Multiplier_14'
INFO: [VRFC 10-3107] analyzing entity 'PLL2026_x64_mul_49ns_64ns_112_5_1'
INFO: [VRFC 10-163] Analyzing VHDL file "C:/Users/cleit/OneDrive/Documents/GitHub/PLL-2024/AC701/prj_pll_2026b/prj_pll_2026b.ip_user_files/bd/design_1/ipshared/1502/solution1/syn/vhdl/PLL2026_x64_mul_49ns_64ns_110_5_1.vhd" into library xil_defaultlib
INFO: [VRFC 10-3107] analyzing entity 'PLL2026_x64_mul_49ns_64ns_110_5_1_Multiplier_17'
INFO: [VRFC 10-3107] analyzing entity 'PLL2026_x64_mul_49ns_64ns_110_5_1'
INFO: [VRFC 10-163] Analyzing VHDL file "C:/Users/cleit/OneDrive/Documents/GitHub/PLL-2024/AC701/prj_pll_2026b/prj_pll_2026b.ip_user_files/bd/design_1/ipshared/1502/solution1/syn/vhdl/PLL2026_x64_mul_48ns_64s_112_5_1.vhd" into library xil_defaultlib
INFO: [VRFC 10-3107] analyzing entity 'PLL2026_x64_mul_48ns_64s_112_5_1_Multiplier_2'
INFO: [VRFC 10-3107] analyzing entity 'PLL2026_x64_mul_48ns_64s_112_5_1'
INFO: [VRFC 10-163] Analyzing VHDL file "C:/Users/cleit/OneDrive/Documents/GitHub/PLL-2024/AC701/prj_pll_2026b/prj_pll_2026b.ip_user_files/bd/design_1/ipshared/1502/solution1/syn/vhdl/PLL2026_x64_mul_48ns_64ns_111_5_1.vhd" into library xil_defaultlib
INFO: [VRFC 10-3107] analyzing entity 'PLL2026_x64_mul_48ns_64ns_111_5_1_Multiplier_6'
INFO: [VRFC 10-3107] analyzing entity 'PLL2026_x64_mul_48ns_64ns_111_5_1'
INFO: [VRFC 10-163] Analyzing VHDL file "C:/Users/cleit/OneDrive/Documents/GitHub/PLL-2024/AC701/prj_pll_2026b/prj_pll_2026b.ip_user_files/bd/design_1/ipshared/1502/solution1/syn/vhdl/PLL2026_x64_mul_48ns_64ns_110_5_1.vhd" into library xil_defaultlib
INFO: [VRFC 10-3107] analyzing entity 'PLL2026_x64_mul_48ns_64ns_110_5_1_Multiplier_5'
INFO: [VRFC 10-3107] analyzing entity 'PLL2026_x64_mul_48ns_64ns_110_5_1'
INFO: [VRFC 10-163] Analyzing VHDL file "C:/Users/cleit/OneDrive/Documents/GitHub/PLL-2024/AC701/prj_pll_2026b/prj_pll_2026b.ip_user_files/bd/design_1/ipshared/1502/solution1/syn/vhdl/PLL2026_x64_mul_113s_49ns_160_5_1.vhd" into library xil_defaultlib
INFO: [VRFC 10-3107] analyzing entity 'PLL2026_x64_mul_113s_49ns_160_5_1_Multiplier_7'
INFO: [VRFC 10-3107] analyzing entity 'PLL2026_x64_mul_113s_49ns_160_5_1'
INFO: [VRFC 10-163] Analyzing VHDL file "C:/Users/cleit/OneDrive/Documents/GitHub/PLL-2024/AC701/prj_pll_2026b/prj_pll_2026b.ip_user_files/bd/design_1/ipshared/1502/solution1/syn/vhdl/PLL2026_x64_cos_2000.vhd" into library xil_defaultlib
INFO: [VRFC 10-3107] analyzing entity 'PLL2026_x64_cos_2000'
INFO: [VRFC 10-163] Analyzing VHDL file "C:/Users/cleit/OneDrive/Documents/GitHub/PLL-2024/AC701/prj_pll_2026b/prj_pll_2026b.ip_user_files/bd/design_1/ipshared/1502/solution1/syn/vhdl/PLL2026_x64_INV_LUT_table_n_V_1.vhd" into library xil_defaultlib
INFO: [VRFC 10-3107] analyzing entity 'PLL2026_x64_INV_LUT_table_n_V_1_rom'
INFO: [VRFC 10-3107] analyzing entity 'PLL2026_x64_INV_LUT_table_n_V_1'
INFO: [VRFC 10-163] Analyzing VHDL file "C:/Users/cleit/OneDrive/Documents/GitHub/PLL-2024/AC701/prj_pll_2026b/prj_pll_2026b.ip_user_files/bd/design_1/ipshared/1502/solution1/syn/vhdl/PLL2026_x64_INV_LUT_table_mark_V_1.vhd" into library xil_defaultlib
INFO: [VRFC 10-3107] analyzing entity 'PLL2026_x64_INV_LUT_table_mark_V_1_rom'
INFO: [VRFC 10-3107] analyzing entity 'PLL2026_x64_INV_LUT_table_mark_V_1'
INFO: [VRFC 10-163] Analyzing VHDL file "C:/Users/cleit/OneDrive/Documents/GitHub/PLL-2024/AC701/prj_pll_2026b/prj_pll_2026b.ip_user_files/bd/design_1/ipshared/1502/solution1/syn/vhdl/PLL2026_x64_INV_LUT_table_m_V_1.vhd" into library xil_defaultlib
INFO: [VRFC 10-3107] analyzing entity 'PLL2026_x64_INV_LUT_table_m_V_1_rom'
INFO: [VRFC 10-3107] analyzing entity 'PLL2026_x64_INV_LUT_table_m_V_1'
INFO: [VRFC 10-163] Analyzing VHDL file "C:/Users/cleit/OneDrive/Documents/GitHub/PLL-2024/AC701/prj_pll_2026b/prj_pll_2026b.ip_user_files/bd/design_1/ipshared/1502/solution1/syn/vhdl/PLL2026_x64_INV_LUT.vhd" into library xil_defaultlib
INFO: [VRFC 10-3107] analyzing entity 'PLL2026_x64_INV_LUT'
INFO: [VRFC 10-163] Analyzing VHDL file "C:/Users/cleit/OneDrive/Documents/GitHub/PLL-2024/AC701/prj_pll_2026b/prj_pll_2026b.ip_user_files/bd/design_1/ipshared/1502/solution1/syn/vhdl/PLL2026_x64_ATAN_LUT_table_n_V_2.vhd" into library xil_defaultlib
INFO: [VRFC 10-3107] analyzing entity 'PLL2026_x64_ATAN_LUT_table_n_V_2_rom'
INFO: [VRFC 10-3107] analyzing entity 'PLL2026_x64_ATAN_LUT_table_n_V_2'
INFO: [VRFC 10-163] Analyzing VHDL file "C:/Users/cleit/OneDrive/Documents/GitHub/PLL-2024/AC701/prj_pll_2026b/prj_pll_2026b.ip_user_files/bd/design_1/ipshared/1502/solution1/syn/vhdl/PLL2026_x64_ATAN_LUT_table_mark_V_2.vhd" into library xil_defaultlib
INFO: [VRFC 10-3107] analyzing entity 'PLL2026_x64_ATAN_LUT_table_mark_V_2_rom'
INFO: [VRFC 10-3107] analyzing entity 'PLL2026_x64_ATAN_LUT_table_mark_V_2'
INFO: [VRFC 10-163] Analyzing VHDL file "C:/Users/cleit/OneDrive/Documents/GitHub/PLL-2024/AC701/prj_pll_2026b/prj_pll_2026b.ip_user_files/bd/design_1/ipshared/1502/solution1/syn/vhdl/PLL2026_x64_ATAN_LUT_table_m_V_2.vhd" into library xil_defaultlib
INFO: [VRFC 10-3107] analyzing entity 'PLL2026_x64_ATAN_LUT_table_m_V_2_rom'
INFO: [VRFC 10-3107] analyzing entity 'PLL2026_x64_ATAN_LUT_table_m_V_2'
INFO: [VRFC 10-163] Analyzing VHDL file "C:/Users/cleit/OneDrive/Documents/GitHub/PLL-2024/AC701/prj_pll_2026b/prj_pll_2026b.ip_user_files/bd/design_1/ipshared/1502/solution1/syn/vhdl/PLL2026_x64_ATAN_LUT_signed.vhd" into library xil_defaultlib
INFO: [VRFC 10-3107] analyzing entity 'PLL2026_x64_ATAN_LUT_signed'
INFO: [VRFC 10-163] Analyzing VHDL file "C:/Users/cleit/OneDrive/Documents/GitHub/PLL-2024/AC701/prj_pll_2026b/prj_pll_2026b.ip_user_files/bd/design_1/ipshared/1502/solution1/syn/vhdl/PLL2026_x64_ATAN_LUT.vhd" into library xil_defaultlib
INFO: [VRFC 10-3107] analyzing entity 'PLL2026_x64_ATAN_LUT'
INFO: [VRFC 10-163] Analyzing VHDL file "C:/Users/cleit/OneDrive/Documents/GitHub/PLL-2024/AC701/prj_pll_2026b/prj_pll_2026b.ip_user_files/bd/design_1/ipshared/1502/solution1/syn/vhdl/PLL2026_x64_ATAN2_LUT.vhd" into library xil_defaultlib
INFO: [VRFC 10-3107] analyzing entity 'PLL2026_x64_ATAN2_LUT'
INFO: [VRFC 10-163] Analyzing VHDL file "C:/Users/cleit/OneDrive/Documents/GitHub/PLL-2024/AC701/prj_pll_2026b/prj_pll_2026b.ip_user_files/bd/design_1/ipshared/1502/solution1/syn/vhdl/PLL2026_x64.vhd" into library xil_defaultlib
INFO: [VRFC 10-3107] analyzing entity 'PLL2026_x64'
INFO: [VRFC 10-163] Analyzing VHDL file "C:/Users/cleit/OneDrive/Documents/GitHub/PLL-2024/AC701/prj_pll_2026b/prj_pll_2026b.ip_user_files/bd/design_1/ip/design_1_PLL2026_x64_0_0/sim/design_1_PLL2026_x64_0_0.vhd" into library xil_defaultlib
INFO: [VRFC 10-3107] analyzing entity 'design_1_PLL2026_x64_0_0'
