INFO: [VRFC 10-163] Analyzing VHDL file "C:/Users/cleit/OneDrive/Documents/GitHub/PLL-2024/AC701/prj_pll_2026b/prj_pll_2026b.ip_user_files/bd/design_1/ipshared/fa2b/solution1/syn/vhdl/PLL2026_x64_table_n_V.vhd" into library xil_defaultlib
INFO: [VRFC 10-3107] analyzing entity 'PLL2026_x64_table_n_V_rom'
INFO: [VRFC 10-3107] analyzing entity 'PLL2026_x64_table_n_V'
INFO: [VRFC 10-163] Analyzing VHDL file "C:/Users/cleit/OneDrive/Documents/GitHub/PLL-2024/AC701/prj_pll_2026b/prj_pll_2026b.ip_user_files/bd/design_1/ipshared/fa2b/solution1/syn/vhdl/PLL2026_x64_table_mark_V.vhd" into library xil_defaultlib
INFO: [VRFC 10-3107] analyzing entity 'PLL2026_x64_table_mark_V_rom'
INFO: [VRFC 10-3107] analyzing entity 'PLL2026_x64_table_mark_V'
INFO: [VRFC 10-163] Analyzing VHDL file "C:/Users/cleit/OneDrive/Documents/GitHub/PLL-2024/AC701/prj_pll_2026b/prj_pll_2026b.ip_user_files/bd/design_1/ipshared/fa2b/solution1/syn/vhdl/PLL2026_x64_table_m_V.vhd" into library xil_defaultlib
INFO: [VRFC 10-3107] analyzing entity 'PLL2026_x64_table_m_V_rom'
INFO: [VRFC 10-3107] analyzing entity 'PLL2026_x64_table_m_V'
INFO: [VRFC 10-163] Analyzing VHDL file "C:/Users/cleit/OneDrive/Documents/GitHub/PLL-2024/AC701/prj_pll_2026b/prj_pll_2026b.ip_user_files/bd/design_1/ipshared/fa2b/solution1/syn/vhdl/PLL2026_x64_sin_2000_table_V.vhd" into library xil_defaultlib
INFO: [VRFC 10-3107] analyzing entity 'PLL2026_x64_sin_2000_table_V_rom'
INFO: [VRFC 10-3107] analyzing entity 'PLL2026_x64_sin_2000_table_V'
INFO: [VRFC 10-163] Analyzing VHDL file "C:/Users/cleit/OneDrive/Documents/GitHub/PLL-2024/AC701/prj_pll_2026b/prj_pll_2026b.ip_user_files/bd/design_1/ipshared/fa2b/solution1/syn/vhdl/PLL2026_x64_sin_2000.vhd" into library xil_defaultlib
INFO: [VRFC 10-3107] analyzing entity 'PLL2026_x64_sin_2000'
INFO: [VRFC 10-163] Analyzing VHDL file "C:/Users/cleit/OneDrive/Documents/GitHub/PLL-2024/AC701/prj_pll_2026b/prj_pll_2026b.ip_user_files/bd/design_1/ipshared/fa2b/solution1/syn/vhdl/PLL2026_x64_mul_65s_93ns_157_5_1.vhd" into library xil_defaultlib
INFO: [VRFC 10-3107] analyzing entity 'PLL2026_x64_mul_65s_93ns_157_5_1_Multiplier_16'
INFO: [VRFC 10-3107] analyzing entity 'PLL2026_x64_mul_65s_93ns_157_5_1'
INFO: [VRFC 10-163] Analyzing VHDL file "C:/Users/cleit/OneDrive/Documents/GitHub/PLL-2024/AC701/prj_pll_2026b/prj_pll_2026b.ip_user_files/bd/design_1/ipshared/fa2b/solution1/syn/vhdl/PLL2026_x64_mul_65s_91ns_155_5_1.vhd" into library xil_defaultlib
INFO: [VRFC 10-3107] analyzing entity 'PLL2026_x64_mul_65s_91ns_155_5_1_Multiplier_15'
INFO: [VRFC 10-3107] analyzing entity 'PLL2026_x64_mul_65s_91ns_155_5_1'
INFO: [VRFC 10-163] Analyzing VHDL file "C:/Users/cleit/OneDrive/Documents/GitHub/PLL-2024/AC701/prj_pll_2026b/prj_pll_2026b.ip_user_files/bd/design_1/ipshared/fa2b/solution1/syn/vhdl/PLL2026_x64_mul_65s_49ns_112_5_1.vhd" into library xil_defaultlib
INFO: [VRFC 10-3107] analyzing entity 'PLL2026_x64_mul_65s_49ns_112_5_1_Multiplier_8'
INFO: [VRFC 10-3107] analyzing entity 'PLL2026_x64_mul_65s_49ns_112_5_1'
INFO: [VRFC 10-163] Analyzing VHDL file "C:/Users/cleit/OneDrive/Documents/GitHub/PLL-2024/AC701/prj_pll_2026b/prj_pll_2026b.ip_user_files/bd/design_1/ipshared/fa2b/solution1/syn/vhdl/PLL2026_x64_mul_64s_90ns_153_5_1.vhd" into library xil_defaultlib
INFO: [VRFC 10-3107] analyzing entity 'PLL2026_x64_mul_64s_90ns_153_5_1_Multiplier_11'
INFO: [VRFC 10-3107] analyzing entity 'PLL2026_x64_mul_64s_90ns_153_5_1'
INFO: [VRFC 10-163] Analyzing VHDL file "C:/Users/cleit/OneDrive/Documents/GitHub/PLL-2024/AC701/prj_pll_2026b/prj_pll_2026b.ip_user_files/bd/design_1/ipshared/fa2b/solution1/syn/vhdl/PLL2026_x64_mul_64s_64s_112_5_1.vhd" into library xil_defaultlib
INFO: [VRFC 10-3107] analyzing entity 'PLL2026_x64_mul_64s_64s_112_5_1_Multiplier_3'
INFO: [VRFC 10-3107] analyzing entity 'PLL2026_x64_mul_64s_64s_112_5_1'
INFO: [VRFC 10-163] Analyzing VHDL file "C:/Users/cleit/OneDrive/Documents/GitHub/PLL-2024/AC701/prj_pll_2026b/prj_pll_2026b.ip_user_files/bd/design_1/ipshared/fa2b/solution1/syn/vhdl/PLL2026_x64_mul_64s_64ns_112_5_1.vhd" into library xil_defaultlib
INFO: [VRFC 10-3107] analyzing entity 'PLL2026_x64_mul_64s_64ns_112_5_1_Multiplier_4'
INFO: [VRFC 10-3107] analyzing entity 'PLL2026_x64_mul_64s_64ns_112_5_1'
INFO: [VRFC 10-163] Analyzing VHDL file "C:/Users/cleit/OneDrive/Documents/GitHub/PLL-2024/AC701/prj_pll_2026b/prj_pll_2026b.ip_user_files/bd/design_1/ipshared/fa2b/solution1/syn/vhdl/PLL2026_x64_mul_64s_58ns_121_5_1.vhd" into library xil_defaultlib
INFO: [VRFC 10-3107] analyzing entity 'PLL2026_x64_mul_64s_58ns_121_5_1_Multiplier_0'
INFO: [VRFC 10-3107] analyzing entity 'PLL2026_x64_mul_64s_58ns_121_5_1'
INFO: [VRFC 10-163] Analyzing VHDL file "C:/Users/cleit/OneDrive/Documents/GitHub/PLL-2024/AC701/prj_pll_2026b/prj_pll_2026b.ip_user_files/bd/design_1/ipshared/fa2b/solution1/syn/vhdl/PLL2026_x64_mul_64s_54ns_112_5_1.vhd" into library xil_defaultlib
INFO: [VRFC 10-3107] analyzing entity 'PLL2026_x64_mul_64s_54ns_112_5_1_Multiplier_12'
INFO: [VRFC 10-3107] analyzing entity 'PLL2026_x64_mul_64s_54ns_112_5_1'
INFO: [VRFC 10-163] Analyzing VHDL file "C:/Users/cleit/OneDrive/Documents/GitHub/PLL-2024/AC701/prj_pll_2026b/prj_pll_2026b.ip_user_files/bd/design_1/ipshared/fa2b/solution1/syn/vhdl/PLL2026_x64_mul_64s_50s_112_5_1.vhd" into library xil_defaultlib
INFO: [VRFC 10-3107] analyzing entity 'PLL2026_x64_mul_64s_50s_112_5_1_Multiplier_9'
INFO: [VRFC 10-3107] analyzing entity 'PLL2026_x64_mul_64s_50s_112_5_1'
INFO: [VRFC 10-163] Analyzing VHDL file "C:/Users/cleit/OneDrive/Documents/GitHub/PLL-2024/AC701/prj_pll_2026b/prj_pll_2026b.ip_user_files/bd/design_1/ipshared/fa2b/solution1/syn/vhdl/PLL2026_x64_mul_64s_32ns_95_5_1.vhd" into library xil_defaultlib
INFO: [VRFC 10-3107] analyzing entity 'PLL2026_x64_mul_64s_32ns_95_5_1_Multiplier_13'
INFO: [VRFC 10-3107] analyzing entity 'PLL2026_x64_mul_64s_32ns_95_5_1'
INFO: [VRFC 10-163] Analyzing VHDL file "C:/Users/cleit/OneDrive/Documents/GitHub/PLL-2024/AC701/prj_pll_2026b/prj_pll_2026b.ip_user_files/bd/design_1/ipshared/fa2b/solution1/syn/vhdl/PLL2026_x64_mul_63s_64ns_112_5_1.vhd" into library xil_defaultlib
INFO: [VRFC 10-3107] analyzing entity 'PLL2026_x64_mul_63s_64ns_112_5_1_Multiplier_1'
INFO: [VRFC 10-3107] analyzing entity 'PLL2026_x64_mul_63s_64ns_112_5_1'
INFO: [VRFC 10-163] Analyzing VHDL file "C:/Users/cleit/OneDrive/Documents/GitHub/PLL-2024/AC701/prj_pll_2026b/prj_pll_2026b.ip_user_files/bd/design_1/ipshared/fa2b/solution1/syn/vhdl/PLL2026_x64_mul_50s_64s_112_5_1.vhd" into library xil_defaultlib
INFO: [VRFC 10-3107] analyzing entity 'PLL2026_x64_mul_50s_64s_112_5_1_Multiplier_10'
INFO: [VRFC 10-3107] analyzing entity 'PLL2026_x64_mul_50s_64s_112_5_1'
INFO: [VRFC 10-163] Analyzing VHDL file "C:/Users/cleit/OneDrive/Documents/GitHub/PLL-2024/AC701/prj_pll_2026b/prj_pll_2026b.ip_user_files/bd/design_1/ipshared/fa2b/solution1/syn/vhdl/PLL2026_x64_mul_49ns_64ns_112_5_1.vhd" into library xil_defaultlib
INFO: [VRFC 10-3107] analyzing entity 'PLL2026_x64_mul_49ns_64ns_112_5_1_Multiplier_14'
INFO: [VRFC 10-3107] analyzing entity 'PLL2026_x64_mul_49ns_64ns_112_5_1'
INFO: [VRFC 10-163] Analyzing VHDL file "C:/Users/cleit/OneDrive/Documents/GitHub/PLL-2024/AC701/prj_pll_2026b/prj_pll_2026b.ip_user_files/bd/design_1/ipshared/fa2b/solution1/syn/vhdl/PLL2026_x64_mul_49ns_64ns_110_5_1.vhd" into library xil_defaultlib
INFO: [VRFC 10-3107] analyzing entity 'PLL2026_x64_mul_49ns_64ns_110_5_1_Multiplier_17'
INFO: [VRFC 10-3107] analyzing entity 'PLL2026_x64_mul_49ns_64ns_110_5_1'
INFO: [VRFC 10-163] Analyzing VHDL file "C:/Users/cleit/OneDrive/Documents/GitHub/PLL-2024/AC701/prj_pll_2026b/prj_pll_2026b.ip_user_files/bd/design_1/ipshared/fa2b/solution1/syn/vhdl/PLL2026_x64_mul_48ns_64s_112_5_1.vhd" into library xil_defaultlib
INFO: [VRFC 10-3107] analyzing entity 'PLL2026_x64_mul_48ns_64s_112_5_1_Multiplier_2'
INFO: [VRFC 10-3107] analyzing entity 'PLL2026_x64_mul_48ns_64s_112_5_1'
INFO: [VRFC 10-163] Analyzing VHDL file "C:/Users/cleit/OneDrive/Documents/GitHub/PLL-2024/AC701/prj_pll_2026b/prj_pll_2026b.ip_user_files/bd/design_1/ipshared/fa2b/solution1/syn/vhdl/PLL2026_x64_mul_48ns_64ns_111_5_1.vhd" into library xil_defaultlib
INFO: [VRFC 10-3107] analyzing entity 'PLL2026_x64_mul_48ns_64ns_111_5_1_Multiplier_6'
INFO: [VRFC 10-3107] analyzing entity 'PLL2026_x64_mul_48ns_64ns_111_5_1'
INFO: [VRFC 10-163] Analyzing VHDL file "C:/Users/cleit/OneDrive/Documents/GitHub/PLL-2024/AC701/prj_pll_2026b/prj_pll_2026b.ip_user_files/bd/design_1/ipshared/fa2b/solution1/syn/vhdl/PLL2026_x64_mul_48ns_64ns_110_5_1.vhd" into library xil_defaultlib
INFO: [VRFC 10-3107] analyzing entity 'PLL2026_x64_mul_48ns_64ns_110_5_1_Multiplier_5'
INFO: [VRFC 10-3107] analyzing entity 'PLL2026_x64_mul_48ns_64ns_110_5_1'
INFO: [VRFC 10-163] Analyzing VHDL file "C:/Users/cleit/OneDrive/Documents/GitHub/PLL-2024/AC701/prj_pll_2026b/prj_pll_2026b.ip_user_files/bd/design_1/ipshared/fa2b/solution1/syn/vhdl/PLL2026_x64_mul_113s_49ns_160_5_1.vhd" into library xil_defaultlib
INFO: [VRFC 10-3107] analyzing entity 'PLL2026_x64_mul_113s_49ns_160_5_1_Multiplier_7'
INFO: [VRFC 10-3107] analyzing entity 'PLL2026_x64_mul_113s_49ns_160_5_1'
INFO: [VRFC 10-163] Analyzing VHDL file "C:/Users/cleit/OneDrive/Documents/GitHub/PLL-2024/AC701/prj_pll_2026b/prj_pll_2026b.ip_user_files/bd/design_1/ipshared/fa2b/solution1/syn/vhdl/PLL2026_x64_cos_2000.vhd" into library xil_defaultlib
INFO: [VRFC 10-3107] analyzing entity 'PLL2026_x64_cos_2000'
INFO: [VRFC 10-163] Analyzing VHDL file "C:/Users/cleit/OneDrive/Documents/GitHub/PLL-2024/AC701/prj_pll_2026b/prj_pll_2026b.ip_user_files/bd/design_1/ipshared/fa2b/solution1/syn/vhdl/PLL2026_x64_INV_LUT_table_n_V_1.vhd" into library xil_defaultlib
INFO: [VRFC 10-3107] analyzing entity 'PLL2026_x64_INV_LUT_table_n_V_1_rom'
INFO: [VRFC 10-3107] analyzing entity 'PLL2026_x64_INV_LUT_table_n_V_1'
INFO: [VRFC 10-163] Analyzing VHDL file "C:/Users/cleit/OneDrive/Documents/GitHub/PLL-2024/AC701/prj_pll_2026b/prj_pll_2026b.ip_user_files/bd/design_1/ipshared/fa2b/solution1/syn/vhdl/PLL2026_x64_INV_LUT_table_mark_V_1.vhd" into library xil_defaultlib
INFO: [VRFC 10-3107] analyzing entity 'PLL2026_x64_INV_LUT_table_mark_V_1_rom'
INFO: [VRFC 10-3107] analyzing entity 'PLL2026_x64_INV_LUT_table_mark_V_1'
INFO: [VRFC 10-163] Analyzing VHDL file "C:/Users/cleit/OneDrive/Documents/GitHub/PLL-2024/AC701/prj_pll_2026b/prj_pll_2026b.ip_user_files/bd/design_1/ipshared/fa2b/solution1/syn/vhdl/PLL2026_x64_INV_LUT_table_m_V_1.vhd" into library xil_defaultlib
INFO: [VRFC 10-3107] analyzing entity 'PLL2026_x64_INV_LUT_table_m_V_1_rom'
INFO: [VRFC 10-3107] analyzing entity 'PLL2026_x64_INV_LUT_table_m_V_1'
INFO: [VRFC 10-163] Analyzing VHDL file "C:/Users/cleit/OneDrive/Documents/GitHub/PLL-2024/AC701/prj_pll_2026b/prj_pll_2026b.ip_user_files/bd/design_1/ipshared/fa2b/solution1/syn/vhdl/PLL2026_x64_INV_LUT.vhd" into library xil_defaultlib
INFO: [VRFC 10-3107] analyzing entity 'PLL2026_x64_INV_LUT'
INFO: [VRFC 10-163] Analyzing VHDL file "C:/Users/cleit/OneDrive/Documents/GitHub/PLL-2024/AC701/prj_pll_2026b/prj_pll_2026b.ip_user_files/bd/design_1/ipshared/fa2b/solution1/syn/vhdl/PLL2026_x64_ATAN_LUT_table_n_V_2.vhd" into library xil_defaultlib
INFO: [VRFC 10-3107] analyzing entity 'PLL2026_x64_ATAN_LUT_table_n_V_2_rom'
INFO: [VRFC 10-3107] analyzing entity 'PLL2026_x64_ATAN_LUT_table_n_V_2'
INFO: [VRFC 10-163] Analyzing VHDL file "C:/Users/cleit/OneDrive/Documents/GitHub/PLL-2024/AC701/prj_pll_2026b/prj_pll_2026b.ip_user_files/bd/design_1/ipshared/fa2b/solution1/syn/vhdl/PLL2026_x64_ATAN_LUT_table_mark_V_2.vhd" into library xil_defaultlib
INFO: [VRFC 10-3107] analyzing entity 'PLL2026_x64_ATAN_LUT_table_mark_V_2_rom'
INFO: [VRFC 10-3107] analyzing entity 'PLL2026_x64_ATAN_LUT_table_mark_V_2'
INFO: [VRFC 10-163] Analyzing VHDL file "C:/Users/cleit/OneDrive/Documents/GitHub/PLL-2024/AC701/prj_pll_2026b/prj_pll_2026b.ip_user_files/bd/design_1/ipshared/fa2b/solution1/syn/vhdl/PLL2026_x64_ATAN_LUT_table_m_V_2.vhd" into library xil_defaultlib
INFO: [VRFC 10-3107] analyzing entity 'PLL2026_x64_ATAN_LUT_table_m_V_2_rom'
INFO: [VRFC 10-3107] analyzing entity 'PLL2026_x64_ATAN_LUT_table_m_V_2'
INFO: [VRFC 10-163] Analyzing VHDL file "C:/Users/cleit/OneDrive/Documents/GitHub/PLL-2024/AC701/prj_pll_2026b/prj_pll_2026b.ip_user_files/bd/design_1/ipshared/fa2b/solution1/syn/vhdl/PLL2026_x64_ATAN_LUT_signed.vhd" into library xil_defaultlib
INFO: [VRFC 10-3107] analyzing entity 'PLL2026_x64_ATAN_LUT_signed'
INFO: [VRFC 10-163] Analyzing VHDL file "C:/Users/cleit/OneDrive/Documents/GitHub/PLL-2024/AC701/prj_pll_2026b/prj_pll_2026b.ip_user_files/bd/design_1/ipshared/fa2b/solution1/syn/vhdl/PLL2026_x64_ATAN_LUT.vhd" into library xil_defaultlib
INFO: [VRFC 10-3107] analyzing entity 'PLL2026_x64_ATAN_LUT'
INFO: [VRFC 10-163] Analyzing VHDL file "C:/Users/cleit/OneDrive/Documents/GitHub/PLL-2024/AC701/prj_pll_2026b/prj_pll_2026b.ip_user_files/bd/design_1/ipshared/fa2b/solution1/syn/vhdl/PLL2026_x64_ATAN2_LUT.vhd" into library xil_defaultlib
INFO: [VRFC 10-3107] analyzing entity 'PLL2026_x64_ATAN2_LUT'
INFO: [VRFC 10-163] Analyzing VHDL file "C:/Users/cleit/OneDrive/Documents/GitHub/PLL-2024/AC701/prj_pll_2026b/prj_pll_2026b.ip_user_files/bd/design_1/ipshared/fa2b/solution1/syn/vhdl/PLL2026_x64.vhd" into library xil_defaultlib
INFO: [VRFC 10-3107] analyzing entity 'PLL2026_x64'
INFO: [VRFC 10-163] Analyzing VHDL file "C:/Users/cleit/OneDrive/Documents/GitHub/PLL-2024/AC701/prj_pll_2026b/prj_pll_2026b.ip_user_files/bd/design_1/ip/design_1_PLL2026_x64_0_0/sim/design_1_PLL2026_x64_0_0.vhd" into library xil_defaultlib
INFO: [VRFC 10-3107] analyzing entity 'design_1_PLL2026_x64_0_0'
